Log file open, 11/22/17 13:00:28
LogWindows: Failed to load 'aqProf.dll' (GetLastError=126)
LogWindows: File 'aqProf.dll' does not exist
LogWindows: Failed to load 'VtuneApi.dll' (GetLastError=126)
LogWindows: File 'VtuneApi.dll' does not exist
LogWindows: Failed to load 'VtuneApi32e.dll' (GetLastError=126)
LogWindows: File 'VtuneApi32e.dll' does not exist
LogInit: Display: Running engine for game: MML_Redux
LogPlatformFile: Not using cached read wrapper
LogInit: Display: RandInit(1761198926) SRandInit(1761198926).
LogInit: Read version file with build ID '3709383'
LogInit: Overriding engine version to CL 3754814, compatible CL 3709383
LogInit: Registered custom module enumerator with build ID '3709383'
LogTaskGraph: Started task graph with 5 named threads and 20 total threads with 3 sets of task threads.
LogStats: Stats thread started at 0.283051
LogD3D11RHI: Aftermath initialized
LogModuleManager: Display: Found up-to-date module file ../../../Engine/Plugins/Marketplace/Substance/Binaries/Win64/UE4Editor-SubstanceCore.dll (API version 3709383).
LogModuleManager: Display: Found up-to-date module file ../../../Engine/Plugins/Marketplace/Substance/Binaries/Win64/UE4Editor-SubstanceEditor.dll (API version 3709383).
LogModuleManager: Display: Found up-to-date module file ../../../Engine/Plugins/Marketplace/Substance/Binaries/Win64/UE4Editor-SubstanceSource.dll (API version 3709383).
LogModuleManager: Display: Found up-to-date module file ../../../Engine/Plugins/2D/Paper2D/Binaries/Win64/UE4Editor-Paper2D.dll (API version 3709383).
LogModuleManager: Display: Found up-to-date module file ../../../Engine/Plugins/2D/Paper2D/Binaries/Win64/UE4Editor-Paper2DEditor.dll (API version 3709383).
LogModuleManager: Display: Found up-to-date module file ../../../Engine/Plugins/2D/Paper2D/Binaries/Win64/UE4Editor-PaperSpriteSheetImporter.dll (API version 3709383).
LogModuleManager: Display: Found up-to-date module file ../../../Engine/Plugins/2D/Paper2D/Binaries/Win64/UE4Editor-PaperTiledImporter.dll (API version 3709383).
LogModuleManager: Display: Found up-to-date module file ../../../Engine/Plugins/2D/Paper2D/Binaries/Win64/UE4Editor-SmartSnapping.dll (API version 3709383).
LogModuleManager: Display: Found up-to-date module file ../../../Engine/Plugins/Blendables/LightPropagationVolume/Binaries/Win64/UE4Editor-LightPropagationVolumeRuntime.dll (API version 3709383).
LogModuleManager: Display: Found up-to-date module file ../../../Engine/Plugins/Blendables/LightPropagationVolume/Binaries/Win64/UE4Editor-LightPropagationVolumeEditor.dll (API version 3709383).
LogModuleManager: Display: Found up-to-date module file ../../../Engine/Plugins/Developer/GitSourceControl/Binaries/Win64/UE4Editor-GitSourceControl.dll (API version 3709383).
LogModuleManager: Display: Found up-to-date module file ../../../Engine/Plugins/Developer/PerforceSourceControl/Binaries/Win64/UE4Editor-PerforceSourceControl.dll (API version 3709383).
LogModuleManager: Display: Found up-to-date module file ../../../Engine/Plugins/Developer/SubversionSourceControl/Binaries/Win64/UE4Editor-SubversionSourceControl.dll (API version 3709383).
LogModuleManager: Display: Found up-to-date module file ../../../Engine/Plugins/Developer/UObjectPlugin/Binaries/Win64/UE4Editor-UObjectPlugin.dll (API version 3709383).
LogModuleManager: Display: Found up-to-date module file ../../../Engine/Plugins/Developer/VisualStudioCodeSourceCodeAccess/Binaries/Win64/UE4Editor-VisualStudioCodeSourceCodeAccess.dll (API version 3709383).
LogModuleManager: Display: Found up-to-date module file ../../../Engine/Plugins/Developer/VisualStudioSourceCodeAccess/Binaries/Win64/UE4Editor-VisualStudioSourceCodeAccess.dll (API version 3709383).
LogModuleManager: Display: Found up-to-date module file ../../../Engine/Plugins/Editor/AssetManagerEditor/Binaries/Win64/UE4Editor-AssetManagerEditor.dll (API version 3709383).
LogModuleManager: Display: Found up-to-date module file ../../../Engine/Plugins/Editor/AudioCapture/Binaries/Win64/UE4Editor-AudioCapture.dll (API version 3709383).
LogModuleManager: Display: Found up-to-date module file ../../../Engine/Plugins/Editor/FacialAnimation/Binaries/Win64/UE4Editor-FacialAnimation.dll (API version 3709383).
LogModuleManager: Display: Found up-to-date module file ../../../Engine/Plugins/Editor/FacialAnimation/Binaries/Win64/UE4Editor-FacialAnimationEditor.dll (API version 3709383).
LogModuleManager: Display: Found up-to-date module file ../../../Engine/Plugins/Editor/GameplayTagsEditor/Binaries/Win64/UE4Editor-GameplayTagsEditor.dll (API version 3709383).
LogModuleManager: Display: Found up-to-date module file ../../../Engine/Plugins/Editor/MobileLauncherProfileWizard/Binaries/Win64/UE4Editor-MobileLauncherProfileWizard.dll (API version 3709383).
LogModuleManager: Display: Found up-to-date module file ../../../Engine/Plugins/Editor/PluginBrowser/Binaries/Win64/UE4Editor-PluginBrowser.dll (API version 3709383).
LogModuleManager: Display: Found up-to-date module file ../../../Engine/Plugins/Editor/SpeedTreeImporter/Binaries/Win64/UE4Editor-SpeedTreeImporter.dll (API version 3709383).
LogModuleManager: Display: Found up-to-date module file ../../../Engine/Plugins/Experimental/AlembicImporter/Binaries/Win64/UE4Editor-AlembicImporter.dll (API version 3709383).
LogModuleManager: Display: Found up-to-date module file ../../../Engine/Plugins/Experimental/AlembicImporter/Binaries/Win64/UE4Editor-AlembicLibrary.dll (API version 3709383).
LogModuleManager: Display: Found up-to-date module file ../../../Engine/Plugins/Experimental/CharacterAI/Binaries/Win64/UE4Editor-CharacterAI.dll (API version 3709383).
LogModuleManager: Display: Found up-to-date module file ../../../Engine/Plugins/Experimental/HTML5Networking/Binaries/Win64/UE4Editor-HTML5Networking.dll (API version 3709383).
LogModuleManager: Display: Found up-to-date module file ../../../Engine/Plugins/Media/AndroidMedia/Binaries/Win64/UE4Editor-AndroidMediaEditor.dll (API version 3709383).
LogModuleManager: Display: Found up-to-date module file ../../../Engine/Plugins/Media/AndroidMedia/Binaries/Win64/UE4Editor-AndroidMediaFactory.dll (API version 3709383).
LogModuleManager: Display: Found up-to-date module file ../../../Engine/Plugins/Media/AvfMedia/Binaries/Win64/UE4Editor-AvfMediaEditor.dll (API version 3709383).
LogModuleManager: Display: Found up-to-date module file ../../../Engine/Plugins/Media/AvfMedia/Binaries/Win64/UE4Editor-AvfMediaFactory.dll (API version 3709383).
LogModuleManager: Display: Found up-to-date module file ../../../Engine/Plugins/Media/AvfMedia/Binaries/Win64/UE4Editor-AvfMediaFactory.dll (API version 3709383).
LogModuleManager: Display: Found up-to-date module file ../../../Engine/Plugins/Media/ImgMedia/Binaries/Win64/UE4Editor-ImgMedia.dll (API version 3709383).
LogModuleManager: Display: Found up-to-date module file ../../../Engine/Plugins/Media/ImgMedia/Binaries/Win64/UE4Editor-ImgMediaEditor.dll (API version 3709383).
LogModuleManager: Display: Found up-to-date module file ../../../Engine/Plugins/Media/ImgMedia/Binaries/Win64/UE4Editor-ImgMediaFactory.dll (API version 3709383).
LogModuleManager: Display: Found up-to-date module file ../../../Engine/Plugins/Media/ImgMedia/Binaries/Win64/UE4Editor-ImgMediaFactory.dll (API version 3709383).
LogModuleManager: Display: Found up-to-date module file ../../../Engine/Plugins/Media/ImgMedia/Binaries/Win64/UE4Editor-OpenExrWrapper.dll (API version 3709383).
LogModuleManager: Display: Found up-to-date module file ../../../Engine/Plugins/Media/MediaCompositing/Binaries/Win64/UE4Editor-MediaCompositing.dll (API version 3709383).
LogModuleManager: Display: Found up-to-date module file ../../../Engine/Plugins/Media/MediaCompositing/Binaries/Win64/UE4Editor-MediaCompositingEditor.dll (API version 3709383).
LogModuleManager: Display: Found up-to-date module file ../../../Engine/Plugins/Media/MediaPlayerEditor/Binaries/Win64/UE4Editor-MediaPlayerEditor.dll (API version 3709383).
LogModuleManager: Display: Found up-to-date module file ../../../Engine/Plugins/Media/WmfMedia/Binaries/Win64/UE4Editor-WmfMedia.dll (API version 3709383).
LogModuleManager: Display: Found up-to-date module file ../../../Engine/Plugins/Media/WmfMedia/Binaries/Win64/UE4Editor-WmfMediaEditor.dll (API version 3709383).
LogModuleManager: Display: Found up-to-date module file ../../../Engine/Plugins/Media/WmfMedia/Binaries/Win64/UE4Editor-WmfMediaFactory.dll (API version 3709383).
LogModuleManager: Display: Found up-to-date module file ../../../Engine/Plugins/Media/WmfMedia/Binaries/Win64/UE4Editor-WmfMediaFactory.dll (API version 3709383).
LogModuleManager: Display: Found up-to-date module file ../../../Engine/Plugins/Messaging/TcpMessaging/Binaries/Win64/UE4Editor-TcpMessaging.dll (API version 3709383).
LogModuleManager: Display: Found up-to-date module file ../../../Engine/Plugins/Messaging/UdpMessaging/Binaries/Win64/UE4Editor-UdpMessaging.dll (API version 3709383).
LogModuleManager: Display: Found up-to-date module file ../../../Engine/Plugins/MovieScene/ActorSequence/Binaries/Win64/UE4Editor-ActorSequence.dll (API version 3709383).
LogModuleManager: Display: Found up-to-date module file ../../../Engine/Plugins/MovieScene/LevelSequenceEditor/Binaries/Win64/UE4Editor-LevelSequenceEditor.dll (API version 3709383).
LogModuleManager: Display: Found up-to-date module file ../../../Engine/Plugins/MovieScene/MatineeToLevelSequence/Binaries/Win64/UE4Editor-MatineeToLevelSequence.dll (API version 3709383).
LogModuleManager: Display: Found up-to-date module file ../../../Engine/Plugins/Online/OnlineSubsystem/Binaries/Win64/UE4Editor-OnlineSubsystem.dll (API version 3709383).
LogModuleManager: Display: Found up-to-date module file ../../../Engine/Plugins/Runtime/AndroidPermission/Binaries/Win64/UE4Editor-AndroidPermission.dll (API version 3709383).
LogModuleManager: Display: Found up-to-date module file ../../../Engine/Plugins/Online/OnlineSubsystemNull/Binaries/Win64/UE4Editor-OnlineSubsystemNull.dll (API version 3709383).
LogModuleManager: Display: Found up-to-date module file ../../../Engine/Plugins/Online/OnlineSubsystemUtils/Binaries/Win64/UE4Editor-OnlineSubsystemUtils.dll (API version 3709383).
LogModuleManager: Display: Found up-to-date module file ../../../Engine/Plugins/Online/OnlineSubsystemUtils/Binaries/Win64/UE4Editor-OnlineBlueprintSupport.dll (API version 3709383).
LogModuleManager: Display: Found up-to-date module file ../../../Engine/Plugins/Runtime/AndroidDeviceProfileSelector/Binaries/Win64/UE4Editor-AndroidDeviceProfileSelector.dll (API version 3709383).
LogModuleManager: Display: Found up-to-date module file ../../../Engine/Plugins/Runtime/AppleARKit/Binaries/Win64/UE4Editor-AppleARKit.dll (API version 3709383).
LogModuleManager: Display: Found up-to-date module file ../../../Engine/Plugins/Runtime/ArchVisCharacter/Binaries/Win64/UE4Editor-ArchVisCharacter.dll (API version 3709383).
LogModuleManager: Display: Found up-to-date module file ../../../Engine/Plugins/Runtime/CableComponent/Binaries/Win64/UE4Editor-CableComponent.dll (API version 3709383).
LogModuleManager: Display: Found up-to-date module file ../../../Engine/Plugins/Runtime/CustomMeshComponent/Binaries/Win64/UE4Editor-CustomMeshComponent.dll (API version 3709383).
LogModuleManager: Display: Found up-to-date module file ../../../Engine/Plugins/Runtime/ExampleDeviceProfileSelector/Binaries/Win64/UE4Editor-ExampleDeviceProfileSelector.dll (API version 3709383).
LogModuleManager: Display: Found up-to-date module file ../../../Engine/Plugins/Runtime/ImmediatePhysics/Binaries/Win64/UE4Editor-ImmediatePhysics.dll (API version 3709383).
LogModuleManager: Display: Found up-to-date module file ../../../Engine/Plugins/Runtime/ImmediatePhysics/Binaries/Win64/UE4Editor-ImmediatePhysicsEditor.dll (API version 3709383).
LogModuleManager: Display: Found up-to-date module file ../../../Engine/Plugins/Runtime/LocationServicesBPLibrary/Binaries/Win64/UE4Editor-LocationServicesBPLibrary.dll (API version 3709383).
LogModuleManager: Display: Found up-to-date module file ../../../Engine/Plugins/Runtime/MobilePatchingUtils/Binaries/Win64/UE4Editor-MobilePatchingUtils.dll (API version 3709383).
LogModuleManager: Display: Found up-to-date module file ../../../Engine/Plugins/Runtime/Oculus/OculusVR/Binaries/Win64/UE4Editor-OculusHMD.dll (API version 3709383).
LogModuleManager: Display: Found up-to-date module file ../../../Engine/Plugins/Runtime/Oculus/OculusVR/Binaries/Win64/UE4Editor-OculusInput.dll (API version 3709383).
LogModuleManager: Display: Found up-to-date module file ../../../Engine/Plugins/Runtime/Oculus/OculusVR/Binaries/Win64/UE4Editor-OculusEditor.dll (API version 3709383).
LogModuleManager: Display: Found up-to-date module file ../../../Engine/Plugins/Runtime/PhysXVehicles/Binaries/Win64/UE4Editor-PhysXVehicles.dll (API version 3709383).
LogModuleManager: Display: Found up-to-date module file ../../../Engine/Plugins/Runtime/PhysXVehicles/Binaries/Win64/UE4Editor-PhysXVehiclesEditor.dll (API version 3709383).
LogModuleManager: Display: Found up-to-date module file ../../../Engine/Plugins/Runtime/ProceduralMeshComponent/Binaries/Win64/UE4Editor-ProceduralMeshComponent.dll (API version 3709383).
LogModuleManager: Display: Found up-to-date module file ../../../Engine/Plugins/Runtime/ProceduralMeshComponent/Binaries/Win64/UE4Editor-ProceduralMeshComponentEditor.dll (API version 3709383).
LogModuleManager: Display: Found up-to-date module file ../../../Engine/Plugins/Runtime/RuntimePhysXCooking/Binaries/Win64/UE4Editor-RuntimePhysXCooking.dll (API version 3709383).
LogModuleManager: Display: Found up-to-date module file ../../../Engine/Plugins/Runtime/Steam/SteamVR/Binaries/Win64/UE4Editor-SteamVR.dll (API version 3709383).
LogModuleManager: Display: Found up-to-date module file ../../../Engine/Plugins/Runtime/Steam/SteamVR/Binaries/Win64/UE4Editor-SteamVRController.dll (API version 3709383).
LogModuleManager: Display: Found up-to-date module file ../../../Engine/Plugins/Runtime/WindowsMoviePlayer/Binaries/Win64/UE4Editor-WindowsMoviePlayer.dll (API version 3709383).
LogPluginManager: Mounting plugin Paper2D
LogPluginManager: Mounting plugin LightPropagationVolume
LogPluginManager: Mounting plugin CodeLiteSourceCodeAccess
LogPluginManager: Mounting plugin GitSourceControl
LogPluginManager: Mounting plugin KDevelopSourceCodeAccess
LogPluginManager: Mounting plugin NullSourceCodeAccess
LogPluginManager: Mounting plugin PerforceSourceControl
LogPluginManager: Mounting plugin SubversionSourceControl
LogPluginManager: Mounting plugin UObjectPlugin
LogPluginManager: Mounting plugin VisualStudioCodeSourceCodeAccess
LogPluginManager: Mounting plugin VisualStudioSourceCodeAccess
LogPluginManager: Mounting plugin XCodeSourceCodeAccess
LogPluginManager: Mounting plugin AssetManagerEditor
LogPluginManager: Mounting plugin AudioCapture
LogPluginManager: Mounting plugin FacialAnimation
LogPluginManager: Mounting plugin GameplayTagsEditor
LogPluginManager: Mounting plugin MobileLauncherProfileWizard
LogPluginManager: Mounting plugin PluginBrowser
LogPluginManager: Mounting plugin SpeedTreeImporter
LogPluginManager: Mounting plugin AlembicImporter
LogPluginManager: Mounting plugin CharacterAI
LogPluginManager: Mounting plugin HTML5Networking
LogPluginManager: Mounting plugin Substance
LogPluginManager: Mounting plugin AndroidMedia
LogPluginManager: Mounting plugin AvfMedia
LogPluginManager: Mounting plugin ImgMedia
LogPluginManager: Mounting plugin MediaCompositing
LogPluginManager: Mounting plugin MediaPlayerEditor
LogPluginManager: Mounting plugin WmfMedia
LogPluginManager: Mounting plugin TcpMessaging
LogPluginManager: Mounting plugin UdpMessaging
LogPluginManager: Mounting plugin ActorSequence
LogPluginManager: Mounting plugin LevelSequenceEditor
LogPluginManager: Mounting plugin MatineeToLevelSequence
LogPluginManager: Mounting plugin OnlineSubsystemGooglePlay
LogPluginManager: Mounting plugin OnlineSubsystemIOS
LogPluginManager: Mounting plugin OnlineSubsystem
LogPluginManager: Mounting plugin OnlineSubsystemNull
LogPluginManager: Mounting plugin OnlineSubsystemUtils
LogPluginManager: Mounting plugin AndroidDeviceProfileSelector
LogPluginManager: Mounting plugin AndroidMoviePlayer
LogPluginManager: Mounting plugin AndroidPermission
LogPluginManager: Mounting plugin AppleARKit
LogPluginManager: Mounting plugin AppleMoviePlayer
LogPluginManager: Mounting plugin ArchVisCharacter
LogPluginManager: Mounting plugin CableComponent
LogPluginManager: Mounting plugin CustomMeshComponent
LogPluginManager: Mounting plugin ExampleDeviceProfileSelector
LogPluginManager: Mounting plugin GoogleCloudMessaging
LogPluginManager: Mounting plugin ImmediatePhysics
LogPluginManager: Mounting plugin IOSDeviceProfileSelector
LogPluginManager: Mounting plugin LinuxDeviceProfileSelector
LogPluginManager: Mounting plugin LocationServicesBPLibrary
LogPluginManager: Mounting plugin MobilePatchingUtils
LogPluginManager: Mounting plugin OculusVR
LogPluginManager: Plugin shader directory ../../../Engine/Plugins/Runtime/Oculus/OculusVR/Shaders found
LogPluginManager: Mapping shader source directory ../../../Engine/Plugins/Runtime/Oculus/OculusVR/Shaders to virtual directory /Plugin/OculusVR
LogPluginManager: Mounting plugin PhysXVehicles
LogPluginManager: Mounting plugin ProceduralMeshComponent
LogPluginManager: Mounting plugin RuntimePhysXCooking
LogPluginManager: Mounting plugin SteamVR
LogPluginManager: Mounting plugin WindowsMoviePlayer
LogInit: Using libcurl 7.47.1
LogInit:  - built for x86_64-pc-win32
LogInit:  - supports SSL with OpenSSL/1.0.2g
LogInit:  - supports HTTP deflate (compression) using libz 1.2.8
LogInit:  - other features:
LogInit:      CURL_VERSION_SSL
LogInit:      CURL_VERSION_LIBZ
LogInit:      CURL_VERSION_IPV6
LogInit:      CURL_VERSION_ASYNCHDNS
LogInit:      CURL_VERSION_LARGEFILE
LogInit:      CURL_VERSION_IDN
LogInit:  CurlRequestOptions (configurable via config and command line):
LogInit:  - bVerifyPeer = false  - Libcurl will NOT verify peer certificate
LogInit:  - bUseHttpProxy = false  - Libcurl will NOT use HTTP proxy
LogInit:  - bDontReuseConnections = false  - Libcurl will reuse connections
LogInit:  - CertBundlePath = nullptr  - Libcurl will use whatever was configured at build time.
LogInit: Build: ++UE4+Release-4.18-CL-3754814
LogInit: Engine Version: 4.18.1-3754814+++UE4+Release-4.18
LogInit: Compatible Engine Version: 4.18.0-3709383+++UE4+Release-4.18
LogInit: Net CL: 3709383
LogDevObjectVersion: Number of dev versions registered: 16
LogDevObjectVersion:   Dev-Blueprints (B0D832E4-1F89-4F0D-ACCF-7EB736FD4AA2): 10
LogDevObjectVersion:   Dev-Build (E1C64328-A22C-4D53-A36C-8E866417BD8C): 0
LogDevObjectVersion:   Dev-Core (375EC13C-06E4-48FB-B500-84F0262A717E): 2
LogDevObjectVersion:   Dev-Editor (E4B068ED-F494-42E9-A231-DA0B2E46BB41): 20
LogDevObjectVersion:   Dev-Framework (CFFC743F-43B0-4480-9391-14DF171D2073): 30
LogDevObjectVersion:   Dev-Mobile (B02B49B5-BB20-44E9-A304-32B752E40360): 0
LogDevObjectVersion:   Dev-Networking (A4E4105C-59A1-49B5-A7C5-40C4547EDFEE): 0
LogDevObjectVersion:   Dev-Online (39C831C9-5AE6-47DC-9A44-9C173E1C8E7C): 0
LogDevObjectVersion:   Dev-Physics (78F01B33-EBEA-4F98-B9B4-84EACCB95AA2): 0
LogDevObjectVersion:   Dev-Platform (6631380F-2D4D-43E0-8009-CF276956A95A): 0
LogDevObjectVersion:   Dev-Rendering (12F88B9F-8875-4AFC-A67C-D90C383ABD29): 20
LogDevObjectVersion:   Dev-Sequencer (7B5AE74C-D270-4C10-A958-57980B212A5A): 4
LogDevObjectVersion:   Dev-VR (D7296918-1DD6-4BDD-9DE2-64A83CC13884): 0
LogDevObjectVersion:   Dev-LoadTimes (C2A15278-BFE7-4AFE-6C17-90FF531DF755): 1
LogDevObjectVersion:   Private-Geometry (6EACA3D4-40EC-4CC1-B786-8BED09428FC5): 1
LogDevObjectVersion:   Dev-AnimPhys (29E575DD-E0A3-4627-9D10-D276232CDCEA): 12
LogInit: Compiled (64-bit): Nov 14 2017 02:05:55
LogInit: Compiled with Visual C++: 19.00.24215.01
LogInit: Build Configuration: Development
LogInit: Branch Name: ++UE4+Release-4.18
LogInit: Command line:  
LogInit: Base directory: D:/New folder/UE_4.18/Engine/Binaries/Win64/
LogInit: Installed Engine Build: 1
LogInit: Presizing for max 8388607 objects, including 0 objects not considered by GC, pre-allocating 0 bytes for permanent pool.
LogInit: Object subsystem initialized
[2017.11.22-18.00.31:768][  0]LogInit: Selected Device Profile: [Windows]
[2017.11.22-18.00.31:768][  0]LogInit: Applying CVar settings loaded from the selected device profile: [Windows]
[2017.11.22-18.00.31:815][  0]LogInit: Computer: DESKTOP-CF0T73E
[2017.11.22-18.00.31:815][  0]LogInit: User: ruwd
[2017.11.22-18.00.31:815][  0]LogInit: CPU Page size=4096, Cores=6
[2017.11.22-18.00.31:816][  0]LogInit: High frequency timer resolution =3.415996 MHz
[2017.11.22-18.00.31:816][  0]LogMemory: Memory total: Physical=63.9GB (64GB approx)
[2017.11.22-18.00.31:816][  0]LogMemory: Platform Memory Stats for Windows
[2017.11.22-18.00.31:816][  0]LogMemory: Process Physical Memory: 274.13 MB used, 274.13 MB peak
[2017.11.22-18.00.31:816][  0]LogMemory: Process Virtual Memory: 270.61 MB used, 270.61 MB peak
[2017.11.22-18.00.31:816][  0]LogMemory: Physical Memory: 9929.23 MB used,  55517.84 MB free, 65447.07 MB total
[2017.11.22-18.00.31:816][  0]LogMemory: Virtual Memory: 650.00 MB used,  55517.84 MB free, 134217728.00 MB total
[2017.11.22-18.00.32:185][  0]LogInit: Using OS detected language (en-US).
[2017.11.22-18.00.32:185][  0]LogInit: Using OS detected locale (en-US).
[2017.11.22-18.00.32:318][  0]LogTextLocalizationManager: No specific localization for 'en-US' exists, so the 'en' localization will be used.
[2017.11.22-18.00.32:902][  0]LogInit: Setting process to per monitor DPI aware
[2017.11.22-18.00.36:081][  0]LogD3D11RHI: D3D11 adapters:
[2017.11.22-18.00.36:180][  0]LogD3D11RHI:    0. 'NVIDIA GeForce GTX 980 Ti' (Feature Level 11_0)
[2017.11.22-18.00.36:180][  0]LogD3D11RHI:       6103/0/32723 MB DedicatedVideo/DedicatedSystem/SharedSystem, Outputs:1, VendorId:0x10de
[2017.11.22-18.00.36:183][  0]LogD3D11RHI:    1. 'Microsoft Basic Render Driver' (Feature Level 11_0)
[2017.11.22-18.00.36:183][  0]LogD3D11RHI:       0/0/32723 MB DedicatedVideo/DedicatedSystem/SharedSystem, Outputs:0, VendorId:0x1414
[2017.11.22-18.00.36:183][  0]LogD3D11RHI: Chosen D3D11 Adapter: 0
[2017.11.22-18.00.36:196][  0]LogD3D11RHI: Creating new Direct3DDevice
[2017.11.22-18.00.36:196][  0]LogD3D11RHI:     GPU DeviceId: 0x17c8 (for the marketing name, search the web for "GPU Device Id")
[2017.11.22-18.00.36:196][  0]LogWindows: EnumDisplayDevices:
[2017.11.22-18.00.36:196][  0]LogWindows:    0. 'NVIDIA GeForce GTX 980 Ti' (P:1 D:1)
[2017.11.22-18.00.36:197][  0]LogWindows:    1. 'NVIDIA GeForce GTX 980 Ti' (P:0 D:0)
[2017.11.22-18.00.36:197][  0]LogWindows:    2. 'NVIDIA GeForce GTX 980 Ti' (P:0 D:0)
[2017.11.22-18.00.36:197][  0]LogWindows:    3. 'NVIDIA GeForce GTX 980 Ti' (P:0 D:0)
[2017.11.22-18.00.36:197][  0]LogWindows: DebugString: FoundDriverCount:4 
[2017.11.22-18.00.36:197][  0]LogD3D11RHI:     Adapter Name: NVIDIA GeForce GTX 980 Ti
[2017.11.22-18.00.36:198][  0]LogD3D11RHI:   Driver Version: 388.13 (internal:23.21.13.8813, unified:388.13)
[2017.11.22-18.00.36:198][  0]LogD3D11RHI:      Driver Date: 10-27-2017
[2017.11.22-18.00.36:198][  0]LogRHI: Texture pool is 4272 MB (70% of 6103 MB)
[2017.11.22-18.00.36:267][  0]LogD3D11RHI: Async texture creation enabled
[2017.11.22-18.00.36:287][  0]LogD3D11RHI: GPU Timing Frequency: 1000.000000 (Debug: 2 1)
[2017.11.22-18.00.36:339][  0]LogShaderCompilers: Guid format shader working directory is -12 characters bigger than the processId version (../../../../../MMLX Developement/GIT/MMLX/MML_Redux 4.18/Intermediate/Shaders/WorkingDirectory/13284/).
[2017.11.22-18.00.36:339][  0]LogShaderCompilers: Cleaned the shader compiler working directory 'C:/Users/ruwd/AppData/Local/Temp/UnrealShaderWorkingDir/4381048B41C6208011BEF7A452222C3A/'.
[2017.11.22-18.00.36:339][  0]LogShaderCompilers: Display: Using Local Shader Compiler.
[2017.11.22-18.00.39:400][  0]LogTemp: Display: Loaded TP AllDesktopTargetPlatform
[2017.11.22-18.00.39:438][  0]LogTemp: Display: Loaded TP MacClientTargetPlatform
[2017.11.22-18.00.39:475][  0]LogTemp: Display: Loaded TP MacNoEditorTargetPlatform
[2017.11.22-18.00.39:511][  0]LogTemp: Display: Loaded TP MacServerTargetPlatform
[2017.11.22-18.00.39:563][  0]LogTemp: Display: Loaded TP MacTargetPlatform
[2017.11.22-18.00.39:639][  0]LogTemp: Display: Loaded TP WindowsClientTargetPlatform
[2017.11.22-18.00.39:678][  0]LogTemp: Display: Loaded TP WindowsNoEditorTargetPlatform
[2017.11.22-18.00.39:715][  0]LogTemp: Display: Loaded TP WindowsServerTargetPlatform
[2017.11.22-18.00.39:746][  0]LogTemp: Display: Loaded TP WindowsTargetPlatform
[2017.11.22-18.00.39:781][  0]LogTemp: Display: Loaded TP Android_ASTCTargetPlatform
[2017.11.22-18.00.39:822][  0]LogTemp: Display: Loaded TP Android_ATCTargetPlatform
[2017.11.22-18.00.39:859][  0]LogTemp: Display: Loaded TP Android_DXTTargetPlatform
[2017.11.22-18.00.39:896][  0]LogTemp: Display: Loaded TP Android_ETC1TargetPlatform
[2017.11.22-18.00.39:932][  0]LogTemp: Display: Loaded TP Android_ETC2TargetPlatform
[2017.11.22-18.00.40:005][  0]LogTemp: Display: Loaded TP Android_MultiTargetPlatform
[2017.11.22-18.00.40:005][  0]LogTemp: Display: Loaded TP Android_PVRTCTargetPlatform
[2017.11.22-18.00.40:053][  0]LogTemp: Display: Loaded TP AndroidTargetPlatform
[2017.11.22-18.00.40:108][  0]LogTemp: Display: Loaded TP HTML5TargetPlatform
[2017.11.22-18.00.40:229][  0]LogTemp: Display: Loaded TP IOSTargetPlatform
[2017.11.22-18.00.40:251][  0]LogTemp: Display: Loaded TP TVOSTargetPlatform
[2017.11.22-18.00.40:302][  0]LogTemp: Display: Loaded TP LinuxClientTargetPlatform
[2017.11.22-18.00.40:343][  0]LogTemp: Display: Loaded TP LinuxNoEditorTargetPlatform
[2017.11.22-18.00.40:400][  0]LogTemp: Display: Loaded TP LinuxServerTargetPlatform
[2017.11.22-18.00.40:475][  0]LogTemp: Display: Loaded TP LinuxTargetPlatform
[2017.11.22-18.00.40:475][  0]LogTargetPlatformManager: Display: Building Assets For Windows
[2017.11.22-18.00.41:674][  0]LogDerivedDataCache: Display: Max Cache Size: 512 MB
[2017.11.22-18.00.41:809][  0]LogDerivedDataCache: Loaded boot cache 0.14s 78MB C:/Users/ruwd/AppData/Local/UnrealEngine/4.18/DerivedDataCache/Boot.ddc.
[2017.11.22-18.00.41:810][  0]LogDerivedDataCache: Display: Loaded Boot cache: C:/Users/ruwd/AppData/Local/UnrealEngine/4.18/DerivedDataCache/Boot.ddc
[2017.11.22-18.00.41:810][  0]LogDerivedDataCache: FDerivedDataBackendGraph:  Pak pak cache file ../../../../../MMLX Developement/GIT/MMLX/MML_Redux 4.18/DerivedDataCache/DDC.ddp not found, will not use a pak cache.
[2017.11.22-18.00.41:810][  0]LogDerivedDataCache: Unable to find inner node Pak for hierarchical cache Hierarchy.
[2017.11.22-18.00.41:810][  0]LogDerivedDataCache: FDerivedDataBackendGraph:  CompressedPak pak cache file ../../../../../MMLX Developement/GIT/MMLX/MML_Redux 4.18/DerivedDataCache/Compressed.ddp not found, will not use a pak cache.
[2017.11.22-18.00.41:810][  0]LogDerivedDataCache: Unable to find inner node CompressedPak for hierarchical cache Hierarchy.
[2017.11.22-18.00.41:861][  0]LogDerivedDataCache: Display: Pak cache opened for reading ../../../Engine/DerivedDataCache/Compressed.ddp.
[2017.11.22-18.00.41:874][  0]LogDerivedDataCache: Using Local data cache path C:/Users/ruwd/AppData/Local/UnrealEngine/Common/DerivedDataCache: Writable
[2017.11.22-18.00.41:920][  0]LogMaterial: Verifying Global Shaders for PCD3D_SM5
[2017.11.22-18.00.41:921][  0]LogSlate: Using Freetype 2.6.0
[2017.11.22-18.00.41:951][  0]LogSlate: SlateFontCache - WITH_FREETYPE: 1, WITH_HARFBUZZ: 1
[2017.11.22-18.00.41:951][  0]LogSlate: SlateFontCache - WITH_FREETYPE: 1, WITH_HARFBUZZ: 1
[2017.11.22-18.00.45:166][  0]LogInit: Selected Device Profile: [Windows]
[2017.11.22-18.00.45:656][  0]LogSimplygon: Simplygon DLL not present - disabling.
[2017.11.22-18.00.45:702][  0]LogMeshReduction: Using SimplygonSwarm for distributed automatic mesh merging
[2017.11.22-18.00.45:702][  0]LogMeshReduction: Using QuadricMeshReduction for automatic static mesh reduction
[2017.11.22-18.00.45:702][  0]LogMeshReduction: No automatic skeletal mesh reduction module available
[2017.11.22-18.00.45:702][  0]LogMeshReduction: No automatic mesh merging module available
[2017.11.22-18.00.45:702][  0]LogMeshMerging: No automatic mesh merging module available
[2017.11.22-18.00.45:773][  0]LogNetVersion: MML_Redux , NetCL: 3709383, EngineNetVer: 2, GameNetVer: 0 (Checksum: 3724097922)
[2017.11.22-18.00.46:158][  0]LogAssetRegistry: FAssetRegistry took 0.0267 seconds to start up
[2017.11.22-18.00.47:114][  0]LogPackageLocalizationCache: Processed 7 localized package path(s) for 2 prioritized culture(s) in 0.058171 seconds
[2017.11.22-18.00.47:119][  0]LogUObjectArray: 35900 objects as part of root set at end of initial load.
[2017.11.22-18.00.47:119][  0]LogUObjectAllocator: 7372024 out of 0 bytes used by permanent object pool.
[2017.11.22-18.00.47:119][  0]LogUObjectArray: CloseDisregardForGC: 0/0 objects in disregard for GC pool
[2017.11.22-18.00.47:153][  0]LogInit: WinSock: version 1.1 (2.2), MaxSocks=32767, MaxUdp=65467
[2017.11.22-18.00.52:373][  0]LogSubstanceCoreModule: Substance [CPU] Engine Loaded, Max Texture Size = 2048
[2017.11.22-18.00.52:402][  0]LogTcpMessaging: Initializing TcpMessaging bridge
[2017.11.22-18.00.52:447][  0]LogUdpMessaging: Initializing bridge on interface 0.0.0.0:0 to multicast group 230.0.0.1:6666.
[2017.11.22-18.00.53:048][  0]LogMaterial: Uniform references updated for custom material expression Custom.
[2017.11.22-18.00.53:389][  0]SourceControl: Source control is disabled
[2017.11.22-18.00.53:389][  0]SourceControl: Source control is disabled
[2017.11.22-18.00.53:451][  0]SourceControl: Source control is disabled
[2017.11.22-18.00.53:546][  0]SourceControl: Source control is disabled
[2017.11.22-18.00.54:406][  0]LogAndroidPermission: UAndroidPermissionCallbackProxy::GetInstance
[2017.11.22-18.00.54:593][  0]LogOcInput: OculusInput pre-init called
[2017.11.22-18.00.55:047][  0]LogEngine: Initializing Engine...
[2017.11.22-18.00.55:049][  0]LogHMD: Failed to initialize OpenVR with code 110
[2017.11.22-18.00.55:316][  0]LogStats: UGameplayTagsManager::ConstructGameplayTagTree: Construct from data asset -  0.000 s
[2017.11.22-18.00.55:316][  0]LogStats: UGameplayTagsManager::ConstructGameplayTagTree: GameplayTagTreeChangedEvent.Broadcast -  0.000 s
[2017.11.22-18.00.55:412][  0]LogAIModule: Creating AISystem for world Untitled
[2017.11.22-18.00.55:438][  0]LogInit: XAudio2 using 'ASUS PB258-4 (NVIDIA High Definition Audio)' : 2 channels at 48 kHz using 16 bits per sample (channel mask 0x3)
[2017.11.22-18.00.55:523][  0]LogInit: FAudioDevice initialized.
[2017.11.22-18.00.55:610][  0]LogDerivedDataCache: Saved boot cache 0.09s 80MB C:/Users/ruwd/AppData/Local/UnrealEngine/4.18/DerivedDataCache/Boot.ddc.
[2017.11.22-18.00.55:650][  0]LogInit: Texture streaming: Enabled
[2017.11.22-18.00.55:729][  0]LogEngineSessionManager: EngineSessionManager initialized
[2017.11.22-18.00.56:315][  0]LogInit: Transaction tracking system initialized
[2017.11.22-18.00.56:543][  0]BlueprintLog: New page: Editor Load
[2017.11.22-18.00.57:267][  0]LocalizationService: Localization service is disabled
[2017.11.22-18.00.57:966][  0]LogConsoleResponse: Display: 
[2017.11.22-18.00.58:297][  0]LogCook: Display: Max memory allowance for cook 16384mb min free memory 0mb
[2017.11.22-18.00.58:298][  0]LogCook: Display: Mobile HDR setting 1
[2017.11.22-18.00.58:298][  0]LogGameplayTags: Display: UGameplayTagsManager::DoneAddingNativeTags. DelegateIsBound: 0
[2017.11.22-18.00.58:651][  0]LogFileCache: Scanning file cache for directory 'D:/MMLX Developement/GIT/MMLX/MML_Redux 4.18/Content/' took 0.02s
[2017.11.22-18.00.59:326][  0]SourceControl: Source control is disabled
[2017.11.22-18.00.59:327][  0]Cmd: MAP LOAD FILE="../../../../../MMLX Developement/GIT/MMLX/MML_Redux 4.18/Content/Maps/Ocean_Tower_Main.umap" TEMPLATE=0 SHOWPROGRESS=1 FEATURELEVEL=3
[2017.11.22-18.00.59:327][  0]LightingResults: New page: Lighting Build
[2017.11.22-18.00.59:378][  0]MapCheck: New page: Map Check
[2017.11.22-18.00.59:378][  0]LightingResults: New page: Lighting Build
[2017.11.22-18.00.59:814][  0]LogTexture: Display: Building textures: HQ_Lightmap1_36 (AutoDXT, 64X64)
[2017.11.22-18.00.59:814][  0]LogTexture: Display: Building textures: LQ_Lightmap_1_36 (DXT1, 64X64)
[2017.11.22-18.00.59:814][  0]LogTexture: Display: Building textures: HQ_Lightmap1_34 (AutoDXT, 256X256)
[2017.11.22-18.00.59:814][  0]LogTexture: Display: Building textures: LQ_Lightmap_1_34 (DXT1, 256X256)
[2017.11.22-18.00.59:814][  0]LogTexture: Display: Building textures: LQ_Lightmap_1_3 (DXT1, 2048X2048)
[2017.11.22-18.00.59:814][  0]LogTexture: Display: Building textures: ShadowMapTexture2D_2 (G8, 32X32)
[2017.11.22-18.00.59:814][  0]LogTexture: Display: Building textures: ShadowMapTexture2D_1 (G8, 512X1024)
[2017.11.22-18.00.59:814][  0]LogTexture: Display: Building textures: HQ_Lightmap1_1 (AutoDXT, 2048X2048)
[2017.11.22-18.00.59:814][  0]LogTexture: Display: Building textures: HQ_Lightmap1_2 (AutoDXT, 2048X2048)
[2017.11.22-18.00.59:814][  0]LogTexture: Display: Building textures: LQ_Lightmap_1_2 (DXT1, 2048X2048)
[2017.11.22-18.00.59:814][  0]LogTexture: Display: Building textures: HQ_Lightmap1_3 (AutoDXT, 2048X2048)
[2017.11.22-18.00.59:814][  0]LogTexture: Display: Building textures: ShadowMapTexture2D_0 (BGRA8, 1024X1024)
[2017.11.22-18.00.59:814][  0]LogTexture: Display: Building textures: LQ_Lightmap_1_1 (DXT1, 2048X2048)
[2017.11.22-18.01.00:328][  0]LogMaterial: Missing cached shader map for material M_TreasureChest, compiling. 
[2017.11.22-18.01.00:485][  0]LogAIModule: Creating AISystem for world Ocean_Tower_Main
[2017.11.22-18.01.00:503][  0]LogStreaming: Display: ULevelStreaming::RequestLevel(/Game/Maps/Ocean_Tower_Zone2) is flushing async loading
[2017.11.22-18.01.00:961][  0]LogTexture: Display: Building textures: HQ_Lightmap0_14 (AutoDXT, 1024X1024)
[2017.11.22-18.01.00:961][  0]LogTexture: Display: Building textures: HQ_Lightmap0_18 (AutoDXT, 1024X1024)
[2017.11.22-18.01.00:961][  0]LogTexture: Display: Building textures: HQ_Lightmap0_23 (AutoDXT, 1024X1024)
[2017.11.22-18.01.00:961][  0]LogTexture: Display: Building textures: HQ_Lightmap0_19 (AutoDXT, 1024X1024)
[2017.11.22-18.01.00:961][  0]LogTexture: Display: Building textures: HQ_Lightmap0_20 (AutoDXT, 1024X1024)
[2017.11.22-18.01.00:961][  0]LogTexture: Display: Building textures: HQ_Lightmap0_21 (AutoDXT, 1024X1024)
[2017.11.22-18.01.00:961][  0]LogTexture: Display: Building textures: HQ_Lightmap0_17 (AutoDXT, 1024X1024)
[2017.11.22-18.01.00:961][  0]LogTexture: Display: Building textures: HQ_Lightmap0_15 (AutoDXT, 1024X1024)
[2017.11.22-18.01.00:961][  0]LogTexture: Display: Building textures: HQ_Lightmap0_16 (AutoDXT, 1024X1024)
[2017.11.22-18.01.00:961][  0]LogTexture: Display: Building textures: HQ_Lightmap0_24 (AutoDXT, 1024X1024)
[2017.11.22-18.01.04:299][  0]LogTexture: Display: Building textures: HQ_Lightmap0_25 (AutoDXT, 1024X1024)
[2017.11.22-18.01.04:300][  0]LogTexture: Display: Building textures: HQ_Lightmap0_26 (AutoDXT, 1024X1024)
[2017.11.22-18.01.04:300][  0]LogTexture: Display: Building textures: HQ_Lightmap0_27 (AutoDXT, 1024X1024)
[2017.11.22-18.01.04:300][  0]LogTexture: Display: Building textures: HQ_Lightmap0_28 (AutoDXT, 1024X1024)
[2017.11.22-18.01.04:300][  0]LogTexture: Display: Building textures: HQ_Lightmap0_5 (AutoDXT, 512X512)
[2017.11.22-18.01.04:300][  0]LogTexture: Display: Building textures: HQ_Lightmap1_22 (AutoDXT, 1024X1024)
[2017.11.22-18.01.04:300][  0]LogTexture: Display: Building textures: HQ_Lightmap1_29 (AutoDXT, 1024X1024)
[2017.11.22-18.01.04:300][  0]LogTexture: Display: Building textures: HQ_Lightmap1_6 (AutoDXT, 1024X1024)
[2017.11.22-18.01.04:300][  0]LogTexture: Display: Building textures: LQ_Lightmap_0_14 (DXT1, 1024X1024)
[2017.11.22-18.01.04:300][  0]LogTexture: Display: Building textures: LQ_Lightmap_0_15 (DXT1, 1024X1024)
[2017.11.22-18.01.04:300][  0]LogTexture: Display: Building textures: LQ_Lightmap_0_16 (DXT1, 1024X1024)
[2017.11.22-18.01.04:300][  0]LogTexture: Display: Building textures: LQ_Lightmap_0_17 (DXT1, 1024X1024)
[2017.11.22-18.01.04:300][  0]LogTexture: Display: Building textures: LQ_Lightmap_0_18 (DXT1, 1024X1024)
[2017.11.22-18.01.04:300][  0]LogTexture: Display: Building textures: LQ_Lightmap_0_19 (DXT1, 1024X1024)
[2017.11.22-18.01.04:300][  0]LogTexture: Display: Building textures: LQ_Lightmap_0_21 (DXT1, 1024X1024)
[2017.11.22-18.01.04:300][  0]LogTexture: Display: Building textures: LQ_Lightmap_0_20 (DXT1, 1024X1024)
[2017.11.22-18.01.04:300][  0]LogTexture: Display: Building textures: LQ_Lightmap_0_23 (DXT1, 1024X1024)
[2017.11.22-18.01.04:300][  0]LogTexture: Display: Building textures: LQ_Lightmap_0_24 (DXT1, 1024X1024)
[2017.11.22-18.01.04:300][  0]LogTexture: Display: Building textures: LQ_Lightmap_0_25 (DXT1, 1024X1024)
[2017.11.22-18.01.04:300][  0]LogTexture: Display: Building textures: LQ_Lightmap_0_27 (DXT1, 1024X1024)
[2017.11.22-18.01.04:300][  0]LogTexture: Display: Building textures: LQ_Lightmap_0_26 (DXT1, 1024X1024)
[2017.11.22-18.01.04:300][  0]LogTexture: Display: Building textures: LQ_Lightmap_0_28 (DXT1, 1024X1024)
[2017.11.22-18.01.04:300][  0]LogTexture: Display: Building textures: LQ_Lightmap_0_5 (DXT1, 512X512)
[2017.11.22-18.01.04:300][  0]LogTexture: Display: Building textures: LQ_Lightmap_1_22 (DXT1, 1024X1024)
[2017.11.22-18.01.04:300][  0]LogTexture: Display: Building textures: LQ_Lightmap_1_29 (DXT1, 1024X1024)
[2017.11.22-18.01.04:300][  0]LogTexture: Display: Building textures: ShadowMapTexture2D_0 (BGRA8, 256X256)
[2017.11.22-18.01.04:300][  0]LogTexture: Display: Building textures: LQ_Lightmap_1_6 (DXT1, 1024X1024)
[2017.11.22-18.01.04:300][  0]LogTexture: Display: Building textures: ShadowMapTexture2D_1 (BGRA8, 1024X1024)
[2017.11.22-18.01.04:300][  0]LogTexture: Display: Building textures: ShadowMapTexture2D_2 (BGRA8, 1024X1024)
[2017.11.22-18.01.04:300][  0]LogTexture: Display: Building textures: ShadowMapTexture2D_3 (BGRA8, 1024X512)
[2017.11.22-18.01.04:300][  0]LogStreaming: Display: ULevelStreaming::RequestLevel(/Game/Maps/Ocean_Tower_Zone1) is flushing async loading
[2017.11.22-18.01.04:476][  0]LogTexture: Display: Building textures: HQ_Lightmap1_35 (AutoDXT, 1024X1024)
[2017.11.22-18.01.04:476][  0]LogTexture: Display: Building textures: HQ_Lightmap0_32 (AutoDXT, 1024X1024)
[2017.11.22-18.01.04:476][  0]LogTexture: Display: Building textures: HQ_Lightmap0_10 (AutoDXT, 1024X1024)
[2017.11.22-18.01.04:476][  0]LogTexture: Display: Building textures: HQ_Lightmap0_11 (AutoDXT, 1024X1024)
[2017.11.22-18.01.04:476][  0]LogTexture: Display: Building textures: HQ_Lightmap0_31 (AutoDXT, 1024X1024)
[2017.11.22-18.01.04:476][  0]LogTexture: Display: Building textures: HQ_Lightmap0_30 (AutoDXT, 1024X1024)
[2017.11.22-18.01.04:476][  0]LogTexture: Display: Building textures: HQ_Lightmap1_12 (AutoDXT, 1024X1024)
[2017.11.22-18.01.04:476][  0]LogTexture: Display: Building textures: HQ_Lightmap0_13 (AutoDXT, 1024X1024)
[2017.11.22-18.01.04:476][  0]LogTexture: Display: Building textures: HQ_Lightmap0_9 (AutoDXT, 1024X1024)
[2017.11.22-18.01.04:476][  0]LogTexture: Display: Building textures: HQ_Lightmap1_33 (AutoDXT, 1024X1024)
[2017.11.22-18.01.06:372][  0]LogTexture: Display: Building textures: HQ_Lightmap1_8 (AutoDXT, 1024X1024)
[2017.11.22-18.01.06:372][  0]LogTexture: Display: Building textures: LQ_Lightmap_0_10 (DXT1, 1024X1024)
[2017.11.22-18.01.06:372][  0]LogTexture: Display: Building textures: LQ_Lightmap_0_11 (DXT1, 1024X1024)
[2017.11.22-18.01.06:372][  0]LogTexture: Display: Building textures: LQ_Lightmap_0_13 (DXT1, 1024X1024)
[2017.11.22-18.01.06:372][  0]LogTexture: Display: Building textures: LQ_Lightmap_0_30 (DXT1, 1024X1024)
[2017.11.22-18.01.06:372][  0]LogTexture: Display: Building textures: LQ_Lightmap_0_31 (DXT1, 1024X1024)
[2017.11.22-18.01.06:372][  0]LogTexture: Display: Building textures: LQ_Lightmap_0_9 (DXT1, 1024X1024)
[2017.11.22-18.01.06:372][  0]LogTexture: Display: Building textures: LQ_Lightmap_0_32 (DXT1, 1024X1024)
[2017.11.22-18.01.06:372][  0]LogTexture: Display: Building textures: LQ_Lightmap_1_12 (DXT1, 1024X1024)
[2017.11.22-18.01.06:372][  0]LogTexture: Display: Building textures: LQ_Lightmap_1_33 (DXT1, 1024X1024)
[2017.11.22-18.01.06:372][  0]LogTexture: Display: Building textures: LQ_Lightmap_1_35 (DXT1, 1024X1024)
[2017.11.22-18.01.06:372][  0]LogTexture: Display: Building textures: LQ_Lightmap_1_8 (DXT1, 1024X1024)
[2017.11.22-18.01.06:372][  0]LogTexture: Display: Building textures: ShadowMapTexture2D_0 (BGRA8, 1024X1024)
[2017.11.22-18.01.06:372][  0]LogTexture: Display: Building textures: ShadowMapTexture2D_1 (BGRA8, 1024X1024)
[2017.11.22-18.01.06:372][  0]LogTexture: Display: Building textures: ShadowMapTexture2D_2 (BGRA8, 1024X1024)
[2017.11.22-18.01.06:372][  0]LogTexture: Display: Building textures: ShadowMapTexture2D_3 (BGRA8, 16X512)
[2017.11.22-18.01.06:372][  0]LogStreaming: Display: ULevelStreaming::RequestLevel(/Game/Maps/Ocean_Tower_Zone3) is flushing async loading
[2017.11.22-18.01.06:416][  0]LogTexture: Display: Building textures: ShadowMapTexture2D_0 (BGRA8, 512X128)
[2017.11.22-18.01.06:416][  0]LogTexture: Display: Building textures: HQ_Lightmap0_4 (AutoDXT, 512X512)
[2017.11.22-18.01.06:416][  0]LogTexture: Display: Building textures: LQ_Lightmap_0_4 (DXT1, 512X512)
[2017.11.22-18.01.06:439][  0]LogTexture: Display: Building textures: ShadowMapTexture2D_1 (BGRA8, 1024X512)
[2017.11.22-18.01.06:439][  0]LogTexture: Display: Building textures: LQ_Lightmap_1_7 (DXT1, 1024X1024)
[2017.11.22-18.01.06:439][  0]LogTexture: Display: Building textures: HQ_Lightmap1_7 (AutoDXT, 1024X1024)
[2017.11.22-18.01.06:621][  0]LogEditorServer: Finished looking for orphan Actors (0.000 secs)
[2017.11.22-18.01.06:648][  0]Cmd: MAP CHECKDEP NOCLEARLOG
[2017.11.22-18.01.06:697][  0]MapCheck: Map check complete: 0 Error(s), 0 Warning(s), took 48.67ms to complete.
[2017.11.22-18.01.06:697][  0]LogFileHelpers: Loading map 'Ocean_Tower_Main' took 7.371
[2017.11.22-18.01.06:910][  0]LogCollectionManager: Loaded 0 collections in 0.001006 seconds
[2017.11.22-18.01.07:000][  0]LogFileCache: Scanning file cache for directory 'D:/MMLX Developement/GIT/MMLX/MML_Redux 4.18/Saved/Collections/' took 0.01s
[2017.11.22-18.01.07:000][  0]LogFileCache: Scanning file cache for directory 'D:/MMLX Developement/GIT/MMLX/MML_Redux 4.18/Content/Developers/ruwd/Collections/' took 0.01s
[2017.11.22-18.01.07:000][  0]LogFileCache: Scanning file cache for directory 'D:/MMLX Developement/GIT/MMLX/MML_Redux 4.18/Content/Collections/' took 0.01s
[2017.11.22-18.01.07:000][  0]LogCollectionManager: Rebuilt the GUID cache for 0 collections in 0.000000 seconds
[2017.11.22-18.01.07:008][  0]LogContentBrowser: Native class hierarchy populated in 0.0081 seconds. Added 2377 classes and 525 folders.
[2017.11.22-18.01.07:071][  0]LogContentBrowser: Native class hierarchy updated for 'WidgetCarousel' in 0.0003 seconds. Added 0 classes and 0 folders.
[2017.11.22-18.01.07:489][  0]LogContentBrowser: Native class hierarchy updated for 'AddContentDialog' in 0.0003 seconds. Added 0 classes and 0 folders.
[2017.11.22-18.01.07:534][  0]LogContentBrowser: Native class hierarchy updated for 'SceneOutliner' in 0.0003 seconds. Added 1 classes and 2 folders.
[2017.11.22-18.01.07:561][  0]LogSlate: Took 0.004164 seconds to synchronously load lazily loaded font '../../../Engine/Content/Slate/Fonts/Roboto-Regular.ttf' (155K)
[2017.11.22-18.01.07:566][  0]LogSlate: Took 0.003370 seconds to synchronously load lazily loaded font '../../../Engine/Content/Slate/Fonts/Roboto-Bold.ttf' (160K)
[2017.11.22-18.01.07:579][  0]LogSlate: Took 0.005444 seconds to synchronously load lazily loaded font '../../../Engine/Content/Editor/Slate/Fonts/FontAwesome.ttf' (139K)
[2017.11.22-18.01.07:730][  0]LogRenderer: Reallocating scene render targets to support 1172x636 Format 10 NumSamples 1 (Frame:1).
[2017.11.22-18.01.07:950][  0]LogContentBrowser: Native class hierarchy updated for 'HierarchicalLODOutliner' in 0.0002 seconds. Added 1 classes and 2 folders.
[2017.11.22-18.01.07:950][  0]LogLoad: (Engine Initialization) Total time: 41.69 seconds
[2017.11.22-18.01.07:950][  0]LogLoad: (Engine Initialization) Total Blueprint compile time: 0.00 seconds
[2017.11.22-18.01.07:950][  0]LogExternalProfiler: Found external profiler: VSPerf
[2017.11.22-18.01.07:950][  0]LogExternalProfiler: Using external profiler: VSPerf
[2017.11.22-18.01.08:001][  0]LogContentStreaming: Texture pool size now 1000 MB
[2017.11.22-18.01.08:109][  1]LogAssetRegistry: Asset discovery search completed in 21.9749 seconds
[2017.11.22-18.01.08:109][  1]LogCollectionManager: Rebuilt the object cache for 0 collections in 0.000001 seconds (found 0 objects)
[2017.11.22-18.01.08:109][  1]LogCollectionManager: Fixed up redirectors for 0 collections in 0.000048 seconds (updated 0 objects)
[2017.11.22-18.01.13:092][562]LogFileCache: Retrieving MD5 hashes for directory 'D:/MMLX Developement/GIT/MMLX/MML_Redux 4.18/Content/' took 5.12s
[2017.11.22-18.01.13:707][634]LogTemp: Repeating last play command: Selected Viewport
[2017.11.22-18.01.13:829][634]LogBlueprintUserMessages: Early PlayInEditor Detection: Level '/Game/Maps/Ocean_Tower_Main.Ocean_Tower_Main:PersistentLevel' has LevelScriptBlueprint '/Game/Maps/Ocean_Tower_Main.Ocean_Tower_Main:PersistentLevel.Ocean_Tower_Main' with GeneratedClass '/Game/Maps/Ocean_Tower_Main.Ocean_Tower_Main_C' with ClassGeneratedBy '/Game/Maps/Ocean_Tower_Main.Ocean_Tower_Main:PersistentLevel.Ocean_Tower_Main'
[2017.11.22-18.01.13:829][634]LogBlueprintUserMessages: Early PlayInEditor Detection: Level '/Game/Maps/Ocean_Tower_Zone3.Ocean_Tower_Zone3:PersistentLevel' has LevelScriptBlueprint '/Game/Maps/Ocean_Tower_Zone3.Ocean_Tower_Zone3:PersistentLevel.Ocean_Tower_Zone3' with GeneratedClass '/Game/Maps/Ocean_Tower_Zone3.Ocean_Tower_Zone3_C' with ClassGeneratedBy '/Game/Maps/Ocean_Tower_Zone3.Ocean_Tower_Zone3:PersistentLevel.Ocean_Tower_Zone3'
[2017.11.22-18.01.13:829][634]LogPlayLevel: PlayLevel: No blueprints needed recompiling
[2017.11.22-18.01.13:830][634]PIE: New page: PIE session: Ocean_Tower_Main (Nov 22, 2017, 8:01:13 AM)
[2017.11.22-18.01.13:830][634]LogPlayLevel: Creating play world package: /Game/Maps/UEDPIE_0_Ocean_Tower_Main
[2017.11.22-18.01.13:850][634]LogPlayLevel: PIE: StaticDuplicateObject took: (0.019715s)
[2017.11.22-18.01.13:851][634]LogAIModule: Creating AISystem for world Ocean_Tower_Main
[2017.11.22-18.01.13:851][634]LogPlayLevel: PIE: World Init took: (0.001060s)
[2017.11.22-18.01.13:851][634]LogPlayLevel: PIE: Created PIE world by copying editor world from /Game/Maps/Ocean_Tower_Main.Ocean_Tower_Main to /Game/Maps/UEDPIE_0_Ocean_Tower_Main.Ocean_Tower_Main (0.021309s)
[2017.11.22-18.01.13:895][634]LogInit: XAudio2 using 'ASUS PB258-4 (NVIDIA High Definition Audio)' : 2 channels at 48 kHz using 16 bits per sample (channel mask 0x3)
[2017.11.22-18.01.13:904][634]LogInit: FAudioDevice initialized.
[2017.11.22-18.01.13:949][634]LogLoad: Game class is 'ThirdPersonGameMode_C'
[2017.11.22-18.01.14:003][634]LogWorld: Bringing World /Game/Maps/UEDPIE_0_Ocean_Tower_Main.Ocean_Tower_Main up for play (max tick rate 0) at 2017.11.22-13.01.14
[2017.11.22-18.01.14:004][634]LogWorld: Bringing up level for play took: 0.002256
[2017.11.22-18.01.14:034][634]LogContentBrowser: Native class hierarchy updated for 'MovieSceneCapture' in 0.0003 seconds. Added 11 classes and 0 folders.
[2017.11.22-18.01.14:103][634]PIE: Play in editor start time for /Game/Maps/UEDPIE_0_Ocean_Tower_Main 1.207
[2017.11.22-18.01.14:104][634]LogBlueprintUserMessages: Late PlayInEditor Detection: Level '/Game/Maps/Ocean_Tower_Main.Ocean_Tower_Main:PersistentLevel' has LevelScriptBlueprint '/Game/Maps/Ocean_Tower_Main.Ocean_Tower_Main:PersistentLevel.Ocean_Tower_Main' with GeneratedClass '/Game/Maps/Ocean_Tower_Main.Ocean_Tower_Main_C' with ClassGeneratedBy '/Game/Maps/Ocean_Tower_Main.Ocean_Tower_Main:PersistentLevel.Ocean_Tower_Main'
[2017.11.22-18.01.14:104][634]LogBlueprintUserMessages: Late PlayInEditor Detection: Level '/Game/Maps/Ocean_Tower_Zone3.Ocean_Tower_Zone3:PersistentLevel' has LevelScriptBlueprint '/Game/Maps/Ocean_Tower_Zone3.Ocean_Tower_Zone3:PersistentLevel.Ocean_Tower_Zone3' with GeneratedClass '/Game/Maps/Ocean_Tower_Zone3.Ocean_Tower_Zone3_C' with ClassGeneratedBy '/Game/Maps/Ocean_Tower_Zone3.Ocean_Tower_Zone3:PersistentLevel.Ocean_Tower_Zone3'
[2017.11.22-18.01.29:666][462]LogBlueprintUserMessages: [Zakobon_BP11_739] OUCHIES!!!!
[2017.11.22-18.01.29:666][462]LogBlueprintUserMessages: [Zakobon_BP11_739] 58
[2017.11.22-18.01.29:666][462]LogBlueprintUserMessages: [Zakobon_BP11_739] OUCHIES!!!!
[2017.11.22-18.01.29:666][462]LogBlueprintUserMessages: [Zakobon_BP11_739] 52
[2017.11.22-18.01.29:674][463]LogBlueprintUserMessages: [Zakobon_BP11_739] OUCHIES!!!!
[2017.11.22-18.01.29:674][463]LogBlueprintUserMessages: [Zakobon_BP11_739] 46
[2017.11.22-18.01.29:674][463]LogBlueprintUserMessages: [Zakobon_BP11_739] OUCHIES!!!!
[2017.11.22-18.01.29:674][463]LogBlueprintUserMessages: [Zakobon_BP11_739] 40
[2017.11.22-18.01.29:683][464]LogBlueprintUserMessages: [Zakobon_BP11_739] OUCHIES!!!!
[2017.11.22-18.01.29:683][464]LogBlueprintUserMessages: [Zakobon_BP11_739] 34
[2017.11.22-18.01.29:683][464]LogBlueprintUserMessages: [Zakobon_BP11_739] OUCHIES!!!!
[2017.11.22-18.01.29:683][464]LogBlueprintUserMessages: [Zakobon_BP11_739] 28
[2017.11.22-18.01.29:697][465]LogBlueprintUserMessages: [Zakobon_BP11_739] OUCHIES!!!!
[2017.11.22-18.01.29:697][465]LogBlueprintUserMessages: [Zakobon_BP11_739] 22
[2017.11.22-18.01.29:697][465]LogBlueprintUserMessages: [Zakobon_BP11_739] OUCHIES!!!!
[2017.11.22-18.01.29:697][465]LogBlueprintUserMessages: [Zakobon_BP11_739] 16
[2017.11.22-18.01.29:708][466]LogBlueprintUserMessages: [Zakobon_BP11_739] OUCHIES!!!!
[2017.11.22-18.01.29:708][466]LogBlueprintUserMessages: [Zakobon_BP11_739] 10
[2017.11.22-18.01.29:708][466]LogBlueprintUserMessages: [Zakobon_BP11_739] OUCHIES!!!!
[2017.11.22-18.01.29:708][466]LogBlueprintUserMessages: [Zakobon_BP11_739] 4
[2017.11.22-18.01.29:716][467]LogBlueprintUserMessages: [Zakobon_BP11_739] OUCHIES!!!!
[2017.11.22-18.01.29:716][467]LogBlueprintUserMessages: [Zakobon_BP11_739] -2
[2017.11.22-18.01.30:548][558]LogBlueprintUserMessages: [Zakobon_BP13] OUCHIES!!!!
[2017.11.22-18.01.30:548][558]LogBlueprintUserMessages: [Zakobon_BP13] 58
[2017.11.22-18.01.30:548][558]LogBlueprintUserMessages: [Zakobon_BP13] OUCHIES!!!!
[2017.11.22-18.01.30:548][558]LogBlueprintUserMessages: [Zakobon_BP13] 52
[2017.11.22-18.01.30:564][560]LogBlueprintUserMessages: [Zakobon_BP13] OUCHIES!!!!
[2017.11.22-18.01.30:565][560]LogBlueprintUserMessages: [Zakobon_BP13] 46
[2017.11.22-18.01.30:565][560]LogBlueprintUserMessages: [Zakobon_BP13] OUCHIES!!!!
[2017.11.22-18.01.30:565][560]LogBlueprintUserMessages: [Zakobon_BP13] 40
[2017.11.22-18.01.30:573][561]LogBlueprintUserMessages: [Zakobon_BP13] OUCHIES!!!!
[2017.11.22-18.01.30:573][561]LogBlueprintUserMessages: [Zakobon_BP13] 34
[2017.11.22-18.01.30:573][561]LogBlueprintUserMessages: [Zakobon_BP13] OUCHIES!!!!
[2017.11.22-18.01.30:573][561]LogBlueprintUserMessages: [Zakobon_BP13] 28
[2017.11.22-18.01.30:595][563]LogBlueprintUserMessages: [Zakobon_BP13] OUCHIES!!!!
[2017.11.22-18.01.30:595][563]LogBlueprintUserMessages: [Zakobon_BP13] 22
[2017.11.22-18.01.30:595][563]LogBlueprintUserMessages: [Zakobon_BP13] OUCHIES!!!!
[2017.11.22-18.01.30:595][563]LogBlueprintUserMessages: [Zakobon_BP13] 16
[2017.11.22-18.01.30:904][600]LogBlueprintUserMessages: [Zakobon_BP12] OUCHIES!!!!
[2017.11.22-18.01.30:904][600]LogBlueprintUserMessages: [Zakobon_BP12] 58
[2017.11.22-18.01.30:904][600]LogBlueprintUserMessages: [Zakobon_BP12] OUCHIES!!!!
[2017.11.22-18.01.30:904][600]LogBlueprintUserMessages: [Zakobon_BP12] 52
[2017.11.22-18.01.30:917][601]LogBlueprintUserMessages: [Zakobon_BP12] OUCHIES!!!!
[2017.11.22-18.01.30:917][601]LogBlueprintUserMessages: [Zakobon_BP12] 46
[2017.11.22-18.01.30:917][601]LogBlueprintUserMessages: [Zakobon_BP12] OUCHIES!!!!
[2017.11.22-18.01.30:917][601]LogBlueprintUserMessages: [Zakobon_BP12] 40
[2017.11.22-18.01.56:612][643]LogBlueprintUserMessages: [Zakobon_BP13] OUCHIES!!!!
[2017.11.22-18.01.56:612][643]LogBlueprintUserMessages: [Zakobon_BP13] 10
[2017.11.22-18.01.56:612][643]LogBlueprintUserMessages: [Zakobon_BP13] OUCHIES!!!!
[2017.11.22-18.01.56:612][643]LogBlueprintUserMessages: [Zakobon_BP13] 4
[2017.11.22-18.01.56:620][644]LogBlueprintUserMessages: [Zakobon_BP13] OUCHIES!!!!
[2017.11.22-18.01.56:620][644]LogBlueprintUserMessages: [Zakobon_BP13] -2
[2017.11.22-18.02.00:821][139]LogBlueprintUserMessages: [Zakobon_BP12] OUCHIES!!!!
[2017.11.22-18.02.00:821][139]LogBlueprintUserMessages: [Zakobon_BP12] 34
[2017.11.22-18.02.00:821][139]LogBlueprintUserMessages: [Zakobon_BP12] OUCHIES!!!!
[2017.11.22-18.02.00:821][139]LogBlueprintUserMessages: [Zakobon_BP12] 28
[2017.11.22-18.02.00:829][140]LogBlueprintUserMessages: [Zakobon_BP12] OUCHIES!!!!
[2017.11.22-18.02.00:829][140]LogBlueprintUserMessages: [Zakobon_BP12] 22
[2017.11.22-18.02.00:829][140]LogBlueprintUserMessages: [Zakobon_BP12] OUCHIES!!!!
[2017.11.22-18.02.00:829][140]LogBlueprintUserMessages: [Zakobon_BP12] 16
[2017.11.22-18.02.00:838][141]LogBlueprintUserMessages: [Zakobon_BP12] OUCHIES!!!!
[2017.11.22-18.02.00:838][141]LogBlueprintUserMessages: [Zakobon_BP12] 10
[2017.11.22-18.02.00:838][141]LogBlueprintUserMessages: [Zakobon_BP12] OUCHIES!!!!
[2017.11.22-18.02.00:838][141]LogBlueprintUserMessages: [Zakobon_BP12] 4
[2017.11.22-18.02.00:846][142]LogBlueprintUserMessages: [Zakobon_BP12] OUCHIES!!!!
[2017.11.22-18.02.00:846][142]LogBlueprintUserMessages: [Zakobon_BP12] -2
[2017.11.22-18.02.05:246][661]LogBlueprintUserMessages: [Zakobon_BP10] OUCHIES!!!!
[2017.11.22-18.02.05:246][661]LogBlueprintUserMessages: [Zakobon_BP10] 58
[2017.11.22-18.02.05:246][661]LogBlueprintUserMessages: [Zakobon_BP10] OUCHIES!!!!
[2017.11.22-18.02.05:246][661]LogBlueprintUserMessages: [Zakobon_BP10] 52
[2017.11.22-18.02.05:254][662]LogBlueprintUserMessages: [Zakobon_BP10] OUCHIES!!!!
[2017.11.22-18.02.05:254][662]LogBlueprintUserMessages: [Zakobon_BP10] 46
[2017.11.22-18.02.05:254][662]LogBlueprintUserMessages: [Zakobon_BP10] OUCHIES!!!!
[2017.11.22-18.02.05:255][662]LogBlueprintUserMessages: [Zakobon_BP10] 40
[2017.11.22-18.02.05:263][663]LogBlueprintUserMessages: [Zakobon_BP10] OUCHIES!!!!
[2017.11.22-18.02.05:263][663]LogBlueprintUserMessages: [Zakobon_BP10] 34
[2017.11.22-18.02.05:263][663]LogBlueprintUserMessages: [Zakobon_BP10] OUCHIES!!!!
[2017.11.22-18.02.05:263][663]LogBlueprintUserMessages: [Zakobon_BP10] 28
[2017.11.22-18.02.05:271][664]LogBlueprintUserMessages: [Zakobon_BP10] OUCHIES!!!!
[2017.11.22-18.02.05:271][664]LogBlueprintUserMessages: [Zakobon_BP10] 22
[2017.11.22-18.02.05:271][664]LogBlueprintUserMessages: [Zakobon_BP10] OUCHIES!!!!
[2017.11.22-18.02.05:271][664]LogBlueprintUserMessages: [Zakobon_BP10] 16
[2017.11.22-18.02.05:279][665]LogBlueprintUserMessages: [Zakobon_BP10] OUCHIES!!!!
[2017.11.22-18.02.05:279][665]LogBlueprintUserMessages: [Zakobon_BP10] 10
[2017.11.22-18.02.05:279][665]LogBlueprintUserMessages: [Zakobon_BP10] OUCHIES!!!!
[2017.11.22-18.02.05:280][665]LogBlueprintUserMessages: [Zakobon_BP10] 4
[2017.11.22-18.02.07:196][893]LogBlueprintUserMessages: [Zakobon_BP10] OUCHIES!!!!
[2017.11.22-18.02.07:196][893]LogBlueprintUserMessages: [Zakobon_BP10] -2
[2017.11.22-18.02.35:537][210]LogBlueprintUserMessages: Early EndPlayMap Detection: Level '/Game/Maps/Ocean_Tower_Main.Ocean_Tower_Main:PersistentLevel' has LevelScriptBlueprint '/Game/Maps/Ocean_Tower_Main.Ocean_Tower_Main:PersistentLevel.Ocean_Tower_Main' with GeneratedClass '/Game/Maps/Ocean_Tower_Main.Ocean_Tower_Main_C' with ClassGeneratedBy '/Game/Maps/Ocean_Tower_Main.Ocean_Tower_Main:PersistentLevel.Ocean_Tower_Main'
[2017.11.22-18.02.35:538][210]LogBlueprintUserMessages: Early EndPlayMap Detection: Level '/Game/Maps/Ocean_Tower_Zone3.Ocean_Tower_Zone3:PersistentLevel' has LevelScriptBlueprint '/Game/Maps/Ocean_Tower_Zone3.Ocean_Tower_Zone3:PersistentLevel.Ocean_Tower_Zone3' with GeneratedClass '/Game/Maps/Ocean_Tower_Zone3.Ocean_Tower_Zone3_C' with ClassGeneratedBy '/Game/Maps/Ocean_Tower_Zone3.Ocean_Tower_Zone3:PersistentLevel.Ocean_Tower_Zone3'
[2017.11.22-18.02.35:587][210]LogBlueprintUserMessages: Late EndPlayMap Detection: Level '/Game/Maps/Ocean_Tower_Main.Ocean_Tower_Main:PersistentLevel' has LevelScriptBlueprint '/Game/Maps/Ocean_Tower_Main.Ocean_Tower_Main:PersistentLevel.Ocean_Tower_Main' with GeneratedClass '/Game/Maps/Ocean_Tower_Main.Ocean_Tower_Main_C' with ClassGeneratedBy '/Game/Maps/Ocean_Tower_Main.Ocean_Tower_Main:PersistentLevel.Ocean_Tower_Main'
[2017.11.22-18.02.35:587][210]LogBlueprintUserMessages: Late EndPlayMap Detection: Level '/Game/Maps/Ocean_Tower_Zone3.Ocean_Tower_Zone3:PersistentLevel' has LevelScriptBlueprint '/Game/Maps/Ocean_Tower_Zone3.Ocean_Tower_Zone3:PersistentLevel.Ocean_Tower_Zone3' with GeneratedClass '/Game/Maps/Ocean_Tower_Zone3.Ocean_Tower_Zone3_C' with ClassGeneratedBy '/Game/Maps/Ocean_Tower_Zone3.Ocean_Tower_Zone3:PersistentLevel.Ocean_Tower_Zone3'
[2017.11.22-18.04.14:625][ 84]SourceControl: Error: https://git-lfs.github.com/spec/v1 is not a valid attribute name: .gitattributes:1
[2017.11.22-18.04.14:626][ 84]SourceControl: Error: sha256:361836558d988c72d0f0c78630cf31e6f3ac302a327ad59e415804cc1735f6f9 is not a valid attribute name: .gitattributes:2
[2017.11.22-18.04.14:626][ 84]SourceControl: On branch master
[2017.11.22-18.04.14:626][ 84]SourceControl: Your branch is up-to-date with 'origin/master'.
[2017.11.22-18.04.14:626][ 84]SourceControl: Changes not staged for commit:
[2017.11.22-18.04.14:626][ 84]SourceControl:   (use "git add <file>..." to update what will be committed)
[2017.11.22-18.04.14:626][ 84]SourceControl:   (use "git checkout -- <file>..." to discard changes in working directory)
[2017.11.22-18.04.14:626][ 84]SourceControl: 	modified:   MML_Redux 4.18/Intermediate/AssetRegistryCache/311563bb.bin
[2017.11.22-18.04.14:626][ 84]SourceControl: 	modified:   MML_Redux 4.18/Intermediate/AssetRegistryCache/c90e3f55.bin
[2017.11.22-18.04.14:626][ 84]SourceControl: 	modified:   MML_Redux 4.18/Intermediate/CachedAssetRegistry.bin
[2017.11.22-18.04.14:626][ 84]SourceControl: 	modified:   MML_Redux 4.18/Saved/Config/Windows/Editor.ini
[2017.11.22-18.04.14:626][ 84]SourceControl: 	modified:   MML_Redux 4.18/Saved/Config/Windows/EditorPerProjectUserSettings.ini
[2017.11.22-18.04.14:626][ 84]SourceControl: 	modified:   MML_Redux 4.18/Saved/Config/Windows/Engine.ini
[2017.11.22-18.04.14:626][ 84]SourceControl: 	modified:   MML_Redux 4.18/Saved/Logs/MML_Redux.log
[2017.11.22-18.04.14:626][ 84]SourceControl: Untracked files:
[2017.11.22-18.04.14:626][ 84]SourceControl:   (use "git add <file>..." to include in what will be committed)
[2017.11.22-18.04.14:626][ 84]SourceControl: 	MML_Redux 4.18/Saved/Config/CrashReportClient/UE4CC-Windows-D43908F04B0AEC84606E0CAFADD8A64A/
[2017.11.22-18.04.14:626][ 84]SourceControl: 	MML_Redux 4.18/Saved/Logs/MML_Redux-backup-2017.11.22-13.00.28.log
[2017.11.22-18.04.14:626][ 84]SourceControl: no changes added to commit (use "git add" and/or "git commit -a")
[2017.11.22-18.04.14:626][ 84]SourceControl: Error: Failed to enable Git source control. You need to initialize the project as a Git repository first.
[2017.11.22-18.05.03:749][807]SourceControl: Error: https://git-lfs.github.com/spec/v1 is not a valid attribute name: .gitattributes:1
[2017.11.22-18.05.03:749][807]SourceControl: Error: sha256:361836558d988c72d0f0c78630cf31e6f3ac302a327ad59e415804cc1735f6f9 is not a valid attribute name: .gitattributes:2
[2017.11.22-18.05.03:749][807]SourceControl: On branch master
[2017.11.22-18.05.03:749][807]SourceControl: Your branch is up-to-date with 'origin/master'.
[2017.11.22-18.05.03:749][807]SourceControl: Changes not staged for commit:
[2017.11.22-18.05.03:749][807]SourceControl:   (use "git add <file>..." to update what will be committed)
[2017.11.22-18.05.03:749][807]SourceControl:   (use "git checkout -- <file>..." to discard changes in working directory)
[2017.11.22-18.05.03:749][807]SourceControl: 	modified:   MML_Redux 4.18/Intermediate/AssetRegistryCache/311563bb.bin
[2017.11.22-18.05.03:749][807]SourceControl: 	modified:   MML_Redux 4.18/Intermediate/AssetRegistryCache/c90e3f55.bin
[2017.11.22-18.05.03:749][807]SourceControl: 	modified:   MML_Redux 4.18/Intermediate/CachedAssetRegistry.bin
[2017.11.22-18.05.03:749][807]SourceControl: 	modified:   MML_Redux 4.18/Saved/Config/Windows/Editor.ini
[2017.11.22-18.05.03:749][807]SourceControl: 	modified:   MML_Redux 4.18/Saved/Config/Windows/EditorPerProjectUserSettings.ini
[2017.11.22-18.05.03:749][807]SourceControl: 	modified:   MML_Redux 4.18/Saved/Config/Windows/Engine.ini
[2017.11.22-18.05.03:749][807]SourceControl: 	modified:   MML_Redux 4.18/Saved/Logs/MML_Redux.log
[2017.11.22-18.05.03:749][807]SourceControl: Untracked files:
[2017.11.22-18.05.03:749][807]SourceControl:   (use "git add <file>..." to include in what will be committed)
[2017.11.22-18.05.03:749][807]SourceControl: 	MML_Redux 4.18/Saved/Config/CrashReportClient/UE4CC-Windows-D43908F04B0AEC84606E0CAFADD8A64A/
[2017.11.22-18.05.03:749][807]SourceControl: 	MML_Redux 4.18/Saved/Logs/MML_Redux-backup-2017.11.22-13.00.28.log
[2017.11.22-18.05.03:749][807]SourceControl: no changes added to commit (use "git add" and/or "git commit -a")
[2017.11.22-18.05.03:749][807]SourceControl: Error: Failed to enable Git source control. You need to initialize the project as a Git repository first.
[2017.11.22-18.05.32:809][ 56]SourceControl: Error: https://git-lfs.github.com/spec/v1 is not a valid attribute name: .gitattributes:1
[2017.11.22-18.05.32:809][ 56]SourceControl: Error: sha256:361836558d988c72d0f0c78630cf31e6f3ac302a327ad59e415804cc1735f6f9 is not a valid attribute name: .gitattributes:2
[2017.11.22-18.05.32:809][ 56]SourceControl: On branch master
[2017.11.22-18.05.32:809][ 56]SourceControl: Your branch is up-to-date with 'origin/master'.
[2017.11.22-18.05.32:809][ 56]SourceControl: Changes not staged for commit:
[2017.11.22-18.05.32:809][ 56]SourceControl:   (use "git add <file>..." to update what will be committed)
[2017.11.22-18.05.32:809][ 56]SourceControl:   (use "git checkout -- <file>..." to discard changes in working directory)
[2017.11.22-18.05.32:809][ 56]SourceControl: 	modified:   MML_Redux 4.18/Intermediate/AssetRegistryCache/311563bb.bin
[2017.11.22-18.05.32:809][ 56]SourceControl: 	modified:   MML_Redux 4.18/Intermediate/AssetRegistryCache/c90e3f55.bin
[2017.11.22-18.05.32:809][ 56]SourceControl: 	modified:   MML_Redux 4.18/Intermediate/CachedAssetRegistry.bin
[2017.11.22-18.05.32:810][ 56]SourceControl: 	modified:   MML_Redux 4.18/Saved/Config/Windows/Editor.ini
[2017.11.22-18.05.32:810][ 56]SourceControl: 	modified:   MML_Redux 4.18/Saved/Config/Windows/EditorPerProjectUserSettings.ini
[2017.11.22-18.05.32:810][ 56]SourceControl: 	modified:   MML_Redux 4.18/Saved/Config/Windows/Engine.ini
[2017.11.22-18.05.32:810][ 56]SourceControl: 	modified:   MML_Redux 4.18/Saved/Logs/MML_Redux.log
[2017.11.22-18.05.32:810][ 56]SourceControl: Untracked files:
[2017.11.22-18.05.32:810][ 56]SourceControl:   (use "git add <file>..." to include in what will be committed)
[2017.11.22-18.05.32:810][ 56]SourceControl: 	MML_Redux 4.18/Saved/Config/CrashReportClient/UE4CC-Windows-D43908F04B0AEC84606E0CAFADD8A64A/
[2017.11.22-18.05.32:810][ 56]SourceControl: 	MML_Redux 4.18/Saved/Logs/MML_Redux-backup-2017.11.22-13.00.28.log
[2017.11.22-18.05.32:810][ 56]SourceControl: no changes added to commit (use "git add" and/or "git commit -a")
[2017.11.22-18.05.32:810][ 56]SourceControl: Error: Failed to enable Git source control. You need to initialize the project as a Git repository first.
[2017.11.22-18.07.44:897][390]SourceControl: Error: https://git-lfs.github.com/spec/v1 is not a valid attribute name: .gitattributes:1
[2017.11.22-18.07.44:897][390]SourceControl: Error: sha256:361836558d988c72d0f0c78630cf31e6f3ac302a327ad59e415804cc1735f6f9 is not a valid attribute name: .gitattributes:2
[2017.11.22-18.07.44:897][390]SourceControl: On branch master
[2017.11.22-18.07.44:897][390]SourceControl: Your branch is up-to-date with 'origin/master'.
[2017.11.22-18.07.44:897][390]SourceControl: Changes not staged for commit:
[2017.11.22-18.07.44:897][390]SourceControl:   (use "git add <file>..." to update what will be committed)
[2017.11.22-18.07.44:897][390]SourceControl:   (use "git checkout -- <file>..." to discard changes in working directory)
[2017.11.22-18.07.44:897][390]SourceControl: 	modified:   MML_Redux 4.18/Intermediate/AssetRegistryCache/311563bb.bin
[2017.11.22-18.07.44:897][390]SourceControl: 	modified:   MML_Redux 4.18/Intermediate/AssetRegistryCache/c90e3f55.bin
[2017.11.22-18.07.44:897][390]SourceControl: 	modified:   MML_Redux 4.18/Intermediate/CachedAssetRegistry.bin
[2017.11.22-18.07.44:897][390]SourceControl: 	modified:   MML_Redux 4.18/Saved/Config/Windows/Editor.ini
[2017.11.22-18.07.44:897][390]SourceControl: 	modified:   MML_Redux 4.18/Saved/Config/Windows/EditorPerProjectUserSettings.ini
[2017.11.22-18.07.44:897][390]SourceControl: 	modified:   MML_Redux 4.18/Saved/Config/Windows/Engine.ini
[2017.11.22-18.07.44:897][390]SourceControl: 	modified:   MML_Redux 4.18/Saved/Logs/MML_Redux.log
[2017.11.22-18.07.44:897][390]SourceControl: Untracked files:
[2017.11.22-18.07.44:897][390]SourceControl:   (use "git add <file>..." to include in what will be committed)
[2017.11.22-18.07.44:897][390]SourceControl: 	MML_Redux 4.18/Saved/Config/CrashReportClient/UE4CC-Windows-D43908F04B0AEC84606E0CAFADD8A64A/
[2017.11.22-18.07.44:897][390]SourceControl: 	MML_Redux 4.18/Saved/Logs/MML_Redux-backup-2017.11.22-13.00.28.log
[2017.11.22-18.07.44:898][390]SourceControl: no changes added to commit (use "git add" and/or "git commit -a")
[2017.11.22-18.07.44:898][390]SourceControl: Error: Failed to enable Git source control. You need to initialize the project as a Git repository first.
[2017.11.22-18.07.49:759][936]SourceControl: Error: https://git-lfs.github.com/spec/v1 is not a valid attribute name: .gitattributes:1
[2017.11.22-18.07.49:759][936]SourceControl: Error: sha256:361836558d988c72d0f0c78630cf31e6f3ac302a327ad59e415804cc1735f6f9 is not a valid attribute name: .gitattributes:2
[2017.11.22-18.07.49:759][936]SourceControl: On branch master
[2017.11.22-18.07.49:759][936]SourceControl: Your branch is up-to-date with 'origin/master'.
[2017.11.22-18.07.49:759][936]SourceControl: Changes not staged for commit:
[2017.11.22-18.07.49:759][936]SourceControl:   (use "git add <file>..." to update what will be committed)
[2017.11.22-18.07.49:759][936]SourceControl:   (use "git checkout -- <file>..." to discard changes in working directory)
[2017.11.22-18.07.49:759][936]SourceControl: 	modified:   MML_Redux 4.18/Intermediate/AssetRegistryCache/311563bb.bin
[2017.11.22-18.07.49:759][936]SourceControl: 	modified:   MML_Redux 4.18/Intermediate/AssetRegistryCache/c90e3f55.bin
[2017.11.22-18.07.49:759][936]SourceControl: 	modified:   MML_Redux 4.18/Intermediate/CachedAssetRegistry.bin
[2017.11.22-18.07.49:759][936]SourceControl: 	modified:   MML_Redux 4.18/Saved/Config/Windows/Editor.ini
[2017.11.22-18.07.49:759][936]SourceControl: 	modified:   MML_Redux 4.18/Saved/Config/Windows/EditorPerProjectUserSettings.ini
[2017.11.22-18.07.49:759][936]SourceControl: 	modified:   MML_Redux 4.18/Saved/Config/Windows/Engine.ini
[2017.11.22-18.07.49:759][936]SourceControl: 	modified:   MML_Redux 4.18/Saved/Logs/MML_Redux.log
[2017.11.22-18.07.49:759][936]SourceControl: Untracked files:
[2017.11.22-18.07.49:759][936]SourceControl:   (use "git add <file>..." to include in what will be committed)
[2017.11.22-18.07.49:759][936]SourceControl: 	MML_Redux 4.18/Saved/Config/CrashReportClient/UE4CC-Windows-D43908F04B0AEC84606E0CAFADD8A64A/
[2017.11.22-18.07.49:759][936]SourceControl: 	MML_Redux 4.18/Saved/Logs/MML_Redux-backup-2017.11.22-13.00.28.log
[2017.11.22-18.07.49:759][936]SourceControl: no changes added to commit (use "git add" and/or "git commit -a")
[2017.11.22-18.07.49:759][936]SourceControl: Error: Failed to enable Git source control. You need to initialize the project as a Git repository first.
