Log file open, 10/14/18 15:02:47
LogWindows: Failed to load 'aqProf.dll' (GetLastError=126)
LogWindows: File 'aqProf.dll' does not exist
LogWindows: Failed to load 'VtuneApi.dll' (GetLastError=126)
LogWindows: File 'VtuneApi.dll' does not exist
LogWindows: Failed to load 'VtuneApi32e.dll' (GetLastError=126)
LogWindows: File 'VtuneApi32e.dll' does not exist
LogInit: Display: Running engine for game: MMLX
LogPlatformFile: Not using cached read wrapper
LogTaskGraph: Started task graph with 5 named threads and 35 total threads with 3 sets of task threads.
LogStats: Stats thread started at 0.413065
LogD3D11RHI: Loaded GFSDK_Aftermath_Lib.x64.dll
LogICUInternationalization: Display: ICU TimeZone Detection - Raw Offset: -5:00, Platform Override: ''
LogPluginManager: Mounting plugin Paper2D
LogPluginManager: Mounting plugin AISupport
LogPluginManager: Mounting plugin LightPropagationVolume
LogPluginManager: Mounting plugin CLionSourceCodeAccess
LogPluginManager: Mounting plugin CodeLiteSourceCodeAccess
LogPluginManager: Mounting plugin GitSourceControl
LogPluginManager: Mounting plugin KDevelopSourceCodeAccess
LogPluginManager: Mounting plugin NullSourceCodeAccess
LogPluginManager: Mounting plugin PerforceSourceControl
LogPluginManager: Mounting plugin SubversionSourceControl
LogPluginManager: Mounting plugin UObjectPlugin
LogPluginManager: Mounting plugin VisualStudioCodeSourceCodeAccess
LogPluginManager: Mounting plugin VisualStudioSourceCodeAccess
LogPluginManager: Mounting plugin XCodeSourceCodeAccess
LogPluginManager: Mounting plugin AssetManagerEditor
LogPluginManager: Mounting plugin CryptoKeys
LogPluginManager: Mounting plugin DataValidation
LogPluginManager: Mounting plugin FacialAnimation
LogPluginManager: Mounting plugin GameplayTagsEditor
LogPluginManager: Mounting plugin MacGraphicsSwitching
LogPluginManager: Mounting plugin MeshEditor
LogPluginManager: Mounting plugin MobileLauncherProfileWizard
LogPluginManager: Mounting plugin PluginBrowser
LogPluginManager: Mounting plugin SpeedTreeImporter
LogPluginManager: Mounting plugin DatasmithContent
LogPluginManager: Mounting plugin AlembicImporter
LogPluginManager: Mounting plugin AppleImageUtils
LogPluginManager: Mounting plugin AppleVision
LogPluginManager: Mounting plugin BackChannel
LogPluginManager: Mounting plugin CharacterAI
LogPluginManager: Mounting plugin GeometryCache
LogPluginManager: Mounting plugin HTML5Networking
LogPluginManager: Mounting plugin ProxyLODPlugin
LogPluginManager: Mounting plugin MagicLeap
LogPluginManager: Mounting plugin MagicLeapEmulator
LogPluginManager: Mounting plugin MagicLeapMedia
LogPluginManager: Mounting plugin Substance
LogPluginManager: Mounting plugin AndroidMedia
LogPluginManager: Mounting plugin AvfMedia
LogPluginManager: Mounting plugin ImgMedia
LogPluginManager: Mounting plugin LinearTimecode
LogPluginManager: Mounting plugin MediaCompositing
LogPluginManager: Mounting plugin MediaPlayerEditor
LogPluginManager: Mounting plugin WmfMedia
LogPluginManager: Mounting plugin TcpMessaging
LogPluginManager: Mounting plugin UdpMessaging
LogPluginManager: Mounting plugin ActorSequence
LogPluginManager: Mounting plugin LevelSequenceEditor
LogPluginManager: Mounting plugin MatineeToLevelSequence
LogPluginManager: Mounting plugin NetcodeUnitTest
LogPluginManager: Mounting plugin NUTUnrealEngine4
LogPluginManager: Mounting plugin OnlineSubsystemGooglePlay
LogPluginManager: Mounting plugin OnlineSubsystemIOS
LogPluginManager: Mounting plugin OnlineSubsystem
LogPluginManager: Mounting plugin OnlineSubsystemNull
LogPluginManager: Mounting plugin OnlineSubsystemUtils
LogPluginManager: Mounting plugin LauncherChunkInstaller
LogPluginManager: Mounting plugin AndroidDeviceProfileSelector
LogPluginManager: Mounting plugin AndroidMoviePlayer
LogPluginManager: Mounting plugin AndroidPermission
LogPluginManager: Mounting plugin AppleMoviePlayer
LogPluginManager: Mounting plugin ArchVisCharacter
LogPluginManager: Mounting plugin AudioCapture
LogPluginManager: Mounting plugin CableComponent
LogPluginManager: Mounting plugin CustomMeshComponent
LogPluginManager: Mounting plugin EditableMesh
LogPluginManager: Mounting plugin ExampleDeviceProfileSelector
LogPluginManager: Mounting plugin GoogleCloudMessaging
LogPluginManager: Mounting plugin ImmediatePhysics
LogPluginManager: Mounting plugin IOSDeviceProfileSelector
LogPluginManager: Mounting plugin LinuxDeviceProfileSelector
LogPluginManager: Mounting plugin LocationServicesBPLibrary
LogPluginManager: Mounting plugin MobilePatchingUtils
LogPluginManager: Mounting plugin OculusVR
LogPluginManager: Plugin shader directory ../../../Engine/Plugins/Runtime/Oculus/OculusVR/Shaders found
LogPluginManager: Mapping shader source directory ../../../Engine/Plugins/Runtime/Oculus/OculusVR/Shaders to virtual directory /Plugin/OculusVR
LogPluginManager: Mounting plugin PhysXVehicles
LogPluginManager: Mounting plugin ProceduralMeshComponent
LogPluginManager: Mounting plugin RuntimePhysXCooking
LogPluginManager: Mounting plugin SteamVR
LogPluginManager: Mounting plugin WindowsMoviePlayer
LogStreaming: Display: Took  0.040s to configure plugins.
LogInit: Using libcurl 7.55.1-DEV
LogInit:  - built for x86_64-pc-win32
LogInit:  - supports SSL with OpenSSL/1.0.2h
LogInit:  - supports HTTP deflate (compression) using libz 1.2.8
LogInit:  - other features:
LogInit:      CURL_VERSION_SSL
LogInit:      CURL_VERSION_LIBZ
LogInit:      CURL_VERSION_IPV6
LogInit:      CURL_VERSION_ASYNCHDNS
LogInit:      CURL_VERSION_LARGEFILE
LogInit:      CURL_VERSION_IDN
LogInit:  CurlRequestOptions (configurable via config and command line):
LogInit:  - bVerifyPeer = false  - Libcurl will NOT verify peer certificate
LogInit:  - bUseHttpProxy = false  - Libcurl will NOT use HTTP proxy
LogInit:  - bDontReuseConnections = false  - Libcurl will reuse connections
LogInit:  - CertBundlePath = nullptr  - Libcurl will use whatever was configured at build time.
LogInit:  - MaxHostConnections = 16  - Libcurl will limit the number of connections to a host
LogInit:  - LocalHostAddr = Default
LogInit:  - BufferSize = 65536
LogInit: WinSock: version 1.1 (2.2), MaxSocks=32767, MaxUdp=65467
LogInit: Build: ++UE4+Release-4.20-CL-4369336
LogInit: Engine Version: 4.20.3-4369336+++UE4+Release-4.20
LogInit: Compatible Engine Version: 4.20.0-4212847+++UE4+Release-4.20
LogInit: Net CL: 4212847
LogInit: OS: Windows 10 (), CPU: Intel(R) Core(TM) i7-5930K CPU @ 3.50GHz, GPU: NVIDIA GeForce GTX 980 Ti
LogInit: Compiled (64-bit): Sep 17 2018 12:26:19
LogInit: Compiled with Visual C++: 19.13.26129.00
LogInit: Build Configuration: Development
LogInit: Branch Name: ++UE4+Release-4.20
LogInit: Command Line:  /Game/ThirdPersonBP/Maps/ThirdPersonExampleMap -game -PIEVIACONSOLE -ResX=1280 -ResY=720  -Multiprocess -messaging -SessionName="Play in Standalone Game" -windowed 
LogInit: Base Directory: D:/New folder/UE_4.20/Engine/Binaries/Win64/
LogInit: Installed Engine Build: 1
LogDevObjectVersion: Number of dev versions registered: 20
LogDevObjectVersion:   Dev-Blueprints (B0D832E4-1F89-4F0D-ACCF-7EB736FD4AA2): 10
LogDevObjectVersion:   Dev-Build (E1C64328-A22C-4D53-A36C-8E866417BD8C): 0
LogDevObjectVersion:   Dev-Core (375EC13C-06E4-48FB-B500-84F0262A717E): 2
LogDevObjectVersion:   Dev-Editor (E4B068ED-F494-42E9-A231-DA0B2E46BB41): 24
LogDevObjectVersion:   Dev-Framework (CFFC743F-43B0-4480-9391-14DF171D2073): 34
LogDevObjectVersion:   Dev-Mobile (B02B49B5-BB20-44E9-A304-32B752E40360): 2
LogDevObjectVersion:   Dev-Networking (A4E4105C-59A1-49B5-A7C5-40C4547EDFEE): 0
LogDevObjectVersion:   Dev-Online (39C831C9-5AE6-47DC-9A44-9C173E1C8E7C): 0
LogDevObjectVersion:   Dev-Physics (78F01B33-EBEA-4F98-B9B4-84EACCB95AA2): 0
LogDevObjectVersion:   Dev-Platform (6631380F-2D4D-43E0-8009-CF276956A95A): 0
LogDevObjectVersion:   Dev-Rendering (12F88B9F-8875-4AFC-A67C-D90C383ABD29): 26
LogDevObjectVersion:   Dev-Sequencer (7B5AE74C-D270-4C10-A958-57980B212A5A): 9
LogDevObjectVersion:   Dev-VR (D7296918-1DD6-4BDD-9DE2-64A83CC13884): 2
LogDevObjectVersion:   Dev-LoadTimes (C2A15278-BFE7-4AFE-6C17-90FF531DF755): 1
LogDevObjectVersion:   Private-Geometry (6EACA3D4-40EC-4CC1-B786-8BED09428FC5): 3
LogDevObjectVersion:   Dev-AnimPhys (29E575DD-E0A3-4627-9D10-D276232CDCEA): 17
LogDevObjectVersion:   Dev-ReflectionCapture (6B266CEC-1EC7-4B8F-A30B-E4D90942FC07): 1
LogDevObjectVersion:   Dev-Automation (0DF73D61-A23F-47EA-B727-89E90C41499A): 1
LogDevObjectVersion:   FortniteMain (601D1886-AC64-4F84-AA16-D3DE0DEAC7D6): 12
LogDevObjectVersion:   Dev-Enterprise (9DFFBCD6-494F-0158-E221-12823C92A888): 1
LogStreaming: Display: Took  0.001s to delete old logs.
LogInit: Presizing for max 8388607 objects, including 0 objects not considered by GC, pre-allocating 0 bytes for permanent pool.
LogInit: Object subsystem initialized
[2018.10.14-19.02.48:005][  0]LogInit: Selected Device Profile: [Windows]
[2018.10.14-19.02.48:005][  0]LogInit: Applying CVar settings loaded from the selected device profile: [Windows]
[2018.10.14-19.02.48:008][  0]LogHAL: Display: Platform has ~ 64 GB [68626223104 / 68719476736 / 64], which maps to Largest [LargestMinGB=32, LargerMinGB=12, DefaultMinGB=8, SmallerMinGB=6, SmallestMinGB=0)
[2018.10.14-19.02.48:008][  0]LogInit: Setting Device Profile CVar: [[r.Vulkan.UseRealUBs:1]]
[2018.10.14-19.02.48:008][  0]LogInit: Going up to parent DeviceProfile []
[2018.10.14-19.02.48:008][  0]LogInit: Computer: DESKTOP-CF0T73E
[2018.10.14-19.02.48:009][  0]LogInit: User: ruwd
[2018.10.14-19.02.48:009][  0]LogInit: CPU Page size=4096, Cores=6
[2018.10.14-19.02.48:009][  0]LogInit: High frequency timer resolution =3.415996 MHz
[2018.10.14-19.02.48:009][  0]LogMemory: Memory total: Physical=63.9GB (64GB approx)
[2018.10.14-19.02.48:009][  0]LogMemory: Platform Memory Stats for Windows
[2018.10.14-19.02.48:009][  0]LogMemory: Process Physical Memory: 101.79 MB used, 101.79 MB peak
[2018.10.14-19.02.48:009][  0]LogMemory: Process Virtual Memory: 94.07 MB used, 94.07 MB peak
[2018.10.14-19.02.48:009][  0]LogMemory: Physical Memory: 9833.13 MB used,  55613.94 MB free, 65447.07 MB total
[2018.10.14-19.02.48:009][  0]LogMemory: Virtual Memory: 4660.76 MB used,  55613.94 MB free, 134217728.00 MB total
[2018.10.14-19.02.48:023][  0]LogInit: Using OS detected language (en-US).
[2018.10.14-19.02.48:024][  0]LogInit: Using OS detected locale (en-US).
[2018.10.14-19.02.48:024][  0]LogTextLocalizationManager: No specific localization for 'en-US' exists, so the 'en' localization will be used.
[2018.10.14-19.02.48:400][  0]LogStreaming: Display: Took  0.377s to InitEngineTextLocalization.
[2018.10.14-19.02.48:415][  0]LogSlate: New Slate User Created.  User Index 0, Is Virtual User: 0
[2018.10.14-19.02.48:415][  0]LogSlate: Slate User Registered.  User Index 0, Is Virtual User: 0
[2018.10.14-19.02.48:418][  0]LogHMD: Failed to initialize OpenVR with code 110
[2018.10.14-19.02.48:418][  0]LogD3D11RHI: D3D11 adapters:
[2018.10.14-19.02.48:463][  0]LogD3D11RHI:    0. 'NVIDIA GeForce GTX 980 Ti' (Feature Level 11_0)
[2018.10.14-19.02.48:463][  0]LogD3D11RHI:       6097/0/32723 MB DedicatedVideo/DedicatedSystem/SharedSystem, Outputs:1, VendorId:0x10de
[2018.10.14-19.02.48:465][  0]LogD3D11RHI:    1. 'Microsoft Basic Render Driver' (Feature Level 11_0)
[2018.10.14-19.02.48:465][  0]LogD3D11RHI:       0/0/32723 MB DedicatedVideo/DedicatedSystem/SharedSystem, Outputs:0, VendorId:0x1414
[2018.10.14-19.02.48:465][  0]LogD3D11RHI: Chosen D3D11 Adapter: 0
[2018.10.14-19.02.48:471][  0]LogD3D11RHI: Creating new Direct3DDevice
[2018.10.14-19.02.48:471][  0]LogD3D11RHI:     GPU DeviceId: 0x17c8 (for the marketing name, search the web for "GPU Device Id")
[2018.10.14-19.02.48:471][  0]LogWindows: EnumDisplayDevices:
[2018.10.14-19.02.48:471][  0]LogWindows:    0. 'NVIDIA GeForce GTX 980 Ti' (P:1 D:1)
[2018.10.14-19.02.48:471][  0]LogWindows:    1. 'NVIDIA GeForce GTX 980 Ti' (P:0 D:0)
[2018.10.14-19.02.48:472][  0]LogWindows:    2. 'NVIDIA GeForce GTX 980 Ti' (P:0 D:0)
[2018.10.14-19.02.48:472][  0]LogWindows:    3. 'NVIDIA GeForce GTX 980 Ti' (P:0 D:0)
[2018.10.14-19.02.48:472][  0]LogWindows: DebugString: FoundDriverCount:4 
[2018.10.14-19.02.48:472][  0]LogD3D11RHI:     Adapter Name: NVIDIA GeForce GTX 980 Ti
[2018.10.14-19.02.48:472][  0]LogD3D11RHI:   Driver Version: 399.07 (internal:24.21.13.9907, unified:399.07)
[2018.10.14-19.02.48:472][  0]LogD3D11RHI:      Driver Date: 8-21-2018
[2018.10.14-19.02.48:472][  0]LogRHI: Texture pool is 4268 MB (70% of 6097 MB)
[2018.10.14-19.02.48:507][  0]LogD3D11RHI: Async texture creation enabled
[2018.10.14-19.02.48:524][  0]LogD3D11RHI: GPU Timing Frequency: 1000.000000 (Debug: 2 2)
[2018.10.14-19.02.48:572][  0]LogShaderCompilers: Guid format shader working directory is -7 characters bigger than the processId version (../../../../../MMLX Developement/git/MMLX/MMLX 4.20/Intermediate/Shaders/WorkingDirectory/12400/).
[2018.10.14-19.02.48:572][  0]LogShaderCompilers: Cleaned the shader compiler working directory 'C:/Users/ruwd/AppData/Local/Temp/UnrealShaderWorkingDir/E969FC1B4CBEED03CE3036832A6FA1B3/'.
[2018.10.14-19.02.48:823][  0]LogTemp: Display: Loaded TP WindowsClientTargetPlatform
[2018.10.14-19.02.48:834][  0]LogTemp: Display: Loaded TP WindowsNoEditorTargetPlatform
[2018.10.14-19.02.48:846][  0]LogTemp: Display: Loaded TP WindowsServerTargetPlatform
[2018.10.14-19.02.48:863][  0]LogTemp: Display: Loaded TP WindowsTargetPlatform
[2018.10.14-19.02.48:863][  0]LogTargetPlatformManager: Display: Building Assets For Windows
[2018.10.14-19.02.48:913][  0]LogXGEController: Cannot use XGE Controller as Incredibuild is not installed on this machine.
[2018.10.14-19.02.48:913][  0]LogShaderCompilers: Cannot use XGE Shader Compiler as Incredibuild is not installed on this machine.
[2018.10.14-19.02.48:913][  0]LogShaderCompilers: Display: Using Local Shader Compiler.
[2018.10.14-19.02.49:635][  0]LogDerivedDataCache: Display: Max Cache Size: 512 MB
[2018.10.14-19.02.49:692][  0]LogDerivedDataCache: Loaded boot cache 0.06s 71MB C:/Users/ruwd/AppData/Local/UnrealEngine/4.20/DerivedDataCache/Boot.ddc.
[2018.10.14-19.02.49:692][  0]LogDerivedDataCache: Display: Loaded Boot cache: C:/Users/ruwd/AppData/Local/UnrealEngine/4.20/DerivedDataCache/Boot.ddc
[2018.10.14-19.02.49:692][  0]LogDerivedDataCache: FDerivedDataBackendGraph:  Pak pak cache file ../../../../../MMLX Developement/git/MMLX/MMLX 4.20/DerivedDataCache/DDC.ddp not found, will not use a pak cache.
[2018.10.14-19.02.49:692][  0]LogDerivedDataCache: Unable to find inner node Pak for hierarchical cache Hierarchy.
[2018.10.14-19.02.49:692][  0]LogDerivedDataCache: FDerivedDataBackendGraph:  CompressedPak pak cache file ../../../../../MMLX Developement/git/MMLX/MMLX 4.20/DerivedDataCache/Compressed.ddp not found, will not use a pak cache.
[2018.10.14-19.02.49:692][  0]LogDerivedDataCache: Unable to find inner node CompressedPak for hierarchical cache Hierarchy.
[2018.10.14-19.02.49:714][  0]LogDerivedDataCache: Display: Pak cache opened for reading ../../../Engine/DerivedDataCache/Compressed.ddp.
[2018.10.14-19.02.49:727][  0]LogDerivedDataCache: Using Local data cache path C:/Users/ruwd/AppData/Local/UnrealEngine/Common/DerivedDataCache: Writable
[2018.10.14-19.02.49:727][  0]LogDerivedDataCache: Shared data cache path not found in *engine.ini, will not use an Shared cache.
[2018.10.14-19.02.49:727][  0]LogDerivedDataCache: Unable to find inner node Shared for hierarchical cache Hierarchy.
[2018.10.14-19.02.49:758][  0]LogMaterial: Verifying Global Shaders for PCD3D_SM5
[2018.10.14-19.02.49:759][  0]LogSlate: Using FreeType 2.6.0
[2018.10.14-19.02.49:760][  0]LogSlate: SlateFontServices - WITH_FREETYPE: 1, WITH_HARFBUZZ: 1
[2018.10.14-19.02.49:800][  0]LogInit: Using OS detected language (en-US).
[2018.10.14-19.02.49:800][  0]LogInit: Using OS detected locale (en-US).
[2018.10.14-19.02.49:800][  0]LogTextLocalizationManager: No localization for 'en-US' exists, so 'en' will be used for the language.
[2018.10.14-19.02.49:800][  0]LogTextLocalizationManager: No localization for 'en-US' exists, so 'en' will be used for the locale.
[2018.10.14-19.02.50:095][  0]LogStreaming: Display: Took  0.295s to InitGameTextLocalization.
[2018.10.14-19.02.50:103][  0]LogAssetRegistry: FAssetRegistry took 0.0057 seconds to start up
[2018.10.14-19.02.50:293][  0]LogPackageLocalizationCache: Processed 11 localized package path(s) for 1 prioritized culture(s) in 0.010973 seconds
[2018.10.14-19.02.50:394][  0]LogInit: Selected Device Profile: [Windows]
[2018.10.14-19.02.50:506][  0]LogSimplygon: Simplygon DLL not present - disabling.
[2018.10.14-19.02.50:508][  0]LogMeshReduction: Using SimplygonSwarm for distributed automatic mesh merging
[2018.10.14-19.02.50:508][  0]LogMeshReduction: Using ProxyLODMeshReduction for automatic mesh merging
[2018.10.14-19.02.50:508][  0]LogMeshReduction: Using QuadricMeshReduction for automatic static mesh reduction
[2018.10.14-19.02.50:508][  0]LogMeshReduction: No automatic skeletal mesh reduction module available
[2018.10.14-19.02.50:524][  0]LogNetVersion: MMLX 1.0.0, NetCL: 4212847, EngineNetVer: 5, GameNetVer: 0 (Checksum: 2966571756)
[2018.10.14-19.02.50:965][  0]LogMoviePlayer: Initializing movie player
[2018.10.14-19.02.51:162][  0]LogSubstanceCoreModule: Substance [CPU] Engine Loaded, Max Texture Size = 2048
[2018.10.14-19.02.51:164][  0]LogTcpMessaging: Initializing TcpMessaging bridge
[2018.10.14-19.02.51:177][  0]LogUdpMessaging: Initializing bridge on interface 0.0.0.0:0 to multicast group 230.0.0.1:6666.
[2018.10.14-19.02.51:264][  0]SourceControl: Source control is disabled
[2018.10.14-19.02.51:264][  0]SourceControl: Source control is disabled
[2018.10.14-19.02.51:265][  0]SourceControl: Source control is disabled
[2018.10.14-19.02.51:382][  0]LogAndroidPermission: UAndroidPermissionCallbackProxy::GetInstance
[2018.10.14-19.02.51:482][  0]LogOcInput: OculusInput pre-init called
[2018.10.14-19.02.51:492][  0]LogUObjectArray: 42365 objects as part of root set at end of initial load.
[2018.10.14-19.02.51:492][  0]LogUObjectAllocator: 7466360 out of 0 bytes used by permanent object pool.
[2018.10.14-19.02.51:492][  0]LogUObjectArray: CloseDisregardForGC: 0/0 objects in disregard for GC pool
[2018.10.14-19.02.51:551][  0]LogEngine: Initializing Engine...
[2018.10.14-19.02.51:553][  0]LogHMD: Failed to initialize OpenVR with code 110
[2018.10.14-19.02.51:565][  0]LogStats: UGameplayTagsManager::ConstructGameplayTagTree: ImportINI prefixes -  0.000 s
[2018.10.14-19.02.51:565][  0]LogStats: UGameplayTagsManager::ConstructGameplayTagTree: Construct from data asset -  0.000 s
[2018.10.14-19.02.51:565][  0]LogStats: UGameplayTagsManager::ConstructGameplayTagTree: ImportINI -  0.000 s
[2018.10.14-19.02.51:565][  0]LogStats: UGameplayTagsManager::ConstructGameplayTagTree: GameplayTagTreeChangedEvent.Broadcast -  0.000 s
[2018.10.14-19.02.51:729][  0]LogInit: Initializing FReadOnlyCVARCache
[2018.10.14-19.02.51:749][  0]LogInit: XAudio2 using 'Speakers (Bose Mini II SoundLink Stereo)' : 2 channels at 44.1 kHz using 16 bits per sample (channel mask 0x3)
[2018.10.14-19.02.51:761][  0]LogInit: FAudioDevice initialized.
[2018.10.14-19.02.51:772][  0]LogNetVersion: Set ProjectVersion to 1.0.0.0. Version Checksum will be recalculated on next use.
[2018.10.14-19.02.51:781][  0]LogInit: Texture streaming: Enabled
[2018.10.14-19.02.51:913][  0]LogSlate: Updating window title bar state: overlay mode, drag disabled, window buttons hidden, title bar hidden
[2018.10.14-19.02.51:913][  0]LogInit: Display: Game Engine Initialized.
[2018.10.14-19.02.51:913][  0]LogGameplayTags: Display: UGameplayTagsManager::DoneAddingNativeTags. DelegateIsBound: 0
[2018.10.14-19.02.51:913][  0]LogStats: UGameplayTagsManager::ConstructGameplayTagTree: ImportINI prefixes -  0.000 s
[2018.10.14-19.02.51:913][  0]LogStats: UGameplayTagsManager::ConstructGameplayTagTree: Construct from data asset -  0.000 s
[2018.10.14-19.02.51:913][  0]LogStats: UGameplayTagsManager::ConstructGameplayTagTree: ImportINI -  0.000 s
[2018.10.14-19.02.51:913][  0]LogStats: UGameplayTagsManager::ConstructGameplayTagTree: GameplayTagTreeChangedEvent.Broadcast -  0.000 s
[2018.10.14-19.02.51:926][  0]LogInit: Display: Starting Game.
[2018.10.14-19.02.51:926][  0]LogNet: Browse: /Game/ThirdPersonBP/Maps/ThirdPersonExampleMap?Name=Player
[2018.10.14-19.02.51:926][  0]LogLoad: LoadMap: /Game/ThirdPersonBP/Maps/ThirdPersonExampleMap?Name=Player
[2018.10.14-19.02.52:027][  0]LogLinker: Warning: Asset '../../../../../MMLX Developement/git/MMLX/MMLX 4.20/Content/Megaman/Inventory/special_weapon_struct.uasset' has been saved with empty engine version. The asset will be loaded but may be incompatible.
[2018.10.14-19.02.52:028][  0]LogLinker: Warning: Asset '../../../../../MMLX Developement/git/MMLX/MMLX 4.20/Content/Megaman/Inventory/buster_part_type_struct.uasset' has been saved with empty engine version. The asset will be loaded but may be incompatible.
[2018.10.14-19.02.52:029][  0]LogLinker: Warning: Asset '../../../../../MMLX Developement/git/MMLX/MMLX 4.20/Content/Megaman/Inventory/special_item_struct.uasset' has been saved with empty engine version. The asset will be loaded but may be incompatible.
[2018.10.14-19.02.52:030][  0]LogLinker: Warning: Asset '../../../../../MMLX Developement/git/MMLX/MMLX 4.20/Content/Megaman/Inventory/normal_item_struct.uasset' has been saved with empty engine version. The asset will be loaded but may be incompatible.
[2018.10.14-19.02.52:167][  0]LogLinker: Warning: Asset '../../../../../MMLX Developement/git/MMLX/MMLX 4.20/Content/Megaman/Inventory/SpecialItemsTextures/MMLKeyItem02.uasset' has been saved with empty engine version. The asset will be loaded but may be incompatible.
[2018.10.14-19.02.52:167][  0]LogLinker: Warning: Asset '../../../../../MMLX Developement/git/MMLX/MMLX 4.20/Content/Megaman/Inventory/SpecialItemsTextures/MMLKeyItem03.uasset' has been saved with empty engine version. The asset will be loaded but may be incompatible.
[2018.10.14-19.02.52:168][  0]LogLinker: Warning: Asset '../../../../../MMLX Developement/git/MMLX/MMLX 4.20/Content/Megaman/Inventory/SpecialWeaponsTextures/MMLWActiveBuster.uasset' has been saved with empty engine version. The asset will be loaded but may be incompatible.
[2018.10.14-19.02.52:168][  0]LogLinker: Warning: Asset '../../../../../MMLX Developement/git/MMLX/MMLX 4.20/Content/Megaman/Inventory/SpecialWeaponsTextures/MMLWDrillArm.uasset' has been saved with empty engine version. The asset will be loaded but may be incompatible.
[2018.10.14-19.02.52:169][  0]LogLinker: Warning: Asset '../../../../../MMLX Developement/git/MMLX/MMLX 4.20/Content/Megaman/Inventory/SpecialWeaponsTextures/MMLWSplashMine.uasset' has been saved with empty engine version. The asset will be loaded but may be incompatible.
[2018.10.14-19.02.52:173][  0]LogLinker: Warning: Asset '../../../../../MMLX Developement/git/MMLX/MMLX 4.20/Content/Blueprints/Zenny/greenZennyMat.uasset' has been saved with empty engine version. The asset will be loaded but may be incompatible.
[2018.10.14-19.02.52:174][  0]LogLinker: Warning: Asset '../../../../../MMLX Developement/git/MMLX/MMLX 4.20/Content/Audio/SFX/sfx_general/sfx-getzenny1.uasset' has been saved with empty engine version. The asset will be loaded but may be incompatible.
[2018.10.14-19.02.52:821][  0]LogAIModule: Creating AISystem for world ThirdPersonExampleMap
[2018.10.14-19.02.53:587][  0]LogLoad: Game class is 'ThirdPersonGameMode_C'
[2018.10.14-19.02.53:599][  0]LogWorld: Bringing World /Game/ThirdPersonBP/Maps/ThirdPersonExampleMap.ThirdPersonExampleMap up for play (max tick rate 0) at 2018.10.14-15.02.53
[2018.10.14-19.02.53:599][  0]LogWorld: Bringing up level for play took: 0.011554
[2018.10.14-19.02.53:609][  0]LogLoad: Took 1.682912 seconds to LoadMap(/Game/ThirdPersonBP/Maps/ThirdPersonExampleMap)
[2018.10.14-19.02.53:672][  0]LogRenderer: Reallocating scene render targets to support 1280x720 Format 10 NumSamples 1 (Frame:1).
[2018.10.14-19.02.53:672][  0]LogLoad: (Engine Initialization) Total time: 7.10 seconds
[2018.10.14-19.02.53:672][  0]LogLoad: (Engine Initialization) Total Blueprint compile time: 0.00 seconds
[2018.10.14-19.02.53:729][  0]LogWindowsTextInputMethodSystem: Display: IME system now deactivated.
[2018.10.14-19.02.53:733][  0]LogContentStreaming: Texture pool size now 1000 MB
[2018.10.14-19.02.57:511][230]LogBlueprintUserMessages: [Zakobon_2] What is hitting the enemyMegaman_C_0
[2018.10.14-19.02.57:511][230]LogBlueprintUserMessages: [Zakobon_2] Mega's Touching me!!!
[2018.10.14-19.02.57:511][230]LogBlueprintUserMessages: [Zakobon_2] 58
[2018.10.14-19.02.57:527][231]LogBlueprintUserMessages: [Zakobon_2] What is hitting the enemyMegaman_C_0
[2018.10.14-19.02.57:527][231]LogBlueprintUserMessages: [Zakobon_2] Mega's Touching me!!!
[2018.10.14-19.02.57:527][231]LogBlueprintUserMessages: [Zakobon_2] 52
[2018.10.14-19.02.57:527][231]LogBlueprintUserMessages: [Zakobon_2] What is hitting the enemyMegaman_C_0
[2018.10.14-19.02.57:527][231]LogBlueprintUserMessages: [Zakobon_2] Mega's Touching me!!!
[2018.10.14-19.02.57:527][231]LogBlueprintUserMessages: [Zakobon_2] 46
[2018.10.14-19.02.57:543][232]LogBlueprintUserMessages: [Zakobon_2] What is hitting the enemyMegaman_C_0
[2018.10.14-19.02.57:543][232]LogBlueprintUserMessages: [Zakobon_2] Mega's Touching me!!!
[2018.10.14-19.02.57:543][232]LogBlueprintUserMessages: [Zakobon_2] 40
[2018.10.14-19.02.57:543][232]LogBlueprintUserMessages: [Zakobon_2] What is hitting the enemyMegaman_C_0
[2018.10.14-19.02.57:543][232]LogBlueprintUserMessages: [Zakobon_2] Mega's Touching me!!!
[2018.10.14-19.02.57:543][232]LogBlueprintUserMessages: [Zakobon_2] 34
[2018.10.14-19.02.57:559][233]LogBlueprintUserMessages: [Zakobon_2] What is hitting the enemyMegaman_C_0
[2018.10.14-19.02.57:559][233]LogBlueprintUserMessages: [Zakobon_2] Mega's Touching me!!!
[2018.10.14-19.02.57:559][233]LogBlueprintUserMessages: [Zakobon_2] 28
[2018.10.14-19.02.57:559][233]LogBlueprintUserMessages: [Zakobon_2] What is hitting the enemyMegaman_C_0
[2018.10.14-19.02.57:559][233]LogBlueprintUserMessages: [Zakobon_2] Mega's Touching me!!!
[2018.10.14-19.02.57:559][233]LogBlueprintUserMessages: [Zakobon_2] 22
[2018.10.14-19.02.57:575][234]LogBlueprintUserMessages: [Zakobon_2] What is hitting the enemyMegaman_C_0
[2018.10.14-19.02.57:575][234]LogBlueprintUserMessages: [Zakobon_2] Mega's Touching me!!!
[2018.10.14-19.02.57:575][234]LogBlueprintUserMessages: [Zakobon_2] 16
[2018.10.14-19.02.57:575][234]LogBlueprintUserMessages: [Zakobon_2] What is hitting the enemyMegaman_C_0
[2018.10.14-19.02.57:575][234]LogBlueprintUserMessages: [Zakobon_2] Mega's Touching me!!!
[2018.10.14-19.02.57:575][234]LogBlueprintUserMessages: [Zakobon_2] 10
[2018.10.14-19.02.57:591][235]LogBlueprintUserMessages: [Zakobon_2] What is hitting the enemyMegaman_C_0
[2018.10.14-19.02.57:591][235]LogBlueprintUserMessages: [Zakobon_2] Mega's Touching me!!!
[2018.10.14-19.02.57:591][235]LogBlueprintUserMessages: [Zakobon_2] 4
[2018.10.14-19.02.57:591][235]LogBlueprintUserMessages: [Zakobon_2] What is hitting the enemyMegaman_C_0
[2018.10.14-19.02.57:591][235]LogBlueprintUserMessages: [Zakobon_2] Mega's Touching me!!!
[2018.10.14-19.02.57:591][235]LogBlueprintUserMessages: [Zakobon_2] -2
[2018.10.14-19.02.57:592][235]LogBlueprintUserMessages: [Zakobon_2] kill me
[2018.10.14-19.03.01:639][486]LogBlueprintUserMessages: [Megaman_C_0] Target Lock!
[2018.10.14-19.03.02:655][549]LogBlueprintUserMessages: [Megaman_C_0] No Target!
[2018.10.14-19.03.04:526][665]LogBlueprintUserMessages: [MegaMan_AnimBP_C_0] Transforming.... Please Hold....
[2018.10.14-19.03.04:542][666]LogBlueprintUserMessages: [MegaMan_AnimBP_C_0] Transforming.... Please Hold....
[2018.10.14-19.03.04:558][667]LogBlueprintUserMessages: [MegaMan_AnimBP_C_0] Transforming.... Please Hold....
[2018.10.14-19.03.04:574][668]LogBlueprintUserMessages: [MegaMan_AnimBP_C_0] Transforming.... Please Hold....
[2018.10.14-19.03.04:591][669]LogBlueprintUserMessages: [MegaMan_AnimBP_C_0] Transforming.... Please Hold....
[2018.10.14-19.03.04:607][670]LogBlueprintUserMessages: [MegaMan_AnimBP_C_0] Transforming.... Please Hold....
[2018.10.14-19.03.04:623][671]LogBlueprintUserMessages: [MegaMan_AnimBP_C_0] Transforming.... Please Hold....
[2018.10.14-19.03.04:639][672]LogBlueprintUserMessages: [MegaMan_AnimBP_C_0] Transforming.... Please Hold....
[2018.10.14-19.03.04:655][673]LogBlueprintUserMessages: [MegaMan_AnimBP_C_0] Transforming.... Please Hold....
[2018.10.14-19.03.04:671][674]LogBlueprintUserMessages: [MegaMan_AnimBP_C_0] Transforming.... Please Hold....
[2018.10.14-19.03.04:687][675]LogBlueprintUserMessages: [MegaMan_AnimBP_C_0] Transforming.... Please Hold....
[2018.10.14-19.03.04:703][676]LogBlueprintUserMessages: [MegaMan_AnimBP_C_0] Transforming.... Please Hold....
[2018.10.14-19.03.04:720][677]LogBlueprintUserMessages: [MegaMan_AnimBP_C_0] Transforming.... Please Hold....
[2018.10.14-19.03.04:736][678]LogBlueprintUserMessages: [MegaMan_AnimBP_C_0] Transforming.... Please Hold....
[2018.10.14-19.03.04:752][679]LogBlueprintUserMessages: [MegaMan_AnimBP_C_0] Transforming.... Please Hold....
[2018.10.14-19.03.04:768][680]LogBlueprintUserMessages: [MegaMan_AnimBP_C_0] Transforming.... Please Hold....
[2018.10.14-19.03.04:784][681]LogBlueprintUserMessages: [MegaMan_AnimBP_C_0] Transforming.... Please Hold....
[2018.10.14-19.03.04:800][682]LogBlueprintUserMessages: [MegaMan_AnimBP_C_0] Transforming.... Please Hold....
[2018.10.14-19.03.04:816][683]LogBlueprintUserMessages: [MegaMan_AnimBP_C_0] Transforming.... Please Hold....
[2018.10.14-19.03.04:833][684]LogBlueprintUserMessages: [MegaMan_AnimBP_C_0] Transforming.... Please Hold....
[2018.10.14-19.03.04:849][685]LogBlueprintUserMessages: [MegaMan_AnimBP_C_0] Transforming.... Please Hold....
[2018.10.14-19.03.04:865][686]LogBlueprintUserMessages: [MegaMan_AnimBP_C_0] Transforming.... Please Hold....
[2018.10.14-19.03.04:881][687]LogBlueprintUserMessages: [MegaMan_AnimBP_C_0] Transforming.... Please Hold....
[2018.10.14-19.03.04:897][688]LogBlueprintUserMessages: [MegaMan_AnimBP_C_0] Transforming.... Please Hold....
[2018.10.14-19.03.04:913][689]LogBlueprintUserMessages: [MegaMan_AnimBP_C_0] Transforming.... Please Hold....
[2018.10.14-19.03.04:930][690]LogBlueprintUserMessages: [MegaMan_AnimBP_C_0] Transforming.... Please Hold....
[2018.10.14-19.03.04:946][691]LogBlueprintUserMessages: [MegaMan_AnimBP_C_0] Transforming.... Please Hold....
[2018.10.14-19.03.04:962][692]LogBlueprintUserMessages: [MegaMan_AnimBP_C_0] Transforming.... Please Hold....
[2018.10.14-19.03.04:978][693]LogBlueprintUserMessages: [MegaMan_AnimBP_C_0] Transforming.... Please Hold....
[2018.10.14-19.03.04:994][694]LogBlueprintUserMessages: [MegaMan_AnimBP_C_0] Transforming.... Please Hold....
[2018.10.14-19.03.05:010][695]LogBlueprintUserMessages: [MegaMan_AnimBP_C_0] Transforming.... Please Hold....
[2018.10.14-19.03.05:027][696]LogBlueprintUserMessages: [MegaMan_AnimBP_C_0] Transforming.... Please Hold....
[2018.10.14-19.03.05:043][697]LogBlueprintUserMessages: [MegaMan_AnimBP_C_0] Transforming.... Please Hold....
[2018.10.14-19.03.05:059][698]LogBlueprintUserMessages: [MegaMan_AnimBP_C_0] Transforming.... Please Hold....
[2018.10.14-19.03.05:075][699]LogBlueprintUserMessages: [MegaMan_AnimBP_C_0] Transforming.... Please Hold....
[2018.10.14-19.03.05:091][700]LogBlueprintUserMessages: [MegaMan_AnimBP_C_0] Transforming.... Please Hold....
[2018.10.14-19.03.05:107][701]LogBlueprintUserMessages: [MegaMan_AnimBP_C_0] Transforming.... Please Hold....
[2018.10.14-19.03.05:123][702]LogBlueprintUserMessages: [MegaMan_AnimBP_C_0] Transforming.... Please Hold....
[2018.10.14-19.03.05:139][703]LogBlueprintUserMessages: [MegaMan_AnimBP_C_0] Transforming.... Please Hold....
[2018.10.14-19.03.05:155][704]LogBlueprintUserMessages: [MegaMan_AnimBP_C_0] Transforming.... Please Hold....
[2018.10.14-19.03.05:172][705]LogBlueprintUserMessages: [Megaman_C_0] Target Lock!
[2018.10.14-19.03.05:172][705]LogBlueprintUserMessages: [MegaMan_AnimBP_C_0] Transforming.... Please Hold....
[2018.10.14-19.03.05:188][706]LogBlueprintUserMessages: [MegaMan_AnimBP_C_0] Transforming.... Please Hold....
[2018.10.14-19.03.05:188][706]LogBlueprintUserMessages: [Megaman_C_0] true
[2018.10.14-19.03.10:560][ 39]LogBlueprintUserMessages: [Zakobon6] kill me
[2018.10.14-19.03.10:563][ 39]LogScript: Warning: Attempted to access Zakobon6 via property SelectedActor, but Zakobon6 is pending kill
	DynamicTargetingComponent_C /Game/ThirdPersonBP/Maps/ThirdPersonExampleMap.ThirdPersonExampleMap:PersistentLevel.Megaman_C_0.DynamicTargetingComponent
	Function /Game/DynamicTargeting/DynamicTargetingFiles/DynamicTargetingComponent.DynamicTargetingComponent_C:UpdateCameraLock:06B3
[2018.10.14-19.03.10:563][ 39]LogScript: Warning: Script call stack:
	Function /Game/DynamicTargeting/DynamicTargetingFiles/DynamicTargetingComponent.DynamicTargetingComponent_C:ReceiveTick
	Function /Game/DynamicTargeting/DynamicTargetingFiles/DynamicTargetingComponent.DynamicTargetingComponent_C:ExecuteUbergraph_DynamicTargetingComponent
	Function /Game/DynamicTargeting/DynamicTargetingFiles/DynamicTargetingComponent.DynamicTargetingComponent_C:UpdateCameraLock

[2018.10.14-19.03.10:577][ 40]LogScript: Warning: Attempted to access Zakobon6 via property SelectedActor, but Zakobon6 is pending kill
	DynamicTargetingComponent_C /Game/ThirdPersonBP/Maps/ThirdPersonExampleMap.ThirdPersonExampleMap:PersistentLevel.Megaman_C_0.DynamicTargetingComponent
	Function /Game/DynamicTargeting/DynamicTargetingFiles/DynamicTargetingComponent.DynamicTargetingComponent_C:UpdateCameraLock:06B3
[2018.10.14-19.03.10:577][ 40]LogScript: Warning: Script call stack:
	Function /Game/DynamicTargeting/DynamicTargetingFiles/DynamicTargetingComponent.DynamicTargetingComponent_C:ReceiveTick
	Function /Game/DynamicTargeting/DynamicTargetingFiles/DynamicTargetingComponent.DynamicTargetingComponent_C:ExecuteUbergraph_DynamicTargetingComponent
	Function /Game/DynamicTargeting/DynamicTargetingFiles/DynamicTargetingComponent.DynamicTargetingComponent_C:UpdateCameraLock

[2018.10.14-19.03.10:578][ 40]LogScript: Warning: Attempted to access Zakobon6 via property K2Node_DynamicCast_AsIs_Targetable, but Zakobon6 is pending kill
	DynamicTargetingComponent_C /Game/ThirdPersonBP/Maps/ThirdPersonExampleMap.ThirdPersonExampleMap:PersistentLevel.Megaman_C_0.DynamicTargetingComponent
	Function /Game/DynamicTargeting/DynamicTargetingFiles/DynamicTargetingComponent.DynamicTargetingComponent_C:CheckTarget:01EF
[2018.10.14-19.03.10:578][ 40]LogScript: Warning: Script call stack:
	Function /Game/DynamicTargeting/DynamicTargetingFiles/DynamicTargetingComponent.DynamicTargetingComponent_C:CheckTarget

[2018.10.14-19.03.10:578][ 40]LogScript: Warning: Attempted to access Zakobon6 via property K2Node_DynamicCast_AsIs_Targetable, but Zakobon6 is pending kill
	DynamicTargetingComponent_C /Game/ThirdPersonBP/Maps/ThirdPersonExampleMap.ThirdPersonExampleMap:PersistentLevel.Megaman_C_0.DynamicTargetingComponent
	Function /Game/DynamicTargeting/DynamicTargetingFiles/DynamicTargetingComponent.DynamicTargetingComponent_C:DisableCameraLock:0065
[2018.10.14-19.03.10:578][ 40]LogScript: Warning: Script call stack:
	Function /Game/DynamicTargeting/DynamicTargetingFiles/DynamicTargetingComponent.DynamicTargetingComponent_C:CheckTarget
	Function /Game/DynamicTargeting/DynamicTargetingFiles/DynamicTargetingComponent.DynamicTargetingComponent_C:DisableCameraLock

[2018.10.14-19.03.13:527][223]LogBlueprintUserMessages: [Zakobon4] kill me
[2018.10.14-19.03.13:529][223]LogScript: Warning: Attempted to access Zakobon4 via property SelectedActor, but Zakobon4 is pending kill
	DynamicTargetingComponent_C /Game/ThirdPersonBP/Maps/ThirdPersonExampleMap.ThirdPersonExampleMap:PersistentLevel.Megaman_C_0.DynamicTargetingComponent
	Function /Game/DynamicTargeting/DynamicTargetingFiles/DynamicTargetingComponent.DynamicTargetingComponent_C:UpdateCameraLock:06B3
[2018.10.14-19.03.13:529][223]LogScript: Warning: Script call stack:
	Function /Game/DynamicTargeting/DynamicTargetingFiles/DynamicTargetingComponent.DynamicTargetingComponent_C:ReceiveTick
	Function /Game/DynamicTargeting/DynamicTargetingFiles/DynamicTargetingComponent.DynamicTargetingComponent_C:ExecuteUbergraph_DynamicTargetingComponent
	Function /Game/DynamicTargeting/DynamicTargetingFiles/DynamicTargetingComponent.DynamicTargetingComponent_C:UpdateCameraLock

[2018.10.14-19.03.13:545][224]LogScript: Warning: Attempted to access Zakobon4 via property SelectedActor, but Zakobon4 is pending kill
	DynamicTargetingComponent_C /Game/ThirdPersonBP/Maps/ThirdPersonExampleMap.ThirdPersonExampleMap:PersistentLevel.Megaman_C_0.DynamicTargetingComponent
	Function /Game/DynamicTargeting/DynamicTargetingFiles/DynamicTargetingComponent.DynamicTargetingComponent_C:UpdateCameraLock:06B3
[2018.10.14-19.03.13:545][224]LogScript: Warning: Script call stack:
	Function /Game/DynamicTargeting/DynamicTargetingFiles/DynamicTargetingComponent.DynamicTargetingComponent_C:ReceiveTick
	Function /Game/DynamicTargeting/DynamicTargetingFiles/DynamicTargetingComponent.DynamicTargetingComponent_C:ExecuteUbergraph_DynamicTargetingComponent
	Function /Game/DynamicTargeting/DynamicTargetingFiles/DynamicTargetingComponent.DynamicTargetingComponent_C:UpdateCameraLock

[2018.10.14-19.03.13:561][225]LogScript: Warning: Attempted to access Zakobon4 via property SelectedActor, but Zakobon4 is pending kill
	DynamicTargetingComponent_C /Game/ThirdPersonBP/Maps/ThirdPersonExampleMap.ThirdPersonExampleMap:PersistentLevel.Megaman_C_0.DynamicTargetingComponent
	Function /Game/DynamicTargeting/DynamicTargetingFiles/DynamicTargetingComponent.DynamicTargetingComponent_C:UpdateCameraLock:06B3
[2018.10.14-19.03.13:562][225]LogScript: Warning: Script call stack:
	Function /Game/DynamicTargeting/DynamicTargetingFiles/DynamicTargetingComponent.DynamicTargetingComponent_C:ReceiveTick
	Function /Game/DynamicTargeting/DynamicTargetingFiles/DynamicTargetingComponent.DynamicTargetingComponent_C:ExecuteUbergraph_DynamicTargetingComponent
	Function /Game/DynamicTargeting/DynamicTargetingFiles/DynamicTargetingComponent.DynamicTargetingComponent_C:UpdateCameraLock

[2018.10.14-19.03.13:577][226]LogScript: Warning: Attempted to access Zakobon4 via property SelectedActor, but Zakobon4 is pending kill
	DynamicTargetingComponent_C /Game/ThirdPersonBP/Maps/ThirdPersonExampleMap.ThirdPersonExampleMap:PersistentLevel.Megaman_C_0.DynamicTargetingComponent
	Function /Game/DynamicTargeting/DynamicTargetingFiles/DynamicTargetingComponent.DynamicTargetingComponent_C:UpdateCameraLock:06B3
[2018.10.14-19.03.13:577][226]LogScript: Warning: Script call stack:
	Function /Game/DynamicTargeting/DynamicTargetingFiles/DynamicTargetingComponent.DynamicTargetingComponent_C:ReceiveTick
	Function /Game/DynamicTargeting/DynamicTargetingFiles/DynamicTargetingComponent.DynamicTargetingComponent_C:ExecuteUbergraph_DynamicTargetingComponent
	Function /Game/DynamicTargeting/DynamicTargetingFiles/DynamicTargetingComponent.DynamicTargetingComponent_C:UpdateCameraLock

[2018.10.14-19.03.13:578][226]LogScript: Warning: Attempted to access Zakobon4 via property K2Node_DynamicCast_AsIs_Targetable, but Zakobon4 is pending kill
	DynamicTargetingComponent_C /Game/ThirdPersonBP/Maps/ThirdPersonExampleMap.ThirdPersonExampleMap:PersistentLevel.Megaman_C_0.DynamicTargetingComponent
	Function /Game/DynamicTargeting/DynamicTargetingFiles/DynamicTargetingComponent.DynamicTargetingComponent_C:CheckTarget:01EF
[2018.10.14-19.03.13:578][226]LogScript: Warning: Script call stack:
	Function /Game/DynamicTargeting/DynamicTargetingFiles/DynamicTargetingComponent.DynamicTargetingComponent_C:CheckTarget

[2018.10.14-19.03.13:578][226]LogScript: Warning: Attempted to access Zakobon4 via property K2Node_DynamicCast_AsIs_Targetable, but Zakobon4 is pending kill
	DynamicTargetingComponent_C /Game/ThirdPersonBP/Maps/ThirdPersonExampleMap.ThirdPersonExampleMap:PersistentLevel.Megaman_C_0.DynamicTargetingComponent
	Function /Game/DynamicTargeting/DynamicTargetingFiles/DynamicTargetingComponent.DynamicTargetingComponent_C:DisableCameraLock:0065
[2018.10.14-19.03.13:578][226]LogScript: Warning: Script call stack:
	Function /Game/DynamicTargeting/DynamicTargetingFiles/DynamicTargetingComponent.DynamicTargetingComponent_C:CheckTarget
	Function /Game/DynamicTargeting/DynamicTargetingFiles/DynamicTargetingComponent.DynamicTargetingComponent_C:DisableCameraLock

[2018.10.14-19.03.15:530][347]LogBlueprintUserMessages: [Zakobon3] kill me
[2018.10.14-19.03.15:531][347]LogScript: Warning: Attempted to access Zakobon3 via property SelectedActor, but Zakobon3 is pending kill
	DynamicTargetingComponent_C /Game/ThirdPersonBP/Maps/ThirdPersonExampleMap.ThirdPersonExampleMap:PersistentLevel.Megaman_C_0.DynamicTargetingComponent
	Function /Game/DynamicTargeting/DynamicTargetingFiles/DynamicTargetingComponent.DynamicTargetingComponent_C:UpdateCameraLock:06B3
[2018.10.14-19.03.15:531][347]LogScript: Warning: Script call stack:
	Function /Game/DynamicTargeting/DynamicTargetingFiles/DynamicTargetingComponent.DynamicTargetingComponent_C:ReceiveTick
	Function /Game/DynamicTargeting/DynamicTargetingFiles/DynamicTargetingComponent.DynamicTargetingComponent_C:ExecuteUbergraph_DynamicTargetingComponent
	Function /Game/DynamicTargeting/DynamicTargetingFiles/DynamicTargetingComponent.DynamicTargetingComponent_C:UpdateCameraLock

[2018.10.14-19.03.15:531][347]LogScript: Warning: Attempted to access Zakobon3 via property K2Node_DynamicCast_AsIs_Targetable, but Zakobon3 is pending kill
	DynamicTargetingComponent_C /Game/ThirdPersonBP/Maps/ThirdPersonExampleMap.ThirdPersonExampleMap:PersistentLevel.Megaman_C_0.DynamicTargetingComponent
	Function /Game/DynamicTargeting/DynamicTargetingFiles/DynamicTargetingComponent.DynamicTargetingComponent_C:CheckTarget:01EF
[2018.10.14-19.03.15:532][347]LogScript: Warning: Script call stack:
	Function /Game/DynamicTargeting/DynamicTargetingFiles/DynamicTargetingComponent.DynamicTargetingComponent_C:CheckTarget

[2018.10.14-19.03.15:532][347]LogScript: Warning: Attempted to access Zakobon3 via property K2Node_DynamicCast_AsIs_Targetable, but Zakobon3 is pending kill
	DynamicTargetingComponent_C /Game/ThirdPersonBP/Maps/ThirdPersonExampleMap.ThirdPersonExampleMap:PersistentLevel.Megaman_C_0.DynamicTargetingComponent
	Function /Game/DynamicTargeting/DynamicTargetingFiles/DynamicTargetingComponent.DynamicTargetingComponent_C:DisableCameraLock:0065
[2018.10.14-19.03.15:532][347]LogScript: Warning: Script call stack:
	Function /Game/DynamicTargeting/DynamicTargetingFiles/DynamicTargetingComponent.DynamicTargetingComponent_C:CheckTarget
	Function /Game/DynamicTargeting/DynamicTargetingFiles/DynamicTargetingComponent.DynamicTargetingComponent_C:DisableCameraLock

[2018.10.14-19.03.15:964][372]LogBlueprintUserMessages: [Megaman_C_0] No Target!
[2018.10.14-19.03.16:029][376]LogBlueprintUserMessages: [Megaman_C_0] Picked up CUbe
[2018.10.14-19.03.17:063][440]LogBlueprintUserMessages: [Megaman_C_0] Target Lock!
[2018.10.14-19.03.18:000][498]LogBlueprintUserMessages: [RefractorContainer_BP_2] 140
[2018.10.14-19.03.18:113][505]LogBlueprintUserMessages: [RefractorContainer_BP_2] 130
[2018.10.14-19.03.18:241][513]LogBlueprintUserMessages: [RefractorContainer_BP_2] 120
[2018.10.14-19.03.18:402][523]LogBlueprintUserMessages: [RefractorContainer_BP_2] 110
[2018.10.14-19.03.18:872][552]LogBlueprintUserMessages: [RefractorContainer_BP_2] 100
[2018.10.14-19.03.19:032][562]LogBlueprintUserMessages: [RefractorContainer_BP_2] 90
[2018.10.14-19.03.19:162][570]LogBlueprintUserMessages: [RefractorContainer_BP_2] 80
[2018.10.14-19.03.19:305][579]LogBlueprintUserMessages: [RefractorContainer_BP_2] 70
[2018.10.14-19.03.19:483][590]LogBlueprintUserMessages: [RefractorContainer_BP_2] 60
[2018.10.14-19.03.19:644][600]LogBlueprintUserMessages: [RefractorContainer_BP_2] 50
[2018.10.14-19.03.20:290][640]LogBlueprintUserMessages: [RefractorContainer_BP_2] 40
[2018.10.14-19.03.20:451][650]LogBlueprintUserMessages: [RefractorContainer_BP_2] 30
[2018.10.14-19.03.20:596][659]LogBlueprintUserMessages: [RefractorContainer_BP_2] 20
[2018.10.14-19.03.20:757][669]LogBlueprintUserMessages: [RefractorContainer_BP_2] 10
[2018.10.14-19.03.20:887][677]LogBlueprintUserMessages: [RefractorContainer_BP_2] 0
[2018.10.14-19.03.20:903][678]LogBlueprintUserMessages: [RefractorContainer_BP_2] kill me
[2018.10.14-19.03.20:909][678]LogScript: Warning: Attempted to access RefractorContainer_BP_2 via property SelectedActor, but RefractorContainer_BP_2 is pending kill
	DynamicTargetingComponent_C /Game/ThirdPersonBP/Maps/ThirdPersonExampleMap.ThirdPersonExampleMap:PersistentLevel.Megaman_C_0.DynamicTargetingComponent
	Function /Game/DynamicTargeting/DynamicTargetingFiles/DynamicTargetingComponent.DynamicTargetingComponent_C:UpdateCameraLock:06B3
[2018.10.14-19.03.20:910][678]LogScript: Warning: Script call stack:
	Function /Game/DynamicTargeting/DynamicTargetingFiles/DynamicTargetingComponent.DynamicTargetingComponent_C:ReceiveTick
	Function /Game/DynamicTargeting/DynamicTargetingFiles/DynamicTargetingComponent.DynamicTargetingComponent_C:ExecuteUbergraph_DynamicTargetingComponent
	Function /Game/DynamicTargeting/DynamicTargetingFiles/DynamicTargetingComponent.DynamicTargetingComponent_C:UpdateCameraLock

[2018.10.14-19.03.20:921][679]LogScript: Warning: Attempted to access RefractorContainer_BP_2 via property SelectedActor, but RefractorContainer_BP_2 is pending kill
	DynamicTargetingComponent_C /Game/ThirdPersonBP/Maps/ThirdPersonExampleMap.ThirdPersonExampleMap:PersistentLevel.Megaman_C_0.DynamicTargetingComponent
	Function /Game/DynamicTargeting/DynamicTargetingFiles/DynamicTargetingComponent.DynamicTargetingComponent_C:UpdateCameraLock:06B3
[2018.10.14-19.03.20:921][679]LogScript: Warning: Script call stack:
	Function /Game/DynamicTargeting/DynamicTargetingFiles/DynamicTargetingComponent.DynamicTargetingComponent_C:ReceiveTick
	Function /Game/DynamicTargeting/DynamicTargetingFiles/DynamicTargetingComponent.DynamicTargetingComponent_C:ExecuteUbergraph_DynamicTargetingComponent
	Function /Game/DynamicTargeting/DynamicTargetingFiles/DynamicTargetingComponent.DynamicTargetingComponent_C:UpdateCameraLock

[2018.10.14-19.03.20:936][680]LogScript: Warning: Attempted to access RefractorContainer_BP_2 via property SelectedActor, but RefractorContainer_BP_2 is pending kill
	DynamicTargetingComponent_C /Game/ThirdPersonBP/Maps/ThirdPersonExampleMap.ThirdPersonExampleMap:PersistentLevel.Megaman_C_0.DynamicTargetingComponent
	Function /Game/DynamicTargeting/DynamicTargetingFiles/DynamicTargetingComponent.DynamicTargetingComponent_C:UpdateCameraLock:06B3
[2018.10.14-19.03.20:936][680]LogScript: Warning: Script call stack:
	Function /Game/DynamicTargeting/DynamicTargetingFiles/DynamicTargetingComponent.DynamicTargetingComponent_C:ReceiveTick
	Function /Game/DynamicTargeting/DynamicTargetingFiles/DynamicTargetingComponent.DynamicTargetingComponent_C:ExecuteUbergraph_DynamicTargetingComponent
	Function /Game/DynamicTargeting/DynamicTargetingFiles/DynamicTargetingComponent.DynamicTargetingComponent_C:UpdateCameraLock

[2018.10.14-19.03.20:955][681]LogScript: Warning: Attempted to access RefractorContainer_BP_2 via property SelectedActor, but RefractorContainer_BP_2 is pending kill
	DynamicTargetingComponent_C /Game/ThirdPersonBP/Maps/ThirdPersonExampleMap.ThirdPersonExampleMap:PersistentLevel.Megaman_C_0.DynamicTargetingComponent
	Function /Game/DynamicTargeting/DynamicTargetingFiles/DynamicTargetingComponent.DynamicTargetingComponent_C:UpdateCameraLock:06B3
[2018.10.14-19.03.20:955][681]LogScript: Warning: Script call stack:
	Function /Game/DynamicTargeting/DynamicTargetingFiles/DynamicTargetingComponent.DynamicTargetingComponent_C:ReceiveTick
	Function /Game/DynamicTargeting/DynamicTargetingFiles/DynamicTargetingComponent.DynamicTargetingComponent_C:ExecuteUbergraph_DynamicTargetingComponent
	Function /Game/DynamicTargeting/DynamicTargetingFiles/DynamicTargetingComponent.DynamicTargetingComponent_C:UpdateCameraLock

[2018.10.14-19.03.26:305][ 13]LogBlueprintUserMessages: [Megaman_C_0] No Target!
[2018.10.14-19.03.26:644][ 34]LogBlueprintUserMessages: [Megaman_C_0] Target Lock!
[2018.10.14-19.03.27:983][117]LogBlueprintUserMessages: [Zakobon2_5] kill me
[2018.10.14-19.03.29:063][184]LogBlueprintUserMessages: [Megaman_C_0] No Target!
[2018.10.14-19.03.31:629][343]LogBlueprintUserMessages: [Megaman_C_0] Picked up CUbe
[2018.10.14-19.03.32:112][373]LogBlueprintUserMessages: [Megaman_C_0] Target Lock!
[2018.10.14-19.03.32:209][379]LogScript: Warning: Attempted to access BP_BusterGun_Projectile_C_57 via property projectile, but BP_BusterGun_Projectile_C_57 is pending kill
	Megaman_C /Game/ThirdPersonBP/Maps/ThirdPersonExampleMap.ThirdPersonExampleMap:PersistentLevel.Megaman_C_0
	Function /Game/Blueprints/Character/Megaman.Megaman_C:ExecuteUbergraph_Megaman:1BB1
[2018.10.14-19.03.32:209][379]LogScript: Warning: Script call stack:
	Function /Game/Blueprints/Character/Megaman.Megaman_C:InpActEvt_BusterGun_K2Node_InputActionEvent_2
	Function /Game/Blueprints/Character/Megaman.Megaman_C:ExecuteUbergraph_Megaman
	Function /Game/Blueprints/Character/Megaman.Megaman_C:ShootBusterGun
	Function /Game/Blueprints/Character/Megaman.Megaman_C:ExecuteUbergraph_Megaman

[2018.10.14-19.03.32:209][379]LogScript: Warning: Attempted to access BP_BusterGun_Projectile_C_57 via property projectile, but BP_BusterGun_Projectile_C_57 is pending kill
	Megaman_C /Game/ThirdPersonBP/Maps/ThirdPersonExampleMap.ThirdPersonExampleMap:PersistentLevel.Megaman_C_0
	Function /Game/Blueprints/Character/Megaman.Megaman_C:ExecuteUbergraph_Megaman:1C3D
[2018.10.14-19.03.32:209][379]LogScript: Warning: Script call stack:
	Function /Game/Blueprints/Character/Megaman.Megaman_C:InpActEvt_BusterGun_K2Node_InputActionEvent_2
	Function /Game/Blueprints/Character/Megaman.Megaman_C:ExecuteUbergraph_Megaman
	Function /Game/Blueprints/Character/Megaman.Megaman_C:ShootBusterGun
	Function /Game/Blueprints/Character/Megaman.Megaman_C:ExecuteUbergraph_Megaman

[2018.10.14-19.03.32:209][379]LogScript: Warning: Accessed None
	Megaman_C /Game/ThirdPersonBP/Maps/ThirdPersonExampleMap.ThirdPersonExampleMap:PersistentLevel.Megaman_C_0
	Function /Game/Blueprints/Character/Megaman.Megaman_C:ExecuteUbergraph_Megaman:1C52
[2018.10.14-19.03.32:209][379]LogScript: Warning: Script call stack:
	Function /Game/Blueprints/Character/Megaman.Megaman_C:InpActEvt_BusterGun_K2Node_InputActionEvent_2
	Function /Game/Blueprints/Character/Megaman.Megaman_C:ExecuteUbergraph_Megaman
	Function /Game/Blueprints/Character/Megaman.Megaman_C:ShootBusterGun
	Function /Game/Blueprints/Character/Megaman.Megaman_C:ExecuteUbergraph_Megaman

[2018.10.14-19.03.32:210][379]LogScript: Warning: Attempted to assign to None
	Megaman_C /Game/ThirdPersonBP/Maps/ThirdPersonExampleMap.ThirdPersonExampleMap:PersistentLevel.Megaman_C_0
	Function /Game/Blueprints/Character/Megaman.Megaman_C:ExecuteUbergraph_Megaman:1C67
[2018.10.14-19.03.32:210][379]LogScript: Warning: Script call stack:
	Function /Game/Blueprints/Character/Megaman.Megaman_C:InpActEvt_BusterGun_K2Node_InputActionEvent_2
	Function /Game/Blueprints/Character/Megaman.Megaman_C:ExecuteUbergraph_Megaman
	Function /Game/Blueprints/Character/Megaman.Megaman_C:ShootBusterGun
	Function /Game/Blueprints/Character/Megaman.Megaman_C:ExecuteUbergraph_Megaman

[2018.10.14-19.03.32:210][379]LogScript: Warning: Attempted to access BP_BusterGun_Projectile_C_57 via property projectile, but BP_BusterGun_Projectile_C_57 is pending kill
	Megaman_C /Game/ThirdPersonBP/Maps/ThirdPersonExampleMap.ThirdPersonExampleMap:PersistentLevel.Megaman_C_0
	Function /Game/Blueprints/Character/Megaman.Megaman_C:ExecuteUbergraph_Megaman:1C7B
[2018.10.14-19.03.32:210][379]LogScript: Warning: Script call stack:
	Function /Game/Blueprints/Character/Megaman.Megaman_C:InpActEvt_BusterGun_K2Node_InputActionEvent_2
	Function /Game/Blueprints/Character/Megaman.Megaman_C:ExecuteUbergraph_Megaman
	Function /Game/Blueprints/Character/Megaman.Megaman_C:ShootBusterGun
	Function /Game/Blueprints/Character/Megaman.Megaman_C:ExecuteUbergraph_Megaman

[2018.10.14-19.03.32:210][379]LogScript: Warning: Accessed None
	Megaman_C /Game/ThirdPersonBP/Maps/ThirdPersonExampleMap.ThirdPersonExampleMap:PersistentLevel.Megaman_C_0
	Function /Game/Blueprints/Character/Megaman.Megaman_C:ExecuteUbergraph_Megaman:1C90
[2018.10.14-19.03.32:210][379]LogScript: Warning: Script call stack:
	Function /Game/Blueprints/Character/Megaman.Megaman_C:InpActEvt_BusterGun_K2Node_InputActionEvent_2
	Function /Game/Blueprints/Character/Megaman.Megaman_C:ExecuteUbergraph_Megaman
	Function /Game/Blueprints/Character/Megaman.Megaman_C:ShootBusterGun
	Function /Game/Blueprints/Character/Megaman.Megaman_C:ExecuteUbergraph_Megaman

[2018.10.14-19.03.32:210][379]LogScript: Warning: Attempted to access BP_BusterGun_Projectile_C_57 via property projectile, but BP_BusterGun_Projectile_C_57 is pending kill
	Megaman_C /Game/ThirdPersonBP/Maps/ThirdPersonExampleMap.ThirdPersonExampleMap:PersistentLevel.Megaman_C_0
	Function /Game/Blueprints/Character/Megaman.Megaman_C:ExecuteUbergraph_Megaman:1CB3
[2018.10.14-19.03.32:210][379]LogScript: Warning: Script call stack:
	Function /Game/Blueprints/Character/Megaman.Megaman_C:InpActEvt_BusterGun_K2Node_InputActionEvent_2
	Function /Game/Blueprints/Character/Megaman.Megaman_C:ExecuteUbergraph_Megaman
	Function /Game/Blueprints/Character/Megaman.Megaman_C:ShootBusterGun
	Function /Game/Blueprints/Character/Megaman.Megaman_C:ExecuteUbergraph_Megaman

[2018.10.14-19.03.32:210][379]LogScript: Warning: Accessed None
	Megaman_C /Game/ThirdPersonBP/Maps/ThirdPersonExampleMap.ThirdPersonExampleMap:PersistentLevel.Megaman_C_0
	Function /Game/Blueprints/Character/Megaman.Megaman_C:ExecuteUbergraph_Megaman:1CC8
[2018.10.14-19.03.32:210][379]LogScript: Warning: Script call stack:
	Function /Game/Blueprints/Character/Megaman.Megaman_C:InpActEvt_BusterGun_K2Node_InputActionEvent_2
	Function /Game/Blueprints/Character/Megaman.Megaman_C:ExecuteUbergraph_Megaman
	Function /Game/Blueprints/Character/Megaman.Megaman_C:ShootBusterGun
	Function /Game/Blueprints/Character/Megaman.Megaman_C:ExecuteUbergraph_Megaman

[2018.10.14-19.03.34:322][510]LogBlueprintUserMessages: [Zakobon5] kill me
[2018.10.14-19.03.34:757][537]LogBlueprintUserMessages: [Megaman_C_0] No Target!
[2018.10.14-19.03.35:039][554]LogSlate: Took 0.000192 seconds to synchronously load lazily loaded font '../../../Engine/Content/Slate/Fonts/Roboto-Regular.ttf' (155K)
[2018.10.14-19.03.51:366][565]LogSlate: Window 'MMLX (64-bit Development PCD3D_SM5) ' being destroyed
[2018.10.14-19.03.51:369][565]LogWindowsTextInputMethodSystem: Display: IME system now deactivated.
[2018.10.14-19.03.51:371][565]LogSlate: Updating window title bar state: overlay mode, drag disabled, window buttons hidden, title bar hidden
[2018.10.14-19.03.51:371][565]LogEngine: All Windows Closed
[2018.10.14-19.03.51:371][565]LogWindows: FPlatformMisc::RequestExit(0)
[2018.10.14-19.03.51:584][566]LogExit: Preparing to exit.
[2018.10.14-19.03.51:584][566]LogMoviePlayer: Shutting down movie player
[2018.10.14-19.03.52:225][566]LogSlate: Updating window title bar state: overlay mode, drag disabled, window buttons hidden, title bar hidden
[2018.10.14-19.03.52:265][566]LogExit: Game engine shut down
[2018.10.14-19.03.52:468][566]LogExit: Object subsystem successfully closed.
[2018.10.14-19.03.52:487][566]LogShaderCompilers: Display: Shaders left to compile 0
[2018.10.14-19.03.52:490][566]LogD3D11RHI: Shutdown
[2018.10.14-19.03.52:490][566]LogD3D11RHI: CleanupD3DDevice
[2018.10.14-19.03.52:492][566]LogD3D11RHI: ~FD3D11DynamicRHI
[2018.10.14-19.03.52:498][566]LogModuleManager: Shutting down and abandoning module SequenceRecorderSections (378)
[2018.10.14-19.03.52:498][566]LogModuleManager: Shutting down and abandoning module SequenceRecorder (376)
[2018.10.14-19.03.52:498][566]LogModuleManager: Shutting down and abandoning module AutomationController (374)
[2018.10.14-19.03.52:498][566]LogModuleManager: Shutting down and abandoning module AutomationWorker (372)
[2018.10.14-19.03.52:498][566]LogModuleManager: Shutting down and abandoning module Voice (370)
[2018.10.14-19.03.52:498][566]LogModuleManager: Shutting down and abandoning module AIModule (368)
[2018.10.14-19.03.52:498][566]LogModuleManager: Shutting down and abandoning module GameplayDebugger (367)
[2018.10.14-19.03.52:498][566]LogModuleManager: Shutting down and abandoning module AITestSuite (365)
[2018.10.14-19.03.52:498][566]LogModuleManager: Shutting down and abandoning module NavigationSystem (363)
[2018.10.14-19.03.52:498][566]LogModuleManager: Shutting down and abandoning module WmfMediaFactory (360)
[2018.10.14-19.03.52:498][566]LogModuleManager: Shutting down and abandoning module OpenExrWrapper (358)
[2018.10.14-19.03.52:498][566]LogModuleManager: Shutting down and abandoning module ImgMediaFactory (356)
[2018.10.14-19.03.52:498][566]LogModuleManager: Shutting down and abandoning module AvfMediaFactory (354)
[2018.10.14-19.03.52:498][566]LogModuleManager: Shutting down and abandoning module MagicLeapCameraPreviewFactory (352)
[2018.10.14-19.03.52:498][566]LogModuleManager: Shutting down and abandoning module MagicLeapMediaFactory (350)
[2018.10.14-19.03.52:498][566]LogModuleManager: Shutting down and abandoning module CharacterAI (348)
[2018.10.14-19.03.52:498][566]LogModuleManager: Shutting down and abandoning module SessionServices (346)
[2018.10.14-19.03.52:498][566]LogModuleManager: Shutting down and abandoning module MovieSceneCapture (344)
[2018.10.14-19.03.52:498][566]LogModuleManager: Shutting down and abandoning module MovieSceneTracks (342)
[2018.10.14-19.03.52:498][566]LogModuleManager: Shutting down and abandoning module MovieScene (340)
[2018.10.14-19.03.52:498][566]LogModuleManager: Shutting down and abandoning module StreamingPauseRendering (338)
[2018.10.14-19.03.52:498][566]LogModuleManager: Shutting down and abandoning module PortalServices (336)
[2018.10.14-19.03.52:499][566]LogModuleManager: Shutting down and abandoning module PortalRpc (334)
[2018.10.14-19.03.52:499][566]LogModuleManager: Shutting down and abandoning module MessagingRpc (332)
[2018.10.14-19.03.52:499][566]LogModuleManager: Shutting down and abandoning module ProfilerService (330)
[2018.10.14-19.03.52:685][566]LogModuleManager: Shutting down and abandoning module TaskGraph (328)
[2018.10.14-19.03.52:685][566]LogModuleManager: Shutting down and abandoning module SteamVRController (326)
[2018.10.14-19.03.52:686][566]LogModuleManager: Shutting down and abandoning module ProceduralMeshComponent (324)
[2018.10.14-19.03.52:686][566]LogModuleManager: Shutting down and abandoning module OculusInput (322)
[2018.10.14-19.03.52:686][566]LogModuleManager: Shutting down and abandoning module MobilePatchingUtils (320)
[2018.10.14-19.03.52:686][566]LogModuleManager: Shutting down and abandoning module EditableMesh (318)
[2018.10.14-19.03.52:686][566]LogModuleManager: Shutting down and abandoning module CustomMeshComponent (316)
[2018.10.14-19.03.52:686][566]LogModuleManager: Shutting down and abandoning module CableComponent (314)
[2018.10.14-19.03.52:686][566]LogModuleManager: Shutting down and abandoning module AudioCapture (312)
[2018.10.14-19.03.52:686][566]LogModuleManager: Shutting down and abandoning module ArchVisCharacter (310)
[2018.10.14-19.03.52:686][566]LogModuleManager: Shutting down and abandoning module AndroidPermission (308)
[2018.10.14-19.03.52:686][566]LogModuleManager: Shutting down and abandoning module NUTUnrealEngine4 (306)
[2018.10.14-19.03.52:686][566]LogModuleManager: Shutting down and abandoning module NetcodeUnitTest (304)
[2018.10.14-19.03.52:686][566]LogModuleManager: Shutting down and abandoning module MediaCompositing (302)
[2018.10.14-19.03.52:686][566]LogModuleManager: Shutting down and abandoning module LinearTimecode (300)
[2018.10.14-19.03.52:686][566]LogModuleManager: Shutting down and abandoning module ImgMedia (298)
[2018.10.14-19.03.52:690][566]LogModuleManager: Shutting down and abandoning module HTML5Networking (296)
[2018.10.14-19.03.52:690][566]LogModuleManager: Shutting down and abandoning module GeometryCacheTracks (294)
[2018.10.14-19.03.52:690][566]LogModuleManager: Shutting down and abandoning module GeometryCacheSequencer (293)
[2018.10.14-19.03.52:690][566]LogModuleManager: Shutting down and abandoning module GeometryCache (290)
[2018.10.14-19.03.52:690][566]LogModuleManager: Shutting down and abandoning module GeometryCacheEd (289)
[2018.10.14-19.03.52:690][566]LogModuleManager: Shutting down and abandoning module BackChannel (286)
[2018.10.14-19.03.52:690][566]LogModuleManager: Shutting down and abandoning module AppleVision (284)
[2018.10.14-19.03.52:690][566]LogModuleManager: Shutting down and abandoning module AppleImageUtils (282)
[2018.10.14-19.03.52:690][566]LogModuleManager: Shutting down and abandoning module DatasmithContent (280)
[2018.10.14-19.03.52:691][566]LogModuleManager: Shutting down and abandoning module CryptoKeysOpenSSL (278)
[2018.10.14-19.03.52:691][566]LogModuleManager: Shutting down and abandoning module CryptoKeys (276)
[2018.10.14-19.03.52:691][566]LogModuleManager: Shutting down and abandoning module VisualStudioSourceCodeAccess (274)
[2018.10.14-19.03.52:691][566]LogModuleManager: Shutting down and abandoning module HotReload (273)
[2018.10.14-19.03.52:691][566]LogModuleManager: Shutting down and abandoning module DirectoryWatcher (272)
[2018.10.14-19.03.52:691][566]LogModuleManager: Shutting down and abandoning module VisualStudioCodeSourceCodeAccess (268)
[2018.10.14-19.03.52:691][566]LogModuleManager: Shutting down and abandoning module UObjectPlugin (266)
[2018.10.14-19.03.52:691][566]LogModuleManager: Shutting down and abandoning module SubversionSourceControl (264)
[2018.10.14-19.03.52:691][566]LogModuleManager: Shutting down and abandoning module PerforceSourceControl (262)
[2018.10.14-19.03.52:691][566]LogModuleManager: Shutting down and abandoning module SourceControl (261)
[2018.10.14-19.03.52:691][566]LogModuleManager: Shutting down and abandoning module CLionSourceCodeAccess (258)
[2018.10.14-19.03.52:691][566]LogModuleManager: Shutting down and abandoning module RuntimePhysXCooking (256)
[2018.10.14-19.03.52:691][566]LogModuleManager: Shutting down and abandoning module PhysXVehiclesEditor (254)
[2018.10.14-19.03.52:691][566]LogModuleManager: Shutting down and abandoning module PhysXVehicles (252)
[2018.10.14-19.03.52:691][566]LogModuleManager: Shutting down and abandoning module LocationServicesBPLibrary (250)
[2018.10.14-19.03.52:691][566]LogModuleManager: Shutting down and abandoning module ImmediatePhysicsEditor (248)
[2018.10.14-19.03.52:691][566]LogModuleManager: Shutting down and abandoning module ImmediatePhysics (246)
[2018.10.14-19.03.52:692][566]LogModuleManager: Shutting down and abandoning module ActorSequence (244)
[2018.10.14-19.03.52:692][566]LogModuleManager: Shutting down and abandoning module UdpMessaging (242)
[2018.10.14-19.03.52:793][566]LogModuleManager: Shutting down and abandoning module TcpMessaging (240)
[2018.10.14-19.03.53:197][566]LogModuleManager: Shutting down and abandoning module SubstanceCore (238)
[2018.10.14-19.03.53:197][566]LogModuleManager: Shutting down and abandoning module MagicLeapAudio (236)
[2018.10.14-19.03.53:198][566]LogModuleManager: Shutting down and abandoning module GameplayTagsEditor (234)
[2018.10.14-19.03.53:198][566]LogModuleManager: Shutting down and abandoning module FacialAnimation (232)
[2018.10.14-19.03.53:198][566]LogModuleManager: Shutting down and abandoning module DataValidation (230)
[2018.10.14-19.03.53:198][566]LogModuleManager: Shutting down and abandoning module AssetManagerEditor (228)
[2018.10.14-19.03.53:198][566]LogModuleManager: Shutting down and abandoning module TreeMap (227)
[2018.10.14-19.03.53:198][566]LogModuleManager: Shutting down and abandoning module LightPropagationVolumeRuntime (224)
[2018.10.14-19.03.53:198][566]LogModuleManager: Shutting down and abandoning module AISupportModule (222)
[2018.10.14-19.03.53:198][566]LogModuleManager: Shutting down and abandoning module Paper2D (220)
[2018.10.14-19.03.53:198][566]LogModuleManager: Shutting down and abandoning module PIEPreviewDeviceProfileSelector (218)
[2018.10.14-19.03.53:198][566]LogModuleManager: Shutting down and abandoning module WindowsMoviePlayer (216)
[2018.10.14-19.03.53:198][566]LogModuleManager: Shutting down and abandoning module WmfMedia (214)
[2018.10.14-19.03.53:199][566]LogModuleManager: Shutting down and abandoning module Media (213)
[2018.10.14-19.03.53:205][566]LogModuleManager: Shutting down and abandoning module PacketHandler (210)
[2018.10.14-19.03.53:205][566]LogModuleManager: Shutting down and abandoning module ClothingSystemEditor (208)
[2018.10.14-19.03.53:205][566]LogModuleManager: Shutting down and abandoning module ClothingSystemRuntime (206)
[2018.10.14-19.03.53:205][566]LogModuleManager: Shutting down and abandoning module MediaAssets (204)
[2018.10.14-19.03.53:205][566]LogModuleManager: Shutting down and abandoning module Overlay (202)
[2018.10.14-19.03.53:205][566]LogModuleManager: Shutting down and abandoning module OverlayEditor (201)
[2018.10.14-19.03.53:206][566]LogModuleManager: Shutting down and abandoning module VREditor (198)
[2018.10.14-19.03.53:206][566]LogModuleManager: Shutting down and abandoning module StringTableEditor (196)
[2018.10.14-19.03.53:206][566]LogModuleManager: Shutting down and abandoning module GameplayTasksEditor (194)
[2018.10.14-19.03.53:206][566]LogModuleManager: Shutting down and abandoning module BehaviorTreeEditor (192)
[2018.10.14-19.03.53:206][566]LogModuleManager: Shutting down and abandoning module FunctionalTesting (190)
[2018.10.14-19.03.53:206][566]LogModuleManager: Shutting down and abandoning module CollisionAnalyzer (188)
[2018.10.14-19.03.53:206][566]LogModuleManager: Shutting down and abandoning module WorkspaceMenuStructure (187)
[2018.10.14-19.03.53:206][566]LogModuleManager: Shutting down and abandoning module UMG (184)
[2018.10.14-19.03.53:206][566]LogModuleManager: Shutting down and abandoning module UMGEditor (183)
[2018.10.14-19.03.53:206][566]LogModuleManager: Shutting down and abandoning module Sequencer (182)
[2018.10.14-19.03.53:206][566]LogModuleManager: Shutting down and abandoning module MessageLog (179)
[2018.10.14-19.03.53:206][566]LogModuleManager: Shutting down and abandoning module SlateReflector (174)
[2018.10.14-19.03.53:206][566]LogModuleManager: Shutting down and abandoning module Slate (172)
[2018.10.14-19.03.53:206][566]LogModuleManager: Shutting down and abandoning module EditorStyle (170)
[2018.10.14-19.03.53:209][566]LogModuleManager: Shutting down and abandoning module MRMesh (168)
[2018.10.14-19.03.53:209][566]LogModuleManager: Shutting down and abandoning module Messaging (166)
[2018.10.14-19.03.53:209][566]LogModuleManager: Shutting down and abandoning module SourceCodeAccess (164)
[2018.10.14-19.03.53:209][566]LogModuleManager: Shutting down and abandoning module HeadMountedDisplay (162)
[2018.10.14-19.03.53:209][566]LogModuleManager: Shutting down and abandoning module XAudio2 (160)
[2018.10.14-19.03.53:209][566]LogModuleManager: Shutting down and abandoning module Networking (158)
[2018.10.14-19.03.53:209][566]LogModuleManager: Shutting down and abandoning module Core (156)
[2018.10.14-19.03.53:209][566]LogModuleManager: Shutting down and abandoning module LevelSequence (154)
[2018.10.14-19.03.53:209][566]LogModuleManager: Shutting down and abandoning module KismetCompiler (152)
[2018.10.14-19.03.53:210][566]LogModuleManager: Shutting down and abandoning module MeshUtilities (150)
[2018.10.14-19.03.53:210][566]LogModuleManager: Shutting down and abandoning module MeshMergeUtilities (149)
[2018.10.14-19.03.53:210][566]LogModuleManager: Shutting down and abandoning module MeshReductionInterface (148)
[2018.10.14-19.03.53:210][566]LogModuleManager: Shutting down and abandoning module SimplygonSwarm (147)
[2018.10.14-19.03.53:210][566]LogModuleManager: Shutting down and abandoning module ProxyLODMeshReduction (145)
[2018.10.14-19.03.53:210][566]LogModuleManager: Shutting down and abandoning module SimplygonMeshReduction (143)
[2018.10.14-19.03.53:210][566]LogModuleManager: Shutting down and abandoning module QuadricMeshReduction (141)
[2018.10.14-19.03.53:210][566]LogModuleManager: Shutting down and abandoning module MaterialBaking (137)
[2018.10.14-19.03.53:210][566]LogModuleManager: Shutting down and abandoning module DerivedDataCache (132)
[2018.10.14-19.03.53:286][566]LogDerivedDataCache: Shutdown
[2018.10.14-19.03.53:286][566]LogModuleManager: Shutting down and abandoning module XGEController (130)
[2018.10.14-19.03.53:286][566]LogModuleManager: Shutting down and abandoning module TargetPlatform (128)
[2018.10.14-19.03.53:286][566]LogModuleManager: Shutting down and abandoning module VulkanShaderFormat (127)
[2018.10.14-19.03.53:286][566]LogModuleManager: Shutting down and abandoning module ShaderFormatVectorVM (125)
[2018.10.14-19.03.53:286][566]LogModuleManager: Shutting down and abandoning module ShaderFormatOpenGL (123)
[2018.10.14-19.03.53:286][566]LogModuleManager: Shutting down and abandoning module ShaderFormatD3D (121)
[2018.10.14-19.03.53:286][566]LogModuleManager: Shutting down and abandoning module MetalShaderFormat (119)
[2018.10.14-19.03.53:286][566]LogModuleManager: Shutting down and abandoning module TextureFormatUncompressed (117)
[2018.10.14-19.03.53:286][566]LogModuleManager: Shutting down and abandoning module TextureFormatPVR (115)
[2018.10.14-19.03.53:286][566]LogModuleManager: Shutting down and abandoning module TextureFormatDXT (113)
[2018.10.14-19.03.53:286][566]LogModuleManager: Shutting down and abandoning module TextureFormatIntelISPCTexComp (111)
[2018.10.14-19.03.53:286][566]LogModuleManager: Shutting down and abandoning module TextureFormatASTC (109)
[2018.10.14-19.03.53:286][566]LogModuleManager: Shutting down and abandoning module ImageWrapper (108)
[2018.10.14-19.03.53:286][566]LogModuleManager: Shutting down and abandoning module TextureFormatAndroid (105)
[2018.10.14-19.03.53:286][566]LogModuleManager: Shutting down and abandoning module AudioFormatOpus (103)
[2018.10.14-19.03.53:286][566]LogModuleManager: Shutting down and abandoning module AudioFormatOgg (101)
[2018.10.14-19.03.53:286][566]LogModuleManager: Shutting down and abandoning module AudioFormatADPCM (99)
[2018.10.14-19.03.53:286][566]LogModuleManager: Shutting down and abandoning module WindowsTargetPlatform (97)
[2018.10.14-19.03.53:286][566]LogModuleManager: Shutting down and abandoning module WindowsServerTargetPlatform (95)
[2018.10.14-19.03.53:286][566]LogModuleManager: Shutting down and abandoning module WindowsNoEditorTargetPlatform (93)
[2018.10.14-19.03.53:286][566]LogModuleManager: Shutting down and abandoning module WindowsClientTargetPlatform (91)
[2018.10.14-19.03.53:286][566]LogModuleManager: Shutting down and abandoning module InputCore (88)
[2018.10.14-19.03.53:286][566]LogModuleManager: Shutting down and abandoning module Settings (86)
[2018.10.14-19.03.53:286][566]LogModuleManager: Shutting down and abandoning module PhysXCooking (84)
[2018.10.14-19.03.53:286][566]LogModuleManager: Shutting down and abandoning module SteamVR (82)
[2018.10.14-19.03.53:286][566]LogModuleManager: Shutting down and abandoning module OculusHMD (80)
[2018.10.14-19.03.53:286][566]LogModuleManager: Shutting down and abandoning module ExampleDeviceProfileSelector (78)
[2018.10.14-19.03.53:286][566]LogModuleManager: Shutting down and abandoning module LauncherChunkInstaller (76)
[2018.10.14-19.03.53:286][566]LogModuleManager: Shutting down and abandoning module OnlineBlueprintSupport (74)
[2018.10.14-19.03.53:286][566]LogModuleManager: Shutting down and abandoning module OnlineSubsystem (70)
[2018.10.14-19.03.53:287][566]LogModuleManager: Shutting down and abandoning module XMPP (65)
[2018.10.14-19.03.53:287][566]LogModuleManager: Shutting down and abandoning module WebSockets (64)
[2018.10.14-19.03.53:308][566]LogModuleManager: Shutting down and abandoning module HTTP (61)
[2018.10.14-19.03.53:333][566]LogModuleManager: Shutting down and abandoning module SSL (60)
[2018.10.14-19.03.53:335][566]LogModuleManager: Shutting down and abandoning module MagicLeapEmulator (56)
[2018.10.14-19.03.53:335][566]LogModuleManager: Shutting down and abandoning module MagicLeapPrivileges (54)
[2018.10.14-19.03.53:335][566]LogModuleManager: Shutting down and abandoning module MagicLeapIdentity (52)
[2018.10.14-19.03.53:335][566]LogModuleManager: Shutting down and abandoning module MagicLeapHelperVulkan (50)
[2018.10.14-19.03.53:335][566]LogModuleManager: Shutting down and abandoning module MagicLeapHelperOpenGL (48)
[2018.10.14-19.03.53:335][566]LogModuleManager: Shutting down and abandoning module MagicLeapSecureStorage (46)
[2018.10.14-19.03.53:335][566]LogModuleManager: Shutting down and abandoning module MagicLeapGestures (44)
[2018.10.14-19.03.53:335][566]LogModuleManager: Shutting down and abandoning module MagicLeapEyeTracker (42)
[2018.10.14-19.03.53:335][566]LogModuleManager: Shutting down and abandoning module MagicLeapController (40)
[2018.10.14-19.03.53:335][566]LogSlate: Slate User Destroyed.  User Index 0, Is Virtual User: 0
[2018.10.14-19.03.53:335][566]LogModuleManager: Shutting down and abandoning module MagicLeap (38)
[2018.10.14-19.03.53:335][566]LogModuleManager: Shutting down and abandoning module AnimationModifiers (36)
[2018.10.14-19.03.53:335][566]LogModuleManager: Shutting down and abandoning module PropertyEditor (35)
[2018.10.14-19.03.53:335][566]LogModuleManager: Shutting down and abandoning module AudioEditor (32)
[2018.10.14-19.03.53:335][566]LogModuleManager: Shutting down and abandoning module TextureCompressor (30)
[2018.10.14-19.03.53:335][566]LogModuleManager: Shutting down and abandoning module ShaderCore (28)
[2018.10.14-19.03.53:335][566]LogModuleManager: Shutting down and abandoning module Landscape (26)
[2018.10.14-19.03.53:335][566]LogModuleManager: Shutting down and abandoning module SlateRHIRenderer (24)
[2018.10.14-19.03.53:336][566]LogModuleManager: Shutting down and abandoning module OpenGLDrv (22)
[2018.10.14-19.03.53:336][566]LogModuleManager: Shutting down and abandoning module D3D11RHI (20)
[2018.10.14-19.03.53:336][566]LogModuleManager: Shutting down and abandoning module AnimGraphRuntime (18)
[2018.10.14-19.03.53:336][566]LogModuleManager: Shutting down and abandoning module Renderer (16)
[2018.10.14-19.03.53:336][566]LogModuleManager: Shutting down and abandoning module Engine (14)
[2018.10.14-19.03.53:336][566]LogModuleManager: Shutting down and abandoning module CoreUObject (12)
[2018.10.14-19.03.53:336][566]LogModuleManager: Shutting down and abandoning module NetworkFile (10)
[2018.10.14-19.03.53:336][566]LogModuleManager: Shutting down and abandoning module CookedIterativeFile (8)
[2018.10.14-19.03.53:336][566]LogModuleManager: Shutting down and abandoning module StreamingFile (6)
[2018.10.14-19.03.53:336][566]LogModuleManager: Shutting down and abandoning module SandboxFile (4)
[2018.10.14-19.03.53:336][566]LogModuleManager: Shutting down and abandoning module PakFile (2)
[2018.10.14-19.03.53:347][566]LogExit: Exiting.
[2018.10.14-19.03.53:354][566]Log file closed, 10/14/18 15:03:53
