Log file open, 10/18/18 18:05:18
LogWindows: Failed to load 'aqProf.dll' (GetLastError=126)
LogWindows: File 'aqProf.dll' does not exist
LogWindows: Failed to load 'VtuneApi.dll' (GetLastError=126)
LogWindows: File 'VtuneApi.dll' does not exist
LogWindows: Failed to load 'VtuneApi32e.dll' (GetLastError=126)
LogWindows: File 'VtuneApi32e.dll' does not exist
LogInit: Display: Running engine for game: MMLX
LogPlatformFile: Not using cached read wrapper
LogTaskGraph: Started task graph with 5 named threads and 35 total threads with 3 sets of task threads.
LogStats: Stats thread started at 0.408991
LogD3D11RHI: Loaded GFSDK_Aftermath_Lib.x64.dll
LogICUInternationalization: Display: ICU TimeZone Detection - Raw Offset: -5:00, Platform Override: ''
LogPluginManager: Mounting plugin Paper2D
LogPluginManager: Mounting plugin AISupport
LogPluginManager: Mounting plugin LightPropagationVolume
LogPluginManager: Mounting plugin CLionSourceCodeAccess
LogPluginManager: Mounting plugin CodeLiteSourceCodeAccess
LogPluginManager: Mounting plugin GitSourceControl
LogPluginManager: Mounting plugin KDevelopSourceCodeAccess
LogPluginManager: Mounting plugin NullSourceCodeAccess
LogPluginManager: Mounting plugin PerforceSourceControl
LogPluginManager: Mounting plugin SubversionSourceControl
LogPluginManager: Mounting plugin UObjectPlugin
LogPluginManager: Mounting plugin VisualStudioCodeSourceCodeAccess
LogPluginManager: Mounting plugin VisualStudioSourceCodeAccess
LogPluginManager: Mounting plugin XCodeSourceCodeAccess
LogPluginManager: Mounting plugin AssetManagerEditor
LogPluginManager: Mounting plugin CryptoKeys
LogPluginManager: Mounting plugin DataValidation
LogPluginManager: Mounting plugin FacialAnimation
LogPluginManager: Mounting plugin GameplayTagsEditor
LogPluginManager: Mounting plugin MacGraphicsSwitching
LogPluginManager: Mounting plugin MeshEditor
LogPluginManager: Mounting plugin MobileLauncherProfileWizard
LogPluginManager: Mounting plugin PluginBrowser
LogPluginManager: Mounting plugin SpeedTreeImporter
LogPluginManager: Mounting plugin DatasmithContent
LogPluginManager: Mounting plugin AlembicImporter
LogPluginManager: Mounting plugin AppleImageUtils
LogPluginManager: Mounting plugin AppleVision
LogPluginManager: Mounting plugin BackChannel
LogPluginManager: Mounting plugin CharacterAI
LogPluginManager: Mounting plugin GeometryCache
LogPluginManager: Mounting plugin HTML5Networking
LogPluginManager: Mounting plugin ProxyLODPlugin
LogPluginManager: Mounting plugin MagicLeap
LogPluginManager: Mounting plugin MagicLeapEmulator
LogPluginManager: Mounting plugin MagicLeapMedia
LogPluginManager: Mounting plugin Substance
LogPluginManager: Mounting plugin AndroidMedia
LogPluginManager: Mounting plugin AvfMedia
LogPluginManager: Mounting plugin ImgMedia
LogPluginManager: Mounting plugin LinearTimecode
LogPluginManager: Mounting plugin MediaCompositing
LogPluginManager: Mounting plugin MediaPlayerEditor
LogPluginManager: Mounting plugin WmfMedia
LogPluginManager: Mounting plugin TcpMessaging
LogPluginManager: Mounting plugin UdpMessaging
LogPluginManager: Mounting plugin ActorSequence
LogPluginManager: Mounting plugin LevelSequenceEditor
LogPluginManager: Mounting plugin MatineeToLevelSequence
LogPluginManager: Mounting plugin NetcodeUnitTest
LogPluginManager: Mounting plugin NUTUnrealEngine4
LogPluginManager: Mounting plugin OnlineSubsystemGooglePlay
LogPluginManager: Mounting plugin OnlineSubsystemIOS
LogPluginManager: Mounting plugin OnlineSubsystem
LogPluginManager: Mounting plugin OnlineSubsystemNull
LogPluginManager: Mounting plugin OnlineSubsystemUtils
LogPluginManager: Mounting plugin LauncherChunkInstaller
LogPluginManager: Mounting plugin AndroidDeviceProfileSelector
LogPluginManager: Mounting plugin AndroidMoviePlayer
LogPluginManager: Mounting plugin AndroidPermission
LogPluginManager: Mounting plugin AppleMoviePlayer
LogPluginManager: Mounting plugin ArchVisCharacter
LogPluginManager: Mounting plugin AudioCapture
LogPluginManager: Mounting plugin CableComponent
LogPluginManager: Mounting plugin CustomMeshComponent
LogPluginManager: Mounting plugin EditableMesh
LogPluginManager: Mounting plugin ExampleDeviceProfileSelector
LogPluginManager: Mounting plugin GoogleCloudMessaging
LogPluginManager: Mounting plugin ImmediatePhysics
LogPluginManager: Mounting plugin IOSDeviceProfileSelector
LogPluginManager: Mounting plugin LinuxDeviceProfileSelector
LogPluginManager: Mounting plugin LocationServicesBPLibrary
LogPluginManager: Mounting plugin MobilePatchingUtils
LogPluginManager: Mounting plugin OculusVR
LogPluginManager: Plugin shader directory ../../../Engine/Plugins/Runtime/Oculus/OculusVR/Shaders found
LogPluginManager: Mapping shader source directory ../../../Engine/Plugins/Runtime/Oculus/OculusVR/Shaders to virtual directory /Plugin/OculusVR
LogPluginManager: Mounting plugin PhysXVehicles
LogPluginManager: Mounting plugin ProceduralMeshComponent
LogPluginManager: Mounting plugin RuntimePhysXCooking
LogPluginManager: Mounting plugin SteamVR
LogPluginManager: Mounting plugin WindowsMoviePlayer
LogStreaming: Display: Took  0.076s to configure plugins.
LogInit: Using libcurl 7.55.1-DEV
LogInit:  - built for x86_64-pc-win32
LogInit:  - supports SSL with OpenSSL/1.0.2h
LogInit:  - supports HTTP deflate (compression) using libz 1.2.8
LogInit:  - other features:
LogInit:      CURL_VERSION_SSL
LogInit:      CURL_VERSION_LIBZ
LogInit:      CURL_VERSION_IPV6
LogInit:      CURL_VERSION_ASYNCHDNS
LogInit:      CURL_VERSION_LARGEFILE
LogInit:      CURL_VERSION_IDN
LogInit:  CurlRequestOptions (configurable via config and command line):
LogInit:  - bVerifyPeer = false  - Libcurl will NOT verify peer certificate
LogInit:  - bUseHttpProxy = false  - Libcurl will NOT use HTTP proxy
LogInit:  - bDontReuseConnections = false  - Libcurl will reuse connections
LogInit:  - CertBundlePath = nullptr  - Libcurl will use whatever was configured at build time.
LogInit:  - MaxHostConnections = 16  - Libcurl will limit the number of connections to a host
LogInit:  - LocalHostAddr = Default
LogInit:  - BufferSize = 65536
LogInit: WinSock: version 1.1 (2.2), MaxSocks=32767, MaxUdp=65467
LogInit: Build: ++UE4+Release-4.20-CL-4369336
LogInit: Engine Version: 4.20.3-4369336+++UE4+Release-4.20
LogInit: Compatible Engine Version: 4.20.0-4212847+++UE4+Release-4.20
LogInit: Net CL: 4212847
LogInit: OS: Windows 10 (), CPU: Intel(R) Core(TM) i7-5930K CPU @ 3.50GHz, GPU: NVIDIA GeForce GTX 980 Ti
LogInit: Compiled (64-bit): Sep 17 2018 12:26:19
LogInit: Compiled with Visual C++: 19.13.26129.00
LogInit: Build Configuration: Development
LogInit: Branch Name: ++UE4+Release-4.20
LogInit: Command Line:  
LogInit: Base Directory: D:/New folder/UE_4.20/Engine/Binaries/Win64/
LogInit: Installed Engine Build: 1
LogDevObjectVersion: Number of dev versions registered: 20
LogDevObjectVersion:   Dev-Blueprints (B0D832E4-1F89-4F0D-ACCF-7EB736FD4AA2): 10
LogDevObjectVersion:   Dev-Build (E1C64328-A22C-4D53-A36C-8E866417BD8C): 0
LogDevObjectVersion:   Dev-Core (375EC13C-06E4-48FB-B500-84F0262A717E): 2
LogDevObjectVersion:   Dev-Editor (E4B068ED-F494-42E9-A231-DA0B2E46BB41): 24
LogDevObjectVersion:   Dev-Framework (CFFC743F-43B0-4480-9391-14DF171D2073): 34
LogDevObjectVersion:   Dev-Mobile (B02B49B5-BB20-44E9-A304-32B752E40360): 2
LogDevObjectVersion:   Dev-Networking (A4E4105C-59A1-49B5-A7C5-40C4547EDFEE): 0
LogDevObjectVersion:   Dev-Online (39C831C9-5AE6-47DC-9A44-9C173E1C8E7C): 0
LogDevObjectVersion:   Dev-Physics (78F01B33-EBEA-4F98-B9B4-84EACCB95AA2): 0
LogDevObjectVersion:   Dev-Platform (6631380F-2D4D-43E0-8009-CF276956A95A): 0
LogDevObjectVersion:   Dev-Rendering (12F88B9F-8875-4AFC-A67C-D90C383ABD29): 26
LogDevObjectVersion:   Dev-Sequencer (7B5AE74C-D270-4C10-A958-57980B212A5A): 9
LogDevObjectVersion:   Dev-VR (D7296918-1DD6-4BDD-9DE2-64A83CC13884): 2
LogDevObjectVersion:   Dev-LoadTimes (C2A15278-BFE7-4AFE-6C17-90FF531DF755): 1
LogDevObjectVersion:   Private-Geometry (6EACA3D4-40EC-4CC1-B786-8BED09428FC5): 3
LogDevObjectVersion:   Dev-AnimPhys (29E575DD-E0A3-4627-9D10-D276232CDCEA): 17
LogDevObjectVersion:   Dev-ReflectionCapture (6B266CEC-1EC7-4B8F-A30B-E4D90942FC07): 1
LogDevObjectVersion:   Dev-Automation (0DF73D61-A23F-47EA-B727-89E90C41499A): 1
LogDevObjectVersion:   FortniteMain (601D1886-AC64-4F84-AA16-D3DE0DEAC7D6): 12
LogDevObjectVersion:   Dev-Enterprise (9DFFBCD6-494F-0158-E221-12823C92A888): 1
LogStreaming: Display: Took  0.000s to delete old logs.
LogInit: Presizing for max 8388607 objects, including 0 objects not considered by GC, pre-allocating 0 bytes for permanent pool.
LogInit: Object subsystem initialized
[2018.10.18-22.05.18:278][  0]LogInit: Selected Device Profile: [Windows]
[2018.10.18-22.05.18:278][  0]LogInit: Applying CVar settings loaded from the selected device profile: [Windows]
[2018.10.18-22.05.18:294][  0]LogHAL: Display: Platform has ~ 64 GB [68626223104 / 68719476736 / 64], which maps to Largest [LargestMinGB=32, LargerMinGB=12, DefaultMinGB=8, SmallerMinGB=6, SmallestMinGB=0)
[2018.10.18-22.05.18:294][  0]LogInit: Setting Device Profile CVar: [[r.Vulkan.UseRealUBs:1]]
[2018.10.18-22.05.18:294][  0]LogInit: Going up to parent DeviceProfile []
[2018.10.18-22.05.18:294][  0]LogInit: Computer: DESKTOP-CF0T73E
[2018.10.18-22.05.18:294][  0]LogInit: User: ruwd
[2018.10.18-22.05.18:294][  0]LogInit: CPU Page size=4096, Cores=6
[2018.10.18-22.05.18:294][  0]LogInit: High frequency timer resolution =3.415988 MHz
[2018.10.18-22.05.18:294][  0]LogMemory: Memory total: Physical=63.9GB (64GB approx)
[2018.10.18-22.05.18:294][  0]LogMemory: Platform Memory Stats for Windows
[2018.10.18-22.05.18:294][  0]LogMemory: Process Physical Memory: 101.61 MB used, 101.61 MB peak
[2018.10.18-22.05.18:294][  0]LogMemory: Process Virtual Memory: 86.05 MB used, 86.05 MB peak
[2018.10.18-22.05.18:294][  0]LogMemory: Physical Memory: 8610.55 MB used,  56836.52 MB free, 65447.07 MB total
[2018.10.18-22.05.18:294][  0]LogMemory: Virtual Memory: 4652.76 MB used,  56836.52 MB free, 134217728.00 MB total
[2018.10.18-22.05.18:316][  0]LogInit: Using OS detected language (en-US).
[2018.10.18-22.05.18:316][  0]LogInit: Using OS detected locale (en-US).
[2018.10.18-22.05.18:316][  0]LogTextLocalizationManager: No specific localization for 'en-US' exists, so the 'en' localization will be used.
[2018.10.18-22.05.18:689][  0]LogStreaming: Display: Took  0.374s to InitEngineTextLocalization.
[2018.10.18-22.05.18:690][  0]LogInit: Setting process to per monitor DPI aware
[2018.10.18-22.05.18:735][  0]LogSlate: New Slate User Created.  User Index 0, Is Virtual User: 0
[2018.10.18-22.05.18:735][  0]LogSlate: Slate User Registered.  User Index 0, Is Virtual User: 0
[2018.10.18-22.05.18:931][  0]LogHMD: Failed to initialize OpenVR with code 110
[2018.10.18-22.05.18:931][  0]LogD3D11RHI: D3D11 adapters:
[2018.10.18-22.05.18:992][  0]LogD3D11RHI:    0. 'NVIDIA GeForce GTX 980 Ti' (Feature Level 11_0)
[2018.10.18-22.05.18:992][  0]LogD3D11RHI:       6097/0/32723 MB DedicatedVideo/DedicatedSystem/SharedSystem, Outputs:1, VendorId:0x10de
[2018.10.18-22.05.18:994][  0]LogD3D11RHI:    1. 'Microsoft Basic Render Driver' (Feature Level 11_0)
[2018.10.18-22.05.18:994][  0]LogD3D11RHI:       0/0/32723 MB DedicatedVideo/DedicatedSystem/SharedSystem, Outputs:0, VendorId:0x1414
[2018.10.18-22.05.18:994][  0]LogD3D11RHI: Chosen D3D11 Adapter: 0
[2018.10.18-22.05.19:001][  0]LogD3D11RHI: Creating new Direct3DDevice
[2018.10.18-22.05.19:001][  0]LogD3D11RHI:     GPU DeviceId: 0x17c8 (for the marketing name, search the web for "GPU Device Id")
[2018.10.18-22.05.19:001][  0]LogWindows: EnumDisplayDevices:
[2018.10.18-22.05.19:001][  0]LogWindows:    0. 'NVIDIA GeForce GTX 980 Ti' (P:1 D:1)
[2018.10.18-22.05.19:002][  0]LogWindows:    1. 'NVIDIA GeForce GTX 980 Ti' (P:0 D:0)
[2018.10.18-22.05.19:002][  0]LogWindows:    2. 'NVIDIA GeForce GTX 980 Ti' (P:0 D:0)
[2018.10.18-22.05.19:002][  0]LogWindows:    3. 'NVIDIA GeForce GTX 980 Ti' (P:0 D:0)
[2018.10.18-22.05.19:003][  0]LogWindows: DebugString: FoundDriverCount:4 
[2018.10.18-22.05.19:003][  0]LogD3D11RHI:     Adapter Name: NVIDIA GeForce GTX 980 Ti
[2018.10.18-22.05.19:003][  0]LogD3D11RHI:   Driver Version: 399.07 (internal:24.21.13.9907, unified:399.07)
[2018.10.18-22.05.19:003][  0]LogD3D11RHI:      Driver Date: 8-21-2018
[2018.10.18-22.05.19:003][  0]LogRHI: Texture pool is 4268 MB (70% of 6097 MB)
[2018.10.18-22.05.19:044][  0]LogD3D11RHI: Async texture creation enabled
[2018.10.18-22.05.19:061][  0]LogD3D11RHI: GPU Timing Frequency: 1000.000000 (Debug: 2 2)
[2018.10.18-22.05.19:109][  0]LogShaderCompilers: Guid format shader working directory is 13 characters bigger than the processId version (../../../../../git/MMLX/MMLX 4.20/Intermediate/Shaders/WorkingDirectory/412/).
[2018.10.18-22.05.19:109][  0]LogShaderCompilers: Cleaned the shader compiler working directory 'C:/Users/ruwd/AppData/Local/Temp/UnrealShaderWorkingDir/BBD092A54D77E0AF66CF99BF9AF97034/'.
[2018.10.18-22.05.19:470][  0]LogTemp: Display: Loaded TP AllDesktopTargetPlatform
[2018.10.18-22.05.19:486][  0]LogTemp: Display: Loaded TP MacClientTargetPlatform
[2018.10.18-22.05.19:502][  0]LogTemp: Display: Loaded TP MacNoEditorTargetPlatform
[2018.10.18-22.05.19:518][  0]LogTemp: Display: Loaded TP MacServerTargetPlatform
[2018.10.18-22.05.19:532][  0]LogTemp: Display: Loaded TP MacTargetPlatform
[2018.10.18-22.05.19:544][  0]LogTemp: Display: Loaded TP WindowsClientTargetPlatform
[2018.10.18-22.05.19:556][  0]LogTemp: Display: Loaded TP WindowsNoEditorTargetPlatform
[2018.10.18-22.05.19:568][  0]LogTemp: Display: Loaded TP WindowsServerTargetPlatform
[2018.10.18-22.05.19:574][  0]LogTemp: Display: Loaded TP WindowsTargetPlatform
[2018.10.18-22.05.19:647][  0]LogTemp: Display: Loaded TP AndroidTargetPlatform
[2018.10.18-22.05.19:647][  0]LogTemp: Display: Loaded TP AndroidTargetPlatform
[2018.10.18-22.05.19:647][  0]LogTemp: Display: Loaded TP AndroidTargetPlatform
[2018.10.18-22.05.19:647][  0]LogTemp: Display: Loaded TP AndroidTargetPlatform
[2018.10.18-22.05.19:647][  0]LogTemp: Display: Loaded TP AndroidTargetPlatform
[2018.10.18-22.05.19:647][  0]LogTemp: Display: Loaded TP AndroidTargetPlatform
[2018.10.18-22.05.19:647][  0]LogTemp: Display: Loaded TP AndroidTargetPlatform
[2018.10.18-22.05.19:647][  0]LogTemp: Display: Loaded TP AndroidTargetPlatform
[2018.10.18-22.05.19:647][  0]LogTemp: Display: Loaded TP AndroidTargetPlatform
[2018.10.18-22.05.19:647][  0]LogTemp: Display: Loaded TP AndroidTargetPlatform
[2018.10.18-22.05.19:647][  0]LogTemp: Display: Loaded TP AndroidTargetPlatform
[2018.10.18-22.05.19:647][  0]LogTemp: Display: Loaded TP AndroidTargetPlatform
[2018.10.18-22.05.19:647][  0]LogTemp: Display: Loaded TP AndroidTargetPlatform
[2018.10.18-22.05.19:647][  0]LogTemp: Display: Loaded TP AndroidTargetPlatform
[2018.10.18-22.05.19:647][  0]LogTemp: Display: Loaded TP AndroidTargetPlatform
[2018.10.18-22.05.19:647][  0]LogTemp: Display: Loaded TP AndroidTargetPlatform
[2018.10.18-22.05.19:647][  0]LogTemp: Display: Loaded TP AndroidTargetPlatform
[2018.10.18-22.05.19:647][  0]LogTemp: Display: Loaded TP AndroidTargetPlatform
[2018.10.18-22.05.19:648][  0]LogTemp: Display: Loaded TP HTML5TargetPlatform
[2018.10.18-22.05.19:706][  0]LogTemp: Display: Loaded TP IOSTargetPlatform
[2018.10.18-22.05.19:706][  0]LogTemp: Display: Loaded TP IOSTargetPlatform
[2018.10.18-22.05.19:729][  0]LogTemp: Display: Loaded TP TVOSTargetPlatform
[2018.10.18-22.05.19:729][  0]LogTemp: Display: Loaded TP TVOSTargetPlatform
[2018.10.18-22.05.19:741][  0]LogTemp: Display: Loaded TP LinuxClientTargetPlatform
[2018.10.18-22.05.19:753][  0]LogTemp: Display: Loaded TP LinuxNoEditorTargetPlatform
[2018.10.18-22.05.19:764][  0]LogTemp: Display: Loaded TP LinuxServerTargetPlatform
[2018.10.18-22.05.19:776][  0]LogTemp: Display: Loaded TP LinuxTargetPlatform
[2018.10.18-22.05.19:785][  0]LogTemp: Display: Loaded TP LuminTargetPlatform
[2018.10.18-22.05.19:785][  0]LogTargetPlatformManager: Display: Building Assets For Windows
[2018.10.18-22.05.19:846][  0]LogXGEController: Cleaning working directory: C:/Users/ruwd/AppData/Local/Temp/UnrealXGEWorkingDir/
[2018.10.18-22.05.19:846][  0]LogXGEController: Cannot use XGE Controller as Incredibuild is not installed on this machine.
[2018.10.18-22.05.19:846][  0]LogShaderCompilers: Cannot use XGE Shader Compiler as Incredibuild is not installed on this machine.
[2018.10.18-22.05.19:846][  0]LogShaderCompilers: Display: Using Local Shader Compiler.
[2018.10.18-22.05.20:550][  0]LogDerivedDataCache: Display: Max Cache Size: 512 MB
[2018.10.18-22.05.20:612][  0]LogDerivedDataCache: Loaded boot cache 0.06s 71MB C:/Users/ruwd/AppData/Local/UnrealEngine/4.20/DerivedDataCache/Boot.ddc.
[2018.10.18-22.05.20:613][  0]LogDerivedDataCache: Display: Loaded Boot cache: C:/Users/ruwd/AppData/Local/UnrealEngine/4.20/DerivedDataCache/Boot.ddc
[2018.10.18-22.05.20:613][  0]LogDerivedDataCache: FDerivedDataBackendGraph:  Pak pak cache file ../../../../../git/MMLX/MMLX 4.20/DerivedDataCache/DDC.ddp not found, will not use a pak cache.
[2018.10.18-22.05.20:613][  0]LogDerivedDataCache: Unable to find inner node Pak for hierarchical cache Hierarchy.
[2018.10.18-22.05.20:613][  0]LogDerivedDataCache: FDerivedDataBackendGraph:  CompressedPak pak cache file ../../../../../git/MMLX/MMLX 4.20/DerivedDataCache/Compressed.ddp not found, will not use a pak cache.
[2018.10.18-22.05.20:613][  0]LogDerivedDataCache: Unable to find inner node CompressedPak for hierarchical cache Hierarchy.
[2018.10.18-22.05.20:625][  0]LogDerivedDataCache: Display: Pak cache opened for reading ../../../Engine/DerivedDataCache/Compressed.ddp.
[2018.10.18-22.05.20:638][  0]LogDerivedDataCache: Using Local data cache path C:/Users/ruwd/AppData/Local/UnrealEngine/Common/DerivedDataCache: Writable
[2018.10.18-22.05.20:638][  0]LogDerivedDataCache: Shared data cache path not found in *engine.ini, will not use an Shared cache.
[2018.10.18-22.05.20:638][  0]LogDerivedDataCache: Unable to find inner node Shared for hierarchical cache Hierarchy.
[2018.10.18-22.05.20:657][  0]LogMaterial: Verifying Global Shaders for PCD3D_SM5
[2018.10.18-22.05.20:658][  0]LogSlate: Using FreeType 2.6.0
[2018.10.18-22.05.20:659][  0]LogSlate: SlateFontServices - WITH_FREETYPE: 1, WITH_HARFBUZZ: 1
[2018.10.18-22.05.20:743][  0]LogAssetRegistry: FAssetRegistry took 0.0268 seconds to start up
[2018.10.18-22.05.21:117][  0]LogInit: Selected Device Profile: [Windows]
[2018.10.18-22.05.21:237][  0]LogSimplygon: Simplygon DLL not present - disabling.
[2018.10.18-22.05.21:239][  0]LogMeshReduction: Using SimplygonSwarm for distributed automatic mesh merging
[2018.10.18-22.05.21:239][  0]LogMeshReduction: Using ProxyLODMeshReduction for automatic mesh merging
[2018.10.18-22.05.21:239][  0]LogMeshReduction: Using QuadricMeshReduction for automatic static mesh reduction
[2018.10.18-22.05.21:239][  0]LogMeshReduction: No automatic skeletal mesh reduction module available
[2018.10.18-22.05.21:256][  0]LogNetVersion: MMLX 1.0.0, NetCL: 4212847, EngineNetVer: 5, GameNetVer: 0 (Checksum: 2966571756)
[2018.10.18-22.05.21:696][  0]LogPackageLocalizationCache: Processed 11 localized package path(s) for 2 prioritized culture(s) in 0.085030 seconds
[2018.10.18-22.05.21:702][  0]LogUObjectArray: 38425 objects as part of root set at end of initial load.
[2018.10.18-22.05.21:702][  0]LogUObjectAllocator: 6690864 out of 0 bytes used by permanent object pool.
[2018.10.18-22.05.21:702][  0]LogUObjectArray: CloseDisregardForGC: 0/0 objects in disregard for GC pool
[2018.10.18-22.05.22:482][  0]LogSubstanceCoreModule: Substance [CPU] Engine Loaded, Max Texture Size = 2048
[2018.10.18-22.05.22:485][  0]LogTcpMessaging: Initializing TcpMessaging bridge
[2018.10.18-22.05.22:498][  0]LogUdpMessaging: Initializing bridge on interface 0.0.0.0:0 to multicast group 230.0.0.1:6666.
[2018.10.18-22.05.22:625][  0]SourceControl: Source control is disabled
[2018.10.18-22.05.22:625][  0]SourceControl: Source control is disabled
[2018.10.18-22.05.22:625][  0]SourceControl: Source control is disabled
[2018.10.18-22.05.22:625][  0]SourceControl: Source control is disabled
[2018.10.18-22.05.22:780][  0]LogAndroidPermission: UAndroidPermissionCallbackProxy::GetInstance
[2018.10.18-22.05.22:872][  0]LogOcInput: OculusInput pre-init called
[2018.10.18-22.05.23:010][  0]LogEngine: Initializing Engine...
[2018.10.18-22.05.23:010][  0]LogHMD: Failed to initialize OpenVR with code 110
[2018.10.18-22.05.23:011][  0]LogStats: UGameplayTagsManager::ConstructGameplayTagTree: ImportINI prefixes -  0.000 s
[2018.10.18-22.05.23:012][  0]LogStats: UGameplayTagsManager::ConstructGameplayTagTree: Construct from data asset -  0.000 s
[2018.10.18-22.05.23:012][  0]LogStats: UGameplayTagsManager::ConstructGameplayTagTree: ImportINI -  0.000 s
[2018.10.18-22.05.23:012][  0]LogStats: UGameplayTagsManager::ConstructGameplayTagTree: GameplayTagTreeChangedEvent.Broadcast -  0.000 s
[2018.10.18-22.05.23:240][  0]LogInit: Initializing FReadOnlyCVARCache
[2018.10.18-22.05.23:247][  0]LogAIModule: Creating AISystem for world Untitled
[2018.10.18-22.05.23:267][  0]LogInit: XAudio2 using 'Speakers (Bose Mini II SoundLink Stereo)' : 2 channels at 44.1 kHz using 16 bits per sample (channel mask 0x3)
[2018.10.18-22.05.23:278][  0]LogInit: FAudioDevice initialized.
[2018.10.18-22.05.23:278][  0]LogNetVersion: Set ProjectVersion to 1.0.0.0. Version Checksum will be recalculated on next use.
[2018.10.18-22.05.23:324][  0]LogDerivedDataCache: Saved boot cache 0.05s 71MB C:/Users/ruwd/AppData/Local/UnrealEngine/4.20/DerivedDataCache/Boot.ddc.
[2018.10.18-22.05.23:337][  0]LogInit: Texture streaming: Enabled
[2018.10.18-22.05.23:347][  0]LogEngineSessionManager: EngineSessionManager initialized
[2018.10.18-22.05.23:357][  0]LogInit: Transaction tracking system initialized
[2018.10.18-22.05.23:369][  0]BlueprintLog: New page: Editor Load
[2018.10.18-22.05.23:415][  0]LocalizationService: Localization service is disabled
[2018.10.18-22.05.23:625][  0]LogCook: Display: Max memory allowance for cook 16384mb min free memory 0mb
[2018.10.18-22.05.23:625][  0]LogCook: Display: Mobile HDR setting 1
[2018.10.18-22.05.23:625][  0]LogGameplayTags: Display: UGameplayTagsManager::DoneAddingNativeTags. DelegateIsBound: 0
[2018.10.18-22.05.23:625][  0]LogStats: UGameplayTagsManager::ConstructGameplayTagTree: ImportINI prefixes -  0.000 s
[2018.10.18-22.05.23:625][  0]LogStats: UGameplayTagsManager::ConstructGameplayTagTree: Construct from data asset -  0.000 s
[2018.10.18-22.05.23:625][  0]LogStats: UGameplayTagsManager::ConstructGameplayTagTree: ImportINI -  0.000 s
[2018.10.18-22.05.23:625][  0]LogStats: UGameplayTagsManager::ConstructGameplayTagTree: GameplayTagTreeChangedEvent.Broadcast -  0.000 s
[2018.10.18-22.05.23:703][  0]LogFileCache: Scanning file cache for directory 'D:/git/MMLX/MMLX 4.20/Content/' took 0.02s
[2018.10.18-22.05.23:703][  0]SourceControl: Source control is disabled
[2018.10.18-22.05.23:703][  0]Cmd: MAP LOAD FILE="../../../../../git/MMLX/MMLX 4.20/Content/Maps/Ocean_Tower_Main.umap" TEMPLATE=0 SHOWPROGRESS=1 FEATURELEVEL=3
[2018.10.18-22.05.23:704][  0]LightingResults: New page: Lighting Build
[2018.10.18-22.05.23:705][  0]MapCheck: New page: Map Check
[2018.10.18-22.05.23:705][  0]LightingResults: New page: Lighting Build
[2018.10.18-22.05.23:858][  0]LogLinker: Warning: Asset '../../../../../git/MMLX/MMLX 4.20/Content/Megaman/Inventory/special_weapon_struct.uasset' has been saved with empty engine version. The asset will be loaded but may be incompatible.
[2018.10.18-22.05.23:860][  0]LogLinker: Warning: Asset '../../../../../git/MMLX/MMLX 4.20/Content/Megaman/Inventory/buster_part_type_struct.uasset' has been saved with empty engine version. The asset will be loaded but may be incompatible.
[2018.10.18-22.05.23:861][  0]LogLinker: Warning: Asset '../../../../../git/MMLX/MMLX 4.20/Content/Megaman/Inventory/special_item_struct.uasset' has been saved with empty engine version. The asset will be loaded but may be incompatible.
[2018.10.18-22.05.23:862][  0]LogLinker: Warning: Asset '../../../../../git/MMLX/MMLX 4.20/Content/Megaman/Inventory/normal_item_struct.uasset' has been saved with empty engine version. The asset will be loaded but may be incompatible.
[2018.10.18-22.05.24:052][  0]LogLinker: Warning: Asset '../../../../../git/MMLX/MMLX 4.20/Content/Megaman/Inventory/SpecialItemsTextures/MMLKeyItem02.uasset' has been saved with empty engine version. The asset will be loaded but may be incompatible.
[2018.10.18-22.05.24:053][  0]LogLinker: Warning: Asset '../../../../../git/MMLX/MMLX 4.20/Content/Megaman/Inventory/SpecialItemsTextures/MMLKeyItem03.uasset' has been saved with empty engine version. The asset will be loaded but may be incompatible.
[2018.10.18-22.05.24:054][  0]LogLinker: Warning: Asset '../../../../../git/MMLX/MMLX 4.20/Content/Megaman/Inventory/SpecialWeaponsTextures/MMLWActiveBuster.uasset' has been saved with empty engine version. The asset will be loaded but may be incompatible.
[2018.10.18-22.05.24:055][  0]LogLinker: Warning: Asset '../../../../../git/MMLX/MMLX 4.20/Content/Megaman/Inventory/SpecialWeaponsTextures/MMLWDrillArm.uasset' has been saved with empty engine version. The asset will be loaded but may be incompatible.
[2018.10.18-22.05.24:056][  0]LogLinker: Warning: Asset '../../../../../git/MMLX/MMLX 4.20/Content/Megaman/Inventory/SpecialWeaponsTextures/MMLWSplashMine.uasset' has been saved with empty engine version. The asset will be loaded but may be incompatible.
[2018.10.18-22.05.24:174][  0]LogLinker: Warning: Asset '../../../../../git/MMLX/MMLX 4.20/Content/Blueprints/Zenny/greenZennyMat.uasset' has been saved with empty engine version. The asset will be loaded but may be incompatible.
[2018.10.18-22.05.24:174][  0]LogLinker: Warning: Asset '../../../../../git/MMLX/MMLX 4.20/Content/Audio/SFX/sfx_general/sfx-getzenny1.uasset' has been saved with empty engine version. The asset will be loaded but may be incompatible.
[2018.10.18-22.05.25:508][  0]LogTexture: Display: Building textures: T_BusterGun_EMS (AutoDXT, 4096X4096)
[2018.10.18-22.05.25:713][  0]LogStaticMesh: Building static mesh MegaMan_BusterGun_Arm_001...
[2018.10.18-22.05.25:778][  0]LogStaticMesh: Built static mesh [0.07s] /Game/Megaman/Mesh/MegaMan_BusterGun_Arm_001.MegaMan_BusterGun_Arm_001
[2018.10.18-22.05.25:791][  0]LogTexture: Display: Building textures: T_HairEyes_RES (AutoDXT, 4096X4096)
[2018.10.18-22.05.25:791][  0]LogAnimationCompression: Building Anim DDC data for AnimSequence /Game/Megaman/Animations/BusterGun_Transform_Anim_Anim.BusterGun_Transform_Anim_Anim
[2018.10.18-22.05.25:791][  0]LogAnimationCompression: Recompressing (AnimSequence /Game/Megaman/Animations/BusterGun_Transform_Anim_Anim.BusterGun_Transform_Anim_Anim) using current/default (AnimCompress_BitwiseCompressOnly_6) bFirstRecompressUsingCurrentOrDefault(1) bTryAlternateCompressor(0) IsCompressedDataValid(0)
[2018.10.18-22.05.25:792][  0]LogAnimationCompression: Building Anim DDC data for AnimSequence /Game/Megaman/Animations/AimOffsets/Targeting/Megaman_Targeting_AO_RU_v001.Megaman_Targeting_AO_RU_v001
[2018.10.18-22.05.25:793][  0]LogAnimationCompression: Recompressing (AnimSequence /Game/Megaman/Animations/AimOffsets/Targeting/Megaman_Targeting_AO_RU_v001.Megaman_Targeting_AO_RU_v001) using current/default (AnimCompress_BitwiseCompressOnly_54) bFirstRecompressUsingCurrentOrDefault(1) bTryAlternateCompressor(0) IsCompressedDataValid(0)
[2018.10.18-22.05.25:795][  0]LogAnimationCompression: Building Anim DDC data for AnimSequence /Game/Megaman/Animations/AimOffsets/Targeting/Megaman_Targeting_AO_RD_v001.Megaman_Targeting_AO_RD_v001
[2018.10.18-22.05.25:796][  0]LogAnimationCompression: Recompressing (AnimSequence /Game/Megaman/Animations/AimOffsets/Targeting/Megaman_Targeting_AO_RD_v001.Megaman_Targeting_AO_RD_v001) using current/default (AnimCompress_BitwiseCompressOnly_53) bFirstRecompressUsingCurrentOrDefault(1) bTryAlternateCompressor(0) IsCompressedDataValid(0)
[2018.10.18-22.05.25:798][  0]LogAnimationCompression: Building Anim DDC data for AnimSequence /Game/Megaman/Animations/AimOffsets/Targeting/Megaman_Targeting_AO_RC_v001.Megaman_Targeting_AO_RC_v001
[2018.10.18-22.05.25:799][  0]LogAnimationCompression: Recompressing (AnimSequence /Game/Megaman/Animations/AimOffsets/Targeting/Megaman_Targeting_AO_RC_v001.Megaman_Targeting_AO_RC_v001) using current/default (AnimCompress_BitwiseCompressOnly_52) bFirstRecompressUsingCurrentOrDefault(1) bTryAlternateCompressor(0) IsCompressedDataValid(0)
[2018.10.18-22.05.25:800][  0]LogAnimationCompression: Building Anim DDC data for AnimSequence /Game/Megaman/Animations/AimOffsets/Targeting/Megaman_Targeting_AO_LU_v001.Megaman_Targeting_AO_LU_v001
[2018.10.18-22.05.25:801][  0]LogAnimationCompression: Recompressing (AnimSequence /Game/Megaman/Animations/AimOffsets/Targeting/Megaman_Targeting_AO_LU_v001.Megaman_Targeting_AO_LU_v001) using current/default (AnimCompress_BitwiseCompressOnly_51) bFirstRecompressUsingCurrentOrDefault(1) bTryAlternateCompressor(0) IsCompressedDataValid(0)
[2018.10.18-22.05.25:802][  0]LogAnimationCompression: Building Anim DDC data for AnimSequence /Game/Megaman/Animations/AimOffsets/Targeting/Megaman_Targeting_AO_LD_v001.Megaman_Targeting_AO_LD_v001
[2018.10.18-22.05.25:802][  0]LogAnimationCompression: Recompressing (AnimSequence /Game/Megaman/Animations/AimOffsets/Targeting/Megaman_Targeting_AO_LD_v001.Megaman_Targeting_AO_LD_v001) using current/default (AnimCompress_BitwiseCompressOnly_50) bFirstRecompressUsingCurrentOrDefault(1) bTryAlternateCompressor(0) IsCompressedDataValid(0)
[2018.10.18-22.05.25:803][  0]LogAnimationCompression: Building Anim DDC data for AnimSequence /Game/Megaman/Animations/AimOffsets/Targeting/Megaman_Targeting_AO_LC_v001.Megaman_Targeting_AO_LC_v001
[2018.10.18-22.05.25:804][  0]LogAnimationCompression: Recompressing (AnimSequence /Game/Megaman/Animations/AimOffsets/Targeting/Megaman_Targeting_AO_LC_v001.Megaman_Targeting_AO_LC_v001) using current/default (AnimCompress_BitwiseCompressOnly_49) bFirstRecompressUsingCurrentOrDefault(1) bTryAlternateCompressor(0) IsCompressedDataValid(0)
[2018.10.18-22.05.25:805][  0]LogAnimationCompression: Building Anim DDC data for AnimSequence /Game/Megaman/Animations/AimOffsets/Targeting/Megaman_Targeting_AO_CU_v001.Megaman_Targeting_AO_CU_v001
[2018.10.18-22.05.25:806][  0]LogAnimationCompression: Recompressing (AnimSequence /Game/Megaman/Animations/AimOffsets/Targeting/Megaman_Targeting_AO_CU_v001.Megaman_Targeting_AO_CU_v001) using current/default (AnimCompress_BitwiseCompressOnly_48) bFirstRecompressUsingCurrentOrDefault(1) bTryAlternateCompressor(0) IsCompressedDataValid(0)
[2018.10.18-22.05.25:807][  0]LogAnimationCompression: Building Anim DDC data for AnimSequence /Game/Megaman/Animations/AimOffsets/Targeting/Megaman_Targeting_AO_CD_v001.Megaman_Targeting_AO_CD_v001
[2018.10.18-22.05.25:807][  0]LogAnimationCompression: Recompressing (AnimSequence /Game/Megaman/Animations/AimOffsets/Targeting/Megaman_Targeting_AO_CD_v001.Megaman_Targeting_AO_CD_v001) using current/default (AnimCompress_BitwiseCompressOnly_47) bFirstRecompressUsingCurrentOrDefault(1) bTryAlternateCompressor(0) IsCompressedDataValid(0)
[2018.10.18-22.05.25:808][  0]LogAnimationCompression: Building Anim DDC data for AnimSequence /Game/Megaman/Animations/AimOffsets/Targeting/Megaman_Targeting_AO_CC_v001.Megaman_Targeting_AO_CC_v001
[2018.10.18-22.05.25:809][  0]LogAnimationCompression: Recompressing (AnimSequence /Game/Megaman/Animations/AimOffsets/Targeting/Megaman_Targeting_AO_CC_v001.Megaman_Targeting_AO_CC_v001) using current/default (AnimCompress_BitwiseCompressOnly_46) bFirstRecompressUsingCurrentOrDefault(1) bTryAlternateCompressor(0) IsCompressedDataValid(0)
[2018.10.18-22.05.25:810][  0]LogAnimationCompression: Building Anim DDC data for AnimSequence /Game/Megaman/Animations/AimOffsets/Looking/Megaman_Idle_AO_RU_v001.Megaman_Idle_AO_RU_v001
[2018.10.18-22.05.25:822][  0]LogAnimationCompression: Recompressing (AnimSequence /Game/Megaman/Animations/AimOffsets/Looking/Megaman_Idle_AO_RU_v001.Megaman_Idle_AO_RU_v001) using current/default (AnimCompress_BitwiseCompressOnly_45) bFirstRecompressUsingCurrentOrDefault(1) bTryAlternateCompressor(0) IsCompressedDataValid(0)
[2018.10.18-22.05.25:826][  0]LogAnimationCompression: Building Anim DDC data for AnimSequence /Game/Megaman/Animations/AimOffsets/Looking/Megaman_Idle_AO_RD_v001.Megaman_Idle_AO_RD_v001
[2018.10.18-22.05.25:831][  0]LogAnimationCompression: Recompressing (AnimSequence /Game/Megaman/Animations/AimOffsets/Looking/Megaman_Idle_AO_RD_v001.Megaman_Idle_AO_RD_v001) using current/default (AnimCompress_BitwiseCompressOnly_44) bFirstRecompressUsingCurrentOrDefault(1) bTryAlternateCompressor(0) IsCompressedDataValid(0)
[2018.10.18-22.05.25:835][  0]LogAnimationCompression: Building Anim DDC data for AnimSequence /Game/Megaman/Animations/AimOffsets/Looking/Megaman_Idle_AO_LU_v001.Megaman_Idle_AO_LU_v001
[2018.10.18-22.05.25:836][  0]LogAnimationCompression: Recompressing (AnimSequence /Game/Megaman/Animations/AimOffsets/Looking/Megaman_Idle_AO_LU_v001.Megaman_Idle_AO_LU_v001) using current/default (AnimCompress_BitwiseCompressOnly_42) bFirstRecompressUsingCurrentOrDefault(1) bTryAlternateCompressor(0) IsCompressedDataValid(0)
[2018.10.18-22.05.25:837][  0]LogAnimationCompression: Building Anim DDC data for AnimSequence /Game/Megaman/Animations/AimOffsets/Looking/Megaman_Idle_AO_LD_v001.Megaman_Idle_AO_LD_v001
[2018.10.18-22.05.25:837][  0]LogAnimationCompression: Recompressing (AnimSequence /Game/Megaman/Animations/AimOffsets/Looking/Megaman_Idle_AO_LD_v001.Megaman_Idle_AO_LD_v001) using current/default (AnimCompress_BitwiseCompressOnly_41) bFirstRecompressUsingCurrentOrDefault(1) bTryAlternateCompressor(0) IsCompressedDataValid(0)
[2018.10.18-22.05.25:838][  0]LogAnimationCompression: Building Anim DDC data for AnimSequence /Game/Megaman/Animations/AimOffsets/Looking/Megaman_Idle_AO_LC_v001.Megaman_Idle_AO_LC_v001
[2018.10.18-22.05.25:838][  0]LogAnimationCompression: Recompressing (AnimSequence /Game/Megaman/Animations/AimOffsets/Looking/Megaman_Idle_AO_LC_v001.Megaman_Idle_AO_LC_v001) using current/default (AnimCompress_BitwiseCompressOnly_40) bFirstRecompressUsingCurrentOrDefault(1) bTryAlternateCompressor(0) IsCompressedDataValid(0)
[2018.10.18-22.05.25:839][  0]LogAnimationCompression: Building Anim DDC data for AnimSequence /Game/Megaman/Animations/AimOffsets/Looking/Megaman_Idle_AO_CU_v001.Megaman_Idle_AO_CU_v001
[2018.10.18-22.05.25:839][  0]LogAnimationCompression: Recompressing (AnimSequence /Game/Megaman/Animations/AimOffsets/Looking/Megaman_Idle_AO_CU_v001.Megaman_Idle_AO_CU_v001) using current/default (AnimCompress_BitwiseCompressOnly_39) bFirstRecompressUsingCurrentOrDefault(1) bTryAlternateCompressor(0) IsCompressedDataValid(0)
[2018.10.18-22.05.25:840][  0]LogAnimationCompression: Building Anim DDC data for AnimSequence /Game/Megaman/Animations/AimOffsets/Looking/Megaman_Idle_AO_CD_v001.Megaman_Idle_AO_CD_v001
[2018.10.18-22.05.25:840][  0]LogAnimationCompression: Recompressing (AnimSequence /Game/Megaman/Animations/AimOffsets/Looking/Megaman_Idle_AO_CD_v001.Megaman_Idle_AO_CD_v001) using current/default (AnimCompress_BitwiseCompressOnly_38) bFirstRecompressUsingCurrentOrDefault(1) bTryAlternateCompressor(0) IsCompressedDataValid(0)
[2018.10.18-22.05.25:841][  0]LogAnimationCompression: Building Anim DDC data for AnimSequence /Game/Megaman/Animations/MegaMan_Idle_Default_Anim_v001.MegaMan_Idle_Default_Anim_v001
[2018.10.18-22.05.25:841][  0]LogAnimationCompression: Recompressing (AnimSequence /Game/Megaman/Animations/MegaMan_Idle_Default_Anim_v001.MegaMan_Idle_Default_Anim_v001) using current/default (AnimCompress_BitwiseCompressOnly_17) bFirstRecompressUsingCurrentOrDefault(1) bTryAlternateCompressor(0) IsCompressedDataValid(0)
[2018.10.18-22.05.25:977][  0]LogStaticMesh: Building static mesh container...
[2018.10.18-22.05.25:983][  0]LogStaticMesh: Built static mesh [0.01s] /Game/Blueprints/Items/container.container
[2018.10.18-22.05.25:988][  0]LogAnimationCompression: Building Anim DDC data for AnimSequence /Game/Megaman/Animations/MegaMan_PreBusterGunTransform_Anim_v001.MegaMan_PreBusterGunTransform_Anim_v001
[2018.10.18-22.05.25:988][  0]LogAnimationCompression: Recompressing (AnimSequence /Game/Megaman/Animations/MegaMan_PreBusterGunTransform_Anim_v001.MegaMan_PreBusterGunTransform_Anim_v001) using current/default (AnimCompress_BitwiseCompressOnly_1) bFirstRecompressUsingCurrentOrDefault(1) bTryAlternateCompressor(0) IsCompressedDataValid(0)
[2018.10.18-22.05.25:989][  0]LogAnimationCompression: Building Anim DDC data for AnimSequence /Game/Megaman/Animations/MegaMan_L_Arm_Shrunk_State_v001.MegaMan_L_Arm_Shrunk_State_v001
[2018.10.18-22.05.25:990][  0]LogAnimationCompression: Recompressing (AnimSequence /Game/Megaman/Animations/MegaMan_L_Arm_Shrunk_State_v001.MegaMan_L_Arm_Shrunk_State_v001) using current/default (AnimCompress_BitwiseCompressOnly_29) bFirstRecompressUsingCurrentOrDefault(1) bTryAlternateCompressor(0) IsCompressedDataValid(0)
[2018.10.18-22.05.25:990][  0]LogAnimationCompression: Building Anim DDC data for AnimSequence /Game/Megaman/Animations/MegaMan_L_Arm_Shrink_Anim_002.MegaMan_L_Arm_Shrink_Anim_002
[2018.10.18-22.05.25:992][  0]LogAnimationCompression: Recompressing (AnimSequence /Game/Megaman/Animations/MegaMan_L_Arm_Shrink_Anim_002.MegaMan_L_Arm_Shrink_Anim_002) using current/default (AnimCompress_BitwiseCompressOnly_15) bFirstRecompressUsingCurrentOrDefault(1) bTryAlternateCompressor(0) IsCompressedDataValid(0)
[2018.10.18-22.05.25:993][  0]LogAnimationCompression: Building Anim DDC data for AnimSequence /Game/Megaman/Animations/MegaMan_RunCycle_Anim_v001.MegaMan_RunCycle_Anim_v001
[2018.10.18-22.05.25:994][  0]LogAnimationCompression: Recompressing (AnimSequence /Game/Megaman/Animations/MegaMan_RunCycle_Anim_v001.MegaMan_RunCycle_Anim_v001) using current/default (AnimCompress_BitwiseCompressOnly_0) bFirstRecompressUsingCurrentOrDefault(1) bTryAlternateCompressor(0) IsCompressedDataValid(0)
[2018.10.18-22.05.25:995][  0]LogAnimationCompression: Building Anim DDC data for AnimSequence /Game/Megaman/Animations/MegaMan_Standing_Idle_Pose_v001.MegaMan_Standing_Idle_Pose_v001
[2018.10.18-22.05.25:996][  0]LogAnimationCompression: Recompressing (AnimSequence /Game/Megaman/Animations/MegaMan_Standing_Idle_Pose_v001.MegaMan_Standing_Idle_Pose_v001) using current/default (AnimCompress_BitwiseCompressOnly_17) bFirstRecompressUsingCurrentOrDefault(1) bTryAlternateCompressor(0) IsCompressedDataValid(0)
[2018.10.18-22.05.25:997][  0]LogAudioDerivedData: Display: Building compressed audio format OGG hash OGG wave sfx-kick_1...
[2018.10.18-22.05.25:997][  0]LogTemp: Couldn't find amount to resample to.
[2018.10.18-22.05.26:029][  0]LogAudioDerivedData: Display: Updated SoundWave->RawPCMDataSize from 0 to 29632 while cooking SoundWave /Game/Audio/SFX/sfx_trigger_set1/sfx-kick_1.sfx-kick_1.
[2018.10.18-22.05.26:029][  0]LogAnimationCompression: Building Anim DDC data for AnimSequence /Game/Megaman/Animations/Megaman_R_Kick_Anim_v001.Megaman_R_Kick_Anim_v001
[2018.10.18-22.05.26:029][  0]LogAnimationCompression: Recompressing (AnimSequence /Game/Megaman/Animations/Megaman_R_Kick_Anim_v001.Megaman_R_Kick_Anim_v001) using current/default (AnimCompress_BitwiseCompressOnly_8) bFirstRecompressUsingCurrentOrDefault(1) bTryAlternateCompressor(0) IsCompressedDataValid(0)
[2018.10.18-22.05.26:031][  0]LogAnimationCompression: Building Anim DDC data for AnimSequence /Game/Megaman/Animations/MegaMan_L_Arm_Shrink_Anim_001.MegaMan_L_Arm_Shrink_Anim_001
[2018.10.18-22.05.26:032][  0]LogAnimationCompression: Recompressing (AnimSequence /Game/Megaman/Animations/MegaMan_L_Arm_Shrink_Anim_001.MegaMan_L_Arm_Shrink_Anim_001) using current/default (AnimCompress_BitwiseCompressOnly_14) bFirstRecompressUsingCurrentOrDefault(1) bTryAlternateCompressor(0) IsCompressedDataValid(0)
[2018.10.18-22.05.26:034][  0]LogAnimationCompression: Building Anim DDC data for AnimSequence /Game/Megaman/Animations/MegaMan_L_Arm_Grow_Anim_002.MegaMan_L_Arm_Grow_Anim_002
[2018.10.18-22.05.26:035][  0]LogAnimationCompression: Recompressing (AnimSequence /Game/Megaman/Animations/MegaMan_L_Arm_Grow_Anim_002.MegaMan_L_Arm_Grow_Anim_002) using current/default (AnimCompress_BitwiseCompressOnly_12) bFirstRecompressUsingCurrentOrDefault(1) bTryAlternateCompressor(0) IsCompressedDataValid(0)
[2018.10.18-22.05.26:036][  0]LogAnimationCompression: Building Anim DDC data for AnimSequence /Game/Megaman/Animations/MegaMan_L_Arm_Grow_Anim_001.MegaMan_L_Arm_Grow_Anim_001
[2018.10.18-22.05.26:038][  0]LogAnimationCompression: Recompressing (AnimSequence /Game/Megaman/Animations/MegaMan_L_Arm_Grow_Anim_001.MegaMan_L_Arm_Grow_Anim_001) using current/default (AnimCompress_BitwiseCompressOnly_11) bFirstRecompressUsingCurrentOrDefault(1) bTryAlternateCompressor(0) IsCompressedDataValid(0)
[2018.10.18-22.05.26:039][  0]LogAnimationCompression: Building Anim DDC data for AnimSequence /Game/Megaman/Animations/MegaMan_Jump_Start_Anim_v001.MegaMan_Jump_Start_Anim_v001
[2018.10.18-22.05.26:039][  0]LogAnimationCompression: Recompressing (AnimSequence /Game/Megaman/Animations/MegaMan_Jump_Start_Anim_v001.MegaMan_Jump_Start_Anim_v001) using current/default (AnimCompress_BitwiseCompressOnly_4) bFirstRecompressUsingCurrentOrDefault(1) bTryAlternateCompressor(0) IsCompressedDataValid(0)
[2018.10.18-22.05.26:041][  0]LogAnimationCompression: Building Anim DDC data for AnimSequence /Game/Megaman/Animations/MegaMan_Jump_End_Anim_v001.MegaMan_Jump_End_Anim_v001
[2018.10.18-22.05.26:042][  0]LogAnimationCompression: Recompressing (AnimSequence /Game/Megaman/Animations/MegaMan_Jump_End_Anim_v001.MegaMan_Jump_End_Anim_v001) using current/default (AnimCompress_BitwiseCompressOnly_2) bFirstRecompressUsingCurrentOrDefault(1) bTryAlternateCompressor(0) IsCompressedDataValid(0)
[2018.10.18-22.05.26:043][  0]LogAnimationCompression: Building Anim DDC data for AnimSequence /Game/Megaman/Animations/MegaMan_Jump_Air_Anim_v001.MegaMan_Jump_Air_Anim_v001
[2018.10.18-22.05.26:043][  0]LogAnimationCompression: Recompressing (AnimSequence /Game/Megaman/Animations/MegaMan_Jump_Air_Anim_v001.MegaMan_Jump_Air_Anim_v001) using current/default (AnimCompress_BitwiseCompressOnly_3) bFirstRecompressUsingCurrentOrDefault(1) bTryAlternateCompressor(0) IsCompressedDataValid(0)
[2018.10.18-22.05.26:049][  0]LogMaterial: Display: Missing cached shader map for material OrangeOuterMat, compiling. 
[2018.10.18-22.05.26:145][  0]LogShaderCompilers: Display: Shaders left to compile 22
[2018.10.18-22.05.26:146][  0]LogShaderCompilers: Display: Shaders left to compile 12
[2018.10.18-22.05.26:146][  0]LogShaderCompilers: Display: Shaders left to compile 2
[2018.10.18-22.05.26:146][  0]LogStaticMesh: Building static mesh orangeEnergyCube...
[2018.10.18-22.05.26:162][  0]LogTexture: Display: Building textures: T_BusterGun_NRM (BC5, 4096X4096)
[2018.10.18-22.05.26:162][  0]LogStaticMesh: Built static mesh [0.02s] /Game/Blueprints/Items/orangeEnergyCube.orangeEnergyCube
[2018.10.18-22.05.26:165][  0]LogMaterial: Display: Missing cached shader map for material GlowingInnerMat, compiling. 
[2018.10.18-22.05.26:241][  0]LogMaterial: Display: Missing cached shader map for material transparent, compiling. 
[2018.10.18-22.05.31:773][  0]LogShaderCompilers: Display: Shaders left to compile 22
[2018.10.18-22.05.31:773][  0]LogShaderCompilers: Display: Shaders left to compile 12
[2018.10.18-22.05.31:773][  0]LogShaderCompilers: Display: Shaders left to compile 2
[2018.10.18-22.05.31:773][  0]LogShaderCompilers: Display: Shaders left to compile 31
[2018.10.18-22.05.31:773][  0]LogShaderCompilers: Display: Shaders left to compile 21
[2018.10.18-22.05.31:773][  0]LogShaderCompilers: Display: Shaders left to compile 11
[2018.10.18-22.05.31:773][  0]LogTexture: Display: Building textures: T_BusterGun_COL (AutoDXT, 4096X4096)
[2018.10.18-22.05.31:773][  0]LogTexture: Display: Building textures: T_HeadBodyHands_EMS (AutoDXT, 4096X4096)
[2018.10.18-22.05.31:773][  0]LogTexture: Display: Building textures: T_HairEyes_COL (AutoDXT, 4096X4096)
[2018.10.18-22.05.31:773][  0]LogTexture: Display: Building textures: T_HairEyes_NRM (BC5, 4096X4096)
[2018.10.18-22.05.31:773][  0]LogTexture: Display: Building textures: T_HeadBodyHands_COL (AutoDXT, 4096X4096)
[2018.10.18-22.05.31:773][  0]LogShaderCompilers: Display: Shaders left to compile 1
[2018.10.18-22.05.31:773][  0]LogTexture: Display: Building textures: T_HeadBodyHands_RES (AutoDXT, 4096X4096)
[2018.10.18-22.05.31:773][  0]LogTexture: Display: Building textures: T_ArmsLegs_RES (AutoDXT, 4096X4096)
[2018.10.18-22.05.31:773][  0]LogTexture: Display: Building textures: T_BusterGun_RES (AutoDXT, 4096X4096)
[2018.10.18-22.05.31:774][  0]LogTexture: Display: Building textures: T_ArmsLegs_NRM (BC5, 4096X4096)
[2018.10.18-22.05.31:774][  0]LogTexture: Display: Building textures: T_HeadBodyHands_NRM (BC5, 4096X4096)
[2018.10.18-22.05.31:774][  0]LogTexture: Display: Building textures: T_ArmsLegs_EMS (AutoDXT, 4096X4096)
[2018.10.18-22.05.34:290][  0]LogTexture: Display: Building textures: KONTE (AutoDXT, 128X128)
[2018.10.18-22.05.34:290][  0]LogTexture: Display: Building textures: T_ArmsLegs_COL (AutoDXT, 4096X4096)
[2018.10.18-22.05.34:290][  0]LogTexture: Display: Building textures: HQ_Lightmap1_1 (AutoDXT, 2048X2048)
[2018.10.18-22.05.34:290][  0]LogTexture: Display: Building textures: HQ_Lightmap1_2 (AutoDXT, 2048X2048)
[2018.10.18-22.05.34:290][  0]LogTexture: Display: Building textures: HQ_Lightmap1_3 (AutoDXT, 2048X2048)
[2018.10.18-22.05.34:290][  0]LogTexture: Display: Building textures: HQ_Lightmap1_34 (AutoDXT, 256X256)
[2018.10.18-22.05.34:290][  0]LogTexture: Display: Building textures: HQ_Lightmap1_36 (AutoDXT, 64X64)
[2018.10.18-22.05.34:290][  0]LogTexture: Display: Building textures: LQ_Lightmap_1_1 (DXT1, 2048X2048)
[2018.10.18-22.05.34:290][  0]LogTexture: Display: Building textures: LQ_Lightmap_1_2 (DXT1, 2048X2048)
[2018.10.18-22.05.34:290][  0]LogTexture: Display: Building textures: LQ_Lightmap_1_3 (DXT1, 2048X2048)
[2018.10.18-22.05.34:292][  0]LogTexture: Display: Building textures: LQ_Lightmap_1_36 (DXT1, 64X64)
[2018.10.18-22.05.34:292][  0]LogTexture: Display: Building textures: LQ_Lightmap_1_34 (DXT1, 256X256)
[2018.10.18-22.05.34:292][  0]LogMaterial: Display: Missing cached shader map for material M_HairEyes_OW, compiling. 
[2018.10.18-22.05.34:398][  0]LogTexture: Display: Building textures: ShadowMapTexture2D_1 (G8, 512X1024)
[2018.10.18-22.05.34:398][  0]LogTexture: Display: Building textures: ShadowMapTexture2D_0 (BGRA8, 1024X1024)
[2018.10.18-22.05.34:398][  0]LogTexture: Display: Building textures: ShadowMapTexture2D_2 (G8, 32X32)
[2018.10.18-22.05.34:398][  0]LogShaderCompilers: Display: Shaders left to compile 98
[2018.10.18-22.05.34:398][  0]LogSkeletalMesh: Building Skeletal Mesh MegaMan_Hair_SkeletalMesh...
[2018.10.18-22.05.34:424][  0]LogSkeletalMesh: Built Skeletal Mesh [0.03s] /Game/Megaman/Mesh/MM_HAIR/MegaMan_Hair_SkeletalMesh.MegaMan_Hair_SkeletalMesh
[2018.10.18-22.05.40:732][  0]LogShaderCompilers: Display: Shaders left to compile 88
[2018.10.18-22.05.40:732][  0]LogShaderCompilers: Display: Shaders left to compile 78
[2018.10.18-22.05.40:732][  0]LogShaderCompilers: Display: Shaders left to compile 68
[2018.10.18-22.05.40:732][  0]LogShaderCompilers: Display: Shaders left to compile 58
[2018.10.18-22.05.40:732][  0]LogShaderCompilers: Display: Shaders left to compile 48
[2018.10.18-22.05.40:788][  0]LogStaticMesh: Building static mesh ZennyMesh...
[2018.10.18-22.05.40:794][  0]LogStaticMesh: Built static mesh [0.01s] /Game/Blueprints/Zenny/ZennyMesh.ZennyMesh
[2018.10.18-22.05.40:800][  0]LogMaterial: Display: Missing cached shader map for material M_BusterGun_OW, compiling. 
[2018.10.18-22.05.40:914][  0]LogSkeletalMesh: Building Skeletal Mesh MegaMan_BusterGun_Intermediates_001...
[2018.10.18-22.05.40:920][  0]LogSkeletalMesh: Built Skeletal Mesh [0.01s] /Game/Megaman/Mesh/MegaMan_BusterGun_Intermediates_001.MegaMan_BusterGun_Intermediates_001
[2018.10.18-22.05.41:391][  0]LogMaterial: Display: Missing cached shader map for material M_HeadBodyHands, compiling. 
[2018.10.18-22.05.41:434][  0]LogMaterial: Display: Missing cached shader map for material M_HairEyes, compiling. 
[2018.10.18-22.05.41:479][  0]LogMaterial: Display: Missing cached shader map for material M_ArmsLegs, compiling. 
[2018.10.18-22.05.41:535][  0]LogMaterial: Display: Missing cached shader map for material zenny_magnet_sphere, compiling. 
[2018.10.18-22.05.41:580][  0]LogAudioDerivedData: Display: Building compressed audio format OGG hash OGG wave sfx-Un-LockOn_1...
[2018.10.18-22.05.41:580][  0]LogTemp: Couldn't find amount to resample to.
[2018.10.18-22.05.41:602][  0]LogAudioDerivedData: Display: Updated SoundWave->RawPCMDataSize from 0 to 62680 while cooking SoundWave /Game/Audio/SFX/sfx_trigger_set1/sfx-Un-LockOn_1.sfx-Un-LockOn_1.
[2018.10.18-22.05.41:602][  0]LogAudioDerivedData: Display: Building compressed audio format OGG hash OGG wave sfx-lock-on...
[2018.10.18-22.05.41:603][  0]LogTemp: Couldn't find amount to resample to.
[2018.10.18-22.05.41:613][  0]LogMaterial: Display: Missing cached shader map for material M_HeadBodyHands_OW, compiling. 
[2018.10.18-22.05.41:679][  0]LogMaterial: Display: Missing cached shader map for material M_ArmsLegs_OW, compiling. 
[2018.10.18-22.05.41:743][  0]LogSkeletalMesh: Building Skeletal Mesh MegaMan_FullBody_Skeletal_Mesh_001...
[2018.10.18-22.05.41:908][  0]LogShaderCompilers: Display: Shaders left to compile 505
[2018.10.18-22.05.41:909][  0]LogSkeletalMesh: Built Skeletal Mesh [0.17s] /Game/Megaman/Mesh/MegaMan_FullBody_Skeletal_Mesh_001.MegaMan_FullBody_Skeletal_Mesh_001
[2018.10.18-22.05.41:944][  0]LogMaterial: Display: Missing cached shader map for material M_BusterGun_Projectile, compiling. 
[2018.10.18-22.05.41:962][  0]LogMaterial: Display: Missing cached shader map for material M_PlasmaParticle, compiling. 
[2018.10.18-22.05.41:993][  0]LogMaterial: Display: Missing cached shader map for material M_EyeGloss, compiling. 
[2018.10.18-22.05.42:197][  0]LogMaterial: Display: Missing cached shader map for material itemContainerMat__KONTE_png, compiling. 
[2018.10.18-22.05.42:251][  0]LogMaterial: Display: Missing cached shader map for material PurpleZennyMat, compiling. 
[2018.10.18-22.05.42:274][  0]LogMaterial: Display: Missing cached shader map for material PinkZennyMat, compiling. 
[2018.10.18-22.05.42:298][  0]LogMaterial: Display: Missing cached shader map for material PaleZennyMat, compiling. 
[2018.10.18-22.05.42:318][  0]LogAudioDerivedData: Display: Building compressed audio format OGG hash OGG wave sfx-getzenny1...
[2018.10.18-22.05.42:318][  0]LogTemp: Couldn't find amount to resample to.
[2018.10.18-22.05.42:344][  0]LogMaterial: Display: Missing cached shader map for material greenZennyMat, compiling. 
[2018.10.18-22.05.42:462][  0]LogShaderCompilers: Display: Shaders left to compile 806
[2018.10.18-22.05.42:462][  0]LogShaderCompilers: Display: Shaders left to compile 796
[2018.10.18-22.05.42:462][  0]LogAudioDerivedData: Display: Building compressed audio format OGG hash OGG wave sfx-buster-fire1...
[2018.10.18-22.05.42:462][  0]LogTemp: Couldn't find amount to resample to.
[2018.10.18-22.05.42:483][  0]LogAudioDerivedData: Display: Building compressed audio format OGG hash OGG wave sfx-big-cannonFire...
[2018.10.18-22.05.42:483][  0]LogTemp: Couldn't find amount to resample to.
[2018.10.18-22.05.42:519][  0]LogAudioDerivedData: Display: Building compressed audio format OGG hash OGG wave ChargingWeapon...
[2018.10.18-22.05.42:519][  0]LogTemp: Couldn't find amount to resample to.
[2018.10.18-22.05.42:571][  0]LogAudioDerivedData: Display: Building compressed audio format OGG hash OGG wave BusterGunTransform_Composite01...
[2018.10.18-22.05.42:571][  0]LogTemp: Couldn't find amount to resample to.
[2018.10.18-22.05.42:617][  0]LogAudioDerivedData: Display: Updated SoundWave->RawPCMDataSize from 0 to 180888 while cooking SoundWave /Game/Audio/SFX/sfx_trigger_set1/BusterGunTransform/BusterGunTransform_Composite01.BusterGunTransform_Composite01.
[2018.10.18-22.05.42:647][  0]LogAnimationCompression: Building Anim DDC data for AnimSequence /Game/Megaman/Animations/AimOffsets/Looking/Megaman_Idle_AO_RC_v001.Megaman_Idle_AO_RC_v001
[2018.10.18-22.05.42:648][  0]LogAnimationCompression: Recompressing (AnimSequence /Game/Megaman/Animations/AimOffsets/Looking/Megaman_Idle_AO_RC_v001.Megaman_Idle_AO_RC_v001) using current/default (AnimCompress_BitwiseCompressOnly_43) bFirstRecompressUsingCurrentOrDefault(1) bTryAlternateCompressor(0) IsCompressedDataValid(0)
[2018.10.18-22.05.42:649][  0]LogAnimationCompression: Building Anim DDC data for AnimSequence /Game/Megaman/Animations/AimOffsets/Looking/Megaman_Idle_AO_CC_v001.Megaman_Idle_AO_CC_v001
[2018.10.18-22.05.42:649][  0]LogAnimationCompression: Recompressing (AnimSequence /Game/Megaman/Animations/AimOffsets/Looking/Megaman_Idle_AO_CC_v001.Megaman_Idle_AO_CC_v001) using current/default (AnimCompress_BitwiseCompressOnly_37) bFirstRecompressUsingCurrentOrDefault(1) bTryAlternateCompressor(0) IsCompressedDataValid(0)
[2018.10.18-22.05.42:768][  0]LogShaderCompilers: Display: Shaders left to compile 786
[2018.10.18-22.05.42:768][  0]LogMaterial: Display: Missing cached shader map for material M_TreasureChest, compiling. 
[2018.10.18-22.05.42:815][  0]LogAIModule: Creating AISystem for world Ocean_Tower_Main
[2018.10.18-22.05.42:856][  0]LogStreaming: Display: ULevelStreaming::RequestLevel(/Game/Maps/Ocean_Tower_Zone2) is flushing async loading
[2018.10.18-22.05.42:856][  0]LogStreaming: Display: Flushing async loaders.
[2018.10.18-22.05.43:089][  0]LogShaderCompilers: Display: Shaders left to compile 798
[2018.10.18-22.05.46:053][  0]LogTexture: Display: Building textures: HQ_Lightmap0_15 (AutoDXT, 1024X1024)
[2018.10.18-22.05.46:053][  0]LogTexture: Display: Building textures: HQ_Lightmap0_23 (AutoDXT, 1024X1024)
[2018.10.18-22.05.46:053][  0]LogTexture: Display: Building textures: HQ_Lightmap0_21 (AutoDXT, 1024X1024)
[2018.10.18-22.05.46:053][  0]LogTexture: Display: Building textures: HQ_Lightmap0_24 (AutoDXT, 1024X1024)
[2018.10.18-22.05.46:053][  0]LogTexture: Display: Building textures: HQ_Lightmap0_14 (AutoDXT, 1024X1024)
[2018.10.18-22.05.46:053][  0]LogTexture: Display: Building textures: HQ_Lightmap0_18 (AutoDXT, 1024X1024)
[2018.10.18-22.05.46:053][  0]LogTexture: Display: Building textures: HQ_Lightmap0_19 (AutoDXT, 1024X1024)
[2018.10.18-22.05.46:053][  0]LogTexture: Display: Building textures: HQ_Lightmap0_20 (AutoDXT, 1024X1024)
[2018.10.18-22.05.46:053][  0]LogTexture: Display: Building textures: HQ_Lightmap0_17 (AutoDXT, 1024X1024)
[2018.10.18-22.05.46:053][  0]LogTexture: Display: Building textures: HQ_Lightmap0_16 (AutoDXT, 1024X1024)
[2018.10.18-22.05.46:053][  0]LogTexture: Display: Building textures: HQ_Lightmap0_25 (AutoDXT, 1024X1024)
[2018.10.18-22.05.46:053][  0]LogTexture: Display: Building textures: HQ_Lightmap0_26 (AutoDXT, 1024X1024)
[2018.10.18-22.05.46:053][  0]LogTexture: Display: Building textures: HQ_Lightmap0_27 (AutoDXT, 1024X1024)
[2018.10.18-22.05.46:053][  0]LogTexture: Display: Building textures: HQ_Lightmap0_28 (AutoDXT, 1024X1024)
[2018.10.18-22.05.46:053][  0]LogTexture: Display: Building textures: HQ_Lightmap0_5 (AutoDXT, 512X512)
[2018.10.18-22.05.46:053][  0]LogTexture: Display: Building textures: HQ_Lightmap1_22 (AutoDXT, 1024X1024)
[2018.10.18-22.05.46:053][  0]LogTexture: Display: Building textures: HQ_Lightmap1_29 (AutoDXT, 1024X1024)
[2018.10.18-22.05.46:053][  0]LogTexture: Display: Building textures: LQ_Lightmap_0_14 (DXT1, 1024X1024)
[2018.10.18-22.05.46:053][  0]LogTexture: Display: Building textures: LQ_Lightmap_0_15 (DXT1, 1024X1024)
[2018.10.18-22.05.46:053][  0]LogTexture: Display: Building textures: HQ_Lightmap1_6 (AutoDXT, 1024X1024)
[2018.10.18-22.05.46:053][  0]LogTexture: Display: Building textures: LQ_Lightmap_0_16 (DXT1, 1024X1024)
[2018.10.18-22.05.46:053][  0]LogShaderCompilers: Display: Shaders left to compile 788
[2018.10.18-22.05.46:053][  0]LogTexture: Display: Building textures: LQ_Lightmap_0_17 (DXT1, 1024X1024)
[2018.10.18-22.05.46:053][  0]LogTexture: Display: Building textures: LQ_Lightmap_0_18 (DXT1, 1024X1024)
[2018.10.18-22.05.46:053][  0]LogTexture: Display: Building textures: LQ_Lightmap_0_19 (DXT1, 1024X1024)
[2018.10.18-22.05.46:053][  0]LogTexture: Display: Building textures: LQ_Lightmap_0_20 (DXT1, 1024X1024)
[2018.10.18-22.05.46:053][  0]LogTexture: Display: Building textures: LQ_Lightmap_0_21 (DXT1, 1024X1024)
[2018.10.18-22.05.46:053][  0]LogTexture: Display: Building textures: LQ_Lightmap_0_23 (DXT1, 1024X1024)
[2018.10.18-22.05.46:053][  0]LogTexture: Display: Building textures: LQ_Lightmap_0_24 (DXT1, 1024X1024)
[2018.10.18-22.05.46:053][  0]LogTexture: Display: Building textures: LQ_Lightmap_0_25 (DXT1, 1024X1024)
[2018.10.18-22.05.46:053][  0]LogTexture: Display: Building textures: LQ_Lightmap_0_27 (DXT1, 1024X1024)
[2018.10.18-22.05.46:053][  0]LogTexture: Display: Building textures: LQ_Lightmap_0_26 (DXT1, 1024X1024)
[2018.10.18-22.05.46:053][  0]LogTexture: Display: Building textures: LQ_Lightmap_0_28 (DXT1, 1024X1024)
[2018.10.18-22.05.46:053][  0]LogTexture: Display: Building textures: LQ_Lightmap_0_5 (DXT1, 512X512)
[2018.10.18-22.05.46:053][  0]LogTexture: Display: Building textures: LQ_Lightmap_1_22 (DXT1, 1024X1024)
[2018.10.18-22.05.46:053][  0]LogTexture: Display: Building textures: LQ_Lightmap_1_29 (DXT1, 1024X1024)
[2018.10.18-22.05.46:054][  0]LogTexture: Display: Building textures: LQ_Lightmap_1_6 (DXT1, 1024X1024)
[2018.10.18-22.05.46:054][  0]LogTexture: Display: Building textures: ShadowMapTexture2D_0 (BGRA8, 256X256)
[2018.10.18-22.05.46:054][  0]LogTexture: Display: Building textures: ShadowMapTexture2D_1 (BGRA8, 1024X1024)
[2018.10.18-22.05.46:054][  0]LogTexture: Display: Building textures: ShadowMapTexture2D_2 (BGRA8, 1024X1024)
[2018.10.18-22.05.46:054][  0]LogTexture: Display: Building textures: ShadowMapTexture2D_3 (BGRA8, 1024X512)
[2018.10.18-22.05.46:054][  0]LogStreaming: Display: ULevelStreaming::RequestLevel(/Game/Maps/Ocean_Tower_Zone1) is flushing async loading
[2018.10.18-22.05.46:226][  0]LogShaderCompilers: Display: Shaders left to compile 778
[2018.10.18-22.05.46:226][  0]LogShaderCompilers: Display: Shaders left to compile 768
[2018.10.18-22.05.46:234][  0]LogTexture: Display: Building textures: HQ_Lightmap1_35 (AutoDXT, 1024X1024)
[2018.10.18-22.05.47:959][  0]LogTexture: Display: Building textures: HQ_Lightmap0_11 (AutoDXT, 1024X1024)
[2018.10.18-22.05.47:959][  0]LogTexture: Display: Building textures: HQ_Lightmap1_12 (AutoDXT, 1024X1024)
[2018.10.18-22.05.47:959][  0]LogTexture: Display: Building textures: HQ_Lightmap0_13 (AutoDXT, 1024X1024)
[2018.10.18-22.05.47:959][  0]LogTexture: Display: Building textures: HQ_Lightmap1_33 (AutoDXT, 1024X1024)
[2018.10.18-22.05.47:959][  0]LogTexture: Display: Building textures: HQ_Lightmap0_30 (AutoDXT, 1024X1024)
[2018.10.18-22.05.47:959][  0]LogTexture: Display: Building textures: HQ_Lightmap0_31 (AutoDXT, 1024X1024)
[2018.10.18-22.05.47:959][  0]LogTexture: Display: Building textures: HQ_Lightmap0_10 (AutoDXT, 1024X1024)
[2018.10.18-22.05.47:959][  0]LogTexture: Display: Building textures: HQ_Lightmap0_9 (AutoDXT, 1024X1024)
[2018.10.18-22.05.47:959][  0]LogTexture: Display: Building textures: HQ_Lightmap0_32 (AutoDXT, 1024X1024)
[2018.10.18-22.05.47:959][  0]LogTexture: Display: Building textures: HQ_Lightmap1_8 (AutoDXT, 1024X1024)
[2018.10.18-22.05.47:959][  0]LogTexture: Display: Building textures: LQ_Lightmap_0_10 (DXT1, 1024X1024)
[2018.10.18-22.05.47:959][  0]LogTexture: Display: Building textures: LQ_Lightmap_0_11 (DXT1, 1024X1024)
[2018.10.18-22.05.47:959][  0]LogTexture: Display: Building textures: LQ_Lightmap_0_13 (DXT1, 1024X1024)
[2018.10.18-22.05.47:959][  0]LogTexture: Display: Building textures: LQ_Lightmap_0_30 (DXT1, 1024X1024)
[2018.10.18-22.05.47:959][  0]LogTexture: Display: Building textures: LQ_Lightmap_0_31 (DXT1, 1024X1024)
[2018.10.18-22.05.47:959][  0]LogTexture: Display: Building textures: LQ_Lightmap_0_32 (DXT1, 1024X1024)
[2018.10.18-22.05.47:959][  0]LogTexture: Display: Building textures: LQ_Lightmap_0_9 (DXT1, 1024X1024)
[2018.10.18-22.05.47:959][  0]LogTexture: Display: Building textures: LQ_Lightmap_1_12 (DXT1, 1024X1024)
[2018.10.18-22.05.47:959][  0]LogTexture: Display: Building textures: LQ_Lightmap_1_33 (DXT1, 1024X1024)
[2018.10.18-22.05.47:959][  0]LogTexture: Display: Building textures: LQ_Lightmap_1_35 (DXT1, 1024X1024)
[2018.10.18-22.05.47:959][  0]LogTexture: Display: Building textures: LQ_Lightmap_1_8 (DXT1, 1024X1024)
[2018.10.18-22.05.47:959][  0]LogTexture: Display: Building textures: ShadowMapTexture2D_0 (BGRA8, 1024X1024)
[2018.10.18-22.05.47:959][  0]LogTexture: Display: Building textures: ShadowMapTexture2D_1 (BGRA8, 1024X1024)
[2018.10.18-22.05.47:959][  0]LogTexture: Display: Building textures: ShadowMapTexture2D_2 (BGRA8, 1024X1024)
[2018.10.18-22.05.47:959][  0]LogTexture: Display: Building textures: ShadowMapTexture2D_3 (BGRA8, 16X512)
[2018.10.18-22.05.47:959][  0]LogStreaming: Display: ULevelStreaming::RequestLevel(/Game/Maps/Ocean_Tower_Zone3) is flushing async loading
[2018.10.18-22.05.48:061][  0]LogTexture: Display: Building textures: ShadowMapTexture2D_0 (BGRA8, 512X128)
[2018.10.18-22.05.48:061][  0]LogTexture: Display: Building textures: HQ_Lightmap0_4 (AutoDXT, 512X512)
[2018.10.18-22.05.48:061][  0]LogTexture: Display: Building textures: LQ_Lightmap_0_4 (DXT1, 512X512)
[2018.10.18-22.05.48:061][  0]LogTexture: Display: Building textures: LQ_Lightmap_1_7 (DXT1, 1024X1024)
[2018.10.18-22.05.48:076][  0]LogTexture: Display: Building textures: HQ_Lightmap1_7 (AutoDXT, 1024X1024)
[2018.10.18-22.05.48:076][  0]LogTexture: Display: Building textures: ShadowMapTexture2D_1 (BGRA8, 1024X512)
[2018.10.18-22.05.48:244][  0]LogEditorServer: Finished looking for orphan Actors (0.000 secs)
[2018.10.18-22.05.48:321][  0]Cmd: MAP CHECKDEP NOCLEARLOG
[2018.10.18-22.05.48:457][  0]MapCheck: Map check complete: 0 Error(s), 0 Warning(s), took 135.806ms to complete.
[2018.10.18-22.05.48:457][  0]LogFileHelpers: Loading map 'Ocean_Tower_Main' took 24.754
[2018.10.18-22.05.48:539][  0]LogShaderCompilers: Display: Shaders left to compile 758
[2018.10.18-22.05.48:605][  0]LogSlate: Updating window title bar state: overlay mode, drag disabled, window buttons hidden, title bar hidden
[2018.10.18-22.05.48:617][  0]LogSlate: Updating window title bar state: overlay mode, drag disabled, window buttons hidden, title bar hidden
[2018.10.18-22.05.48:629][  0]LogSlate: Updating window title bar state: overlay mode, drag disabled, window buttons hidden, title bar hidden
[2018.10.18-22.05.48:641][  0]LogSlate: Updating window title bar state: overlay mode, drag disabled, window buttons hidden, title bar hidden
[2018.10.18-22.05.48:647][  0]LogCollectionManager: Loaded 0 collections in 0.001175 seconds
[2018.10.18-22.05.48:690][  0]LogFileCache: Scanning file cache for directory 'D:/git/MMLX/MMLX 4.20/Saved/Collections/' took 0.01s
[2018.10.18-22.05.48:690][  0]LogFileCache: Scanning file cache for directory 'D:/git/MMLX/MMLX 4.20/Content/Developers/ruwd/Collections/' took 0.01s
[2018.10.18-22.05.48:690][  0]LogFileCache: Scanning file cache for directory 'D:/git/MMLX/MMLX 4.20/Content/Collections/' took 0.01s
[2018.10.18-22.05.48:690][  0]LogCollectionManager: Rebuilt the GUID cache for 0 collections in 0.000001 seconds
[2018.10.18-22.05.48:706][  0]LogContentBrowser: Native class hierarchy populated in 0.0157 seconds. Added 2586 classes and 609 folders.
[2018.10.18-22.05.48:713][  0]LogContentBrowser: Native class hierarchy updated for 'WidgetCarousel' in 0.0004 seconds. Added 0 classes and 0 folders.
[2018.10.18-22.05.48:761][  0]LogContentBrowser: Native class hierarchy updated for 'AddContentDialog' in 0.0004 seconds. Added 0 classes and 0 folders.
[2018.10.18-22.05.48:768][  0]LogContentBrowser: Native class hierarchy updated for 'SceneOutliner' in 0.0004 seconds. Added 1 classes and 2 folders.
[2018.10.18-22.05.48:800][  0]LogSlate: Took 0.000230 seconds to synchronously load lazily loaded font '../../../Engine/Content/Slate/Fonts/Roboto-Regular.ttf' (155K)
[2018.10.18-22.05.48:802][  0]LogSlate: Took 0.000235 seconds to synchronously load lazily loaded font '../../../Engine/Content/Slate/Fonts/Roboto-Bold.ttf' (160K)
[2018.10.18-22.05.48:810][  0]LogSlate: Took 0.000264 seconds to synchronously load lazily loaded font '../../../Engine/Content/Editor/Slate/Fonts/FontAwesome.ttf' (139K)
[2018.10.18-22.05.48:941][  0]LogRenderer: Reallocating scene render targets to support 1288x624 Format 10 NumSamples 1 (Frame:1).
[2018.10.18-22.05.49:144][  0]LogContentBrowser: Native class hierarchy updated for 'HierarchicalLODOutliner' in 0.0004 seconds. Added 0 classes and 0 folders.
[2018.10.18-22.05.49:144][  0]LogLoad: (Engine Initialization) Total time: 32.38 seconds
[2018.10.18-22.05.49:144][  0]LogLoad: (Engine Initialization) Total Blueprint compile time: 0.00 seconds
[2018.10.18-22.05.49:154][  0]LogWindowsTextInputMethodSystem: Display: IME system now deactivated.
[2018.10.18-22.05.49:194][  0]LogContentStreaming: Texture pool size now 1000 MB
[2018.10.18-22.05.49:246][  1]LogSubstanceLiveLink: Warning: Unable to send data along socket, closing connection
[2018.10.18-22.05.49:334][  2]LogAssetRegistry: Asset discovery search completed in 28.6143 seconds
[2018.10.18-22.05.49:339][  2]LogCollectionManager: Rebuilt the object cache for 0 collections in 0.000001 seconds (found 0 objects)
[2018.10.18-22.05.49:339][  2]LogCollectionManager: Fixed up redirectors for 0 collections in 0.000111 seconds (updated 0 objects)
[2018.10.18-22.05.49:610][ 22]LogShaderCompilers: Display: Shaders left to compile 748
[2018.10.18-22.05.50:142][ 82]LogShaderCompilers: Display: Shaders left to compile 738
[2018.10.18-22.05.50:296][ 95]LogShaderCompilers: Display: Shaders left to compile 728
[2018.10.18-22.05.50:516][113]LogShaderCompilers: Display: Shaders left to compile 718
[2018.10.18-22.05.50:580][118]LogShaderCompilers: Display: Shaders left to compile 708
[2018.10.18-22.05.50:879][152]LogShaderCompilers: Display: Shaders left to compile 698
[2018.10.18-22.05.51:564][231]LogShaderCompilers: Display: Shaders left to compile 688
[2018.10.18-22.05.51:950][277]LogShaderCompilers: Display: Shaders left to compile 678
[2018.10.18-22.05.52:662][362]LogShaderCompilers: Display: Shaders left to compile 668
[2018.10.18-22.05.53:067][409]LogShaderCompilers: Display: Shaders left to compile 658
[2018.10.18-22.05.53:450][452]LogShaderCompilers: Display: Shaders left to compile 648
[2018.10.18-22.05.53:803][494]LogShaderCompilers: Display: Shaders left to compile 638
[2018.10.18-22.05.53:930][509]LogShaderCompilers: Display: Shaders left to compile 628
[2018.10.18-22.05.54:139][534]LogShaderCompilers: Display: Shaders left to compile 618
[2018.10.18-22.05.54:249][547]LogFileCache: Retrieving MD5 hashes for directory 'D:/git/MMLX/MMLX 4.20/Content/' took 5.08s
[2018.10.18-22.05.54:332][557]LogShaderCompilers: Display: Shaders left to compile 608
[2018.10.18-22.05.54:676][583]LogShaderCompilers: Display: Shaders left to compile 598
[2018.10.18-22.05.55:820][668]LogShaderCompilers: Display: Shaders left to compile 588
[2018.10.18-22.05.56:047][685]LogShaderCompilers: Display: Shaders left to compile 578
[2018.10.18-22.05.56:467][716]LogShaderCompilers: Display: Shaders left to compile 568
[2018.10.18-22.05.56:625][728]LogShaderCompilers: Display: Shaders left to compile 558
[2018.10.18-22.05.56:780][740]LogShaderCompilers: Display: Shaders left to compile 548
[2018.10.18-22.05.56:898][748]LogShaderCompilers: Display: Shaders left to compile 538
[2018.10.18-22.05.57:390][784]LogShaderCompilers: Display: Shaders left to compile 528
[2018.10.18-22.05.57:732][810]LogShaderCompilers: Display: Shaders left to compile 518
[2018.10.18-22.05.58:856][894]LogShaderCompilers: Display: Shaders left to compile 508
[2018.10.18-22.05.59:124][914]LogShaderCompilers: Display: Shaders left to compile 498
[2018.10.18-22.05.59:189][919]LogShaderCompilers: Display: Shaders left to compile 488
[2018.10.18-22.05.59:638][952]LogShaderCompilers: Display: Shaders left to compile 478
[2018.10.18-22.05.59:652][953]LogShaderCompilers: Display: Shaders left to compile 468
[2018.10.18-22.06.00:792][ 38]LogShaderCompilers: Display: Shaders left to compile 458
[2018.10.18-22.06.01:129][ 63]LogShaderCompilers: Display: Shaders left to compile 448
[2018.10.18-22.06.01:195][ 68]LogShaderCompilers: Display: Shaders left to compile 438
[2018.10.18-22.06.01:452][ 87]LogShaderCompilers: Display: Shaders left to compile 428
[2018.10.18-22.06.01:811][114]LogShaderCompilers: Display: Shaders left to compile 418
[2018.10.18-22.06.02:542][168]LogShaderCompilers: Display: Shaders left to compile 408
[2018.10.18-22.06.02:556][169]LogShaderCompilers: Display: Shaders left to compile 398
[2018.10.18-22.06.02:827][190]LogShaderCompilers: Display: Shaders left to compile 388
[2018.10.18-22.06.03:844][267]LogShaderCompilers: Display: Shaders left to compile 378
[2018.10.18-22.06.03:858][268]LogShaderCompilers: Display: Shaders left to compile 368
[2018.10.18-22.06.03:975][277]LogShaderCompilers: Display: Shaders left to compile 358
[2018.10.18-22.06.04:097][286]LogShaderCompilers: Display: Shaders left to compile 348
[2018.10.18-22.06.04:973][351]LogShaderCompilers: Display: Shaders left to compile 338
[2018.10.18-22.06.05:433][386]LogShaderCompilers: Display: Shaders left to compile 328
[2018.10.18-22.06.05:643][402]LogShaderCompilers: Display: Shaders left to compile 318
[2018.10.18-22.06.05:655][403]LogShaderCompilers: Display: Shaders left to compile 308
[2018.10.18-22.06.06:733][485]LogShaderCompilers: Display: Shaders left to compile 298
[2018.10.18-22.06.06:787][489]LogShaderCompilers: Display: Shaders left to compile 288
[2018.10.18-22.06.07:100][512]LogShaderCompilers: Display: Shaders left to compile 278
[2018.10.18-22.06.07:325][529]LogShaderCompilers: Display: Shaders left to compile 268
[2018.10.18-22.06.07:440][537]LogShaderCompilers: Display: Shaders left to compile 258
[2018.10.18-22.06.08:055][583]LogShaderCompilers: Display: Shaders left to compile 248
[2018.10.18-22.06.08:316][602]LogShaderCompilers: Display: Shaders left to compile 238
[2018.10.18-22.06.08:880][642]LogShaderCompilers: Display: Shaders left to compile 228
[2018.10.18-22.06.09:127][660]LogShaderCompilers: Display: Shaders left to compile 218
[2018.10.18-22.06.09:616][694]LogShaderCompilers: Display: Shaders left to compile 208
[2018.10.18-22.06.17:611][251]LogShaderCompilers: Display: Shaders left to compile 198
[2018.10.18-22.06.22:619][600]LogShaderCompilers: Display: Shaders left to compile 188
[2018.10.18-22.06.23:293][647]LogShaderCompilers: Display: Shaders left to compile 178
[2018.10.18-22.06.23:731][678]LogShaderCompilers: Display: Shaders left to compile 168
[2018.10.18-22.06.25:566][806]LogShaderCompilers: Display: Shaders left to compile 158
[2018.10.18-22.06.29:002][ 43]LogShaderCompilers: Display: Shaders left to compile 148
[2018.10.18-22.06.31:187][195]LogShaderCompilers: Display: Shaders left to compile 138
[2018.10.18-22.06.31:770][236]LogShaderCompilers: Display: Shaders left to compile 128
[2018.10.18-22.06.33:060][328]LogShaderCompilers: Display: Shaders left to compile 118
[2018.10.18-22.06.33:693][374]LogShaderCompilers: Display: Shaders left to compile 108
[2018.10.18-22.06.35:366][495]LogShaderCompilers: Display: Shaders left to compile 98
[2018.10.18-22.06.35:912][534]LogShaderCompilers: Display: Shaders left to compile 88
[2018.10.18-22.06.35:996][540]LogShaderCompilers: Display: Shaders left to compile 78
[2018.10.18-22.06.37:624][657]LogShaderCompilers: Display: Shaders left to compile 68
[2018.10.18-22.06.37:949][681]LogShaderCompilers: Display: Shaders left to compile 58
[2018.10.18-22.06.38:084][691]LogShaderCompilers: Display: Shaders left to compile 48
[2018.10.18-22.06.38:485][721]LogShaderCompilers: Display: Shaders left to compile 38
[2018.10.18-22.06.38:656][733]LogShaderCompilers: Display: Shaders left to compile 28
[2018.10.18-22.06.38:756][740]LogShaderCompilers: Display: Shaders left to compile 18
[2018.10.18-22.06.39:421][790]LogShaderCompilers: Display: Shaders left to compile 8
[2018.10.18-22.10.24:657][917]LogSlate: FSceneViewport::OnFocusLost() reason 2
[2018.10.18-22.10.25:390][  4]LogSlate: FSceneViewport::OnFocusLost() reason 2
[2018.10.18-22.10.30:603][549]SourceControl: Error: https://git-lfs.github.com/spec/v1 is not a valid attribute name: .gitattributes:1
[2018.10.18-22.10.30:603][549]SourceControl: Error: sha256:361836558d988c72d0f0c78630cf31e6f3ac302a327ad59e415804cc1735f6f9 is not a valid attribute name: .gitattributes:2
[2018.10.18-22.10.30:603][549]SourceControl: Error: Failed to enable Git source control. You need to initialize the project as a Git repository first.
[2018.10.18-22.10.37:298][348]LogSlate: Window 'Message Log' being destroyed
[2018.10.18-22.10.37:302][348]LogSlate: Window 'Message Log' being destroyed
[2018.10.18-22.11.39:350][733]LogSlate: FSceneViewport::OnFocusLost() reason 2
[2018.10.18-22.11.53:422][215]LogSlate: Window 'Source Control Login' being destroyed
[2018.10.18-22.12.00:532][913]LogSlate: FSceneViewport::OnFocusLost() reason 2
[2018.10.18-22.12.03:099][220]LogSlate: FSceneViewport::OnFocusLost() reason 2
[2018.10.18-22.12.07:313][720]LogSlate: Window 'Source Control Login' being destroyed
[2018.10.18-22.12.09:046][927]LogSlate: FSceneViewport::OnFocusLost() reason 2
[2018.10.18-22.12.10:828][140]SourceControl: fatal: D:/New folder/UE_4.20/Engine/Content: 'D:/New folder/UE_4.20/Engine/Content' is outside repository
[2018.10.18-22.12.10:902][140]EditorErrors: Warning: No assets to check in!
[2018.10.18-22.12.14:143][527]LogSlate: FSceneViewport::OnFocusLost() reason 0
[2018.10.18-22.12.16:157][768]LogSlate: FSceneViewport::OnFocusLost() reason 0
[2018.10.18-22.12.25:366][846]LogSlate: Took 0.000194 seconds to synchronously load lazily loaded font '../../../Engine/Content/Slate/Fonts/Roboto-Light.ttf' (167K)
[2018.10.18-22.12.25:375][846]LogAssetEditorManager: Opening Asset editor for Material /Game/Reaverbots/NewMaterial.NewMaterial
[2018.10.18-22.12.25:377][846]LogMaterial: Display: Missing cached shader map for material NewMaterial, compiling. 
[2018.10.18-22.12.25:701][846]LogMaterial: Display: Missing cached shader map for material NewMaterial, compiling. 
[2018.10.18-22.12.25:729][846]LogShaderCompilers: Display: Shaders left to compile 21
[2018.10.18-22.12.25:729][846]LogShaderCompilers: Display: Shaders left to compile 20
[2018.10.18-22.12.25:729][846]LogShaderCompilers: Display: Shaders left to compile 19
[2018.10.18-22.12.25:729][846]LogShaderCompilers: Display: Shaders left to compile 18
[2018.10.18-22.12.25:729][846]LogShaderCompilers: Display: Shaders left to compile 17
[2018.10.18-22.12.25:729][846]LogShaderCompilers: Display: Shaders left to compile 16
[2018.10.18-22.12.25:729][846]LogShaderCompilers: Display: Shaders left to compile 15
[2018.10.18-22.12.25:729][846]LogShaderCompilers: Display: Shaders left to compile 14
[2018.10.18-22.12.25:756][846]LogSlate: Took 0.000165 seconds to synchronously load lazily loaded font '../../../Engine/Content/Slate/Fonts/Roboto-BoldCondensed.ttf' (158K)
[2018.10.18-22.12.26:330][889]LogShaderCompilers: Display: Shaders left to compile 13
[2018.10.18-22.12.26:353][891]LogShaderCompilers: Display: Shaders left to compile 12
[2018.10.18-22.12.26:365][892]LogShaderCompilers: Display: Shaders left to compile 11
[2018.10.18-22.12.26:376][893]LogShaderCompilers: Display: Shaders left to compile 10
[2018.10.18-22.12.26:377][893]LogShaderCompilers: Display: Shaders left to compile 9
[2018.10.18-22.12.26:399][895]LogShaderCompilers: Display: Shaders left to compile 8
[2018.10.18-22.12.26:399][895]LogShaderCompilers: Display: Shaders left to compile 7
[2018.10.18-22.12.26:408][896]LogShaderCompilers: Display: Shaders left to compile 6
[2018.10.18-22.12.26:495][904]LogShaderCompilers: Display: Shaders left to compile 5
[2018.10.18-22.12.26:639][913]LogShaderCompilers: Display: Shaders left to compile 4
[2018.10.18-22.12.26:680][916]LogShaderCompilers: Display: Shaders left to compile 3
[2018.10.18-22.12.26:793][925]LogShaderCompilers: Display: Shaders left to compile 2
[2018.10.18-22.12.26:807][926]LogShaderCompilers: Display: Shaders left to compile 1
[2018.10.18-22.12.27:122][958]MaterialEditorStats: Base pass shader: 99 instructions
[2018.10.18-22.12.27:122][958]MaterialEditorStats: Base pass shader with Volumetric Lightmap: 172 instructions
[2018.10.18-22.12.27:122][958]MaterialEditorStats: Base pass vertex shader: 32 instructions
[2018.10.18-22.12.27:122][958]MaterialEditorStats: Texture samplers: 3/16
[2018.10.18-22.12.27:557][  9]LogMaterial: Display: Missing cached shader map for material NewMaterial, compiling. 
[2018.10.18-22.12.27:570][  9]LogShaderCompilers: Display: Shaders left to compile 21
[2018.10.18-22.12.27:570][  9]LogShaderCompilers: Display: Shaders left to compile 20
[2018.10.18-22.12.27:570][  9]LogShaderCompilers: Display: Shaders left to compile 19
[2018.10.18-22.12.27:570][  9]LogShaderCompilers: Display: Shaders left to compile 18
[2018.10.18-22.12.27:570][  9]LogShaderCompilers: Display: Shaders left to compile 17
[2018.10.18-22.12.27:570][  9]LogShaderCompilers: Display: Shaders left to compile 16
[2018.10.18-22.12.27:570][  9]LogShaderCompilers: Display: Shaders left to compile 15
[2018.10.18-22.12.27:570][  9]LogShaderCompilers: Display: Shaders left to compile 14
[2018.10.18-22.12.27:570][  9]LogMaterial: Display: Missing cached shader map for material FMatExpressionPreview MaterialExpressionConstant3Vector_0, compiling. 
[2018.10.18-22.12.27:765][ 24]LogShaderCompilers: Display: Shaders left to compile 15
[2018.10.18-22.12.27:787][ 26]LogShaderCompilers: Display: Shaders left to compile 14
[2018.10.18-22.12.27:799][ 27]LogShaderCompilers: Display: Shaders left to compile 13
[2018.10.18-22.12.27:799][ 27]LogShaderCompilers: Display: Shaders left to compile 12
[2018.10.18-22.12.27:818][ 29]LogShaderCompilers: Display: Shaders left to compile 11
[2018.10.18-22.12.27:819][ 29]LogShaderCompilers: Display: Shaders left to compile 10
[2018.10.18-22.12.27:837][ 31]LogShaderCompilers: Display: Shaders left to compile 9
[2018.10.18-22.12.27:837][ 31]LogShaderCompilers: Display: Shaders left to compile 8
[2018.10.18-22.12.27:919][ 39]LogShaderCompilers: Display: Shaders left to compile 7
[2018.10.18-22.12.28:050][ 49]LogShaderCompilers: Display: Shaders left to compile 6
[2018.10.18-22.12.28:094][ 52]LogShaderCompilers: Display: Shaders left to compile 5
[2018.10.18-22.12.28:200][ 60]LogShaderCompilers: Display: Shaders left to compile 4
[2018.10.18-22.12.28:237][ 63]LogShaderCompilers: Display: Shaders left to compile 3
[2018.10.18-22.12.28:237][ 63]LogShaderCompilers: Display: Shaders left to compile 2
[2018.10.18-22.12.28:249][ 64]LogShaderCompilers: Display: Shaders left to compile 1
[2018.10.18-22.12.28:570][ 94]MaterialEditorStats: Base pass shader: 99 instructions
[2018.10.18-22.12.28:570][ 94]MaterialEditorStats: Base pass shader with Volumetric Lightmap: 172 instructions
[2018.10.18-22.12.28:570][ 94]MaterialEditorStats: Base pass vertex shader: 32 instructions
[2018.10.18-22.12.28:570][ 94]MaterialEditorStats: Texture samplers: 3/16
[2018.10.18-22.12.29:789][237]LogMaterial: Display: Missing cached shader map for material NewMaterial, compiling. 
[2018.10.18-22.12.29:805][237]LogMaterial: Display: Missing cached shader map for material FMatExpressionPreview MaterialExpressionConstant3Vector_0, compiling. 
[2018.10.18-22.12.29:820][237]LogShaderCompilers: Display: Shaders left to compile 21
[2018.10.18-22.12.29:820][237]LogShaderCompilers: Display: Shaders left to compile 20
[2018.10.18-22.12.29:820][237]LogShaderCompilers: Display: Shaders left to compile 19
[2018.10.18-22.12.29:820][237]LogShaderCompilers: Display: Shaders left to compile 18
[2018.10.18-22.12.29:820][237]LogShaderCompilers: Display: Shaders left to compile 17
[2018.10.18-22.12.29:820][237]LogShaderCompilers: Display: Shaders left to compile 16
[2018.10.18-22.12.29:820][237]LogShaderCompilers: Display: Shaders left to compile 15
[2018.10.18-22.12.29:820][237]LogShaderCompilers: Display: Shaders left to compile 14
[2018.10.18-22.12.30:015][250]LogShaderCompilers: Display: Shaders left to compile 15
[2018.10.18-22.12.30:038][252]LogShaderCompilers: Display: Shaders left to compile 14
[2018.10.18-22.12.30:038][252]LogShaderCompilers: Display: Shaders left to compile 13
[2018.10.18-22.12.30:048][253]LogShaderCompilers: Display: Shaders left to compile 12
[2018.10.18-22.12.30:048][253]LogShaderCompilers: Display: Shaders left to compile 11
[2018.10.18-22.12.30:067][255]LogShaderCompilers: Display: Shaders left to compile 10
[2018.10.18-22.12.30:067][255]LogShaderCompilers: Display: Shaders left to compile 9
[2018.10.18-22.12.30:067][255]LogShaderCompilers: Display: Shaders left to compile 8
[2018.10.18-22.12.30:171][264]LogShaderCompilers: Display: Shaders left to compile 7
[2018.10.18-22.12.30:297][273]LogShaderCompilers: Display: Shaders left to compile 6
[2018.10.18-22.12.30:337][276]LogShaderCompilers: Display: Shaders left to compile 5
[2018.10.18-22.12.30:435][284]LogShaderCompilers: Display: Shaders left to compile 4
[2018.10.18-22.12.30:462][286]LogShaderCompilers: Display: Shaders left to compile 3
[2018.10.18-22.12.30:486][288]LogShaderCompilers: Display: Shaders left to compile 2
[2018.10.18-22.12.30:501][288]LogShaderCompilers: Display: Shaders left to compile 1
[2018.10.18-22.12.30:787][314]MaterialEditorStats: Base pass shader: 99 instructions
[2018.10.18-22.12.30:787][314]MaterialEditorStats: Base pass shader with Volumetric Lightmap: 172 instructions
[2018.10.18-22.12.30:787][314]MaterialEditorStats: Base pass vertex shader: 32 instructions
[2018.10.18-22.12.30:787][314]MaterialEditorStats: Texture samplers: 3/16
[2018.10.18-22.12.30:999][339]LogMaterialEditor: Saving and Compiling material NewMaterial
[2018.10.18-22.12.31:588][339]LogMaterial: Display: Missing cached shader map for material NewMaterial, compiling. 
[2018.10.18-22.12.31:633][339]LogShaderCompilers: Display: Shaders left to compile 21
[2018.10.18-22.12.31:633][339]LogShaderCompilers: Display: Shaders left to compile 20
[2018.10.18-22.12.31:633][339]LogShaderCompilers: Display: Shaders left to compile 19
[2018.10.18-22.12.31:633][339]LogShaderCompilers: Display: Shaders left to compile 18
[2018.10.18-22.12.31:633][339]LogShaderCompilers: Display: Shaders left to compile 17
[2018.10.18-22.12.31:633][339]LogShaderCompilers: Display: Shaders left to compile 16
[2018.10.18-22.12.31:633][339]LogShaderCompilers: Display: Shaders left to compile 15
[2018.10.18-22.12.31:633][339]LogShaderCompilers: Display: Shaders left to compile 14
[2018.10.18-22.12.31:644][339]LogMaterial: Display: Missing cached shader map for material NewMaterial, compiling. 
[2018.10.18-22.12.31:667][339]LogMaterial: Display: Missing cached shader map for material NewMaterial, compiling. 
[2018.10.18-22.12.31:727][339]LogMaterial: Display: Missing cached shader map for material FDebugViewModeMaterialProxy NewMaterial, compiling. 
[2018.10.18-22.12.32:394][339]LogShaderCompilers: Display: Shaders left to compile 36
[2018.10.18-22.12.32:394][339]LogShaderCompilers: Display: Shaders left to compile 35
[2018.10.18-22.12.32:394][339]LogShaderCompilers: Display: Shaders left to compile 34
[2018.10.18-22.12.32:394][339]LogShaderCompilers: Display: Shaders left to compile 33
[2018.10.18-22.12.32:394][339]LogShaderCompilers: Display: Shaders left to compile 32
[2018.10.18-22.12.32:394][339]LogShaderCompilers: Display: Shaders left to compile 31
[2018.10.18-22.12.32:394][339]LogShaderCompilers: Display: Shaders left to compile 30
[2018.10.18-22.12.32:394][339]LogShaderCompilers: Display: Shaders left to compile 29
[2018.10.18-22.12.32:394][339]LogShaderCompilers: Display: Shaders left to compile 28
[2018.10.18-22.12.32:394][339]LogShaderCompilers: Display: Shaders left to compile 27
[2018.10.18-22.12.32:394][339]LogShaderCompilers: Display: Shaders left to compile 26
[2018.10.18-22.12.32:394][339]LogShaderCompilers: Display: Shaders left to compile 25
[2018.10.18-22.12.32:394][339]LogShaderCompilers: Display: Shaders left to compile 24
[2018.10.18-22.12.32:394][339]LogShaderCompilers: Display: Shaders left to compile 23
[2018.10.18-22.12.32:394][339]LogShaderCompilers: Display: Shaders left to compile 22
[2018.10.18-22.12.32:394][339]LogShaderCompilers: Display: Shaders left to compile 12
[2018.10.18-22.12.32:394][339]LogShaderCompilers: Display: Shaders left to compile 2
[2018.10.18-22.12.32:396][339]TextureStreamingBuild: Display: Compiling optional shaders took 0.676 seconds.
[2018.10.18-22.12.34:677][339]Cmd: OBJ SAVEPACKAGE PACKAGE="/Game/Reaverbots/NewMaterial" FILE="../../../../../git/MMLX/MMLX 4.20/Content/Reaverbots/NewMaterial.uasset" SILENT=true
[2018.10.18-22.12.34:693][339]LogSavePackage: Moving '../../../../../git/MMLX/MMLX 4.20/Saved/NewMaterial2D81D3E04503F0B66F26EC80FB2CBE03.tmp' to '../../../../../git/MMLX/MMLX 4.20/Content/Reaverbots/NewMaterial.uasset'
[2018.10.18-22.12.34:847][339]SourceControl: Error: https://git-lfs.github.com/spec/v1 is not a valid attribute name: .gitattributes:1
[2018.10.18-22.12.34:847][339]SourceControl: Error: sha256:361836558d988c72d0f0c78630cf31e6f3ac302a327ad59e415804cc1735f6f9 is not a valid attribute name: .gitattributes:2
[2018.10.18-22.12.34:847][339]SourceControl: Error: https://git-lfs.github.com/spec/v1 is not a valid attribute name: .gitattributes:1
[2018.10.18-22.12.34:847][339]SourceControl: Error: sha256:361836558d988c72d0f0c78630cf31e6f3ac302a327ad59e415804cc1735f6f9 is not a valid attribute name: .gitattributes:2
[2018.10.18-22.12.34:971][345]SourceControl: Error: https://git-lfs.github.com/spec/v1 is not a valid attribute name: .gitattributes:1
[2018.10.18-22.12.34:971][345]SourceControl: Error: sha256:361836558d988c72d0f0c78630cf31e6f3ac302a327ad59e415804cc1735f6f9 is not a valid attribute name: .gitattributes:2
[2018.10.18-22.12.35:533][403]LogSlate: Window 'NewMaterial' being destroyed
[2018.10.18-22.12.35:537][403]LogSlate: Window 'NewMaterial' being destroyed
[2018.10.18-22.13.12:514][  3]SourceControl: fatal: D:/New folder/UE_4.20/Engine/Content: 'D:/New folder/UE_4.20/Engine/Content' is outside repository
[2018.10.18-22.13.12:582][  3]EditorErrors: Warning: No assets to check in!
[2018.10.18-22.13.16:549][477]LogMaterial: Display: Missing cached shader map for material NewMaterial_2, compiling. 
[2018.10.18-22.13.16:570][477]LogShaderCompilers: Display: Shaders left to compile 22
[2018.10.18-22.13.16:570][477]LogShaderCompilers: Display: Shaders left to compile 12
[2018.10.18-22.13.16:570][477]LogShaderCompilers: Display: Shaders left to compile 2
[2018.10.18-22.13.19:371][477]Cmd: OBJ SAVEPACKAGE PACKAGE="/Game/Reaverbots/NewMaterial_2" FILE="../../../../../git/MMLX/MMLX 4.20/Content/Reaverbots/NewMaterial_2.uasset" SILENT=true
[2018.10.18-22.13.19:385][477]LogSavePackage: Moving '../../../../../git/MMLX/MMLX 4.20/Saved/NewMaterial_2DFB8F3FE4D3BD150E90D56AD823B81B7.tmp' to '../../../../../git/MMLX/MMLX 4.20/Content/Reaverbots/NewMaterial_2.uasset'
[2018.10.18-22.13.19:515][477]SourceControl: Error: https://git-lfs.github.com/spec/v1 is not a valid attribute name: .gitattributes:1
[2018.10.18-22.13.19:515][477]SourceControl: Error: sha256:361836558d988c72d0f0c78630cf31e6f3ac302a327ad59e415804cc1735f6f9 is not a valid attribute name: .gitattributes:2
[2018.10.18-22.13.19:515][477]SourceControl: Error: https://git-lfs.github.com/spec/v1 is not a valid attribute name: .gitattributes:1
[2018.10.18-22.13.19:515][477]SourceControl: Error: sha256:361836558d988c72d0f0c78630cf31e6f3ac302a327ad59e415804cc1735f6f9 is not a valid attribute name: .gitattributes:2
[2018.10.18-22.13.19:605][477]SourceControl: Error: https://git-lfs.github.com/spec/v1 is not a valid attribute name: .gitattributes:1
[2018.10.18-22.13.19:605][477]SourceControl: Error: sha256:361836558d988c72d0f0c78630cf31e6f3ac302a327ad59e415804cc1735f6f9 is not a valid attribute name: .gitattributes:2
[2018.10.18-22.13.19:709][477]SourceControl: Error: https://git-lfs.github.com/spec/v1 is not a valid attribute name: .gitattributes:1
[2018.10.18-22.13.19:709][477]SourceControl: Error: sha256:361836558d988c72d0f0c78630cf31e6f3ac302a327ad59e415804cc1735f6f9 is not a valid attribute name: .gitattributes:2
[2018.10.18-22.13.19:984][482]SourceControl: Error: https://git-lfs.github.com/spec/v1 is not a valid attribute name: .gitattributes:1
[2018.10.18-22.13.19:984][482]SourceControl: Error: sha256:361836558d988c72d0f0c78630cf31e6f3ac302a327ad59e415804cc1735f6f9 is not a valid attribute name: .gitattributes:2
[2018.10.18-22.13.20:881][587]SourceControl: Error: https://git-lfs.github.com/spec/v1 is not a valid attribute name: .gitattributes:1
[2018.10.18-22.13.20:881][587]SourceControl: Error: sha256:361836558d988c72d0f0c78630cf31e6f3ac302a327ad59e415804cc1735f6f9 is not a valid attribute name: .gitattributes:2
[2018.10.18-22.13.24:434][ 11]SourceControl: fatal: D:/New folder/UE_4.20/Engine/Content: 'D:/New folder/UE_4.20/Engine/Content' is outside repository
[2018.10.18-22.13.24:502][ 11]EditorErrors: Warning: No assets to check in!
