Log file open, 10/07/18 01:14:20
LogWindows: Failed to load 'aqProf.dll' (GetLastError=126)
LogWindows: File 'aqProf.dll' does not exist
LogWindows: Failed to load 'VtuneApi.dll' (GetLastError=126)
LogWindows: File 'VtuneApi.dll' does not exist
LogWindows: Failed to load 'VtuneApi32e.dll' (GetLastError=126)
LogWindows: File 'VtuneApi32e.dll' does not exist
LogInit: Display: Running engine for game: MMLX
LogPlatformFile: Not using cached read wrapper
LogTaskGraph: Started task graph with 5 named threads and 35 total threads with 3 sets of task threads.
LogStats: Stats thread started at 0.416170
LogD3D11RHI: Loaded GFSDK_Aftermath_Lib.x64.dll
LogICUInternationalization: Display: ICU TimeZone Detection - Raw Offset: -5:00, Platform Override: ''
LogPluginManager: Mounting plugin Paper2D
LogPluginManager: Mounting plugin AISupport
LogPluginManager: Mounting plugin LightPropagationVolume
LogPluginManager: Mounting plugin CLionSourceCodeAccess
LogPluginManager: Mounting plugin CodeLiteSourceCodeAccess
LogPluginManager: Mounting plugin GitSourceControl
LogPluginManager: Mounting plugin KDevelopSourceCodeAccess
LogPluginManager: Mounting plugin NullSourceCodeAccess
LogPluginManager: Mounting plugin PerforceSourceControl
LogPluginManager: Mounting plugin SubversionSourceControl
LogPluginManager: Mounting plugin UObjectPlugin
LogPluginManager: Mounting plugin VisualStudioCodeSourceCodeAccess
LogPluginManager: Mounting plugin VisualStudioSourceCodeAccess
LogPluginManager: Mounting plugin XCodeSourceCodeAccess
LogPluginManager: Mounting plugin AssetManagerEditor
LogPluginManager: Mounting plugin CryptoKeys
LogPluginManager: Mounting plugin DataValidation
LogPluginManager: Mounting plugin FacialAnimation
LogPluginManager: Mounting plugin GameplayTagsEditor
LogPluginManager: Mounting plugin MacGraphicsSwitching
LogPluginManager: Mounting plugin MeshEditor
LogPluginManager: Mounting plugin MobileLauncherProfileWizard
LogPluginManager: Mounting plugin PluginBrowser
LogPluginManager: Mounting plugin SpeedTreeImporter
LogPluginManager: Mounting plugin DatasmithContent
LogPluginManager: Mounting plugin AlembicImporter
LogPluginManager: Mounting plugin AppleImageUtils
LogPluginManager: Mounting plugin AppleVision
LogPluginManager: Mounting plugin BackChannel
LogPluginManager: Mounting plugin CharacterAI
LogPluginManager: Mounting plugin GeometryCache
LogPluginManager: Mounting plugin HTML5Networking
LogPluginManager: Mounting plugin ProxyLODPlugin
LogPluginManager: Mounting plugin MagicLeap
LogPluginManager: Mounting plugin MagicLeapEmulator
LogPluginManager: Mounting plugin MagicLeapMedia
LogPluginManager: Mounting plugin Substance
LogPluginManager: Mounting plugin AndroidMedia
LogPluginManager: Mounting plugin AvfMedia
LogPluginManager: Mounting plugin ImgMedia
LogPluginManager: Mounting plugin LinearTimecode
LogPluginManager: Mounting plugin MediaCompositing
LogPluginManager: Mounting plugin MediaPlayerEditor
LogPluginManager: Mounting plugin WmfMedia
LogPluginManager: Mounting plugin TcpMessaging
LogPluginManager: Mounting plugin UdpMessaging
LogPluginManager: Mounting plugin ActorSequence
LogPluginManager: Mounting plugin LevelSequenceEditor
LogPluginManager: Mounting plugin MatineeToLevelSequence
LogPluginManager: Mounting plugin NetcodeUnitTest
LogPluginManager: Mounting plugin NUTUnrealEngine4
LogPluginManager: Mounting plugin OnlineSubsystemGooglePlay
LogPluginManager: Mounting plugin OnlineSubsystemIOS
LogPluginManager: Mounting plugin OnlineSubsystem
LogPluginManager: Mounting plugin OnlineSubsystemNull
LogPluginManager: Mounting plugin OnlineSubsystemUtils
LogPluginManager: Mounting plugin LauncherChunkInstaller
LogPluginManager: Mounting plugin AndroidDeviceProfileSelector
LogPluginManager: Mounting plugin AndroidMoviePlayer
LogPluginManager: Mounting plugin AndroidPermission
LogPluginManager: Mounting plugin AppleMoviePlayer
LogPluginManager: Mounting plugin ArchVisCharacter
LogPluginManager: Mounting plugin AudioCapture
LogPluginManager: Mounting plugin CableComponent
LogPluginManager: Mounting plugin CustomMeshComponent
LogPluginManager: Mounting plugin EditableMesh
LogPluginManager: Mounting plugin ExampleDeviceProfileSelector
LogPluginManager: Mounting plugin GoogleCloudMessaging
LogPluginManager: Mounting plugin ImmediatePhysics
LogPluginManager: Mounting plugin IOSDeviceProfileSelector
LogPluginManager: Mounting plugin LinuxDeviceProfileSelector
LogPluginManager: Mounting plugin LocationServicesBPLibrary
LogPluginManager: Mounting plugin MobilePatchingUtils
LogPluginManager: Mounting plugin OculusVR
LogPluginManager: Plugin shader directory ../../../Engine/Plugins/Runtime/Oculus/OculusVR/Shaders found
LogPluginManager: Mapping shader source directory ../../../Engine/Plugins/Runtime/Oculus/OculusVR/Shaders to virtual directory /Plugin/OculusVR
LogPluginManager: Mounting plugin PhysXVehicles
LogPluginManager: Mounting plugin ProceduralMeshComponent
LogPluginManager: Mounting plugin RuntimePhysXCooking
LogPluginManager: Mounting plugin SteamVR
LogPluginManager: Mounting plugin WindowsMoviePlayer
LogStreaming: Display: Took  0.035s to configure plugins.
LogInit: Using libcurl 7.55.1-DEV
LogInit:  - built for x86_64-pc-win32
LogInit:  - supports SSL with OpenSSL/1.0.2h
LogInit:  - supports HTTP deflate (compression) using libz 1.2.8
LogInit:  - other features:
LogInit:      CURL_VERSION_SSL
LogInit:      CURL_VERSION_LIBZ
LogInit:      CURL_VERSION_IPV6
LogInit:      CURL_VERSION_ASYNCHDNS
LogInit:      CURL_VERSION_LARGEFILE
LogInit:      CURL_VERSION_IDN
LogInit:  CurlRequestOptions (configurable via config and command line):
LogInit:  - bVerifyPeer = false  - Libcurl will NOT verify peer certificate
LogInit:  - bUseHttpProxy = false  - Libcurl will NOT use HTTP proxy
LogInit:  - bDontReuseConnections = false  - Libcurl will reuse connections
LogInit:  - CertBundlePath = nullptr  - Libcurl will use whatever was configured at build time.
LogInit:  - MaxHostConnections = 16  - Libcurl will limit the number of connections to a host
LogInit:  - LocalHostAddr = Default
LogInit:  - BufferSize = 65536
LogInit: WinSock: version 1.1 (2.2), MaxSocks=32767, MaxUdp=65467
LogInit: Build: ++UE4+Release-4.20-CL-4369336
LogInit: Engine Version: 4.20.3-4369336+++UE4+Release-4.20
LogInit: Compatible Engine Version: 4.20.0-4212847+++UE4+Release-4.20
LogInit: Net CL: 4212847
LogInit: OS: Windows 10 (), CPU: Intel(R) Core(TM) i7-5930K CPU @ 3.50GHz, GPU: NVIDIA GeForce GTX 980 Ti
LogInit: Compiled (64-bit): Sep 17 2018 12:26:19
LogInit: Compiled with Visual C++: 19.13.26129.00
LogInit: Build Configuration: Development
LogInit: Branch Name: ++UE4+Release-4.20
LogInit: Command Line:  /Game/Maps/Ocean_Tower_Main -game -PIEVIACONSOLE -ResX=1280 -ResY=720  -Multiprocess -messaging -SessionName="Play in Standalone Game" -windowed 
LogInit: Base Directory: D:/New folder/UE_4.20/Engine/Binaries/Win64/
LogInit: Installed Engine Build: 1
LogDevObjectVersion: Number of dev versions registered: 20
LogDevObjectVersion:   Dev-Blueprints (B0D832E4-1F89-4F0D-ACCF-7EB736FD4AA2): 10
LogDevObjectVersion:   Dev-Build (E1C64328-A22C-4D53-A36C-8E866417BD8C): 0
LogDevObjectVersion:   Dev-Core (375EC13C-06E4-48FB-B500-84F0262A717E): 2
LogDevObjectVersion:   Dev-Editor (E4B068ED-F494-42E9-A231-DA0B2E46BB41): 24
LogDevObjectVersion:   Dev-Framework (CFFC743F-43B0-4480-9391-14DF171D2073): 34
LogDevObjectVersion:   Dev-Mobile (B02B49B5-BB20-44E9-A304-32B752E40360): 2
LogDevObjectVersion:   Dev-Networking (A4E4105C-59A1-49B5-A7C5-40C4547EDFEE): 0
LogDevObjectVersion:   Dev-Online (39C831C9-5AE6-47DC-9A44-9C173E1C8E7C): 0
LogDevObjectVersion:   Dev-Physics (78F01B33-EBEA-4F98-B9B4-84EACCB95AA2): 0
LogDevObjectVersion:   Dev-Platform (6631380F-2D4D-43E0-8009-CF276956A95A): 0
LogDevObjectVersion:   Dev-Rendering (12F88B9F-8875-4AFC-A67C-D90C383ABD29): 26
LogDevObjectVersion:   Dev-Sequencer (7B5AE74C-D270-4C10-A958-57980B212A5A): 9
LogDevObjectVersion:   Dev-VR (D7296918-1DD6-4BDD-9DE2-64A83CC13884): 2
LogDevObjectVersion:   Dev-LoadTimes (C2A15278-BFE7-4AFE-6C17-90FF531DF755): 1
LogDevObjectVersion:   Private-Geometry (6EACA3D4-40EC-4CC1-B786-8BED09428FC5): 3
LogDevObjectVersion:   Dev-AnimPhys (29E575DD-E0A3-4627-9D10-D276232CDCEA): 17
LogDevObjectVersion:   Dev-ReflectionCapture (6B266CEC-1EC7-4B8F-A30B-E4D90942FC07): 1
LogDevObjectVersion:   Dev-Automation (0DF73D61-A23F-47EA-B727-89E90C41499A): 1
LogDevObjectVersion:   FortniteMain (601D1886-AC64-4F84-AA16-D3DE0DEAC7D6): 12
LogDevObjectVersion:   Dev-Enterprise (9DFFBCD6-494F-0158-E221-12823C92A888): 1
LogStreaming: Display: Took  0.000s to delete old logs.
LogInit: Presizing for max 8388607 objects, including 0 objects not considered by GC, pre-allocating 0 bytes for permanent pool.
LogInit: Object subsystem initialized
[2018.10.07-05.14.20:647][  0]LogInit: Selected Device Profile: [Windows]
[2018.10.07-05.14.20:647][  0]LogInit: Applying CVar settings loaded from the selected device profile: [Windows]
[2018.10.07-05.14.20:651][  0]LogHAL: Display: Platform has ~ 64 GB [68626223104 / 68719476736 / 64], which maps to Largest [LargestMinGB=32, LargerMinGB=12, DefaultMinGB=8, SmallerMinGB=6, SmallestMinGB=0)
[2018.10.07-05.14.20:651][  0]LogInit: Setting Device Profile CVar: [[r.Vulkan.UseRealUBs:1]]
[2018.10.07-05.14.20:651][  0]LogInit: Going up to parent DeviceProfile []
[2018.10.07-05.14.20:651][  0]LogInit: Computer: DESKTOP-CF0T73E
[2018.10.07-05.14.20:651][  0]LogInit: User: ruwd
[2018.10.07-05.14.20:651][  0]LogInit: CPU Page size=4096, Cores=6
[2018.10.07-05.14.20:651][  0]LogInit: High frequency timer resolution =3.415993 MHz
[2018.10.07-05.14.20:651][  0]LogMemory: Memory total: Physical=63.9GB (64GB approx)
[2018.10.07-05.14.20:652][  0]LogMemory: Platform Memory Stats for Windows
[2018.10.07-05.14.20:652][  0]LogMemory: Process Physical Memory: 101.04 MB used, 101.04 MB peak
[2018.10.07-05.14.20:652][  0]LogMemory: Process Virtual Memory: 85.92 MB used, 85.92 MB peak
[2018.10.07-05.14.20:652][  0]LogMemory: Physical Memory: 16094.61 MB used,  49352.46 MB free, 65447.07 MB total
[2018.10.07-05.14.20:652][  0]LogMemory: Virtual Memory: 4652.76 MB used,  49352.46 MB free, 134217728.00 MB total
[2018.10.07-05.14.20:668][  0]LogInit: Using OS detected language (en-US).
[2018.10.07-05.14.20:668][  0]LogInit: Using OS detected locale (en-US).
[2018.10.07-05.14.20:669][  0]LogTextLocalizationManager: No specific localization for 'en-US' exists, so the 'en' localization will be used.
[2018.10.07-05.14.21:044][  0]LogStreaming: Display: Took  0.376s to InitEngineTextLocalization.
[2018.10.07-05.14.21:060][  0]LogSlate: New Slate User Created.  User Index 0, Is Virtual User: 0
[2018.10.07-05.14.21:060][  0]LogSlate: Slate User Registered.  User Index 0, Is Virtual User: 0
[2018.10.07-05.14.21:064][  0]LogHMD: Failed to initialize OpenVR with code 110
[2018.10.07-05.14.21:064][  0]LogD3D11RHI: D3D11 adapters:
[2018.10.07-05.14.21:111][  0]LogD3D11RHI:    0. 'NVIDIA GeForce GTX 980 Ti' (Feature Level 11_0)
[2018.10.07-05.14.21:111][  0]LogD3D11RHI:       6097/0/32723 MB DedicatedVideo/DedicatedSystem/SharedSystem, Outputs:1, VendorId:0x10de
[2018.10.07-05.14.21:113][  0]LogD3D11RHI:    1. 'Microsoft Basic Render Driver' (Feature Level 11_0)
[2018.10.07-05.14.21:113][  0]LogD3D11RHI:       0/0/32723 MB DedicatedVideo/DedicatedSystem/SharedSystem, Outputs:0, VendorId:0x1414
[2018.10.07-05.14.21:113][  0]LogD3D11RHI: Chosen D3D11 Adapter: 0
[2018.10.07-05.14.21:121][  0]LogD3D11RHI: Creating new Direct3DDevice
[2018.10.07-05.14.21:121][  0]LogD3D11RHI:     GPU DeviceId: 0x17c8 (for the marketing name, search the web for "GPU Device Id")
[2018.10.07-05.14.21:121][  0]LogWindows: EnumDisplayDevices:
[2018.10.07-05.14.21:122][  0]LogWindows:    0. 'NVIDIA GeForce GTX 980 Ti' (P:1 D:1)
[2018.10.07-05.14.21:122][  0]LogWindows:    1. 'NVIDIA GeForce GTX 980 Ti' (P:0 D:0)
[2018.10.07-05.14.21:122][  0]LogWindows:    2. 'NVIDIA GeForce GTX 980 Ti' (P:0 D:0)
[2018.10.07-05.14.21:122][  0]LogWindows:    3. 'NVIDIA GeForce GTX 980 Ti' (P:0 D:0)
[2018.10.07-05.14.21:122][  0]LogWindows: DebugString: FoundDriverCount:4 
[2018.10.07-05.14.21:123][  0]LogD3D11RHI:     Adapter Name: NVIDIA GeForce GTX 980 Ti
[2018.10.07-05.14.21:123][  0]LogD3D11RHI:   Driver Version: 399.07 (internal:24.21.13.9907, unified:399.07)
[2018.10.07-05.14.21:123][  0]LogD3D11RHI:      Driver Date: 8-21-2018
[2018.10.07-05.14.21:123][  0]LogRHI: Texture pool is 4268 MB (70% of 6097 MB)
[2018.10.07-05.14.21:156][  0]LogD3D11RHI: Async texture creation enabled
[2018.10.07-05.14.21:172][  0]LogD3D11RHI: GPU Timing Frequency: 1000.000000 (Debug: 2 2)
[2018.10.07-05.14.21:220][  0]LogShaderCompilers: Guid format shader working directory is -7 characters bigger than the processId version (../../../../../MMLX Developement/git/MMLX/MMLX 4.20/Intermediate/Shaders/WorkingDirectory/14504/).
[2018.10.07-05.14.21:220][  0]LogShaderCompilers: Cleaned the shader compiler working directory 'C:/Users/ruwd/AppData/Local/Temp/UnrealShaderWorkingDir/21F652164952EB2B1C42C89F998CFA32/'.
[2018.10.07-05.14.21:460][  0]LogTemp: Display: Loaded TP WindowsClientTargetPlatform
[2018.10.07-05.14.21:471][  0]LogTemp: Display: Loaded TP WindowsNoEditorTargetPlatform
[2018.10.07-05.14.21:485][  0]LogTemp: Display: Loaded TP WindowsServerTargetPlatform
[2018.10.07-05.14.21:497][  0]LogTemp: Display: Loaded TP WindowsTargetPlatform
[2018.10.07-05.14.21:497][  0]LogTargetPlatformManager: Display: Building Assets For Windows
[2018.10.07-05.14.21:552][  0]LogXGEController: Cannot use XGE Controller as Incredibuild is not installed on this machine.
[2018.10.07-05.14.21:553][  0]LogShaderCompilers: Cannot use XGE Shader Compiler as Incredibuild is not installed on this machine.
[2018.10.07-05.14.21:553][  0]LogShaderCompilers: Display: Using Local Shader Compiler.
[2018.10.07-05.14.22:291][  0]LogDerivedDataCache: Display: Max Cache Size: 512 MB
[2018.10.07-05.14.22:362][  0]LogDerivedDataCache: Loaded boot cache 0.07s 87MB C:/Users/ruwd/AppData/Local/UnrealEngine/4.20/DerivedDataCache/Boot.ddc.
[2018.10.07-05.14.22:362][  0]LogDerivedDataCache: Display: Loaded Boot cache: C:/Users/ruwd/AppData/Local/UnrealEngine/4.20/DerivedDataCache/Boot.ddc
[2018.10.07-05.14.22:362][  0]LogDerivedDataCache: FDerivedDataBackendGraph:  Pak pak cache file ../../../../../MMLX Developement/git/MMLX/MMLX 4.20/DerivedDataCache/DDC.ddp not found, will not use a pak cache.
[2018.10.07-05.14.22:362][  0]LogDerivedDataCache: Unable to find inner node Pak for hierarchical cache Hierarchy.
[2018.10.07-05.14.22:362][  0]LogDerivedDataCache: FDerivedDataBackendGraph:  CompressedPak pak cache file ../../../../../MMLX Developement/git/MMLX/MMLX 4.20/DerivedDataCache/Compressed.ddp not found, will not use a pak cache.
[2018.10.07-05.14.22:362][  0]LogDerivedDataCache: Unable to find inner node CompressedPak for hierarchical cache Hierarchy.
[2018.10.07-05.14.22:376][  0]LogDerivedDataCache: Display: Pak cache opened for reading ../../../Engine/DerivedDataCache/Compressed.ddp.
[2018.10.07-05.14.22:388][  0]LogDerivedDataCache: Using Local data cache path C:/Users/ruwd/AppData/Local/UnrealEngine/Common/DerivedDataCache: Writable
[2018.10.07-05.14.22:388][  0]LogDerivedDataCache: Shared data cache path not found in *engine.ini, will not use an Shared cache.
[2018.10.07-05.14.22:388][  0]LogDerivedDataCache: Unable to find inner node Shared for hierarchical cache Hierarchy.
[2018.10.07-05.14.22:424][  0]LogMaterial: Verifying Global Shaders for PCD3D_SM5
[2018.10.07-05.14.22:427][  0]LogSlate: Using FreeType 2.6.0
[2018.10.07-05.14.22:427][  0]LogSlate: SlateFontServices - WITH_FREETYPE: 1, WITH_HARFBUZZ: 1
[2018.10.07-05.14.22:470][  0]LogInit: Using OS detected language (en-US).
[2018.10.07-05.14.22:470][  0]LogInit: Using OS detected locale (en-US).
[2018.10.07-05.14.22:470][  0]LogTextLocalizationManager: No localization for 'en-US' exists, so 'en' will be used for the language.
[2018.10.07-05.14.22:470][  0]LogTextLocalizationManager: No localization for 'en-US' exists, so 'en' will be used for the locale.
[2018.10.07-05.14.22:814][  0]LogStreaming: Display: Took  0.344s to InitGameTextLocalization.
[2018.10.07-05.14.22:820][  0]LogAssetRegistry: FAssetRegistry took 0.0040 seconds to start up
[2018.10.07-05.14.23:027][  0]LogPackageLocalizationCache: Processed 11 localized package path(s) for 1 prioritized culture(s) in 0.012043 seconds
[2018.10.07-05.14.23:133][  0]LogInit: Selected Device Profile: [Windows]
[2018.10.07-05.14.23:255][  0]LogSimplygon: Simplygon DLL not present - disabling.
[2018.10.07-05.14.23:257][  0]LogMeshReduction: Using SimplygonSwarm for distributed automatic mesh merging
[2018.10.07-05.14.23:257][  0]LogMeshReduction: Using ProxyLODMeshReduction for automatic mesh merging
[2018.10.07-05.14.23:257][  0]LogMeshReduction: Using QuadricMeshReduction for automatic static mesh reduction
[2018.10.07-05.14.23:257][  0]LogMeshReduction: No automatic skeletal mesh reduction module available
[2018.10.07-05.14.23:279][  0]LogNetVersion: MMLX 1.0.0, NetCL: 4212847, EngineNetVer: 5, GameNetVer: 0 (Checksum: 2966571756)
[2018.10.07-05.14.23:730][  0]LogMoviePlayer: Initializing movie player
[2018.10.07-05.14.23:886][  0]LogSubstanceCoreModule: Substance [CPU] Engine Loaded, Max Texture Size = 2048
[2018.10.07-05.14.23:888][  0]LogTcpMessaging: Initializing TcpMessaging bridge
[2018.10.07-05.14.23:900][  0]LogUdpMessaging: Initializing bridge on interface 0.0.0.0:0 to multicast group 230.0.0.1:6666.
[2018.10.07-05.14.23:979][  0]SourceControl: Source control is disabled
[2018.10.07-05.14.23:979][  0]SourceControl: Source control is disabled
[2018.10.07-05.14.23:979][  0]SourceControl: Source control is disabled
[2018.10.07-05.14.24:093][  0]LogAndroidPermission: UAndroidPermissionCallbackProxy::GetInstance
[2018.10.07-05.14.24:202][  0]LogOcInput: OculusInput pre-init called
[2018.10.07-05.14.24:211][  0]LogUObjectArray: 42365 objects as part of root set at end of initial load.
[2018.10.07-05.14.24:211][  0]LogUObjectAllocator: 7466360 out of 0 bytes used by permanent object pool.
[2018.10.07-05.14.24:211][  0]LogUObjectArray: CloseDisregardForGC: 0/0 objects in disregard for GC pool
[2018.10.07-05.14.24:270][  0]LogEngine: Initializing Engine...
[2018.10.07-05.14.24:271][  0]LogHMD: Failed to initialize OpenVR with code 110
[2018.10.07-05.14.24:284][  0]LogStats: UGameplayTagsManager::ConstructGameplayTagTree: ImportINI prefixes -  0.000 s
[2018.10.07-05.14.24:284][  0]LogStats: UGameplayTagsManager::ConstructGameplayTagTree: Construct from data asset -  0.000 s
[2018.10.07-05.14.24:284][  0]LogStats: UGameplayTagsManager::ConstructGameplayTagTree: ImportINI -  0.000 s
[2018.10.07-05.14.24:284][  0]LogStats: UGameplayTagsManager::ConstructGameplayTagTree: GameplayTagTreeChangedEvent.Broadcast -  0.000 s
[2018.10.07-05.14.24:444][  0]LogInit: Initializing FReadOnlyCVARCache
[2018.10.07-05.14.24:476][  0]LogInit: XAudio2 using 'Speakers (Bose Mini II SoundLink Stereo)' : 2 channels at 44.1 kHz using 16 bits per sample (channel mask 0x3)
[2018.10.07-05.14.24:487][  0]LogInit: FAudioDevice initialized.
[2018.10.07-05.14.24:498][  0]LogNetVersion: Set ProjectVersion to 1.0.0.0. Version Checksum will be recalculated on next use.
[2018.10.07-05.14.24:510][  0]LogInit: Texture streaming: Enabled
[2018.10.07-05.14.24:628][  0]LogSlate: Updating window title bar state: overlay mode, drag disabled, window buttons hidden, title bar hidden
[2018.10.07-05.14.24:628][  0]LogInit: Display: Game Engine Initialized.
[2018.10.07-05.14.24:628][  0]LogGameplayTags: Display: UGameplayTagsManager::DoneAddingNativeTags. DelegateIsBound: 0
[2018.10.07-05.14.24:628][  0]LogStats: UGameplayTagsManager::ConstructGameplayTagTree: ImportINI prefixes -  0.000 s
[2018.10.07-05.14.24:628][  0]LogStats: UGameplayTagsManager::ConstructGameplayTagTree: Construct from data asset -  0.000 s
[2018.10.07-05.14.24:628][  0]LogStats: UGameplayTagsManager::ConstructGameplayTagTree: ImportINI -  0.000 s
[2018.10.07-05.14.24:628][  0]LogStats: UGameplayTagsManager::ConstructGameplayTagTree: GameplayTagTreeChangedEvent.Broadcast -  0.000 s
[2018.10.07-05.14.24:639][  0]LogInit: Display: Starting Game.
[2018.10.07-05.14.24:639][  0]LogNet: Browse: /Game/Maps/Ocean_Tower_Main?Name=Player
[2018.10.07-05.14.24:639][  0]LogLoad: LoadMap: /Game/Maps/Ocean_Tower_Main?Name=Player
[2018.10.07-05.14.24:673][  0]LogLinker: Warning: Asset '../../../../../MMLX Developement/git/MMLX/MMLX 4.20/Content/Megaman/Inventory/special_weapon_struct.uasset' has been saved with empty engine version. The asset will be loaded but may be incompatible.
[2018.10.07-05.14.24:674][  0]LogLinker: Warning: Asset '../../../../../MMLX Developement/git/MMLX/MMLX 4.20/Content/Megaman/Inventory/special_item_struct.uasset' has been saved with empty engine version. The asset will be loaded but may be incompatible.
[2018.10.07-05.14.24:675][  0]LogLinker: Warning: Asset '../../../../../MMLX Developement/git/MMLX/MMLX 4.20/Content/Megaman/Inventory/normal_item_struct.uasset' has been saved with empty engine version. The asset will be loaded but may be incompatible.
[2018.10.07-05.14.24:675][  0]LogLinker: Warning: Asset '../../../../../MMLX Developement/git/MMLX/MMLX 4.20/Content/Megaman/Inventory/buster_part_type_struct.uasset' has been saved with empty engine version. The asset will be loaded but may be incompatible.
[2018.10.07-05.14.24:730][  0]LogLinker: Warning: Asset '../../../../../MMLX Developement/git/MMLX/MMLX 4.20/Content/Megaman/Inventory/SpecialItemsTextures/MMLKeyItem02.uasset' has been saved with empty engine version. The asset will be loaded but may be incompatible.
[2018.10.07-05.14.24:730][  0]LogLinker: Warning: Asset '../../../../../MMLX Developement/git/MMLX/MMLX 4.20/Content/Megaman/Inventory/SpecialItemsTextures/MMLKeyItem03.uasset' has been saved with empty engine version. The asset will be loaded but may be incompatible.
[2018.10.07-05.14.24:731][  0]LogLinker: Warning: Asset '../../../../../MMLX Developement/git/MMLX/MMLX 4.20/Content/Megaman/Inventory/SpecialWeaponsTextures/MMLWActiveBuster.uasset' has been saved with empty engine version. The asset will be loaded but may be incompatible.
[2018.10.07-05.14.24:731][  0]LogLinker: Warning: Asset '../../../../../MMLX Developement/git/MMLX/MMLX 4.20/Content/Megaman/Inventory/SpecialWeaponsTextures/MMLWDrillArm.uasset' has been saved with empty engine version. The asset will be loaded but may be incompatible.
[2018.10.07-05.14.24:732][  0]LogLinker: Warning: Asset '../../../../../MMLX Developement/git/MMLX/MMLX 4.20/Content/Megaman/Inventory/SpecialWeaponsTextures/MMLWSplashMine.uasset' has been saved with empty engine version. The asset will be loaded but may be incompatible.
[2018.10.07-05.14.25:049][  0]LogLinker: Warning: Asset '../../../../../MMLX Developement/git/MMLX/MMLX 4.20/Content/Blueprints/Zenny/greenZennyMat.uasset' has been saved with empty engine version. The asset will be loaded but may be incompatible.
[2018.10.07-05.14.25:330][  0]LogAIModule: Creating AISystem for world Ocean_Tower_Main
[2018.10.07-05.14.26:180][  0]LogLoad: Game class is 'ThirdPersonGameMode_C'
[2018.10.07-05.14.26:189][  0]LogWorld: Bringing World /Game/Maps/Ocean_Tower_Main.Ocean_Tower_Main up for play (max tick rate 0) at 2018.10.07-01.14.26
[2018.10.07-05.14.26:190][  0]LogWorld: Bringing up level for play took: 0.008998
[2018.10.07-05.14.26:202][  0]LogLoad: Took 1.562041 seconds to LoadMap(/Game/Maps/Ocean_Tower_Main)
[2018.10.07-05.14.26:248][  0]LogRenderer: Reallocating scene render targets to support 1280x720 Format 10 NumSamples 1 (Frame:1).
[2018.10.07-05.14.26:248][  0]LogUObjectGlobals: BeginLoad(/Engine/EditorResources/SequenceRecorder/Countdown) is flushing async loading
[2018.10.07-05.14.26:248][  0]LogStreaming: Display: Flushing async loaders.
[2018.10.07-05.14.26:387][  0]LogLoad: (Engine Initialization) Total time: 7.19 seconds
[2018.10.07-05.14.26:387][  0]LogLoad: (Engine Initialization) Total Blueprint compile time: 0.00 seconds
[2018.10.07-05.14.26:405][  0]LogWindowsTextInputMethodSystem: Display: IME system now deactivated.
[2018.10.07-05.14.26:416][  0]LogContentStreaming: Texture pool size now 1000 MB
[2018.10.07-05.14.26:599][  3]LogStreaming: Display: UWorld::AddToWorld: updating components for /Game/Maps/Ocean_Tower_Zone1 took (less than) 30.28 ms
[2018.10.07-05.14.27:923][ 83]LogRenderer: Reallocating scene render targets to support 2048x1152 Format 10 NumSamples 1 (Frame:84).
[2018.10.07-05.14.32:536][365]LogBlueprintUserMessages: [MegaMan_AnimBP_C_0] Transforming.... Please Hold....
[2018.10.07-05.14.32:552][366]LogBlueprintUserMessages: [MegaMan_AnimBP_C_0] Transforming.... Please Hold....
[2018.10.07-05.14.32:568][367]LogBlueprintUserMessages: [MegaMan_AnimBP_C_0] Transforming.... Please Hold....
[2018.10.07-05.14.32:584][368]LogBlueprintUserMessages: [MegaMan_AnimBP_C_0] Transforming.... Please Hold....
[2018.10.07-05.14.32:600][369]LogBlueprintUserMessages: [MegaMan_AnimBP_C_0] Transforming.... Please Hold....
[2018.10.07-05.14.32:617][370]LogBlueprintUserMessages: [MegaMan_AnimBP_C_0] Transforming.... Please Hold....
[2018.10.07-05.14.32:633][371]LogBlueprintUserMessages: [MegaMan_AnimBP_C_0] Transforming.... Please Hold....
[2018.10.07-05.14.32:649][372]LogBlueprintUserMessages: [MegaMan_AnimBP_C_0] Transforming.... Please Hold....
[2018.10.07-05.14.32:665][373]LogBlueprintUserMessages: [MegaMan_AnimBP_C_0] Transforming.... Please Hold....
[2018.10.07-05.14.32:681][374]LogBlueprintUserMessages: [MegaMan_AnimBP_C_0] Transforming.... Please Hold....
[2018.10.07-05.14.32:697][375]LogBlueprintUserMessages: [MegaMan_AnimBP_C_0] Transforming.... Please Hold....
[2018.10.07-05.14.32:713][376]LogBlueprintUserMessages: [MegaMan_AnimBP_C_0] Transforming.... Please Hold....
[2018.10.07-05.14.32:730][377]LogBlueprintUserMessages: [MegaMan_AnimBP_C_0] Transforming.... Please Hold....
[2018.10.07-05.14.32:746][378]LogBlueprintUserMessages: [MegaMan_AnimBP_C_0] Transforming.... Please Hold....
[2018.10.07-05.14.32:769][379]LogBlueprintUserMessages: [MegaMan_AnimBP_C_0] Transforming.... Please Hold....
[2018.10.07-05.14.32:778][380]LogBlueprintUserMessages: [MegaMan_AnimBP_C_0] Transforming.... Please Hold....
[2018.10.07-05.14.32:794][381]LogBlueprintUserMessages: [MegaMan_AnimBP_C_0] Transforming.... Please Hold....
[2018.10.07-05.14.32:810][382]LogBlueprintUserMessages: [MegaMan_AnimBP_C_0] Transforming.... Please Hold....
[2018.10.07-05.14.32:826][383]LogBlueprintUserMessages: [MegaMan_AnimBP_C_0] Transforming.... Please Hold....
[2018.10.07-05.14.32:842][384]LogBlueprintUserMessages: [MegaMan_AnimBP_C_0] Transforming.... Please Hold....
[2018.10.07-05.14.32:859][385]LogBlueprintUserMessages: [MegaMan_AnimBP_C_0] Transforming.... Please Hold....
[2018.10.07-05.14.32:875][386]LogBlueprintUserMessages: [MegaMan_AnimBP_C_0] Transforming.... Please Hold....
[2018.10.07-05.14.32:891][387]LogBlueprintUserMessages: [MegaMan_AnimBP_C_0] Transforming.... Please Hold....
[2018.10.07-05.14.32:907][388]LogBlueprintUserMessages: [MegaMan_AnimBP_C_0] Transforming.... Please Hold....
[2018.10.07-05.14.32:923][389]LogBlueprintUserMessages: [MegaMan_AnimBP_C_0] Transforming.... Please Hold....
[2018.10.07-05.14.32:939][390]LogBlueprintUserMessages: [MegaMan_AnimBP_C_0] Transforming.... Please Hold....
[2018.10.07-05.14.32:955][391]LogBlueprintUserMessages: [MegaMan_AnimBP_C_0] Transforming.... Please Hold....
[2018.10.07-05.14.32:971][392]LogBlueprintUserMessages: [MegaMan_AnimBP_C_0] Transforming.... Please Hold....
[2018.10.07-05.14.32:988][393]LogBlueprintUserMessages: [MegaMan_AnimBP_C_0] Transforming.... Please Hold....
[2018.10.07-05.14.33:004][394]LogBlueprintUserMessages: [MegaMan_AnimBP_C_0] Transforming.... Please Hold....
[2018.10.07-05.14.33:020][395]LogBlueprintUserMessages: [MegaMan_AnimBP_C_0] Transforming.... Please Hold....
[2018.10.07-05.14.33:036][396]LogBlueprintUserMessages: [MegaMan_AnimBP_C_0] Transforming.... Please Hold....
[2018.10.07-05.14.33:052][397]LogBlueprintUserMessages: [MegaMan_AnimBP_C_0] Transforming.... Please Hold....
[2018.10.07-05.14.33:068][398]LogBlueprintUserMessages: [MegaMan_AnimBP_C_0] Transforming.... Please Hold....
[2018.10.07-05.14.33:085][399]LogBlueprintUserMessages: [MegaMan_AnimBP_C_0] Transforming.... Please Hold....
[2018.10.07-05.14.33:101][400]LogBlueprintUserMessages: [MegaMan_AnimBP_C_0] Transforming.... Please Hold....
[2018.10.07-05.14.33:117][401]LogBlueprintUserMessages: [MegaMan_AnimBP_C_0] Transforming.... Please Hold....
[2018.10.07-05.14.33:133][402]LogBlueprintUserMessages: [MegaMan_AnimBP_C_0] Transforming.... Please Hold....
[2018.10.07-05.14.33:149][403]LogBlueprintUserMessages: [MegaMan_AnimBP_C_0] Transforming.... Please Hold....
[2018.10.07-05.14.33:165][404]LogBlueprintUserMessages: [MegaMan_AnimBP_C_0] Transforming.... Please Hold....
[2018.10.07-05.14.33:181][405]LogBlueprintUserMessages: [MegaMan_AnimBP_C_0] Transforming.... Please Hold....
[2018.10.07-05.14.33:198][406]LogBlueprintUserMessages: [MegaMan_AnimBP_C_0] Transforming.... Please Hold....
[2018.10.07-05.14.33:198][406]LogBlueprintUserMessages: [Megaman_C_0] true
[2018.10.07-05.14.35:827][569]LogBlueprintUserMessages: [Megaman_C_0] Target Lock!
[2018.10.07-05.14.36:585][616]LogBlueprintUserMessages: [Megaman_C_0] No Target!
[2018.10.07-05.14.38:069][708]LogBlueprintUserMessages: [Megaman_C_0] Target Lock!
[2018.10.07-05.14.38:537][737]LogBlueprintUserMessages: [BP_BusterGun_Projectile_C_0] 54
[2018.10.07-05.14.38:743][748]LogBlueprintUserMessages: [BP_BusterGun_Projectile_C_1] 44
[2018.10.07-05.14.38:921][759]LogBlueprintUserMessages: [BP_BusterGun_Projectile_C_2] 34
[2018.10.07-05.14.39:113][771]LogBlueprintUserMessages: [BP_BusterGun_Projectile_C_3] 24
[2018.10.07-05.14.39:291][782]LogBlueprintUserMessages: [BP_BusterGun_Projectile_C_4] 14
[2018.10.07-05.14.39:582][800]LogBlueprintUserMessages: [BP_BusterGun_Projectile_C_5] 4
[2018.10.07-05.14.39:888][819]LogBlueprintUserMessages: [BP_BusterGun_Projectile_C_6] 54
[2018.10.07-05.14.40:194][838]LogBlueprintUserMessages: [BP_BusterGun_Projectile_C_7] 54
[2018.10.07-05.14.40:389][850]LogBlueprintUserMessages: [BP_BusterGun_Projectile_C_8] 44
[2018.10.07-05.14.40:549][860]LogBlueprintUserMessages: [BP_BusterGun_Projectile_C_9] 34
[2018.10.07-05.14.40:663][867]LogBlueprintUserMessages: [BP_BusterGun_Projectile_C_11] -6
[2018.10.07-05.14.40:727][871]LogBlueprintUserMessages: [BP_BusterGun_Projectile_C_10] 24
[2018.10.07-05.14.41:211][901]LogBlueprintUserMessages: [Megaman_C_0] No Target!
[2018.10.07-05.14.41:307][907]LogBlueprintUserMessages: [BP_BusterGun_Projectile_C_13] 14
[2018.10.07-05.14.41:453][916]LogBlueprintUserMessages: [BP_BusterGun_Projectile_C_14] 4
[2018.10.07-05.14.43:952][ 68]LogBlueprintUserMessages: [Zakobon_BP13] OUCHIES!!!!
[2018.10.07-05.14.43:952][ 68]LogBlueprintUserMessages: [Zakobon_BP13] 48
[2018.10.07-05.14.43:968][ 69]LogBlueprintUserMessages: [Zakobon_BP13] OUCHIES!!!!
[2018.10.07-05.14.43:968][ 69]LogBlueprintUserMessages: [Zakobon_BP13] 42
[2018.10.07-05.14.43:969][ 69]LogBlueprintUserMessages: [Zakobon_BP13] OUCHIES!!!!
[2018.10.07-05.14.43:969][ 69]LogBlueprintUserMessages: [Zakobon_BP13] 36
[2018.10.07-05.14.44:195][ 83]LogBlueprintUserMessages: [Zakobon_BP13] OUCHIES!!!!
[2018.10.07-05.14.44:195][ 83]LogBlueprintUserMessages: [Zakobon_BP13] 30
[2018.10.07-05.14.44:195][ 83]LogBlueprintUserMessages: [Zakobon_BP13] OUCHIES!!!!
[2018.10.07-05.14.44:195][ 83]LogBlueprintUserMessages: [Zakobon_BP13] 24
[2018.10.07-05.14.44:210][ 84]LogBlueprintUserMessages: [Zakobon_BP13] OUCHIES!!!!
[2018.10.07-05.14.44:210][ 84]LogBlueprintUserMessages: [Zakobon_BP13] 18
[2018.10.07-05.14.44:211][ 84]LogBlueprintUserMessages: [Zakobon_BP13] OUCHIES!!!!
[2018.10.07-05.14.44:211][ 84]LogBlueprintUserMessages: [Zakobon_BP13] 12
[2018.10.07-05.14.44:227][ 85]LogBlueprintUserMessages: [Zakobon_BP13] OUCHIES!!!!
[2018.10.07-05.14.44:227][ 85]LogBlueprintUserMessages: [Zakobon_BP13] 6
[2018.10.07-05.14.44:227][ 85]LogBlueprintUserMessages: [Zakobon_BP13] OUCHIES!!!!
[2018.10.07-05.14.44:227][ 85]LogBlueprintUserMessages: [Zakobon_BP13] 0
[2018.10.07-05.14.47:645][297]LogBlueprintUserMessages: [Zakobon_BP12] OUCHIES!!!!
[2018.10.07-05.14.47:645][297]LogBlueprintUserMessages: [Zakobon_BP12] -2
[2018.10.07-05.14.57:630][916]LogBlueprintUserMessages: [Zakobon_BP10] OUCHIES!!!!
[2018.10.07-05.14.57:630][916]LogBlueprintUserMessages: [Zakobon_BP10] 58
[2018.10.07-05.14.57:646][917]LogBlueprintUserMessages: [Zakobon_BP10] OUCHIES!!!!
[2018.10.07-05.14.57:646][917]LogBlueprintUserMessages: [Zakobon_BP10] 52
[2018.10.07-05.14.57:646][917]LogBlueprintUserMessages: [Zakobon_BP10] OUCHIES!!!!
[2018.10.07-05.14.57:646][917]LogBlueprintUserMessages: [Zakobon_BP10] 46
[2018.10.07-05.14.57:662][918]LogBlueprintUserMessages: [Zakobon_BP10] OUCHIES!!!!
[2018.10.07-05.14.57:662][918]LogBlueprintUserMessages: [Zakobon_BP10] 40
[2018.10.07-05.14.57:662][918]LogBlueprintUserMessages: [Zakobon_BP10] OUCHIES!!!!
[2018.10.07-05.14.57:662][918]LogBlueprintUserMessages: [Zakobon_BP10] 34
[2018.10.07-05.14.57:774][925]LogBlueprintUserMessages: [Zakobon_BP10] OUCHIES!!!!
[2018.10.07-05.14.57:774][925]LogBlueprintUserMessages: [Zakobon_BP10] 28
[2018.10.07-05.14.57:774][925]LogBlueprintUserMessages: [Zakobon_BP10] OUCHIES!!!!
[2018.10.07-05.14.57:774][925]LogBlueprintUserMessages: [Zakobon_BP10] 22
[2018.10.07-05.14.57:790][926]LogBlueprintUserMessages: [Zakobon_BP10] OUCHIES!!!!
[2018.10.07-05.14.57:790][926]LogBlueprintUserMessages: [Zakobon_BP10] 16
[2018.10.07-05.14.57:790][926]LogBlueprintUserMessages: [Zakobon_BP10] OUCHIES!!!!
[2018.10.07-05.14.57:790][926]LogBlueprintUserMessages: [Zakobon_BP10] 10
[2018.10.07-05.14.57:807][927]LogBlueprintUserMessages: [Zakobon_BP10] OUCHIES!!!!
[2018.10.07-05.14.57:807][927]LogBlueprintUserMessages: [Zakobon_BP10] 4
[2018.10.07-05.14.57:807][927]LogBlueprintUserMessages: [Zakobon_BP10] OUCHIES!!!!
[2018.10.07-05.14.57:807][927]LogBlueprintUserMessages: [Zakobon_BP10] -2
[2018.10.07-05.15.05:388][397]LogBlueprintUserMessages: [Zakobon_BP9_625] OUCHIES!!!!
[2018.10.07-05.15.05:388][397]LogBlueprintUserMessages: [Zakobon_BP9_625] 58
[2018.10.07-05.15.05:388][397]LogBlueprintUserMessages: [Zakobon_BP9_625] OUCHIES!!!!
[2018.10.07-05.15.05:388][397]LogBlueprintUserMessages: [Zakobon_BP9_625] 52
[2018.10.07-05.15.05:404][398]LogBlueprintUserMessages: [Zakobon_BP9_625] OUCHIES!!!!
[2018.10.07-05.15.05:404][398]LogBlueprintUserMessages: [Zakobon_BP9_625] 46
[2018.10.07-05.15.05:404][398]LogBlueprintUserMessages: [Zakobon_BP9_625] OUCHIES!!!!
[2018.10.07-05.15.05:404][398]LogBlueprintUserMessages: [Zakobon_BP9_625] 40
[2018.10.07-05.15.05:421][399]LogBlueprintUserMessages: [Zakobon_BP9_625] OUCHIES!!!!
[2018.10.07-05.15.05:421][399]LogBlueprintUserMessages: [Zakobon_BP9_625] 34
[2018.10.07-05.15.05:421][399]LogBlueprintUserMessages: [Zakobon_BP9_625] OUCHIES!!!!
[2018.10.07-05.15.05:421][399]LogBlueprintUserMessages: [Zakobon_BP9_625] 28
[2018.10.07-05.15.05:437][400]LogBlueprintUserMessages: [Zakobon_BP9_625] OUCHIES!!!!
[2018.10.07-05.15.05:437][400]LogBlueprintUserMessages: [Zakobon_BP9_625] 22
[2018.10.07-05.15.05:437][400]LogBlueprintUserMessages: [Zakobon_BP9_625] OUCHIES!!!!
[2018.10.07-05.15.05:437][400]LogBlueprintUserMessages: [Zakobon_BP9_625] 16
[2018.10.07-05.15.05:453][401]LogBlueprintUserMessages: [Zakobon_BP9_625] OUCHIES!!!!
[2018.10.07-05.15.05:453][401]LogBlueprintUserMessages: [Zakobon_BP9_625] 10
[2018.10.07-05.15.05:453][401]LogBlueprintUserMessages: [Zakobon_BP9_625] OUCHIES!!!!
[2018.10.07-05.15.05:453][401]LogBlueprintUserMessages: [Zakobon_BP9_625] 4
[2018.10.07-05.15.06:888][490]LogBlueprintUserMessages: [Zakobon_BP9_625] OUCHIES!!!!
[2018.10.07-05.15.06:888][490]LogBlueprintUserMessages: [Zakobon_BP9_625] -2
[2018.10.07-05.17.37:839][843]LogSlate: Window 'MMLX (64-bit Development PCD3D_SM5) ' being destroyed
[2018.10.07-05.17.37:842][843]LogWindowsTextInputMethodSystem: Display: IME system now deactivated.
[2018.10.07-05.17.37:845][843]LogSlate: Updating window title bar state: overlay mode, drag disabled, window buttons hidden, title bar hidden
[2018.10.07-05.17.37:845][843]LogEngine: All Windows Closed
[2018.10.07-05.17.37:845][843]LogWindows: FPlatformMisc::RequestExit(0)
[2018.10.07-05.17.38:388][844]LogExit: Preparing to exit.
[2018.10.07-05.17.38:389][844]LogMoviePlayer: Shutting down movie player
[2018.10.07-05.17.39:027][844]LogSlate: Updating window title bar state: overlay mode, drag disabled, window buttons hidden, title bar hidden
[2018.10.07-05.17.39:062][844]LogExit: Game engine shut down
[2018.10.07-05.17.39:428][844]LogExit: Object subsystem successfully closed.
[2018.10.07-05.17.39:453][844]LogShaderCompilers: Display: Shaders left to compile 0
[2018.10.07-05.17.39:459][844]LogD3D11RHI: Shutdown
[2018.10.07-05.17.39:459][844]LogD3D11RHI: CleanupD3DDevice
[2018.10.07-05.17.39:462][844]LogD3D11RHI: ~FD3D11DynamicRHI
[2018.10.07-05.17.39:472][844]LogModuleManager: Shutting down and abandoning module SequenceRecorderSections (378)
[2018.10.07-05.17.39:472][844]LogModuleManager: Shutting down and abandoning module SequenceRecorder (376)
[2018.10.07-05.17.39:472][844]LogModuleManager: Shutting down and abandoning module AutomationController (374)
[2018.10.07-05.17.39:472][844]LogModuleManager: Shutting down and abandoning module AutomationWorker (372)
[2018.10.07-05.17.39:472][844]LogModuleManager: Shutting down and abandoning module Voice (370)
[2018.10.07-05.17.39:472][844]LogModuleManager: Shutting down and abandoning module AIModule (368)
[2018.10.07-05.17.39:472][844]LogModuleManager: Shutting down and abandoning module GameplayDebugger (367)
[2018.10.07-05.17.39:472][844]LogModuleManager: Shutting down and abandoning module AITestSuite (365)
[2018.10.07-05.17.39:472][844]LogModuleManager: Shutting down and abandoning module NavigationSystem (363)
[2018.10.07-05.17.39:472][844]LogModuleManager: Shutting down and abandoning module WmfMediaFactory (360)
[2018.10.07-05.17.39:472][844]LogModuleManager: Shutting down and abandoning module OpenExrWrapper (358)
[2018.10.07-05.17.39:472][844]LogModuleManager: Shutting down and abandoning module ImgMediaFactory (356)
[2018.10.07-05.17.39:472][844]LogModuleManager: Shutting down and abandoning module AvfMediaFactory (354)
[2018.10.07-05.17.39:472][844]LogModuleManager: Shutting down and abandoning module MagicLeapCameraPreviewFactory (352)
[2018.10.07-05.17.39:472][844]LogModuleManager: Shutting down and abandoning module MagicLeapMediaFactory (350)
[2018.10.07-05.17.39:472][844]LogModuleManager: Shutting down and abandoning module CharacterAI (348)
[2018.10.07-05.17.39:472][844]LogModuleManager: Shutting down and abandoning module SessionServices (346)
[2018.10.07-05.17.39:472][844]LogModuleManager: Shutting down and abandoning module MovieSceneCapture (344)
[2018.10.07-05.17.39:472][844]LogModuleManager: Shutting down and abandoning module MovieSceneTracks (342)
[2018.10.07-05.17.39:472][844]LogModuleManager: Shutting down and abandoning module MovieScene (340)
[2018.10.07-05.17.39:472][844]LogModuleManager: Shutting down and abandoning module StreamingPauseRendering (338)
[2018.10.07-05.17.39:473][844]LogModuleManager: Shutting down and abandoning module PortalServices (336)
[2018.10.07-05.17.39:473][844]LogModuleManager: Shutting down and abandoning module PortalRpc (334)
[2018.10.07-05.17.39:473][844]LogModuleManager: Shutting down and abandoning module MessagingRpc (332)
[2018.10.07-05.17.39:473][844]LogModuleManager: Shutting down and abandoning module ProfilerService (330)
[2018.10.07-05.17.39:558][844]LogModuleManager: Shutting down and abandoning module TaskGraph (328)
[2018.10.07-05.17.39:558][844]LogModuleManager: Shutting down and abandoning module SteamVRController (326)
[2018.10.07-05.17.39:558][844]LogModuleManager: Shutting down and abandoning module ProceduralMeshComponent (324)
[2018.10.07-05.17.39:558][844]LogModuleManager: Shutting down and abandoning module OculusInput (322)
[2018.10.07-05.17.39:558][844]LogModuleManager: Shutting down and abandoning module MobilePatchingUtils (320)
[2018.10.07-05.17.39:558][844]LogModuleManager: Shutting down and abandoning module EditableMesh (318)
[2018.10.07-05.17.39:558][844]LogModuleManager: Shutting down and abandoning module CustomMeshComponent (316)
[2018.10.07-05.17.39:558][844]LogModuleManager: Shutting down and abandoning module CableComponent (314)
[2018.10.07-05.17.39:558][844]LogModuleManager: Shutting down and abandoning module AudioCapture (312)
[2018.10.07-05.17.39:558][844]LogModuleManager: Shutting down and abandoning module ArchVisCharacter (310)
[2018.10.07-05.17.39:558][844]LogModuleManager: Shutting down and abandoning module AndroidPermission (308)
[2018.10.07-05.17.39:558][844]LogModuleManager: Shutting down and abandoning module NUTUnrealEngine4 (306)
[2018.10.07-05.17.39:558][844]LogModuleManager: Shutting down and abandoning module NetcodeUnitTest (304)
[2018.10.07-05.17.39:558][844]LogModuleManager: Shutting down and abandoning module MediaCompositing (302)
[2018.10.07-05.17.39:558][844]LogModuleManager: Shutting down and abandoning module LinearTimecode (300)
[2018.10.07-05.17.39:558][844]LogModuleManager: Shutting down and abandoning module ImgMedia (298)
[2018.10.07-05.17.39:562][844]LogModuleManager: Shutting down and abandoning module HTML5Networking (296)
[2018.10.07-05.17.39:562][844]LogModuleManager: Shutting down and abandoning module GeometryCacheTracks (294)
[2018.10.07-05.17.39:562][844]LogModuleManager: Shutting down and abandoning module GeometryCacheSequencer (293)
[2018.10.07-05.17.39:562][844]LogModuleManager: Shutting down and abandoning module GeometryCache (290)
[2018.10.07-05.17.39:562][844]LogModuleManager: Shutting down and abandoning module GeometryCacheEd (289)
[2018.10.07-05.17.39:562][844]LogModuleManager: Shutting down and abandoning module BackChannel (286)
[2018.10.07-05.17.39:562][844]LogModuleManager: Shutting down and abandoning module AppleVision (284)
[2018.10.07-05.17.39:562][844]LogModuleManager: Shutting down and abandoning module AppleImageUtils (282)
[2018.10.07-05.17.39:562][844]LogModuleManager: Shutting down and abandoning module DatasmithContent (280)
[2018.10.07-05.17.39:562][844]LogModuleManager: Shutting down and abandoning module CryptoKeysOpenSSL (278)
[2018.10.07-05.17.39:562][844]LogModuleManager: Shutting down and abandoning module CryptoKeys (276)
[2018.10.07-05.17.39:562][844]LogModuleManager: Shutting down and abandoning module VisualStudioSourceCodeAccess (274)
[2018.10.07-05.17.39:562][844]LogModuleManager: Shutting down and abandoning module HotReload (273)
[2018.10.07-05.17.39:562][844]LogModuleManager: Shutting down and abandoning module DirectoryWatcher (272)
[2018.10.07-05.17.39:562][844]LogModuleManager: Shutting down and abandoning module VisualStudioCodeSourceCodeAccess (268)
[2018.10.07-05.17.39:562][844]LogModuleManager: Shutting down and abandoning module UObjectPlugin (266)
[2018.10.07-05.17.39:562][844]LogModuleManager: Shutting down and abandoning module SubversionSourceControl (264)
[2018.10.07-05.17.39:562][844]LogModuleManager: Shutting down and abandoning module PerforceSourceControl (262)
[2018.10.07-05.17.39:562][844]LogModuleManager: Shutting down and abandoning module SourceControl (261)
[2018.10.07-05.17.39:562][844]LogModuleManager: Shutting down and abandoning module CLionSourceCodeAccess (258)
[2018.10.07-05.17.39:563][844]LogModuleManager: Shutting down and abandoning module RuntimePhysXCooking (256)
[2018.10.07-05.17.39:563][844]LogModuleManager: Shutting down and abandoning module PhysXVehiclesEditor (254)
[2018.10.07-05.17.39:563][844]LogModuleManager: Shutting down and abandoning module PhysXVehicles (252)
[2018.10.07-05.17.39:563][844]LogModuleManager: Shutting down and abandoning module LocationServicesBPLibrary (250)
[2018.10.07-05.17.39:563][844]LogModuleManager: Shutting down and abandoning module ImmediatePhysicsEditor (248)
[2018.10.07-05.17.39:563][844]LogModuleManager: Shutting down and abandoning module ImmediatePhysics (246)
[2018.10.07-05.17.39:563][844]LogModuleManager: Shutting down and abandoning module ActorSequence (244)
[2018.10.07-05.17.39:563][844]LogModuleManager: Shutting down and abandoning module UdpMessaging (242)
[2018.10.07-05.17.39:664][844]LogModuleManager: Shutting down and abandoning module TcpMessaging (240)
[2018.10.07-05.17.39:765][844]LogModuleManager: Shutting down and abandoning module SubstanceCore (238)
[2018.10.07-05.17.39:765][844]LogModuleManager: Shutting down and abandoning module MagicLeapAudio (236)
[2018.10.07-05.17.39:765][844]LogModuleManager: Shutting down and abandoning module GameplayTagsEditor (234)
[2018.10.07-05.17.39:765][844]LogModuleManager: Shutting down and abandoning module FacialAnimation (232)
[2018.10.07-05.17.39:765][844]LogModuleManager: Shutting down and abandoning module DataValidation (230)
[2018.10.07-05.17.39:765][844]LogModuleManager: Shutting down and abandoning module AssetManagerEditor (228)
[2018.10.07-05.17.39:765][844]LogModuleManager: Shutting down and abandoning module TreeMap (227)
[2018.10.07-05.17.39:765][844]LogModuleManager: Shutting down and abandoning module LightPropagationVolumeRuntime (224)
[2018.10.07-05.17.39:765][844]LogModuleManager: Shutting down and abandoning module AISupportModule (222)
[2018.10.07-05.17.39:765][844]LogModuleManager: Shutting down and abandoning module Paper2D (220)
[2018.10.07-05.17.39:765][844]LogModuleManager: Shutting down and abandoning module PIEPreviewDeviceProfileSelector (218)
[2018.10.07-05.17.39:765][844]LogModuleManager: Shutting down and abandoning module WindowsMoviePlayer (216)
[2018.10.07-05.17.39:765][844]LogModuleManager: Shutting down and abandoning module WmfMedia (214)
[2018.10.07-05.17.39:766][844]LogModuleManager: Shutting down and abandoning module Media (213)
[2018.10.07-05.17.39:773][844]LogModuleManager: Shutting down and abandoning module PacketHandler (210)
[2018.10.07-05.17.39:773][844]LogModuleManager: Shutting down and abandoning module ClothingSystemEditor (208)
[2018.10.07-05.17.39:773][844]LogModuleManager: Shutting down and abandoning module ClothingSystemRuntime (206)
[2018.10.07-05.17.39:773][844]LogModuleManager: Shutting down and abandoning module MediaAssets (204)
[2018.10.07-05.17.39:773][844]LogModuleManager: Shutting down and abandoning module Overlay (202)
[2018.10.07-05.17.39:773][844]LogModuleManager: Shutting down and abandoning module OverlayEditor (201)
[2018.10.07-05.17.39:773][844]LogModuleManager: Shutting down and abandoning module VREditor (198)
[2018.10.07-05.17.39:773][844]LogModuleManager: Shutting down and abandoning module StringTableEditor (196)
[2018.10.07-05.17.39:773][844]LogModuleManager: Shutting down and abandoning module GameplayTasksEditor (194)
[2018.10.07-05.17.39:773][844]LogModuleManager: Shutting down and abandoning module BehaviorTreeEditor (192)
[2018.10.07-05.17.39:773][844]LogModuleManager: Shutting down and abandoning module FunctionalTesting (190)
[2018.10.07-05.17.39:773][844]LogModuleManager: Shutting down and abandoning module CollisionAnalyzer (188)
[2018.10.07-05.17.39:773][844]LogModuleManager: Shutting down and abandoning module WorkspaceMenuStructure (187)
[2018.10.07-05.17.39:773][844]LogModuleManager: Shutting down and abandoning module UMG (184)
[2018.10.07-05.17.39:773][844]LogModuleManager: Shutting down and abandoning module UMGEditor (183)
[2018.10.07-05.17.39:774][844]LogModuleManager: Shutting down and abandoning module Sequencer (182)
[2018.10.07-05.17.39:774][844]LogModuleManager: Shutting down and abandoning module MessageLog (179)
[2018.10.07-05.17.39:774][844]LogModuleManager: Shutting down and abandoning module SlateReflector (174)
[2018.10.07-05.17.39:774][844]LogModuleManager: Shutting down and abandoning module Slate (172)
[2018.10.07-05.17.39:774][844]LogModuleManager: Shutting down and abandoning module EditorStyle (170)
[2018.10.07-05.17.39:775][844]LogModuleManager: Shutting down and abandoning module MRMesh (168)
[2018.10.07-05.17.39:775][844]LogModuleManager: Shutting down and abandoning module Messaging (166)
[2018.10.07-05.17.39:775][844]LogModuleManager: Shutting down and abandoning module SourceCodeAccess (164)
[2018.10.07-05.17.39:775][844]LogModuleManager: Shutting down and abandoning module HeadMountedDisplay (162)
[2018.10.07-05.17.39:775][844]LogModuleManager: Shutting down and abandoning module XAudio2 (160)
[2018.10.07-05.17.39:775][844]LogModuleManager: Shutting down and abandoning module Networking (158)
[2018.10.07-05.17.39:775][844]LogModuleManager: Shutting down and abandoning module Core (156)
[2018.10.07-05.17.39:775][844]LogModuleManager: Shutting down and abandoning module LevelSequence (154)
[2018.10.07-05.17.39:775][844]LogModuleManager: Shutting down and abandoning module KismetCompiler (152)
[2018.10.07-05.17.39:775][844]LogModuleManager: Shutting down and abandoning module MeshUtilities (150)
[2018.10.07-05.17.39:775][844]LogModuleManager: Shutting down and abandoning module MeshMergeUtilities (149)
[2018.10.07-05.17.39:775][844]LogModuleManager: Shutting down and abandoning module MeshReductionInterface (148)
[2018.10.07-05.17.39:775][844]LogModuleManager: Shutting down and abandoning module SimplygonSwarm (147)
[2018.10.07-05.17.39:775][844]LogModuleManager: Shutting down and abandoning module ProxyLODMeshReduction (145)
[2018.10.07-05.17.39:775][844]LogModuleManager: Shutting down and abandoning module SimplygonMeshReduction (143)
[2018.10.07-05.17.39:775][844]LogModuleManager: Shutting down and abandoning module QuadricMeshReduction (141)
[2018.10.07-05.17.39:775][844]LogModuleManager: Shutting down and abandoning module MaterialBaking (137)
[2018.10.07-05.17.39:775][844]LogModuleManager: Shutting down and abandoning module DerivedDataCache (132)
[2018.10.07-05.17.39:811][844]LogDerivedDataCache: Shutdown
[2018.10.07-05.17.39:812][844]LogModuleManager: Shutting down and abandoning module XGEController (130)
[2018.10.07-05.17.39:812][844]LogModuleManager: Shutting down and abandoning module TargetPlatform (128)
[2018.10.07-05.17.39:812][844]LogModuleManager: Shutting down and abandoning module VulkanShaderFormat (127)
[2018.10.07-05.17.39:812][844]LogModuleManager: Shutting down and abandoning module ShaderFormatVectorVM (125)
[2018.10.07-05.17.39:812][844]LogModuleManager: Shutting down and abandoning module ShaderFormatOpenGL (123)
[2018.10.07-05.17.39:812][844]LogModuleManager: Shutting down and abandoning module ShaderFormatD3D (121)
[2018.10.07-05.17.39:812][844]LogModuleManager: Shutting down and abandoning module MetalShaderFormat (119)
[2018.10.07-05.17.39:812][844]LogModuleManager: Shutting down and abandoning module TextureFormatUncompressed (117)
[2018.10.07-05.17.39:812][844]LogModuleManager: Shutting down and abandoning module TextureFormatPVR (115)
[2018.10.07-05.17.39:812][844]LogModuleManager: Shutting down and abandoning module TextureFormatDXT (113)
[2018.10.07-05.17.39:812][844]LogModuleManager: Shutting down and abandoning module TextureFormatIntelISPCTexComp (111)
[2018.10.07-05.17.39:812][844]LogModuleManager: Shutting down and abandoning module TextureFormatASTC (109)
[2018.10.07-05.17.39:812][844]LogModuleManager: Shutting down and abandoning module ImageWrapper (108)
[2018.10.07-05.17.39:812][844]LogModuleManager: Shutting down and abandoning module TextureFormatAndroid (105)
[2018.10.07-05.17.39:812][844]LogModuleManager: Shutting down and abandoning module AudioFormatOpus (103)
[2018.10.07-05.17.39:812][844]LogModuleManager: Shutting down and abandoning module AudioFormatOgg (101)
[2018.10.07-05.17.39:812][844]LogModuleManager: Shutting down and abandoning module AudioFormatADPCM (99)
[2018.10.07-05.17.39:812][844]LogModuleManager: Shutting down and abandoning module WindowsTargetPlatform (97)
[2018.10.07-05.17.39:812][844]LogModuleManager: Shutting down and abandoning module WindowsServerTargetPlatform (95)
[2018.10.07-05.17.39:812][844]LogModuleManager: Shutting down and abandoning module WindowsNoEditorTargetPlatform (93)
[2018.10.07-05.17.39:812][844]LogModuleManager: Shutting down and abandoning module WindowsClientTargetPlatform (91)
[2018.10.07-05.17.39:812][844]LogModuleManager: Shutting down and abandoning module InputCore (88)
[2018.10.07-05.17.39:812][844]LogModuleManager: Shutting down and abandoning module Settings (86)
[2018.10.07-05.17.39:812][844]LogModuleManager: Shutting down and abandoning module PhysXCooking (84)
[2018.10.07-05.17.39:813][844]LogModuleManager: Shutting down and abandoning module SteamVR (82)
[2018.10.07-05.17.39:813][844]LogModuleManager: Shutting down and abandoning module OculusHMD (80)
[2018.10.07-05.17.39:813][844]LogModuleManager: Shutting down and abandoning module ExampleDeviceProfileSelector (78)
[2018.10.07-05.17.39:813][844]LogModuleManager: Shutting down and abandoning module LauncherChunkInstaller (76)
[2018.10.07-05.17.39:813][844]LogModuleManager: Shutting down and abandoning module OnlineBlueprintSupport (74)
[2018.10.07-05.17.39:813][844]LogModuleManager: Shutting down and abandoning module OnlineSubsystem (70)
[2018.10.07-05.17.39:813][844]LogModuleManager: Shutting down and abandoning module XMPP (65)
[2018.10.07-05.17.39:814][844]LogModuleManager: Shutting down and abandoning module WebSockets (64)
[2018.10.07-05.17.39:848][844]LogModuleManager: Shutting down and abandoning module HTTP (61)
[2018.10.07-05.17.39:866][844]LogModuleManager: Shutting down and abandoning module SSL (60)
[2018.10.07-05.17.39:869][844]LogModuleManager: Shutting down and abandoning module MagicLeapEmulator (56)
[2018.10.07-05.17.39:869][844]LogModuleManager: Shutting down and abandoning module MagicLeapPrivileges (54)
[2018.10.07-05.17.39:869][844]LogModuleManager: Shutting down and abandoning module MagicLeapIdentity (52)
[2018.10.07-05.17.39:869][844]LogModuleManager: Shutting down and abandoning module MagicLeapHelperVulkan (50)
[2018.10.07-05.17.39:869][844]LogModuleManager: Shutting down and abandoning module MagicLeapHelperOpenGL (48)
[2018.10.07-05.17.39:869][844]LogModuleManager: Shutting down and abandoning module MagicLeapSecureStorage (46)
[2018.10.07-05.17.39:869][844]LogModuleManager: Shutting down and abandoning module MagicLeapGestures (44)
[2018.10.07-05.17.39:869][844]LogModuleManager: Shutting down and abandoning module MagicLeapEyeTracker (42)
[2018.10.07-05.17.39:869][844]LogModuleManager: Shutting down and abandoning module MagicLeapController (40)
[2018.10.07-05.17.39:869][844]LogSlate: Slate User Destroyed.  User Index 0, Is Virtual User: 0
[2018.10.07-05.17.39:869][844]LogModuleManager: Shutting down and abandoning module MagicLeap (38)
[2018.10.07-05.17.39:869][844]LogModuleManager: Shutting down and abandoning module AnimationModifiers (36)
[2018.10.07-05.17.39:870][844]LogModuleManager: Shutting down and abandoning module PropertyEditor (35)
[2018.10.07-05.17.39:870][844]LogModuleManager: Shutting down and abandoning module AudioEditor (32)
[2018.10.07-05.17.39:870][844]LogModuleManager: Shutting down and abandoning module TextureCompressor (30)
[2018.10.07-05.17.39:870][844]LogModuleManager: Shutting down and abandoning module ShaderCore (28)
[2018.10.07-05.17.39:870][844]LogModuleManager: Shutting down and abandoning module Landscape (26)
[2018.10.07-05.17.39:870][844]LogModuleManager: Shutting down and abandoning module SlateRHIRenderer (24)
[2018.10.07-05.17.39:870][844]LogModuleManager: Shutting down and abandoning module OpenGLDrv (22)
[2018.10.07-05.17.39:871][844]LogModuleManager: Shutting down and abandoning module D3D11RHI (20)
[2018.10.07-05.17.39:871][844]LogModuleManager: Shutting down and abandoning module AnimGraphRuntime (18)
[2018.10.07-05.17.39:871][844]LogModuleManager: Shutting down and abandoning module Renderer (16)
[2018.10.07-05.17.39:871][844]LogModuleManager: Shutting down and abandoning module Engine (14)
[2018.10.07-05.17.39:871][844]LogModuleManager: Shutting down and abandoning module CoreUObject (12)
[2018.10.07-05.17.39:871][844]LogModuleManager: Shutting down and abandoning module NetworkFile (10)
[2018.10.07-05.17.39:871][844]LogModuleManager: Shutting down and abandoning module CookedIterativeFile (8)
[2018.10.07-05.17.39:871][844]LogModuleManager: Shutting down and abandoning module StreamingFile (6)
[2018.10.07-05.17.39:871][844]LogModuleManager: Shutting down and abandoning module SandboxFile (4)
[2018.10.07-05.17.39:871][844]LogModuleManager: Shutting down and abandoning module PakFile (2)
[2018.10.07-05.17.39:885][844]LogExit: Exiting.
[2018.10.07-05.17.39:898][844]Log file closed, 10/07/18 01:17:39
