"../../../MML_Redux/Content/Maps/Ocean_Ruin_Zone1_BuiltData.uasset" 0
"../../../MML_Redux/Content/DoorAnim.uasset" 1
"../../../MML_Redux/Content/Audio/sfx_trigger_set1/sfx-land1.uasset" 2
"../../../MML_Redux/Content/Mannequin/Character/Mesh/UE4_Mannequin_Skeleton.uasset" 3
"../../../MML_Redux/Content/Mannequin/Animations/ThirdPersonJump_End.uasset" 4
"../../../MML_Redux/Content/StarterContent/Materials/M_Basic_Wall.uasset" 5
"../../../MML_Redux/Content/StarterContent/Architecture/Pillar_50x500.uasset" 6
"../../../MML_Redux/Content/StarterContent/Architecture/Wall_400x300.uasset" 7
"../../../MML_Redux/Content/StarterContent/Architecture/Wall_400x400.uasset" 8
"../../../MML_Redux/Content/StarterContent/Architecture/Wall_500x500.uasset" 9
"../../../MML_Redux/Content/StarterContent/Architecture/Wall_Door_400x400.uasset" 10
"../../../MML_Redux/Content/StarterContent/Architecture/Wall_Window_400x400.uasset" 11
"../../../MML_Redux/Content/StarterContent/Audio/Light01_Cue.uasset" 12
"../../../MML_Redux/Content/StarterContent/Audio/Light02_Cue.uasset" 13
"../../../MML_Redux/Content/StarterContent/Audio/Explosion_Cue.uasset" 14
"../../../MML_Redux/Content/StarterContent/Textures/T_Burst_M.uasset" 15
"../../../MML_Redux/Content/StarterContent/Particles/Materials/M_Burst.uasset" 16
"../../../MML_Redux/Content/StarterContent/Textures/T_Explosion_SubUV.uasset" 17
"../../../MML_Redux/Content/StarterContent/Particles/Materials/M_explosion_subUV.uasset" 18
"../../../MML_Redux/Content/StarterContent/Particles/Materials/m_flare_01.uasset" 19
"../../../Engine/Content/Functions/Engine_MaterialFunctions01/Gradient/RadialGradient.uasset" 20
"../../../MML_Redux/Content/StarterContent/Particles/Materials/M_radial_ramp.uasset" 21
"../../../MML_Redux/Content/StarterContent/Textures/T_Smoke_SubUV.uasset" 22
"../../../MML_Redux/Content/StarterContent/Textures/T_Smoke_Tiled_D.uasset" 23
"../../../MML_Redux/Content/StarterContent/Particles/Materials/M_smoke_subUV.uasset" 24
"../../../MML_Redux/Content/StarterContent/Particles/P_Explosion.uasset" 25
"../../../MML_Redux/Content/StarterContent/Blueprints/Blueprint_Effect_Explosion.uasset" 26
"../../../Engine/Content/EditorMeshes/ColorCalibrator/T_ColorGrid.uasset" 27
"../../../MML_Redux/Content/StarterContent/Materials/M_ColorGrid_LowSpec.uasset" 28
"../../../MML_Redux/Content/StarterContent/Textures/T_Bush_D.uasset" 29
"../../../MML_Redux/Content/StarterContent/Textures/T_Bush_N.uasset" 30
"../../../MML_Redux/Content/StarterContent/Props/Materials/M_Bush.uasset" 31
"../../../MML_Redux/Content/StarterContent/Props/SM_Bush.uasset" 32
"../../../MML_Redux/Content/StarterContent/Textures/T_Chair_M.uasset" 33
"../../../MML_Redux/Content/StarterContent/Textures/T_Chair_N.uasset" 34
"../../../MML_Redux/Content/StarterContent/Props/Materials/M_Chair.uasset" 35
"../../../MML_Redux/Content/StarterContent/Props/SM_Couch.uasset" 36
"../../../MML_Redux/Content/StarterContent/Materials/M_Glass.uasset" 37
"../../../MML_Redux/Content/StarterContent/Textures/T_Door_M.uasset" 38
"../../../MML_Redux/Content/StarterContent/Textures/T_Door_N.uasset" 39
"../../../MML_Redux/Content/StarterContent/Props/Materials/M_Door.uasset" 40
"../../../MML_Redux/Content/StarterContent/Props/SM_Door.uasset" 41
"../../../MML_Redux/Content/StarterContent/Props/Materials/M_MaterialSphere.uasset" 42
"../../../MML_Redux/Content/StarterContent/Props/Materials/M_MaterialSphere_Plain.uasset" 43
"../../../MML_Redux/Content/StarterContent/Props/SM_MatPreviewMesh_02.uasset" 44
"../../../Engine/Content/Functions/Engine_MaterialFunctions02/Utility/BlendAngleCorrectedNormals.uasset" 45
"../../../MML_Redux/Content/StarterContent/Textures/T_Detail_Rocky_N.uasset" 46
"../../../MML_Redux/Content/StarterContent/Textures/T_Rock_Basalt_D.uasset" 47
"../../../MML_Redux/Content/StarterContent/Textures/T_RockMesh_M.uasset" 48
"../../../MML_Redux/Content/StarterContent/Textures/T_RockMesh_N.uasset" 49
"../../../MML_Redux/Content/StarterContent/Props/Materials/M_Rock.uasset" 50
"../../../MML_Redux/Content/StarterContent/Props/SM_Rock.uasset" 51
"../../../MML_Redux/Content/StarterContent/Textures/T_Shelf_M.uasset" 52
"../../../MML_Redux/Content/StarterContent/Textures/T_Shelf_N.uasset" 53
"../../../MML_Redux/Content/StarterContent/Props/Materials/M_Shelf.uasset" 54
"../../../MML_Redux/Content/StarterContent/Props/SM_Shelf.uasset" 55
"../../../MML_Redux/Content/StarterContent/Materials/M_Basic_Floor.uasset" 56
"../../../MML_Redux/Content/StarterContent/Props/SM_Stairs.uasset" 57
"../../../MML_Redux/Content/StarterContent/Shapes/Shape_Cone.uasset" 58
"../../../MML_Redux/Content/StarterContent/Shapes/Shape_Cylinder.uasset" 59
"../../../MML_Redux/Content/StarterContent/Shapes/Shape_NarrowCapsule.uasset" 60
"../../../MML_Redux/Content/StarterContent/Shapes/Shape_Pipe.uasset" 61
"../../../MML_Redux/Content/StarterContent/Shapes/Shape_Pipe_180.uasset" 62
"../../../MML_Redux/Content/StarterContent/Shapes/Shape_Pipe_90.uasset" 63
"../../../MML_Redux/Content/StarterContent/Shapes/Shape_Plane.uasset" 64
"../../../MML_Redux/Content/StarterContent/Shapes/Shape_Torus.uasset" 65
"../../../MML_Redux/Content/StarterContent/Shapes/Shape_Trim.uasset" 66
"../../../MML_Redux/Content/StarterContent/Shapes/Shape_Trim_90_In.uasset" 67
"../../../MML_Redux/Content/StarterContent/Shapes/Shape_Trim_90_Out.uasset" 68
"../../../MML_Redux/Content/StarterContent/Shapes/Shape_TriPyramid.uasset" 69
"../../../MML_Redux/Content/StarterContent/Shapes/Shape_Tube.uasset" 70
"../../../MML_Redux/Content/StarterContent/Shapes/Shape_Wedge_A.uasset" 71
"../../../MML_Redux/Content/StarterContent/Shapes/Shape_Wedge_B.uasset" 72
"../../../MML_Redux/Content/StarterContent/Shapes/Shape_WideCapsule.uasset" 73
"../../../MML_Redux/Content/Splash/EdSplash.uasset" 74
"../../../MML_Redux/Content/Splash/Splash.uasset" 75
"../../../MML_Redux/Content/Audio/Intro_MusicStart_EscapeTheTower_Cue.uasset" 76
"../../../MML_Redux/Content/Audio/sfx_weapons_set1/sfx-splashmine-explode1.uasset" 77
"../../../MML_Redux/Content/Audio/sfx_weapons_set1/sfx-splashmine-drop1.uasset" 78
"../../../MML_Redux/Content/Audio/sfx_weapons_set1/sfx-splashmine-beep1.uasset" 79
"../../../MML_Redux/Content/Audio/sfx_weapons_set1/sfx-grenade-throw1.uasset" 80
"../../../MML_Redux/Content/Audio/sfx_weapons_set1/sfx-grenade-explode1.uasset" 81
"../../../MML_Redux/Content/Audio/sfx_weapons_set1/sfx-grenade-bounce1.uasset" 82
"../../../MML_Redux/Content/Audio/sfx_weapons_set1/sfx-drillarm-start1.uasset" 83
"../../../MML_Redux/Content/Audio/sfx_weapons_set1/sfx-drillarm-mid1.uasset" 84
"../../../MML_Redux/Content/Audio/sfx_weapons_set1/sfx-drillarm-end1.uasset" 85
"../../../MML_Redux/Content/Audio/sfx_general/sfx-getzenny1.uasset" 86
"../../../MML_Redux/Content/Audio/sfx_general/sfx-getenergy1.uasset" 87
"../../../MML_Redux/Content/Audio/sfx_general/sfx-elevator1.uasset" 88
"../../../MML_Redux/Content/Audio/sfx_general/sfx-doorknob-open1.uasset" 89
"../../../MML_Redux/Content/Audio/sfx_general/sfx-doorknob-close1.uasset" 90
"../../../MML_Redux/Content/Audio/sfx_general/sfx-cursor-back1.uasset" 91
"../../../MML_Redux/Content/Audio/sfx_reaverbot/sfx-gorubeshu-fire1.uasset" 92
"../../../MML_Redux/Content/Audio/sfx_reaverbot/sfx-gorubeshu-shield1.uasset" 93
"../../../MML_Redux/Content/Audio/sfx_reaverbot/sfx-reaverhurt1.uasset" 94
"../../../MML_Redux/Content/Audio/sfx_reaverbot/sfx-seetrigger1.uasset" 95
"../../../MML_Redux/Content/Audio/sfx_reaverbot/sfx-karubun-bomb1.uasset" 96
"../../../MML_Redux/Content/Audio/sfx_reaverbot/sfx-karubun-walk1.uasset" 97
"../../../MML_Redux/Content/Audio/sfx_reaverbot/sfx-karubun-shot1.uasset" 98
"../../../MML_Redux/Content/Audio/sfx_reaverbot/sfx-karubun-open1.uasset" 99
"../../../MML_Redux/Content/Audio/sfx_reaverbot/sfx-kuruguru-walk1.uasset" 100
"../../../MML_Redux/Content/Audio/sfx_reaverbot/sfx-kuruguru-bash1.uasset" 101
"../../../MML_Redux/Content/Audio/sfx_reaverbot/sfx-jakko-hatch1.uasset" 102
"../../../MML_Redux/Content/Audio/sfx_reaverbot/sfx-jakko-dive1.uasset" 103
"../../../MML_Redux/Content/Audio/sfx_trigger_set1/sfx-skating1.uasset" 104
"../../../MML_Redux/Content/Audio/sfx_trigger_set1/sfx-skate-start1.uasset" 105
"../../../MML_Redux/Content/Audio/sfx_trigger_set1/sfx-skate-end1.uasset" 106
"../../../MML_Redux/Content/Audio/sfx_trigger_set1/sfx-sidestep1.uasset" 107
"../../../MML_Redux/Content/Audio/sfx_trigger_set1/sfx-hurt1.uasset" 108
"../../../MML_Redux/Content/Audio/sfx_trigger_set1/sfx-buster-miss1.uasset" 109
"../../../MML_Redux/Content/Audio/Music/06-HeadingTowardKattelox.uasset" 110
"../../../MML_Redux/Content/Audio/Music/05-HanmuruDollAppears.uasset" 111
"../../../MML_Redux/Content/Audio/Music/04-EscapeFromTheTower.uasset" 112
"../../../MML_Redux/Content/Audio/Music/03-TheTrapOfDeflector.uasset" 113
"../../../MML_Redux/Content/Audio/Music/02-TheLastDoor.uasset" 114
"../../../MML_Redux/Content/Audio/Music/52-KatteloxRuins_Cue.uasset" 115
"../../../MML_Redux/Content/Audio/Music/07-TheAppleMarket.uasset" 116
"../../../MML_Redux/Content/Audio/Music/07-TheAppleMarket_Cue.uasset" 117
"../../../MML_Redux/Content/Audio/Music/17-ReflectionRoom.uasset" 118
"../../../MML_Redux/Content/Audio/Music/62-GameOver.uasset" 119
"../../../MML_Redux/Content/MenuAssets/Options_Button.uasset" 120
"../../../MML_Redux/Content/MenuAssets/Options_MenuFULL.uasset" 121
"../../../MML_Redux/Content/MenuAssets/Quit_MenuFULL.uasset" 122
"../../../MML_Redux/Content/MenuAssets/QuitGame_Button.uasset" 123
"../../../MML_Redux/Content/MenuAssets/QuitGame_MenuFULL.uasset" 124
"../../../MML_Redux/Content/MenuAssets/StartGame_Button.uasset" 125
"../../../MML_Redux/Content/MenuAssets/StartGame_MenuFULL.uasset" 126
"../../../MML_Redux/Content/MenuAssets/640x480_Button.uasset" 127
"../../../MML_Redux/Content/MenuAssets/1280x720_Button.uasset" 128
"../../../MML_Redux/Content/MenuAssets/1920x1080_Button.uasset" 129
"../../../MML_Redux/Content/MenuAssets/Back_Button.uasset" 130
"../../../MML_Redux/Content/MenuAssets/Hand_Icon.uasset" 131
"../../../MML_Redux/Content/Cinematics/Sequences/MML_Redux_Intro_/shots/shot0020/shot0020_001.uasset" 132
"../../../MML_Redux/Content/Cinematics/Sequences/MML_Redux_Intro_/shots/shot0030/shot0030_001.uasset" 133
"../../../MML_Redux/Content/Cinematics/Sequences/MML_Redux_Intro_/shots/shot0040/shot0040_001.uasset" 134
"../../../MML_Redux/Content/Cinematics/Sequences/MML_Redux_Intro_/shots/shot0050/shot0050_001.uasset" 135
"../../../MML_Redux/Content/StaticMeshes/Textures/T_TreasureChest_HGT.uasset" 136
"../../../MML_Redux/Content/StaticMeshes/Textures/T_TreasureChest_MET.uasset" 137
"../../../MML_Redux/Content/StaticMeshes/Textures/T_TreasureChest_RGH.uasset" 138
"../../../MML_Redux/Content/Megaman/Textures/T_ArmsLegs_COL_A.uasset" 139
"../../../MML_Redux/Content/Megaman/Textures/T_ArmsLegs_HGT.uasset" 140
"../../../MML_Redux/Content/Megaman/Textures/T_ArmsLegs_MET.uasset" 141
"../../../MML_Redux/Content/Megaman/Textures/T_ArmsLegs_RGH.uasset" 142
"../../../MML_Redux/Content/Megaman/Textures/T_HairEyes_COL_A.uasset" 143
"../../../MML_Redux/Content/Megaman/Textures/T_HairEyes_HGT.uasset" 144
"../../../MML_Redux/Content/Megaman/Textures/T_HairEyes_MET.uasset" 145
"../../../MML_Redux/Content/Megaman/Textures/T_HairEyes_RGH.uasset" 146
"../../../MML_Redux/Content/Megaman/Textures/T_HeadBodyHands_COL_A.uasset" 147
"../../../MML_Redux/Content/Megaman/Textures/T_HeadBodyHands_HGT.uasset" 148
"../../../MML_Redux/Content/Megaman/Textures/T_HeadBodyHands_MET.uasset" 149
"../../../MML_Redux/Content/Megaman/Textures/T_HeadBodyHands_RGH.uasset" 150
"../../../Engine/Content/Functions/Engine_MaterialFunctions01/Opacity/CameraDepthFade.uasset" 151
"../../../Engine/Content/EngineMaterials/T_Default_Material_Grid_M.uasset" 152
"../../../Engine/Content/EngineMaterials/T_Default_Material_Grid_N.uasset" 153
"../../../Engine/Content/EngineMaterials/DefaultMaterial.uasset" 154
"../../../Engine/Content/BasicShapes/Cone.uasset" 155
"../../../Engine/Content/EngineMaterials/WorldGridMaterial.uasset" 156
"../../../Engine/Content/BasicShapes/Plane.uasset" 157
"../../../Engine/Content/BasicShapes/Sphere.uasset" 158
"../../../Engine/Content/EditorLandscapeResources/DataLayer.uasset" 159
"../../../Engine/Content/EditorMaterials/GizmoMaterial.uasset" 160
"../../../Engine/Content/EditorMaterials/MAT_Groups_Toggle.uasset" 161
"../../../Engine/Content/EditorMaterials/MAT_Groups_Visibility.uasset" 162
"../../../Engine/Content/EditorMaterials/PreviewShadowIndicator.uasset" 163
"../../../Engine/Content/EditorMaterials/PreviewShadowIndicatorMaterial.uasset" 164
"../../../Engine/Content/EditorMaterials/AssetViewer/EpicQuadPanorama_CC+EV1.uasset" 165
"../../../Engine/Content/EditorMaterials/MatineeGroups/MAT_ColorTrack.uasset" 166
"../../../Engine/Content/EditorMaterials/MatineeGroups/MAT_Groups_Anim.uasset" 167
"../../../Engine/Content/EditorMaterials/MatineeGroups/MAT_Groups_AudioMaster.uasset" 168
"../../../Engine/Content/EditorMaterials/MatineeGroups/MAT_Groups_Director.uasset" 169
"../../../Engine/Content/EditorMaterials/MatineeGroups/MAT_Groups_Event.uasset" 170
"../../../Engine/Content/EditorMaterials/MatineeGroups/MAT_Groups_Fade.uasset" 171
"../../../Engine/Content/EditorMaterials/MatineeGroups/MAT_Groups_Float.uasset" 172
"../../../Engine/Content/EditorMaterials/MatineeGroups/MAT_Groups_Move.uasset" 173
"../../../Engine/Content/EditorMaterials/MatineeGroups/MAT_Groups_Slomo.uasset" 174
"../../../Engine/Content/EditorMaterials/MatineeGroups/MAT_Groups_Sound.uasset" 175
"../../../Engine/Content/EditorMaterials/MatineeGroups/MAT_Groups_Vector.uasset" 176
"../../../Engine/Content/EditorMaterials/ParticleSystems/PSysThumbnail_NoImage.uasset" 177
"../../../Engine/Content/EditorMaterials/ParticleSystems/PSysThumbnail_OOD.uasset" 178
"../../../Engine/Content/EditorMaterials/Camera/CineMat.uasset" 179
"../../../Engine/Content/EditorMaterials/Camera/MI_CineMat_Rig.uasset" 180
"../../../Engine/Content/EditorMeshes/Camera/SM_CraneRig_Arm.uasset" 181
"../../../Engine/Content/EditorMeshes/Camera/SM_CraneRig_Base.uasset" 182
"../../../Engine/Content/EditorMeshes/Camera/SM_CraneRig_Body.uasset" 183
"../../../Engine/Content/EditorMeshes/Camera/SM_CraneRig_Mount.uasset" 184
"../../../Engine/Content/EditorMeshes/Camera/SM_RailRig_Mount.uasset" 185
"../../../Engine/Content/EditorMeshes/Camera/SM_RailRig_Track.uasset" 186
"../../../Engine/Content/EditorResources/BSPVertex.uasset" 187
"../../../Engine/Content/EditorResources/EmptyActor.uasset" 188
"../../../Engine/Content/EditorResources/S_Actor.uasset" 189
"../../../Engine/Content/EditorResources/S_Trigger.uasset" 190
"../../../Engine/Content/EditorResources/AudioIcons/S_AudioComponent.uasset" 191
"../../../Engine/Content/EditorResources/AudioIcons/S_AudioComponent_AutoActivate.uasset" 192
"../../../Engine/Content/EditorResources/LightIcons/S_LightError.uasset" 193
"../../../Engine/Content/EditorResources/SequenceRecorder/Countdown.uasset" 194
"../../../Engine/Content/EditorResources/SequenceRecorder/RecordingIndicator.uasset" 195
"../../../Engine/Content/EditorSounds/Notifications/CompileFailed.uasset" 196
"../../../Engine/Content/EditorSounds/Notifications/CompileFailed_Cue.uasset" 197
"../../../Engine/Content/EditorSounds/Notifications/CompileSuccess.uasset" 198
"../../../Engine/Content/EditorSounds/Notifications/CompileStart_Cue.uasset" 199
"../../../Engine/Content/EditorSounds/Notifications/CompileSuccess_Cue.uasset" 200
"../../../Engine/Content/EngineDamageTypes/DmgTypeBP_Environmental.uasset" 201
"../../../Engine/Content/EngineDebugMaterials/HeatmapGradient.uasset" 202
"../../../Engine/Content/EngineDebugMaterials/BoneWeightMaterial.uasset" 203
"../../../Engine/Content/EngineDebugMaterials/ClothMaterial.uasset" 204
"../../../Engine/Content/EngineDebugMaterials/ClothMaterial_WF.uasset" 205
"../../../Engine/Content/EngineDebugMaterials/DebugEditorMaterial.uasset" 206
"../../../Engine/Content/EngineDebugMaterials/DebugMeshMaterial.uasset" 207
"../../../Engine/Content/EngineDebugMaterials/GeomMaterial.uasset" 208
"../../../Engine/Content/EngineFonts/Faces/RobotoBold.uasset" 209
"../../../Engine/Content/EngineFonts/Faces/RobotoBoldItalic.uasset" 210
"../../../Engine/Content/EngineFonts/Faces/RobotoItalic.uasset" 211
"../../../Engine/Content/EngineFonts/Faces/RobotoLight.uasset" 212
"../../../Engine/Content/EngineFonts/Faces/RobotoRegular.uasset" 213
"../../../Engine/Content/EngineFonts/Roboto.uasset" 214
"../../../Engine/Content/EngineFonts/Faces/RobotoTiny.uasset" 215
"../../../Engine/Content/EngineFonts/RobotoTiny.uasset" 216
"../../../Engine/Content/EngineMaterials/DefaultBloomKernel.uasset" 217
"../../../Engine/Content/EngineMaterials/DefaultBokeh.uasset" 218
"../../../Engine/Content/EngineMaterials/DefaultDiffuse.uasset" 219
"../../../Engine/Content/EngineMaterials/DefaultDeferredDecalMaterial.uasset" 220
"../../../Engine/Content/EngineMaterials/DefaultLightFunctionMaterial.uasset" 221
"../../../Engine/Content/EngineMaterials/DefaultPhysicalMaterial.uasset" 222
"../../../Engine/Content/Functions/Engine_MaterialFunctions02/Utility/BreakOutFloat2Components.uasset" 223
"../../../Engine/Content/EngineMaterials/DefaultPostProcessMaterial.uasset" 224
"../../../Engine/Content/EngineFonts/RobotoDistanceField.uasset" 225
"../../../Engine/Content/EngineMaterials/DefaultTextMaterialOpaque.uasset" 226
"../../../Engine/Content/EngineMaterials/DefaultWhiteGrid.uasset" 227
"../../../Engine/Content/EngineMaterials/EditorBrushMaterial.uasset" 228
"../../../Engine/Content/EngineMaterials/Good64x64TilingNoiseHighFreq.uasset" 229
"../../../Engine/Content/EngineMaterials/InvalidLightmapSettings.uasset" 230
"../../../Engine/Content/EngineMaterials/M_InvalidLightmapSettings.uasset" 231
"../../../Engine/Content/EngineMaterials/MiniFont.uasset" 232
"../../../Engine/Content/EngineMaterials/PhAT_JointLimitMaterial.uasset" 233
"../../../Engine/Content/EngineMaterials/PreintegratedSkinBRDF.uasset" 234
"../../../Engine/Content/EngineMaterials/RemoveSurfaceMaterial.uasset" 235
"../../../Engine/Content/EngineMaterials/WeightMapPlaceholderTexture.uasset" 236
"../../../Engine/Content/EngineResources/WhiteSquareTexture.uasset" 237
"../../../Engine/Content/EngineMaterials/Widget3DPassThrough.uasset" 238
"../../../Engine/Content/EngineMaterials/Widget3DPassThrough_Masked.uasset" 239
"../../../Engine/Content/EngineMaterials/Widget3DPassThrough_Opaque.uasset" 240
"../../../Engine/Content/EngineMaterials/Widget3DPassThrough_Masked_OneSided.uasset" 241
"../../../Engine/Content/EngineMaterials/Widget3DPassThrough_Opaque_OneSided.uasset" 242
"../../../Engine/Content/EngineMaterials/Widget3DPassThrough_Translucent.uasset" 243
"../../../Engine/Content/EngineMaterials/Widget3DPassThrough_Translucent_OneSided.uasset" 244
"../../../Engine/Content/EngineMeshes/Cube.uasset" 245
"../../../Engine/Content/EngineMeshes/Cylinder.uasset" 246
"../../../Engine/Content/EngineMeshes/Sphere.uasset" 247
"../../../Engine/Content/EngineResources/Black.uasset" 248
"../../../Engine/Content/EngineResources/DefaultTexture.uasset" 249
"../../../Engine/Content/EngineResources/DefaultTextureCube.uasset" 250
"../../../Engine/Content/EngineResources/GradientTexture0.uasset" 251
"../../../Engine/Content/EngineSounds/Master.uasset" 252
"../../../Engine/Content/Functions/Engine_MaterialFunctions01/Shading/ConvertFromDiffSpec.uasset" 253
"../../../Engine/Content/Functions/Engine_MaterialFunctions01/Shading/PowerToRoughness.uasset" 254
"../../../Engine/Content/Maps/Templates/Thumbnails/Default.uasset" 255
"../../../Engine/Content/Maps/Templates/Thumbnails/VR-Basic.uasset" 256
"../../../Engine/Content/MobileResources/T_MobileControls_texture.uasset" 257
"../../../Engine/Content/MobileResources/T_MobileMenu2.uasset" 258
"../../../Engine/Content/MobileResources/HUD/AnalogHat.uasset" 259
"../../../Engine/Content/MobileResources/HUD/VirtualJoystick_Background.uasset" 260
"../../../Engine/Content/MobileResources/HUD/VirtualJoystick_Thumb.uasset" 261
"../../../Engine/Content/MobileResources/HUD/DefaultVirtualJoysticks.uasset" 262
"../../../Engine/Content/MobileResources/HUD/LeftVirtualJoystickOnly.uasset" 263
"../../../Engine/Content/MobileResources/HUD/MobileHUDButton1_off.uasset" 264
"../../../Engine/Content/MobileResources/HUD/MobileHUDButton1_on.uasset" 265
"../../../Engine/Content/MobileResources/HUD/MobileHUDButton2_off.uasset" 266
"../../../Engine/Content/MobileResources/HUD/MobileHUDButton2_on.uasset" 267
"../../../Engine/Content/MobileResources/HUD/MobileHUDButton3.uasset" 268
"../../../Engine/Content/MobileResources/HUD/MobileHUDButtonFire.uasset" 269
"../../../Engine/Content/MobileResources/HUD/MobileHUDDirectionPad.uasset" 270
"../../../Engine/Content/MobileResources/HUD/MobileHUDDirectionPad2.uasset" 271
"../../../Engine/Content/MobileResources/HUD/MobileHUDDirectionPad3.uasset" 272
"../../../Engine/Content/MobileResources/HUD/MobileHUDDirectionStick.uasset" 273
"../../../Engine/Content/MobileResources/HUD/T_Castle_ThumbstickInner.uasset" 274
"../../../Engine/Content/MobileResources/HUD/T_Castle_ThumbstickOutter.uasset" 275
"../../../Engine/Content/Tutorial/ContentIntroCurve.uasset" 276
"../../../Engine/Content/Tutorial/Basics/TutorialAssets/icon_tab_Levels_40x.uasset" 277
"../../../Engine/Content/Tutorial/BlueprintTutorials/TutorialAssets/Blueprint_64x.uasset" 278
"../../../Engine/Content/Tutorial/BlueprintTutorials/TutorialAssets/BlueprintInterface_64x.uasset" 279
"../../../Engine/Content/Tutorial/BlueprintTutorials/TutorialAssets/BlueprintMacroLibrary_64x.uasset" 280
"../../../Engine/Content/Tutorial/BlueprintTutorials/TutorialAssets/Tutorial_BP_Interface.uasset" 281
"../../../Engine/Content/Tutorial/Foliage/TutorialAssets/Foliage.uasset" 282
"../../../Engine/Content/Tutorial/Landscape/TutorialAssets/Landscape.uasset" 283
"../../../Engine/Content/Tutorial/Paper2D/TutorialAssets/Paper2DFlipbook_TutorialIcon.uasset" 284
"../../../Engine/Content/Tutorial/Paper2D/TutorialAssets/Paper2DSprite_TutorialIcon.uasset" 285
"../../../Engine/Content/Tutorial/SubEditors/TutorialAssets/icon_Editor_Preferences_General_40x.uasset" 286
"../../../Engine/Content/Tutorial/SubEditors/TutorialAssets/icon_ShowSkeletalMeshes_40x.uasset" 287
"../../../Engine/Content/EditorMeshes/EditorCube.uasset" 288
"../../../Engine/Content/Tutorial/SubEditors/TutorialAssets/Tutorial_DM.uasset" 289
"../../../Engine/Content/Tutorial/SubEditors/TutorialAssets/TutorialMaterial.uasset" 290
"../../../Engine/Content/Tutorial/SubEditors/TutorialAssets/T_SmokeSubUV_8X8.uasset" 291
"../../../Engine/Content/Tutorial/SubEditors/TutorialAssets/T_soft_smoke.uasset" 292
"../../../Engine/Content/Tutorial/SubEditors/TutorialAssets/M_smoke_subUV_blackbody.uasset" 293
"../../../Engine/Content/Tutorial/SubEditors/TutorialAssets/TutorialParticleSystem.uasset" 294
"../../../Engine/Content/VREditor/Devices/Generic/GenericHMDMaterial.uasset" 295
"../../../Engine/Content/VREditor/Devices/Generic/GenericHMD.uasset" 296
"../../../Engine/Content/VREditor/FloatingText/LineMaterial.uasset" 297
"../../../Engine/Content/VREditor/FloatingText/JointSphere.uasset" 298
"../../../Engine/Content/VREditor/FloatingText/LineSegmentCylinder.uasset" 299
"../../../Engine/Content/VREditor/Fonts/VRText_RobotoLarge.uasset" 300
"../../../Engine/Content/VREditor/Fonts/VRTextMaterial.uasset" 301
"../../../Engine/Content/VREditor/Fonts/TranslucentVRTextMaterial.uasset" 302
"../../../Engine/Content/VREditor/LaserPointer/CursorPointer.uasset" 303
"../../../Engine/Content/VREditor/LaserPointer/VR_LaserPower_01.uasset" 304
"../../../Engine/Content/VREditor/TransformGizmo/TransformGizmoMaterial.uasset" 305
"../../../Engine/Content/VREditor/LaserPointer/HoverMaterial.uasset" 306
"../../../Engine/Content/VREditor/TransformGizmo/TranslucentTransformGizmoMaterial.uasset" 307
"../../../Engine/Content/VREditor/LaserPointer/TranslucentHoverMaterial.uasset" 308
"../../../Engine/Content/VREditor/LaserPointer/HoverMesh.uasset" 309
"../../../Engine/Content/VREditor/LaserPointer/LaserPointerMaterial.uasset" 310
"../../../Engine/Content/VREditor/LaserPointer/LaserPointerMaterialInst.uasset" 311
"../../../Engine/Content/VREditor/LaserPointer/TranslucentLaserPointerMaterialInst.uasset" 312
"../../../Engine/Content/VREditor/LaserPointer/LaserPointerMesh.uasset" 313
"../../../Engine/Content/VREditor/LaserPointer/LaserPointerMesh_End.uasset" 314
"../../../Engine/Content/VREditor/LaserPointer/LaserPointerMesh_Start.uasset" 315
"../../../Engine/Content/Functions/Engine_MaterialFunctions02/Utility/BreakOutFloat3Components.uasset" 316
"../../../Engine/Content/Functions/Engine_MaterialFunctions02/Math/Transform3x3Matrix.uasset" 317
"../../../Engine/Content/Functions/Engine_MaterialFunctions02/SplitComponents.uasset" 318
"../../../Engine/Content/Functions/Engine_MaterialFunctions02/Utility/MakeFloat3.uasset" 319
"../../../Engine/Content/VREditor/SnapGrid/SnapGridMaterial.uasset" 320
"../../../Engine/Content/VREditor/SnapGrid/SnapGridPlaneMesh.uasset" 321
"../../../Engine/Content/VREditor/Sounds/VR_teleport.uasset" 322
"../../../Engine/Content/VREditor/Sounds/UI/Click_on_Button_Cue.uasset" 323
"../../../Engine/Content/VREditor/Sounds/UI/Dockable_Window_Close.uasset" 324
"../../../Engine/Content/VREditor/Sounds/UI/Dockable_Window_Drop.uasset" 325
"../../../Engine/Content/VREditor/Sounds/UI/Dockable_Window_Open.uasset" 326
"../../../Engine/Content/VREditor/Sounds/UI/Dockable_Window_Pick_Up.uasset" 327
"../../../Engine/Content/VREditor/Sounds/UI/Drop_Item_From_ContentBrowser.uasset" 328
"../../../Engine/Content/VREditor/Sounds/UI/Floating_UI_Open-001.uasset" 329
"../../../Engine/Content/VREditor/Sounds/UI/Gizmo_Handle_Clicked.uasset" 330
"../../../Engine/Content/VREditor/Sounds/UI/Object_PickUp.uasset" 331
"../../../Engine/Content/VREditor/Sounds/UI/Object_Snaps_To_Another_Actor.uasset" 332
"../../../Engine/Content/VREditor/Sounds/UI/Object_Snaps_To_Grid.uasset" 333
"../../../Engine/Content/VREditor/Sounds/UI/Radial_Menu_FadeOut.uasset" 334
"../../../Engine/Content/VREditor/Sounds/UI/Scaling_Down.uasset" 335
"../../../Engine/Content/VREditor/Sounds/UI/Scaling_Up.uasset" 336
"../../../Engine/Content/VREditor/Sounds/UI/Selection_Changes.uasset" 337
"../../../Engine/Content/VREditor/Sounds/UI/Teleport_Mode_Entered.uasset" 338
"../../../Engine/Content/VREditor/Teleport/TeleportDirectionMaterial.uasset" 339
"../../../Engine/Content/VREditor/Teleport/TeleportDirectionMaterial_Inst.uasset" 340
"../../../Engine/Content/VREditor/Teleport/TeleportDirectionMesh.uasset" 341
"../../../Engine/Content/VREditor/TransformGizmo/BoundingBoxCorner.uasset" 342
"../../../Engine/Content/VREditor/TransformGizmo/BoundingBoxEdge.uasset" 343
"../../../Engine/Content/VREditor/TransformGizmo/PlaneTranslationHandle.uasset" 344
"../../../Engine/Content/VREditor/TransformGizmo/RotationHandleFull.uasset" 345
"../../../Engine/Content/VREditor/TransformGizmo/RotationHandleIndicator.uasset" 346
"../../../Engine/Content/VREditor/TransformGizmo/RotationHandleQuarter.uasset" 347
"../../../Engine/Content/VREditor/TransformGizmo/Main.uasset" 348
"../../../Engine/Content/VREditor/TransformGizmo/Xray.uasset" 349
"../../../Engine/Content/VREditor/TransformGizmo/SM_Dialog_Close.uasset" 350
"../../../Engine/Content/VREditor/TransformGizmo/SM_Dialog_Move.uasset" 351
"../../../Engine/Content/VREditor/TransformGizmo/SM_Sequencer_Key.uasset" 352
"../../../Engine/Content/VREditor/TransformGizmo/StartRotationHandleIndicator.uasset" 353
"../../../Engine/Content/VREditor/TransformGizmo/TranslucentTransformGizmoMaterial_Inst.uasset" 354
"../../../Engine/Content/VREditor/TransformGizmo/TransformGizmoFreeRotation.uasset" 355
"../../../Engine/Content/VREditor/TransformGizmo/TransformGizmoMaterial_Inst.uasset" 356
"../../../Engine/Content/VREditor/TransformGizmo/TranslateArrowHandle.uasset" 357
"../../../Engine/Content/VREditor/TransformGizmo/UniformScaleHandle.uasset" 358
"../../../Engine/Content/VREditor/UI/KeyDiskMaterial.uasset" 359
"../../../Engine/Content/VREditor/UI/DiscMaterial.uasset" 360
"../../../Engine/Content/VREditor/UI/SM_Radial_Disk.uasset" 361
"../../../Engine/Content/VREditor/WorldMovementGrid/SimpleGrid.uasset" 362
"../../../Engine/Content/VREditor/WorldMovementGrid/GridMaterial.uasset" 363
"../../../Engine/Content/Functions/Engine_MaterialFunctions01/Density/ExponentialDensity.uasset" 364
"../../../Engine/Content/VREditor/WorldMovementGrid/GridPostProcess.uasset" 365
"../../../Engine/Content/EditorLandscapeResources/FlattenHeightMat.uasset" 366
"../../../Engine/Content/VREditor/WorldMovementGrid/PlaneMesh.uasset" 367
"../../../Engine/Plugins/2D/Paper2D/Content/PlaceholderTextures/DummySpriteTexture.uasset" 368
"../../../Engine/Plugins/2D/Paper2D/Content/DummySprite.uasset" 369
"../../../Engine/Plugins/2D/Paper2D/Content/DefaultPaperTerrainMaterial.uasset" 370
"../../../Engine/Plugins/2D/Paper2D/Content/DefaultSpriteMaterial.uasset" 371
"../../../Engine/Plugins/2D/Paper2D/Content/MaskedUnlitSpriteMaterial.uasset" 372
"../../../Engine/Plugins/2D/Paper2D/Content/OpaqueUnlitSpriteMaterial.uasset" 373
"../../../Engine/Plugins/Runtime/Oculus/OculusVR/Content/Textures/GearVRController_AO.uasset" 374
"../../../Engine/Plugins/Runtime/Oculus/OculusVR/Content/Textures/GearVRController_Color.uasset" 375
"../../../Engine/Plugins/Runtime/Oculus/OculusVR/Content/Textures/GearVRController_Normal.uasset" 376
"../../../Engine/Plugins/Runtime/Oculus/OculusVR/Content/Materials/GearVRControllerMaterial.uasset" 377
"../../../Engine/Plugins/Runtime/Oculus/OculusVR/Content/Meshes/GearVrController.uasset" 378
"../../../Engine/Plugins/Marketplace/ToolbagImporter/Content/MaterialSubroutines/SRAlbedoMap.uasset" 379
"../../../Engine/Content/Functions/GetPostProcessFunctions/GetAmbientCubemapTint.uasset" 380
"../../../Engine/Plugins/Marketplace/ToolbagImporter/Content/MaterialSubroutines/SRDiffusionMicrofiber.uasset" 381
"../../../Engine/Plugins/Marketplace/ToolbagImporter/Content/MaterialSubroutines/SRDiffusionSkin.uasset" 382
"../../../Engine/Plugins/Marketplace/ToolbagImporter/Content/MaterialSubroutines/SRDisplacementHeight.uasset" 383
"../../../Engine/Plugins/Marketplace/ToolbagImporter/Content/MaterialSubroutines/planckian_locus_mireds.uasset" 384
"../../../Engine/Plugins/Marketplace/ToolbagImporter/Content/MaterialSubroutines/SREmissiveHeat.uasset" 385
"../../../Engine/Plugins/Marketplace/ToolbagImporter/Content/MaterialSubroutines/SREmissiveMap.uasset" 386
"../../../Engine/Plugins/Marketplace/ToolbagImporter/Content/MaterialSubroutines/ChannelIndex.uasset" 387
"../../../Engine/Plugins/Marketplace/ToolbagImporter/Content/MaterialSubroutines/SRMicrosurfaceGloss.uasset" 388
"../../../Engine/Plugins/Marketplace/ToolbagImporter/Content/MaterialSubroutines/SROcclusionMap.uasset" 389
"../../../Engine/Plugins/Marketplace/ToolbagImporter/Content/MaterialSubroutines/SRReflectivityMetalnessMap.uasset" 390
"../../../Engine/Plugins/Marketplace/ToolbagImporter/Content/MaterialSubroutines/SRReflectivitySpecularMap.uasset" 391
"../../../Engine/Plugins/Marketplace/ToolbagImporter/Content/MaterialSubroutines/SRSubdivision.uasset" 392
"../../../Engine/Plugins/Marketplace/ToolbagImporter/Content/MaterialSubroutines/SRSurfaceNormalMap.uasset" 393
"../../../Engine/Plugins/Marketplace/ToolbagImporter/Content/MaterialSubroutines/SRSurfaceParallaxMap.uasset" 394
"../../../Engine/Plugins/Marketplace/ToolbagImporter/Content/MaterialSubroutines/SRTransparency.uasset" 395
"../../../MML_Redux/Content/Mannequin/Animations/ThirdPerson_Jump.uasset" 396
"../../../MML_Redux/Content/Mannequin/Animations/ThirdPersonJump_Loop.uasset" 397
"../../../MML_Redux/Content/Audio/sfx_trigger_set1/sfx-jump1.uasset" 398
"../../../MML_Redux/Content/Mannequin/Animations/ThirdPersonJump_Start.uasset" 399
"../../../MML_Redux/Content/Mannequin/Animations/ThirdPersonIdle.uasset" 400
"../../../MML_Redux/Content/Audio/sfx_trigger_set1/sfx-walk1.uasset" 401
"../../../MML_Redux/Content/Mannequin/Animations/ThirdPersonRun.uasset" 402
"../../../MML_Redux/Content/Mannequin/Animations/ThirdPersonWalk.uasset" 403
"../../../MML_Redux/Content/Mannequin/Animations/ThirdPerson_IdleRun_2D.uasset" 404
"../../../Engine/Content/EditorBlueprintResources/StandardMacros.uasset" 405
"../../../MML_Redux/Content/Mannequin/Animations/ThirdPerson_AnimBP.uasset" 406
"../../../MML_Redux/Content/Megaman/Textures/T_ArmsLegs_COL.uasset" 407
"../../../MML_Redux/Content/Megaman/Textures/T_ArmsLegs_NRM.uasset" 408
"../../../MML_Redux/Content/Megaman/Textures/T_ArmsLegs_RES.uasset" 409
"../../../MML_Redux/Content/Megaman/Materials/M_ArmsLegs.uasset" 410
"../../../MML_Redux/Content/Megaman/Textures/T_HairEyes_COL.uasset" 411
"../../../MML_Redux/Content/Megaman/Textures/T_HairEyes_NRM.uasset" 412
"../../../MML_Redux/Content/Megaman/Textures/T_HairEyes_RES.uasset" 413
"../../../MML_Redux/Content/Megaman/Materials/M_HairEyes.uasset" 414
"../../../MML_Redux/Content/Megaman/Textures/T_HeadBodyHands_COL.uasset" 415
"../../../MML_Redux/Content/Megaman/Textures/T_HeadBodyHands_NRM.uasset" 416
"../../../MML_Redux/Content/Megaman/Textures/T_HeadBodyHands_RES.uasset" 417
"../../../MML_Redux/Content/Megaman/Materials/M_HeadBodyHands.uasset" 418
"../../../MML_Redux/Content/Megaman/Megaman_UE4_TempRig_PhysicsAsset.uasset" 419
"../../../MML_Redux/Content/Megaman/Megaman_UE4_TempRig.uasset" 420
"../../../MML_Redux/Content/ThirdPersonBP/Blueprints/ThirdPersonCharacter.uasset" 421
"../../../MML_Redux/Content/ThirdPersonBP/Blueprints/MML_Menu_Mode.uasset" 422
"../../../MML_Redux/Content/Audio/Music/25-TheFlutter.uasset" 423
"../../../MML_Redux/Content/Audio/Music/25-TheFlutter_Cue.uasset" 424
"../../../MML_Redux/Content/Audio/sfx_general/sfx-cursor-move1.uasset" 425
"../../../MML_Redux/Content/Audio/sfx_general/sfx-cursor-select1.uasset" 426
"../../../MML_Redux/Content/MenuAssets/Buttons/btn_1280x720.uasset" 427
"../../../MML_Redux/Content/MenuAssets/Buttons/btn_1280x720_HOVER.uasset" 428
"../../../MML_Redux/Content/MenuAssets/Buttons/btn_1920x1080.uasset" 429
"../../../MML_Redux/Content/MenuAssets/Buttons/btn_1920x1080_HOVER.uasset" 430
"../../../MML_Redux/Content/MenuAssets/Buttons/btn_960x540.uasset" 431
"../../../MML_Redux/Content/MenuAssets/Buttons/btn_960x540_HOVER.uasset" 432
"../../../MML_Redux/Content/MenuAssets/Buttons/btn_BACK.uasset" 433
"../../../MML_Redux/Content/MenuAssets/Buttons/btn_BACK_HOVER.uasset" 434
"../../../MML_Redux/Content/MenuAssets/Buttons/btn_OPTIONS.uasset" 435
"../../../MML_Redux/Content/MenuAssets/Buttons/btn_OPTIONS_HOVER.uasset" 436
"../../../MML_Redux/Content/MenuAssets/Buttons/btn_QUIT.uasset" 437
"../../../MML_Redux/Content/MenuAssets/Buttons/btn_QUIT_HOVER.uasset" 438
"../../../MML_Redux/Content/MenuAssets/Buttons/btn_START.uasset" 439
"../../../MML_Redux/Content/MenuAssets/Buttons/btn_START_HOVER.uasset" 440
"../../../MML_Redux/Content/MenuAssets/MenuScreen.uasset" 441
"../../../MML_Redux/Content/Blueprints/MainMenuWidget.uasset" 442
"../../../MML_Redux/Content/Blueprints/MainMenuHUD.uasset" 443
"../../../MML_Redux/Content/Maps/MainMenu.umap" 444
"../../../MML_Redux/Content/Audio/sfx_general/sfx_ForceField_Strong.uasset" 445
"../../../MML_Redux/Content/Audio/sfx_general/sfx_ForceField_Strong_Cue.uasset" 446
"../../../MML_Redux/Content/Audio/sfx_general/sfx_ForceField_Weak.uasset" 447
"../../../MML_Redux/Content/Audio/sfx_general/sfx_ForceField_Weak_Cue.uasset" 448
"../../../Engine/Content/BasicShapes/BasicShapeMaterial.uasset" 449
"../../../MML_Redux/Content/StaticMeshes/ForceField_BlockOut_SM.uasset" 450
"../../../MML_Redux/Content/Blueprints/ForceField_BP.uasset" 451
"../../../MML_Redux/Content/StarterContent/Textures/T_MacroVariation.uasset" 452
"../../../MML_Redux/Content/StarterContent/Textures/T_Metal_Gold_D.uasset" 453
"../../../MML_Redux/Content/StarterContent/Textures/T_Metal_Gold_N.uasset" 454
"../../../MML_Redux/Content/StarterContent/Materials/M_Metal_Gold.uasset" 455
"../../../Engine/Content/BasicShapes/Cube.uasset" 456
"../../../MML_Redux/Content/Audio/sfx_general/sfx-ruindoor-close1.uasset" 457
"../../../MML_Redux/Content/Audio/sfx_general/sfx-ruindoor-open1.uasset" 458
"../../../MML_Redux/Content/Blueprints/BP_Door.uasset" 459
"../../../MML_Redux/Content/Audio/sfx_reaverbot/sfx-explosion1.uasset" 460
"../../../MML_Redux/Content/VFX/T_ExplosionSphere_COL.uasset" 461
"../../../MML_Redux/Content/VFX/T_ExplosiveSphere_EMS.uasset" 462
"../../../MML_Redux/Content/VFX/T_ExplosiveSphere_OPA.uasset" 463
"../../../MML_Redux/Content/Materials/M_ExplosiveSphere.uasset" 464
"../../../MML_Redux/Content/StaticMeshes/SM_ExplosiveSphere.uasset" 465
"../../../MML_Redux/Content/Blueprints/ExplosiveSphere_BP.uasset" 466
"../../../Engine/Content/BasicShapes/Cylinder.uasset" 467
"../../../MML_Redux/Content/Blueprints/TrapDoor_BP.uasset" 468
"../../../MML_Redux/Content/Materials/M_Interact_Blockout.uasset" 469
"../../../MML_Redux/Content/Reaverbots/Characters/Mirumijee/Blueprints/Mirumijee_BP.uasset" 470
"../../../MML_Redux/Content/Reaverbots/Characters/Zakobon/Textures/T_Zakobon_AO.uasset" 471
"../../../MML_Redux/Content/Reaverbots/Characters/Zakobon/Textures/T_Zakobon_COL.uasset" 472
"../../../MML_Redux/Content/Reaverbots/Characters/Zakobon/Textures/T_Zakobon_OPA.uasset" 473
"../../../MML_Redux/Content/Reaverbots/Characters/Zakobon/Materials/M_Zakobon_EyeGlass.uasset" 474
"../../../MML_Redux/Content/Reaverbots/Characters/Zakobon/Textures/T_Zakobon_EMS.uasset" 475
"../../../MML_Redux/Content/Reaverbots/Characters/Zakobon/Textures/T_Zakobon_NRM.uasset" 476
"../../../MML_Redux/Content/Reaverbots/Characters/Zakobon/Textures/T_Zakobon_RGH.uasset" 477
"../../../MML_Redux/Content/Reaverbots/Characters/Zakobon/Materials/Zakobon_MAT.uasset" 478
"../../../MML_Redux/Content/Reaverbots/Characters/Zakobon/Mesh/Zakobon.uasset" 479
"../../../MML_Redux/Content/Reaverbots/Characters/Zakobon/Bluprints/Zakobon_BP.uasset" 480
"../../../MML_Redux/Content/ThirdPersonBP/Blueprints/ThirdPersonGameMode.uasset" 481
"../../../MML_Redux/Content/StaticMeshes/Generator_SM.uasset" 482
"../../../MML_Redux/Content/Blueprints/Generator_BP.uasset" 483
"../../../MML_Redux/Content/Blueprints/RefractorContainer_BP.uasset" 484
"../../../MML_Redux/Content/Reaverbots/Characters/Cannam/Cannam_BlockOut_SM.uasset" 485
"../../../MML_Redux/Content/Reaverbots/Characters/Cannam/Cannam_BP.uasset" 486
"../../../MML_Redux/Content/Reaverbots/Characters/HanmuruDoll/HanmuruDoll_BlockOut_SM.uasset" 487
"../../../MML_Redux/Content/Reaverbots/Characters/HanmuruDoll/HanmuruDoll_BP.uasset" 488
"../../../MML_Redux/Content/Maps/Ocean_Tower_Zone2_BuiltData.uasset" 489
"../../../MML_Redux/Content/StarterContent/Textures/T_Concrete_Tiles_D.uasset" 490
"../../../MML_Redux/Content/StarterContent/Textures/T_Concrete_Tiles_M.uasset" 491
"../../../MML_Redux/Content/StarterContent/Textures/T_Concrete_Tiles_N.uasset" 492
"../../../MML_Redux/Content/StarterContent/Textures/T_Concrete_Tiles_Variation_M.uasset" 493
"../../../MML_Redux/Content/StarterContent/Materials/M_Concrete_Tiles.uasset" 494
"../../../Engine/Content/MapTemplates/SM_Template_Map_Floor.uasset" 495
"../../../MML_Redux/Content/Maps/Ocean_Tower_Zone2.umap" 496
"../../../MML_Redux/Content/Blueprints/BoobyTrap_BP.uasset" 497
"../../../MML_Redux/Content/Maps/Ocean_Tower_Zone1_BuiltData.uasset" 498
"../../../MML_Redux/Content/Maps/Ocean_Tower_Zone1.umap" 499
"../../../MML_Redux/Content/Cinematics/OceanTowerElevator.uasset" 500
"../../../MML_Redux/Content/Maps/Ocean_Tower_Zone3_BuiltData.uasset" 501
"../../../MML_Redux/Content/StarterContent/Textures/T_Ground_Grass_D.uasset" 502
"../../../MML_Redux/Content/StarterContent/Textures/T_Ground_Grass_N.uasset" 503
"../../../MML_Redux/Content/StarterContent/Textures/T_Perlin_Noise_M.uasset" 504
"../../../MML_Redux/Content/StarterContent/Materials/M_Ground_Grass.uasset" 505
"../../../MML_Redux/Content/Blueprints/END_GFX.uasset" 506
"../../../MML_Redux/Content/Maps/Ocean_Tower_Zone3.umap" 507
"../../../Engine/Content/EngineSky/C_Sky_Cloud_Color.uasset" 508
"../../../Engine/Content/EngineSky/C_Sky_Horizon_Color.uasset" 509
"../../../Engine/Content/EngineSky/C_Sky_Zenith_Color.uasset" 510
"../../../Engine/Content/EngineSky/T_Sky_Blue.uasset" 511
"../../../Engine/Content/EngineSky/T_Sky_Clouds_M.uasset" 512
"../../../Engine/Content/EngineSky/T_Sky_Stars.uasset" 513
"../../../Engine/Content/EngineSky/M_Sky_Panning_Clouds2.uasset" 514
"../../../Engine/Content/EngineSky/SM_SkySphere.uasset" 515
"../../../Engine/Content/EngineSky/BP_Sky_Sphere.uasset" 516
"../../../MML_Redux/Content/Audio/sfx_general/sfx-elevator-Long.uasset" 517
"../../../MML_Redux/Content/StaticMeshes/SM_TowerElevator.uasset" 518
"../../../MML_Redux/Content/Blueprints/BP_TowerElevator.uasset" 519
"../../../MML_Redux/Content/Audio/sfx_general/sfx-treasure-close1.uasset" 520
"../../../MML_Redux/Content/Audio/sfx_general/sfx-treasure-close1_Cue.uasset" 521
"../../../MML_Redux/Content/Audio/sfx_general/sfx-treasure-open1.uasset" 522
"../../../MML_Redux/Content/Audio/sfx_general/sfx-treasure-open1_Cue.uasset" 523
"../../../MML_Redux/Content/StaticMeshes/Textures/T_TreasureChest_COL.uasset" 524
"../../../MML_Redux/Content/StaticMeshes/Textures/T_TreasureChest_NRM.uasset" 525
"../../../MML_Redux/Content/StaticMeshes/Textures/T_TreasureChest_RMAO.uasset" 526
"../../../MML_Redux/Content/Materials/M_TreasureChest.uasset" 527
"../../../MML_Redux/Content/StaticMeshes/SM_ChestBottom.uasset" 528
"../../../MML_Redux/Content/StaticMeshes/SM_ChestTop.uasset" 529
"../../../MML_Redux/Content/Blueprints/TreasureChest_BP.uasset" 530
"../../../MML_Redux/Content/Maps/Ocean_Tower_Main_BuiltData.uasset" 531
"../../../MML_Redux/Content/Audio/Intro_AmbianceLoop_Ruins_Cue.uasset" 532
"../../../MML_Redux/Content/Audio/Intro_MusicLoop_EscapeTheTower.uasset" 533
"../../../MML_Redux/Content/Audio/Intro_MusicStart_EscapeTheTower.uasset" 534
"../../../MML_Redux/Content/Audio/Intro_MusicLoop_EscapeTheTower_Cue.uasset" 535
"../../../MML_Redux/Content/Audio/sfx_trigger_set1/sfx-buster-fire1.uasset" 536
"../../../MML_Redux/Content/Blueprints/GameFaderWidget.uasset" 537
"../../../MML_Redux/Content/Maps/Ocean_Tower_Main.umap" 538
"../../../MML_Redux/Content/ThirdPersonBP/Maps/ThirdPersonExampleMap_BuiltData.uasset" 539
"../../../MML_Redux/Content/Geometry/Meshes/CubeMaterial.uasset" 540
"../../../MML_Redux/Content/Geometry/Meshes/1M_Cube.uasset" 541
"../../../MML_Redux/Content/Geometry/Meshes/1M_Cube_Chamfer.uasset" 542
"../../../MML_Redux/Content/Geometry/Meshes/TemplateFloor.uasset" 543
"../../../MML_Redux/Content/ThirdPerson/Meshes/RampMaterial.uasset" 544
"../../../MML_Redux/Content/ThirdPerson/Meshes/Bump_StaticMesh.uasset" 545
"../../../MML_Redux/Content/ThirdPerson/Meshes/LeftArm_StaticMesh.uasset" 546
"../../../MML_Redux/Content/ThirdPerson/Meshes/Linear_Stair_StaticMesh.uasset" 547
"../../../MML_Redux/Content/ThirdPerson/Meshes/Ramp_StaticMesh.uasset" 548
"../../../MML_Redux/Content/ThirdPerson/Meshes/RightArm_StaticMesh.uasset" 549
"../../../MML_Redux/Content/ThirdPersonBP/Maps/ThirdPersonExampleMap.umap" 550
"../../../MML_Redux/Content/StarterContent/Blueprints/Assets/FogBrightnessLUT.uasset" 551
"../../../MML_Redux/Content/StarterContent/Blueprints/Assets/SunlightColorLUT.uasset" 552
"../../../MML_Redux/Content/StarterContent/Blueprints/Assets/M_LightStage_Arrows.uasset" 553
"../../../Engine/Content/MapTemplates/Sky/DaylightAmbientCubemap.uasset" 554
"../../../MML_Redux/Content/StarterContent/Blueprints/Assets/M_LightStage_Skybox_Master.uasset" 555
"../../../MML_Redux/Content/StarterContent/Blueprints/Assets/M_LightStage_Skybox_Black.uasset" 556
"../../../MML_Redux/Content/StarterContent/Blueprints/Assets/M_LightStage_Skybox_HDRI.uasset" 557
"../../../Engine/Content/EditorMaterials/Thumbnails/SkySphereMaterial.uasset" 558
"../../../MML_Redux/Content/StarterContent/Blueprints/Assets/Skybox.uasset" 559
"../../../MML_Redux/Content/StarterContent/Blueprints/Assets/SM_Arrows.uasset" 560
"../../../MML_Redux/Content/StarterContent/HDRI/HDRI_Epic_Courtyard_Daylight.uasset" 561
"../../../MML_Redux/Content/StarterContent/Blueprints/BP_LightStudio.uasset" 562
"../../../MML_Redux/Content/StarterContent/Maps/Advanced_Lighting_BuiltData.uasset" 563
"../../../MML_Redux/Content/StarterContent/Materials/M_AssetPlatform.uasset" 564
"../../../Engine/Content/EditorMeshes/ColorCalibrator/M_ChromeBall.uasset" 565
"../../../Engine/Content/EditorMeshes/ColorCalibrator/M_ClearCoat.uasset" 566
"../../../Engine/Content/EditorMeshes/ColorCalibrator/M_ClearCoatBlack.uasset" 567
"../../../Engine/Content/EditorMeshes/ColorCalibrator/M_ColorGrid.uasset" 568
"../../../Engine/Content/EditorMeshes/ColorCalibrator/M_GreyBall.uasset" 569
"../../../Engine/Content/EditorMeshes/ColorCalibrator/SM_ColorCalibrator.uasset" 570
"../../../MML_Redux/Content/StarterContent/Architecture/SM_AssetPlatform.uasset" 571
"../../../MML_Redux/Content/StarterContent/Maps/Advanced_Lighting.umap" 572
"../../../MML_Redux/Content/StarterContent/Maps/Minimal_Default_BuiltData.uasset" 573
"../../../MML_Redux/Content/StarterContent/Materials/M_Metal_Brushed_Nickel.uasset" 574
"../../../MML_Redux/Content/StarterContent/Textures/T_Metal_Aluminum_D.uasset" 575
"../../../MML_Redux/Content/StarterContent/Materials/M_Metal_Burnished_Steel.uasset" 576
"../../../MML_Redux/Content/StarterContent/Textures/T_Metal_Copper_D.uasset" 577
"../../../MML_Redux/Content/StarterContent/Materials/M_Metal_Copper.uasset" 578
"../../../MML_Redux/Content/StarterContent/Textures/T_Statue_M.uasset" 579
"../../../MML_Redux/Content/StarterContent/Textures/T_Statue_N.uasset" 580
"../../../MML_Redux/Content/StarterContent/Props/Materials/M_StatueGlass.uasset" 581
"../../../MML_Redux/Content/StarterContent/Architecture/Floor_400x400.uasset" 582
"../../../MML_Redux/Content/StarterContent/Audio/Starter_Background_Cue.uasset" 583
"../../../MML_Redux/Content/StarterContent/Props/SM_Chair.uasset" 584
"../../../MML_Redux/Content/StarterContent/Props/Materials/M_Statue.uasset" 585
"../../../MML_Redux/Content/StarterContent/Props/SM_Statue.uasset" 586
"../../../MML_Redux/Content/StarterContent/Textures/T_TableRound_M.uasset" 587
"../../../MML_Redux/Content/StarterContent/Textures/T_TableRound_N.uasset" 588
"../../../MML_Redux/Content/StarterContent/Props/Materials/M_TableRound.uasset" 589
"../../../MML_Redux/Content/StarterContent/Props/SM_TableRound.uasset" 590
"../../../MML_Redux/Content/StarterContent/Maps/Minimal_Default.umap" 591
"../../../MML_Redux/Content/StarterContent/Audio/Fire01_Cue.uasset" 592
"../../../MML_Redux/Content/StarterContent/Textures/T_Fire_SubUV.uasset" 593
"../../../MML_Redux/Content/StarterContent/Textures/T_Fire_Tiled_D.uasset" 594
"../../../MML_Redux/Content/StarterContent/Particles/Materials/M_Fire_SubUV.uasset" 595
"../../../MML_Redux/Content/StarterContent/Textures/T_Water_N.uasset" 596
"../../../MML_Redux/Content/StarterContent/Particles/Materials/M_Heat_Distortion.uasset" 597
"../../../MML_Redux/Content/StarterContent/Particles/Materials/M_Radial_Gradient.uasset" 598
"../../../MML_Redux/Content/StarterContent/Particles/P_Fire.uasset" 599
"../../../MML_Redux/Content/StarterContent/Blueprints/Blueprint_Effect_Fire.uasset" 600
"../../../MML_Redux/Content/StarterContent/Audio/Smoke01_Cue.uasset" 601
"../../../MML_Redux/Content/StarterContent/Particles/P_Smoke.uasset" 602
"../../../MML_Redux/Content/StarterContent/Blueprints/Blueprint_Effect_Smoke.uasset" 603
"../../../MML_Redux/Content/StarterContent/Audio/Fire_Sparks01_Cue.uasset" 604
"../../../MML_Redux/Content/StarterContent/Textures/T_Spark_Core.uasset" 605
"../../../MML_Redux/Content/StarterContent/Particles/Materials/M_Spark.uasset" 606
"../../../MML_Redux/Content/StarterContent/Particles/P_Sparks.uasset" 607
"../../../MML_Redux/Content/StarterContent/Blueprints/Blueprint_Effect_Sparks.uasset" 608
"../../../MML_Redux/Content/StarterContent/Audio/Steam01_Cue.uasset" 609
"../../../MML_Redux/Content/StarterContent/Particles/P_Steam_Lit.uasset" 610
"../../../MML_Redux/Content/StarterContent/Blueprints/Blueprint_Effect_Steam.uasset" 611
"../../../MML_Redux/Content/StarterContent/Textures/T_Lamp_M.uasset" 612
"../../../MML_Redux/Content/StarterContent/Textures/T_Lamp_N.uasset" 613
"../../../MML_Redux/Content/StarterContent/Props/Materials/M_Lamp.uasset" 614
"../../../MML_Redux/Content/StarterContent/Props/SM_Lamp_Ceiling.uasset" 615
"../../../MML_Redux/Content/StarterContent/Blueprints/Blueprint_CeilingLight.uasset" 616
"../../../MML_Redux/Content/StarterContent/Props/SM_Lamp_Wall.uasset" 617
"../../../MML_Redux/Content/StarterContent/Blueprints/Blueprint_WallSconce.uasset" 618
"../../../MML_Redux/Content/StarterContent/Maps/StarterMap_BuiltData.uasset" 619
"../../../Engine/Content/Functions/Engine_MaterialFunctions03/Procedurals/ComputeFilterWidth.uasset" 620
"../../../Engine/Content/EngineMaterials/AntiAliasedTextMaterialTranslucent.uasset" 621
"../../../MML_Redux/Content/StarterContent/Textures/T_Brick_Clay_Beveled_D.uasset" 622
"../../../MML_Redux/Content/StarterContent/Textures/T_Brick_Clay_Beveled_M.uasset" 623
"../../../MML_Redux/Content/StarterContent/Textures/T_Brick_Clay_Beveled_N.uasset" 624
"../../../MML_Redux/Content/StarterContent/Materials/M_Brick_Clay_Beveled.uasset" 625
"../../../MML_Redux/Content/StarterContent/Textures/T_Brick_Clay_New_D.uasset" 626
"../../../MML_Redux/Content/StarterContent/Textures/T_Brick_Clay_New_M.uasset" 627
"../../../MML_Redux/Content/StarterContent/Textures/T_Brick_Clay_New_N.uasset" 628
"../../../MML_Redux/Content/StarterContent/Materials/M_Brick_Clay_New.uasset" 629
"../../../MML_Redux/Content/StarterContent/Textures/T_Brick_Clay_Old_D.uasset" 630
"../../../MML_Redux/Content/StarterContent/Textures/T_Brick_Clay_Old_N.uasset" 631
"../../../MML_Redux/Content/StarterContent/Materials/M_Brick_Clay_Old.uasset" 632
"../../../MML_Redux/Content/StarterContent/Textures/T_Brick_Cut_Stone_D.uasset" 633
"../../../MML_Redux/Content/StarterContent/Textures/T_Brick_Cut_Stone_N.uasset" 634
"../../../MML_Redux/Content/StarterContent/Materials/M_Brick_Cut_Stone.uasset" 635
"../../../MML_Redux/Content/StarterContent/Textures/T_Brick_Hewn_Stone_D.uasset" 636
"../../../MML_Redux/Content/StarterContent/Textures/T_Brick_Hewn_Stone_M.uasset" 637
"../../../MML_Redux/Content/StarterContent/Textures/T_Brick_Hewn_Stone_N.uasset" 638
"../../../MML_Redux/Content/StarterContent/Materials/M_Brick_Hewn_Stone.uasset" 639
"../../../MML_Redux/Content/StarterContent/Textures/T_Ceramic_Tile_M.uasset" 640
"../../../MML_Redux/Content/StarterContent/Textures/T_Ceramic_Tile_N.uasset" 641
"../../../MML_Redux/Content/StarterContent/Textures/T_Rock_Marble_Polished_D.uasset" 642
"../../../MML_Redux/Content/StarterContent/Materials/M_Ceramic_Tile_Checker.uasset" 643
"../../../MML_Redux/Content/StarterContent/Textures/T_CobbleStone_Pebble_D.uasset" 644
"../../../MML_Redux/Content/StarterContent/Textures/T_CobbleStone_Pebble_M.uasset" 645
"../../../MML_Redux/Content/StarterContent/Textures/T_CobbleStone_Pebble_N.uasset" 646
"../../../MML_Redux/Content/StarterContent/Materials/M_CobbleStone_Pebble.uasset" 647
"../../../MML_Redux/Content/StarterContent/Textures/T_CobbleStone_Rough_D.uasset" 648
"../../../MML_Redux/Content/StarterContent/Textures/T_CobbleStone_Rough_N.uasset" 649
"../../../MML_Redux/Content/StarterContent/Textures/T_Gradinet_01.uasset" 650
"../../../MML_Redux/Content/StarterContent/Textures/T_Rock_Smooth_Granite_D.uasset" 651
"../../../MML_Redux/Content/StarterContent/Materials/M_CobbleStone_Rough.uasset" 652
"../../../MML_Redux/Content/StarterContent/Textures/T_CobbleStone_Smooth_D.uasset" 653
"../../../MML_Redux/Content/StarterContent/Textures/T_CobbleStone_Smooth_M.uasset" 654
"../../../MML_Redux/Content/StarterContent/Textures/T_CobbleStone_Smooth_N.uasset" 655
"../../../MML_Redux/Content/StarterContent/Materials/M_CobbleStone_Smooth.uasset" 656
"../../../MML_Redux/Content/StarterContent/Textures/T_Concrete_Grime_D.uasset" 657
"../../../MML_Redux/Content/StarterContent/Textures/T_Metal_Rust_N.uasset" 658
"../../../MML_Redux/Content/StarterContent/Materials/M_Concrete_Grime.uasset" 659
"../../../MML_Redux/Content/StarterContent/Textures/T_Concrete_Panels_D.uasset" 660
"../../../MML_Redux/Content/StarterContent/Textures/T_Concrete_Panels_N.uasset" 661
"../../../MML_Redux/Content/StarterContent/Materials/M_Concrete_Panels.uasset" 662
"../../../MML_Redux/Content/StarterContent/Textures/T_Concrete_Poured_D.uasset" 663
"../../../MML_Redux/Content/StarterContent/Textures/T_Concrete_Poured_N.uasset" 664
"../../../MML_Redux/Content/StarterContent/Materials/M_Concrete_Poured.uasset" 665
"../../../MML_Redux/Content/StarterContent/Textures/T_Ground_Gravel_D.uasset" 666
"../../../MML_Redux/Content/StarterContent/Textures/T_Ground_Gravel_N.uasset" 667
"../../../MML_Redux/Content/StarterContent/Materials/M_Ground_Gravel.uasset" 668
"../../../MML_Redux/Content/StarterContent/Textures/T_ground_Moss_D.uasset" 669
"../../../MML_Redux/Content/StarterContent/Textures/T_Ground_Moss_N.uasset" 670
"../../../MML_Redux/Content/StarterContent/Materials/M_Ground_Moss.uasset" 671
"../../../MML_Redux/Content/StarterContent/Materials/M_Metal_Chrome.uasset" 672
"../../../MML_Redux/Content/StarterContent/Textures/T_Metal_Rust_D.uasset" 673
"../../../MML_Redux/Content/StarterContent/Materials/M_Metal_Rust.uasset" 674
"../../../MML_Redux/Content/StarterContent/Textures/T_Metal_Steel_D.uasset" 675
"../../../MML_Redux/Content/StarterContent/Textures/T_Metal_Steel_N.uasset" 676
"../../../MML_Redux/Content/StarterContent/Materials/M_Metal_Steel.uasset" 677
"../../../MML_Redux/Content/StarterContent/Textures/T_Rock_Basalt_N.uasset" 678
"../../../MML_Redux/Content/StarterContent/Materials/M_Rock_Basalt.uasset" 679
"../../../MML_Redux/Content/StarterContent/Materials/M_Rock_Marble_Polished.uasset" 680
"../../../MML_Redux/Content/StarterContent/Textures/T_Rock_Sandstone_D.uasset" 681
"../../../MML_Redux/Content/StarterContent/Textures/T_Rock_Sandstone_N.uasset" 682
"../../../MML_Redux/Content/StarterContent/Materials/M_Rock_Sandstone.uasset" 683
"../../../MML_Redux/Content/StarterContent/Textures/T_Rock_Slate_D.uasset" 684
"../../../MML_Redux/Content/StarterContent/Textures/T_Rock_Slate_N.uasset" 685
"../../../MML_Redux/Content/StarterContent/Materials/M_Rock_Slate.uasset" 686
"../../../MML_Redux/Content/StarterContent/Textures/T_Checker_Noise_M.uasset" 687
"../../../MML_Redux/Content/StarterContent/Textures/T_Single_Tile_N.uasset" 688
"../../../MML_Redux/Content/StarterContent/Textures/T_Tech_Dot_M.uasset" 689
"../../../MML_Redux/Content/StarterContent/Textures/T_Tech_Dot_N.uasset" 690
"../../../MML_Redux/Content/StarterContent/Materials/M_Tech_Checker_Dot.uasset" 691
"../../../MML_Redux/Content/StarterContent/Textures/T_Tech_Hex_Tile_M.uasset" 692
"../../../MML_Redux/Content/StarterContent/Textures/T_Tech_Hex_Tile_N.uasset" 693
"../../../MML_Redux/Content/StarterContent/Materials/M_Tech_Hex_Tile.uasset" 694
"../../../MML_Redux/Content/StarterContent/Materials/M_Tech_Hex_Tile_Pulse.uasset" 695
"../../../MML_Redux/Content/StarterContent/Textures/T_Tech_Panel_M.uasset" 696
"../../../MML_Redux/Content/StarterContent/Textures/T_Tech_Panel_N.uasset" 697
"../../../MML_Redux/Content/StarterContent/Materials/M_Tech_Panel.uasset" 698
"../../../MML_Redux/Content/StarterContent/Materials/M_Water_Lake.uasset" 699
"../../../MML_Redux/Content/StarterContent/Textures/T_Water_M.uasset" 700
"../../../MML_Redux/Content/StarterContent/Materials/M_Water_Ocean.uasset" 701
"../../../MML_Redux/Content/StarterContent/Textures/T_Wood_Floor_Walnut_D.uasset" 702
"../../../MML_Redux/Content/StarterContent/Textures/T_Wood_Floor_Walnut_M.uasset" 703
"../../../MML_Redux/Content/StarterContent/Textures/T_Wood_Floor_Walnut_N.uasset" 704
"../../../MML_Redux/Content/StarterContent/Materials/M_Wood_Floor_Walnut_Polished.uasset" 705
"../../../Engine/Content/Functions/Engine_MaterialFunctions01/Opacity/AlphaOffset.uasset" 706
"../../../MML_Redux/Content/StarterContent/Materials/M_Wood_Floor_Walnut_Worn.uasset" 707
"../../../MML_Redux/Content/StarterContent/Textures/T_Wood_Oak_D.uasset" 708
"../../../MML_Redux/Content/StarterContent/Textures/T_Wood_Oak_N.uasset" 709
"../../../MML_Redux/Content/StarterContent/Materials/M_Wood_Oak.uasset" 710
"../../../MML_Redux/Content/StarterContent/Textures/T_Wood_Pine_D.uasset" 711
"../../../MML_Redux/Content/StarterContent/Textures/T_Wood_Pine_N.uasset" 712
"../../../MML_Redux/Content/StarterContent/Materials/M_Wood_Pine.uasset" 713
"../../../MML_Redux/Content/StarterContent/Textures/T_Wood_Walnut_D.uasset" 714
"../../../MML_Redux/Content/StarterContent/Textures/T_Wood_Walnut_N.uasset" 715
"../../../MML_Redux/Content/StarterContent/Materials/M_Wood_Walnut.uasset" 716
"../../../MML_Redux/Content/StarterContent/Architecture/Wall_400x200.uasset" 717
"../../../MML_Redux/Content/StarterContent/Architecture/Wall_Door_400x300.uasset" 718
"../../../MML_Redux/Content/StarterContent/Architecture/Wall_Window_400x300.uasset" 719
"../../../MML_Redux/Content/StarterContent/Audio/Collapse_Cue.uasset" 720
"../../../MML_Redux/Content/StarterContent/Audio/Starter_Music_Cue.uasset" 721
"../../../MML_Redux/Content/StarterContent/Textures/T_Dust_Particle_D.uasset" 722
"../../../MML_Redux/Content/StarterContent/Particles/Materials/M_Dust_Particle.uasset" 723
"../../../MML_Redux/Content/StarterContent/Particles/P_Ambient_Dust.uasset" 724
"../../../MML_Redux/Content/StarterContent/Props/MaterialSphere.uasset" 725
"../../../MML_Redux/Content/StarterContent/Textures/T_Frame_M.uasset" 726
"../../../MML_Redux/Content/StarterContent/Textures/T_Frame_N.uasset" 727
"../../../MML_Redux/Content/StarterContent/Props/Materials/M_Frame.uasset" 728
"../../../MML_Redux/Content/StarterContent/Props/SM_CornerFrame.uasset" 729
"../../../MML_Redux/Content/StarterContent/Props/SM_DoorFrame.uasset" 730
"../../../MML_Redux/Content/StarterContent/Props/SM_GlassWindow.uasset" 731
"../../../MML_Redux/Content/StarterContent/Props/SM_PillarFrame.uasset" 732
"../../../MML_Redux/Content/StarterContent/Props/SM_PillarFrame300.uasset" 733
"../../../MML_Redux/Content/StarterContent/Props/SM_WindowFrame.uasset" 734
"../../../MML_Redux/Content/StarterContent/Shapes/Shape_Cube.uasset" 735
"../../../MML_Redux/Content/StarterContent/Shapes/Shape_QuadPyramid.uasset" 736
"../../../MML_Redux/Content/StarterContent/Shapes/Shape_Sphere.uasset" 737
"../../../MML_Redux/Content/StarterContent/Maps/StarterMap.umap" 738
"../../../Engine/Content/Maps/Entry.umap" 739
