Log file open, 04/26/18 22:43:37
LogWindows: Failed to load 'aqProf.dll' (GetLastError=126)
LogWindows: File 'aqProf.dll' does not exist
LogWindows: Failed to load 'VtuneApi.dll' (GetLastError=126)
LogWindows: File 'VtuneApi.dll' does not exist
LogWindows: Failed to load 'VtuneApi32e.dll' (GetLastError=126)
LogWindows: File 'VtuneApi32e.dll' does not exist
LogInit: Display: Running engine for game: MML_Redux
LogPlatformFile: Not using cached read wrapper
LogInit: Display: RandInit(-2017284516) SRandInit(-2017284516).
LogInit: Read version file with build ID '3709383'
LogInit: Overriding engine version to CL 3832480, compatible CL 3709383
LogInit: Registered custom module enumerator with build ID '3709383'
LogTaskGraph: Started task graph with 5 named threads and 20 total threads with 3 sets of task threads.
LogStats: Stats thread started at 0.290818
LogD3D11RHI: Aftermath initialized
LogModuleManager: Display: Found up-to-date module file ../../../Engine/Plugins/Marketplace/Substance/Binaries/Win64/UE4Editor-SubstanceCore.dll (API version 3709383).
LogModuleManager: Display: Found up-to-date module file ../../../Engine/Plugins/Marketplace/Substance/Binaries/Win64/UE4Editor-SubstanceEditor.dll (API version 3709383).
LogModuleManager: Display: Found up-to-date module file ../../../Engine/Plugins/Marketplace/Substance/Binaries/Win64/UE4Editor-SubstanceSource.dll (API version 3709383).
LogModuleManager: Display: Found up-to-date module file ../../../Engine/Plugins/2D/Paper2D/Binaries/Win64/UE4Editor-Paper2D.dll (API version 3709383).
LogModuleManager: Display: Found up-to-date module file ../../../Engine/Plugins/2D/Paper2D/Binaries/Win64/UE4Editor-Paper2DEditor.dll (API version 3709383).
LogModuleManager: Display: Found up-to-date module file ../../../Engine/Plugins/2D/Paper2D/Binaries/Win64/UE4Editor-PaperSpriteSheetImporter.dll (API version 3709383).
LogModuleManager: Display: Found up-to-date module file ../../../Engine/Plugins/2D/Paper2D/Binaries/Win64/UE4Editor-PaperTiledImporter.dll (API version 3709383).
LogModuleManager: Display: Found up-to-date module file ../../../Engine/Plugins/2D/Paper2D/Binaries/Win64/UE4Editor-SmartSnapping.dll (API version 3709383).
LogModuleManager: Display: Found up-to-date module file ../../../Engine/Plugins/Blendables/LightPropagationVolume/Binaries/Win64/UE4Editor-LightPropagationVolumeRuntime.dll (API version 3709383).
LogModuleManager: Display: Found up-to-date module file ../../../Engine/Plugins/Blendables/LightPropagationVolume/Binaries/Win64/UE4Editor-LightPropagationVolumeEditor.dll (API version 3709383).
LogModuleManager: Display: Found up-to-date module file ../../../Engine/Plugins/Developer/GitSourceControl/Binaries/Win64/UE4Editor-GitSourceControl.dll (API version 3709383).
LogModuleManager: Display: Found up-to-date module file ../../../Engine/Plugins/Developer/PerforceSourceControl/Binaries/Win64/UE4Editor-PerforceSourceControl.dll (API version 3709383).
LogModuleManager: Display: Found up-to-date module file ../../../Engine/Plugins/Developer/SubversionSourceControl/Binaries/Win64/UE4Editor-SubversionSourceControl.dll (API version 3709383).
LogModuleManager: Display: Found up-to-date module file ../../../Engine/Plugins/Developer/UObjectPlugin/Binaries/Win64/UE4Editor-UObjectPlugin.dll (API version 3709383).
LogModuleManager: Display: Found up-to-date module file ../../../Engine/Plugins/Developer/VisualStudioCodeSourceCodeAccess/Binaries/Win64/UE4Editor-VisualStudioCodeSourceCodeAccess.dll (API version 3709383).
LogModuleManager: Display: Found up-to-date module file ../../../Engine/Plugins/Developer/VisualStudioSourceCodeAccess/Binaries/Win64/UE4Editor-VisualStudioSourceCodeAccess.dll (API version 3709383).
LogModuleManager: Display: Found up-to-date module file ../../../Engine/Plugins/Editor/AssetManagerEditor/Binaries/Win64/UE4Editor-AssetManagerEditor.dll (API version 3709383).
LogModuleManager: Display: Found up-to-date module file ../../../Engine/Plugins/Editor/AudioCapture/Binaries/Win64/UE4Editor-AudioCapture.dll (API version 3709383).
LogModuleManager: Display: Found up-to-date module file ../../../Engine/Plugins/Editor/FacialAnimation/Binaries/Win64/UE4Editor-FacialAnimation.dll (API version 3709383).
LogModuleManager: Display: Found up-to-date module file ../../../Engine/Plugins/Editor/FacialAnimation/Binaries/Win64/UE4Editor-FacialAnimationEditor.dll (API version 3709383).
LogModuleManager: Display: Found up-to-date module file ../../../Engine/Plugins/Editor/GameplayTagsEditor/Binaries/Win64/UE4Editor-GameplayTagsEditor.dll (API version 3709383).
LogModuleManager: Display: Found up-to-date module file ../../../Engine/Plugins/Editor/MobileLauncherProfileWizard/Binaries/Win64/UE4Editor-MobileLauncherProfileWizard.dll (API version 3709383).
LogModuleManager: Display: Found up-to-date module file ../../../Engine/Plugins/Editor/PluginBrowser/Binaries/Win64/UE4Editor-PluginBrowser.dll (API version 3709383).
LogModuleManager: Display: Found up-to-date module file ../../../Engine/Plugins/Editor/SpeedTreeImporter/Binaries/Win64/UE4Editor-SpeedTreeImporter.dll (API version 3709383).
LogModuleManager: Display: Found up-to-date module file ../../../Engine/Plugins/Experimental/AlembicImporter/Binaries/Win64/UE4Editor-AlembicImporter.dll (API version 3709383).
LogModuleManager: Display: Found up-to-date module file ../../../Engine/Plugins/Experimental/AlembicImporter/Binaries/Win64/UE4Editor-AlembicLibrary.dll (API version 3709383).
LogModuleManager: Display: Found up-to-date module file ../../../Engine/Plugins/Experimental/CharacterAI/Binaries/Win64/UE4Editor-CharacterAI.dll (API version 3709383).
LogModuleManager: Display: Found up-to-date module file ../../../Engine/Plugins/Experimental/HTML5Networking/Binaries/Win64/UE4Editor-HTML5Networking.dll (API version 3709383).
LogModuleManager: Display: Found up-to-date module file ../../../Engine/Plugins/Media/AndroidMedia/Binaries/Win64/UE4Editor-AndroidMediaEditor.dll (API version 3709383).
LogModuleManager: Display: Found up-to-date module file ../../../Engine/Plugins/Media/AndroidMedia/Binaries/Win64/UE4Editor-AndroidMediaFactory.dll (API version 3709383).
LogModuleManager: Display: Found up-to-date module file ../../../Engine/Plugins/Media/AvfMedia/Binaries/Win64/UE4Editor-AvfMediaEditor.dll (API version 3709383).
LogModuleManager: Display: Found up-to-date module file ../../../Engine/Plugins/Media/AvfMedia/Binaries/Win64/UE4Editor-AvfMediaFactory.dll (API version 3709383).
LogModuleManager: Display: Found up-to-date module file ../../../Engine/Plugins/Media/AvfMedia/Binaries/Win64/UE4Editor-AvfMediaFactory.dll (API version 3709383).
LogModuleManager: Display: Found up-to-date module file ../../../Engine/Plugins/Media/ImgMedia/Binaries/Win64/UE4Editor-ImgMedia.dll (API version 3709383).
LogModuleManager: Display: Found up-to-date module file ../../../Engine/Plugins/Media/ImgMedia/Binaries/Win64/UE4Editor-ImgMediaEditor.dll (API version 3709383).
LogModuleManager: Display: Found up-to-date module file ../../../Engine/Plugins/Media/ImgMedia/Binaries/Win64/UE4Editor-ImgMediaFactory.dll (API version 3709383).
LogModuleManager: Display: Found up-to-date module file ../../../Engine/Plugins/Media/ImgMedia/Binaries/Win64/UE4Editor-ImgMediaFactory.dll (API version 3709383).
LogModuleManager: Display: Found up-to-date module file ../../../Engine/Plugins/Media/ImgMedia/Binaries/Win64/UE4Editor-OpenExrWrapper.dll (API version 3709383).
LogModuleManager: Display: Found up-to-date module file ../../../Engine/Plugins/Media/MediaCompositing/Binaries/Win64/UE4Editor-MediaCompositing.dll (API version 3709383).
LogModuleManager: Display: Found up-to-date module file ../../../Engine/Plugins/Media/MediaCompositing/Binaries/Win64/UE4Editor-MediaCompositingEditor.dll (API version 3709383).
LogModuleManager: Display: Found up-to-date module file ../../../Engine/Plugins/Media/MediaPlayerEditor/Binaries/Win64/UE4Editor-MediaPlayerEditor.dll (API version 3709383).
LogModuleManager: Display: Found up-to-date module file ../../../Engine/Plugins/Media/WmfMedia/Binaries/Win64/UE4Editor-WmfMedia.dll (API version 3709383).
LogModuleManager: Display: Found up-to-date module file ../../../Engine/Plugins/Media/WmfMedia/Binaries/Win64/UE4Editor-WmfMediaEditor.dll (API version 3709383).
LogModuleManager: Display: Found up-to-date module file ../../../Engine/Plugins/Media/WmfMedia/Binaries/Win64/UE4Editor-WmfMediaFactory.dll (API version 3709383).
LogModuleManager: Display: Found up-to-date module file ../../../Engine/Plugins/Media/WmfMedia/Binaries/Win64/UE4Editor-WmfMediaFactory.dll (API version 3709383).
LogModuleManager: Display: Found up-to-date module file ../../../Engine/Plugins/Messaging/TcpMessaging/Binaries/Win64/UE4Editor-TcpMessaging.dll (API version 3709383).
LogModuleManager: Display: Found up-to-date module file ../../../Engine/Plugins/Messaging/UdpMessaging/Binaries/Win64/UE4Editor-UdpMessaging.dll (API version 3709383).
LogModuleManager: Display: Found up-to-date module file ../../../Engine/Plugins/MovieScene/ActorSequence/Binaries/Win64/UE4Editor-ActorSequence.dll (API version 3709383).
LogModuleManager: Display: Found up-to-date module file ../../../Engine/Plugins/MovieScene/LevelSequenceEditor/Binaries/Win64/UE4Editor-LevelSequenceEditor.dll (API version 3709383).
LogModuleManager: Display: Found up-to-date module file ../../../Engine/Plugins/MovieScene/MatineeToLevelSequence/Binaries/Win64/UE4Editor-MatineeToLevelSequence.dll (API version 3709383).
LogModuleManager: Display: Found up-to-date module file ../../../Engine/Plugins/Online/OnlineSubsystem/Binaries/Win64/UE4Editor-OnlineSubsystem.dll (API version 3709383).
LogModuleManager: Display: Found up-to-date module file ../../../Engine/Plugins/Runtime/AndroidPermission/Binaries/Win64/UE4Editor-AndroidPermission.dll (API version 3709383).
LogModuleManager: Display: Found up-to-date module file ../../../Engine/Plugins/Online/OnlineSubsystemNull/Binaries/Win64/UE4Editor-OnlineSubsystemNull.dll (API version 3709383).
LogModuleManager: Display: Found up-to-date module file ../../../Engine/Plugins/Online/OnlineSubsystemUtils/Binaries/Win64/UE4Editor-OnlineSubsystemUtils.dll (API version 3709383).
LogModuleManager: Display: Found up-to-date module file ../../../Engine/Plugins/Online/OnlineSubsystemUtils/Binaries/Win64/UE4Editor-OnlineBlueprintSupport.dll (API version 3709383).
LogModuleManager: Display: Found up-to-date module file ../../../Engine/Plugins/Runtime/AndroidDeviceProfileSelector/Binaries/Win64/UE4Editor-AndroidDeviceProfileSelector.dll (API version 3709383).
LogModuleManager: Display: Found up-to-date module file ../../../Engine/Plugins/Runtime/AppleARKit/Binaries/Win64/UE4Editor-AppleARKit.dll (API version 3709383).
LogModuleManager: Display: Found up-to-date module file ../../../Engine/Plugins/Runtime/ArchVisCharacter/Binaries/Win64/UE4Editor-ArchVisCharacter.dll (API version 3709383).
LogModuleManager: Display: Found up-to-date module file ../../../Engine/Plugins/Runtime/CableComponent/Binaries/Win64/UE4Editor-CableComponent.dll (API version 3709383).
LogModuleManager: Display: Found up-to-date module file ../../../Engine/Plugins/Runtime/CustomMeshComponent/Binaries/Win64/UE4Editor-CustomMeshComponent.dll (API version 3709383).
LogModuleManager: Display: Found up-to-date module file ../../../Engine/Plugins/Runtime/ExampleDeviceProfileSelector/Binaries/Win64/UE4Editor-ExampleDeviceProfileSelector.dll (API version 3709383).
LogModuleManager: Display: Found up-to-date module file ../../../Engine/Plugins/Runtime/ImmediatePhysics/Binaries/Win64/UE4Editor-ImmediatePhysics.dll (API version 3709383).
LogModuleManager: Display: Found up-to-date module file ../../../Engine/Plugins/Runtime/ImmediatePhysics/Binaries/Win64/UE4Editor-ImmediatePhysicsEditor.dll (API version 3709383).
LogModuleManager: Display: Found up-to-date module file ../../../Engine/Plugins/Runtime/LocationServicesBPLibrary/Binaries/Win64/UE4Editor-LocationServicesBPLibrary.dll (API version 3709383).
LogModuleManager: Display: Found up-to-date module file ../../../Engine/Plugins/Runtime/MobilePatchingUtils/Binaries/Win64/UE4Editor-MobilePatchingUtils.dll (API version 3709383).
LogModuleManager: Display: Found up-to-date module file ../../../Engine/Plugins/Runtime/Oculus/OculusVR/Binaries/Win64/UE4Editor-OculusHMD.dll (API version 3709383).
LogModuleManager: Display: Found up-to-date module file ../../../Engine/Plugins/Runtime/Oculus/OculusVR/Binaries/Win64/UE4Editor-OculusInput.dll (API version 3709383).
LogModuleManager: Display: Found up-to-date module file ../../../Engine/Plugins/Runtime/Oculus/OculusVR/Binaries/Win64/UE4Editor-OculusEditor.dll (API version 3709383).
LogModuleManager: Display: Found up-to-date module file ../../../Engine/Plugins/Runtime/PhysXVehicles/Binaries/Win64/UE4Editor-PhysXVehicles.dll (API version 3709383).
LogModuleManager: Display: Found up-to-date module file ../../../Engine/Plugins/Runtime/PhysXVehicles/Binaries/Win64/UE4Editor-PhysXVehiclesEditor.dll (API version 3709383).
LogModuleManager: Display: Found up-to-date module file ../../../Engine/Plugins/Runtime/ProceduralMeshComponent/Binaries/Win64/UE4Editor-ProceduralMeshComponent.dll (API version 3709383).
LogModuleManager: Display: Found up-to-date module file ../../../Engine/Plugins/Runtime/ProceduralMeshComponent/Binaries/Win64/UE4Editor-ProceduralMeshComponentEditor.dll (API version 3709383).
LogModuleManager: Display: Found up-to-date module file ../../../Engine/Plugins/Runtime/RuntimePhysXCooking/Binaries/Win64/UE4Editor-RuntimePhysXCooking.dll (API version 3709383).
LogModuleManager: Display: Found up-to-date module file ../../../Engine/Plugins/Runtime/Steam/SteamVR/Binaries/Win64/UE4Editor-SteamVR.dll (API version 3709383).
LogModuleManager: Display: Found up-to-date module file ../../../Engine/Plugins/Runtime/Steam/SteamVR/Binaries/Win64/UE4Editor-SteamVRController.dll (API version 3709383).
LogModuleManager: Display: Found up-to-date module file ../../../Engine/Plugins/Runtime/WindowsMoviePlayer/Binaries/Win64/UE4Editor-WindowsMoviePlayer.dll (API version 3709383).
LogPluginManager: Mounting plugin Paper2D
LogPluginManager: Mounting plugin LightPropagationVolume
LogPluginManager: Mounting plugin CodeLiteSourceCodeAccess
LogPluginManager: Mounting plugin GitSourceControl
LogPluginManager: Mounting plugin KDevelopSourceCodeAccess
LogPluginManager: Mounting plugin NullSourceCodeAccess
LogPluginManager: Mounting plugin PerforceSourceControl
LogPluginManager: Mounting plugin SubversionSourceControl
LogPluginManager: Mounting plugin UObjectPlugin
LogPluginManager: Mounting plugin VisualStudioCodeSourceCodeAccess
LogPluginManager: Mounting plugin VisualStudioSourceCodeAccess
LogPluginManager: Mounting plugin XCodeSourceCodeAccess
LogPluginManager: Mounting plugin AssetManagerEditor
LogPluginManager: Mounting plugin AudioCapture
LogPluginManager: Mounting plugin FacialAnimation
LogPluginManager: Mounting plugin GameplayTagsEditor
LogPluginManager: Mounting plugin MobileLauncherProfileWizard
LogPluginManager: Mounting plugin PluginBrowser
LogPluginManager: Mounting plugin SpeedTreeImporter
LogPluginManager: Mounting plugin AlembicImporter
LogPluginManager: Mounting plugin CharacterAI
LogPluginManager: Mounting plugin HTML5Networking
LogPluginManager: Mounting plugin Substance
LogPluginManager: Mounting plugin AndroidMedia
LogPluginManager: Mounting plugin AvfMedia
LogPluginManager: Mounting plugin ImgMedia
LogPluginManager: Mounting plugin MediaCompositing
LogPluginManager: Mounting plugin MediaPlayerEditor
LogPluginManager: Mounting plugin WmfMedia
LogPluginManager: Mounting plugin TcpMessaging
LogPluginManager: Mounting plugin UdpMessaging
LogPluginManager: Mounting plugin ActorSequence
LogPluginManager: Mounting plugin LevelSequenceEditor
LogPluginManager: Mounting plugin MatineeToLevelSequence
LogPluginManager: Mounting plugin OnlineSubsystemGooglePlay
LogPluginManager: Mounting plugin OnlineSubsystemIOS
LogPluginManager: Mounting plugin OnlineSubsystem
LogPluginManager: Mounting plugin OnlineSubsystemNull
LogPluginManager: Mounting plugin OnlineSubsystemUtils
LogPluginManager: Mounting plugin AndroidDeviceProfileSelector
LogPluginManager: Mounting plugin AndroidMoviePlayer
LogPluginManager: Mounting plugin AndroidPermission
LogPluginManager: Mounting plugin AppleARKit
LogPluginManager: Mounting plugin AppleMoviePlayer
LogPluginManager: Mounting plugin ArchVisCharacter
LogPluginManager: Mounting plugin CableComponent
LogPluginManager: Mounting plugin CustomMeshComponent
LogPluginManager: Mounting plugin ExampleDeviceProfileSelector
LogPluginManager: Mounting plugin GoogleCloudMessaging
LogPluginManager: Mounting plugin ImmediatePhysics
LogPluginManager: Mounting plugin IOSDeviceProfileSelector
LogPluginManager: Mounting plugin LinuxDeviceProfileSelector
LogPluginManager: Mounting plugin LocationServicesBPLibrary
LogPluginManager: Mounting plugin MobilePatchingUtils
LogPluginManager: Mounting plugin OculusVR
LogPluginManager: Plugin shader directory ../../../Engine/Plugins/Runtime/Oculus/OculusVR/Shaders found
LogPluginManager: Mapping shader source directory ../../../Engine/Plugins/Runtime/Oculus/OculusVR/Shaders to virtual directory /Plugin/OculusVR
LogPluginManager: Mounting plugin PhysXVehicles
LogPluginManager: Mounting plugin ProceduralMeshComponent
LogPluginManager: Mounting plugin RuntimePhysXCooking
LogPluginManager: Mounting plugin SteamVR
LogPluginManager: Mounting plugin WindowsMoviePlayer
LogInit: Using libcurl 7.47.1
LogInit:  - built for x86_64-pc-win32
LogInit:  - supports SSL with OpenSSL/1.0.2g
LogInit:  - supports HTTP deflate (compression) using libz 1.2.8
LogInit:  - other features:
LogInit:      CURL_VERSION_SSL
LogInit:      CURL_VERSION_LIBZ
LogInit:      CURL_VERSION_IPV6
LogInit:      CURL_VERSION_ASYNCHDNS
LogInit:      CURL_VERSION_LARGEFILE
LogInit:      CURL_VERSION_IDN
LogInit:  CurlRequestOptions (configurable via config and command line):
LogInit:  - bVerifyPeer = false  - Libcurl will NOT verify peer certificate
LogInit:  - bUseHttpProxy = false  - Libcurl will NOT use HTTP proxy
LogInit:  - bDontReuseConnections = false  - Libcurl will reuse connections
LogInit:  - CertBundlePath = nullptr  - Libcurl will use whatever was configured at build time.
LogInit: Build: ++UE4+Release-4.18-CL-3832480
LogInit: Engine Version: 4.18.3-3832480+++UE4+Release-4.18
LogInit: Compatible Engine Version: 4.18.0-3709383+++UE4+Release-4.18
LogInit: Net CL: 3709383
LogDevObjectVersion: Number of dev versions registered: 16
LogDevObjectVersion:   Dev-Blueprints (B0D832E4-1F89-4F0D-ACCF-7EB736FD4AA2): 10
LogDevObjectVersion:   Dev-Build (E1C64328-A22C-4D53-A36C-8E866417BD8C): 0
LogDevObjectVersion:   Dev-Core (375EC13C-06E4-48FB-B500-84F0262A717E): 2
LogDevObjectVersion:   Dev-Editor (E4B068ED-F494-42E9-A231-DA0B2E46BB41): 20
LogDevObjectVersion:   Dev-Framework (CFFC743F-43B0-4480-9391-14DF171D2073): 30
LogDevObjectVersion:   Dev-Mobile (B02B49B5-BB20-44E9-A304-32B752E40360): 0
LogDevObjectVersion:   Dev-Networking (A4E4105C-59A1-49B5-A7C5-40C4547EDFEE): 0
LogDevObjectVersion:   Dev-Online (39C831C9-5AE6-47DC-9A44-9C173E1C8E7C): 0
LogDevObjectVersion:   Dev-Physics (78F01B33-EBEA-4F98-B9B4-84EACCB95AA2): 0
LogDevObjectVersion:   Dev-Platform (6631380F-2D4D-43E0-8009-CF276956A95A): 0
LogDevObjectVersion:   Dev-Rendering (12F88B9F-8875-4AFC-A67C-D90C383ABD29): 20
LogDevObjectVersion:   Dev-Sequencer (7B5AE74C-D270-4C10-A958-57980B212A5A): 4
LogDevObjectVersion:   Dev-VR (D7296918-1DD6-4BDD-9DE2-64A83CC13884): 0
LogDevObjectVersion:   Dev-LoadTimes (C2A15278-BFE7-4AFE-6C17-90FF531DF755): 1
LogDevObjectVersion:   Private-Geometry (6EACA3D4-40EC-4CC1-B786-8BED09428FC5): 1
LogDevObjectVersion:   Dev-AnimPhys (29E575DD-E0A3-4627-9D10-D276232CDCEA): 12
LogInit: Compiled (64-bit): Jan 12 2018 02:04:55
LogInit: Compiled with Visual C++: 19.00.24215.01
LogInit: Build Configuration: Development
LogInit: Branch Name: ++UE4+Release-4.18
LogInit: Command line:  
LogInit: Base directory: D:/New folder/UE_4.18/Engine/Binaries/Win64/
LogInit: Installed Engine Build: 1
LogInit: Presizing for max 8388607 objects, including 0 objects not considered by GC, pre-allocating 0 bytes for permanent pool.
LogInit: Object subsystem initialized
[2018.04.27-02.43.39:984][  0]LogInit: Selected Device Profile: [Windows]
[2018.04.27-02.43.39:984][  0]LogInit: Applying CVar settings loaded from the selected device profile: [Windows]
[2018.04.27-02.43.40:010][  0]LogInit: Computer: DESKTOP-CF0T73E
[2018.04.27-02.43.40:010][  0]LogInit: User: ruwd
[2018.04.27-02.43.40:010][  0]LogInit: CPU Page size=4096, Cores=6
[2018.04.27-02.43.40:010][  0]LogInit: High frequency timer resolution =3.415996 MHz
[2018.04.27-02.43.40:010][  0]LogMemory: Memory total: Physical=63.9GB (64GB approx)
[2018.04.27-02.43.40:010][  0]LogMemory: Platform Memory Stats for Windows
[2018.04.27-02.43.40:010][  0]LogMemory: Process Physical Memory: 273.79 MB used, 273.79 MB peak
[2018.04.27-02.43.40:010][  0]LogMemory: Process Virtual Memory: 266.80 MB used, 266.80 MB peak
[2018.04.27-02.43.40:010][  0]LogMemory: Physical Memory: 9267.73 MB used,  56179.33 MB free, 65447.07 MB total
[2018.04.27-02.43.40:010][  0]LogMemory: Virtual Memory: 679.54 MB used,  56179.33 MB free, 134217728.00 MB total
[2018.04.27-02.43.40:258][  0]LogInit: Using OS detected language (en-US).
[2018.04.27-02.43.40:258][  0]LogInit: Using OS detected locale (en-US).
[2018.04.27-02.43.40:322][  0]LogTextLocalizationManager: No specific localization for 'en-US' exists, so the 'en' localization will be used.
[2018.04.27-02.43.40:741][  0]LogInit: Setting process to per monitor DPI aware
[2018.04.27-02.43.42:659][  0]LogD3D11RHI: D3D11 adapters:
[2018.04.27-02.43.42:706][  0]LogD3D11RHI:    0. 'NVIDIA GeForce GTX 980 Ti' (Feature Level 11_0)
[2018.04.27-02.43.42:706][  0]LogD3D11RHI:       6103/0/32723 MB DedicatedVideo/DedicatedSystem/SharedSystem, Outputs:1, VendorId:0x10de
[2018.04.27-02.43.42:708][  0]LogD3D11RHI:    1. 'Microsoft Basic Render Driver' (Feature Level 11_0)
[2018.04.27-02.43.42:708][  0]LogD3D11RHI:       0/0/32723 MB DedicatedVideo/DedicatedSystem/SharedSystem, Outputs:0, VendorId:0x1414
[2018.04.27-02.43.42:708][  0]LogD3D11RHI: Chosen D3D11 Adapter: 0
[2018.04.27-02.43.42:714][  0]LogD3D11RHI: Creating new Direct3DDevice
[2018.04.27-02.43.42:714][  0]LogD3D11RHI:     GPU DeviceId: 0x17c8 (for the marketing name, search the web for "GPU Device Id")
[2018.04.27-02.43.42:714][  0]LogWindows: EnumDisplayDevices:
[2018.04.27-02.43.42:714][  0]LogWindows:    0. 'NVIDIA GeForce GTX 980 Ti' (P:1 D:1)
[2018.04.27-02.43.42:714][  0]LogWindows:    1. 'NVIDIA GeForce GTX 980 Ti' (P:0 D:0)
[2018.04.27-02.43.42:714][  0]LogWindows:    2. 'NVIDIA GeForce GTX 980 Ti' (P:0 D:0)
[2018.04.27-02.43.42:714][  0]LogWindows:    3. 'NVIDIA GeForce GTX 980 Ti' (P:0 D:0)
[2018.04.27-02.43.42:714][  0]LogWindows: DebugString: GetVideoDriverDetailsInvalid PrimaryIsNotTheChoosenAdapter GetVideoDriverDetailsInvalid PrimaryIsNotTheChoosenAdapter GetVideoDriverDetailsInvalid PrimaryIsNotTheChoosenAdapter GetVideoDriverDetailsInvalid PrimaryIsNotTheChoosenAdapter FoundDriverCount:0 
[2018.04.27-02.43.42:714][  0]LogD3D11RHI:     Adapter Name: NVIDIA GeForce GTX 980 Ti
[2018.04.27-02.43.42:714][  0]LogD3D11RHI:   Driver Version: Unknown (internal:Unknown, unified:Unknown)
[2018.04.27-02.43.42:714][  0]LogD3D11RHI:      Driver Date: Unknown
[2018.04.27-02.43.42:715][  0]LogRHI: Texture pool is 4272 MB (70% of 6103 MB)
[2018.04.27-02.43.42:740][  0]LogD3D11RHI: Async texture creation enabled
[2018.04.27-02.43.42:754][  0]LogD3D11RHI: GPU Timing Frequency: 1000.000000 (Debug: 2 1)
[2018.04.27-02.43.42:802][  0]LogShaderCompilers: Guid format shader working directory is -11 characters bigger than the processId version (../../../../../MMLX Developement/git/MMLX/MML_Redux 4.18/Intermediate/Shaders/WorkingDirectory/5568/).
[2018.04.27-02.43.42:802][  0]LogShaderCompilers: Cleaned the shader compiler working directory 'C:/Users/ruwd/AppData/Local/Temp/UnrealShaderWorkingDir/4F89E7874BF82625E14A06BC1E5B5E66/'.
[2018.04.27-02.43.42:802][  0]LogShaderCompilers: Display: Using Local Shader Compiler.
[2018.04.27-02.43.45:154][  0]LogTemp: Display: Loaded TP AllDesktopTargetPlatform
[2018.04.27-02.43.45:196][  0]LogTemp: Display: Loaded TP MacClientTargetPlatform
[2018.04.27-02.43.45:238][  0]LogTemp: Display: Loaded TP MacNoEditorTargetPlatform
[2018.04.27-02.43.45:281][  0]LogTemp: Display: Loaded TP MacServerTargetPlatform
[2018.04.27-02.43.45:326][  0]LogTemp: Display: Loaded TP MacTargetPlatform
[2018.04.27-02.43.45:369][  0]LogTemp: Display: Loaded TP WindowsClientTargetPlatform
[2018.04.27-02.43.45:415][  0]LogTemp: Display: Loaded TP WindowsNoEditorTargetPlatform
[2018.04.27-02.43.45:457][  0]LogTemp: Display: Loaded TP WindowsServerTargetPlatform
[2018.04.27-02.43.45:492][  0]LogTemp: Display: Loaded TP WindowsTargetPlatform
[2018.04.27-02.43.45:535][  0]LogTemp: Display: Loaded TP Android_ASTCTargetPlatform
[2018.04.27-02.43.45:577][  0]LogTemp: Display: Loaded TP Android_ATCTargetPlatform
[2018.04.27-02.43.45:620][  0]LogTemp: Display: Loaded TP Android_DXTTargetPlatform
[2018.04.27-02.43.45:668][  0]LogTemp: Display: Loaded TP Android_ETC1TargetPlatform
[2018.04.27-02.43.45:710][  0]LogTemp: Display: Loaded TP Android_ETC2TargetPlatform
[2018.04.27-02.43.45:794][  0]LogTemp: Display: Loaded TP Android_MultiTargetPlatform
[2018.04.27-02.43.45:794][  0]LogTemp: Display: Loaded TP Android_PVRTCTargetPlatform
[2018.04.27-02.43.45:846][  0]LogTemp: Display: Loaded TP AndroidTargetPlatform
[2018.04.27-02.43.45:878][  0]LogTemp: Display: Loaded TP HTML5TargetPlatform
[2018.04.27-02.43.45:985][  0]LogTemp: Display: Loaded TP IOSTargetPlatform
[2018.04.27-02.43.46:021][  0]LogTemp: Display: Loaded TP TVOSTargetPlatform
[2018.04.27-02.43.46:064][  0]LogTemp: Display: Loaded TP LinuxClientTargetPlatform
[2018.04.27-02.43.46:107][  0]LogTemp: Display: Loaded TP LinuxNoEditorTargetPlatform
[2018.04.27-02.43.46:149][  0]LogTemp: Display: Loaded TP LinuxServerTargetPlatform
[2018.04.27-02.43.46:200][  0]LogTemp: Display: Loaded TP LinuxTargetPlatform
[2018.04.27-02.43.46:200][  0]LogTargetPlatformManager: Display: Building Assets For Windows
[2018.04.27-02.43.46:831][  0]LogDerivedDataCache: Display: Max Cache Size: 512 MB
[2018.04.27-02.43.46:917][  0]LogDerivedDataCache: Loaded boot cache 0.09s 78MB C:/Users/ruwd/AppData/Local/UnrealEngine/4.18/DerivedDataCache/Boot.ddc.
[2018.04.27-02.43.46:917][  0]LogDerivedDataCache: Display: Loaded Boot cache: C:/Users/ruwd/AppData/Local/UnrealEngine/4.18/DerivedDataCache/Boot.ddc
[2018.04.27-02.43.46:917][  0]LogDerivedDataCache: FDerivedDataBackendGraph:  Pak pak cache file ../../../../../MMLX Developement/git/MMLX/MML_Redux 4.18/DerivedDataCache/DDC.ddp not found, will not use a pak cache.
[2018.04.27-02.43.46:917][  0]LogDerivedDataCache: Unable to find inner node Pak for hierarchical cache Hierarchy.
[2018.04.27-02.43.46:917][  0]LogDerivedDataCache: FDerivedDataBackendGraph:  CompressedPak pak cache file ../../../../../MMLX Developement/git/MMLX/MML_Redux 4.18/DerivedDataCache/Compressed.ddp not found, will not use a pak cache.
[2018.04.27-02.43.46:917][  0]LogDerivedDataCache: Unable to find inner node CompressedPak for hierarchical cache Hierarchy.
[2018.04.27-02.43.46:938][  0]LogDerivedDataCache: Display: Pak cache opened for reading ../../../Engine/DerivedDataCache/Compressed.ddp.
[2018.04.27-02.43.46:950][  0]LogDerivedDataCache: Using Local data cache path C:/Users/ruwd/AppData/Local/UnrealEngine/Common/DerivedDataCache: Writable
[2018.04.27-02.43.46:961][  0]LogMaterial: Verifying Global Shaders for PCD3D_SM5
[2018.04.27-02.43.46:961][  0]LogSlate: Using Freetype 2.6.0
[2018.04.27-02.43.46:985][  0]LogSlate: SlateFontCache - WITH_FREETYPE: 1, WITH_HARFBUZZ: 1
[2018.04.27-02.43.46:985][  0]LogSlate: SlateFontCache - WITH_FREETYPE: 1, WITH_HARFBUZZ: 1
[2018.04.27-02.43.49:027][  0]LogInit: Selected Device Profile: [Windows]
[2018.04.27-02.43.49:428][  0]LogSimplygon: Simplygon DLL not present - disabling.
[2018.04.27-02.43.49:461][  0]LogMeshReduction: Using SimplygonSwarm for distributed automatic mesh merging
[2018.04.27-02.43.49:461][  0]LogMeshReduction: Using QuadricMeshReduction for automatic static mesh reduction
[2018.04.27-02.43.49:461][  0]LogMeshReduction: No automatic skeletal mesh reduction module available
[2018.04.27-02.43.49:461][  0]LogMeshReduction: No automatic mesh merging module available
[2018.04.27-02.43.49:461][  0]LogMeshMerging: No automatic mesh merging module available
[2018.04.27-02.43.49:526][  0]LogNetVersion: MML_Redux , NetCL: 3709383, EngineNetVer: 2, GameNetVer: 0 (Checksum: 3724097922)
[2018.04.27-02.43.49:825][  0]LogAssetRegistry: FAssetRegistry took 0.0265 seconds to start up
[2018.04.27-02.43.50:537][  0]LogMaterial: Missing cached shader map for material ARKitCameraMaterial, compiling. 
[2018.04.27-02.43.50:659][  0]LogPackageLocalizationCache: Processed 7 localized package path(s) for 2 prioritized culture(s) in 0.065427 seconds
[2018.04.27-02.43.50:665][  0]LogUObjectArray: 35870 objects as part of root set at end of initial load.
[2018.04.27-02.43.50:665][  0]LogUObjectAllocator: 7363696 out of 0 bytes used by permanent object pool.
[2018.04.27-02.43.50:665][  0]LogUObjectArray: CloseDisregardForGC: 0/0 objects in disregard for GC pool
[2018.04.27-02.43.50:707][  0]LogInit: WinSock: version 1.1 (2.2), MaxSocks=32767, MaxUdp=65467
[2018.04.27-02.43.54:861][  0]LogSubstanceCoreModule: Substance [CPU] Engine Loaded, Max Texture Size = 2048
[2018.04.27-02.43.54:921][  0]LogTcpMessaging: Initializing TcpMessaging bridge
[2018.04.27-02.43.54:960][  0]LogUdpMessaging: Initializing bridge on interface 0.0.0.0:0 to multicast group 230.0.0.1:6666.
[2018.04.27-02.43.55:624][  0]LogMaterial: Uniform references updated for custom material expression Custom.
[2018.04.27-02.43.56:042][  0]SourceControl: Source control is disabled
[2018.04.27-02.43.56:042][  0]SourceControl: Source control is disabled
[2018.04.27-02.43.56:083][  0]SourceControl: Source control is disabled
[2018.04.27-02.43.56:123][  0]SourceControl: Source control is disabled
[2018.04.27-02.43.56:776][  0]LogAndroidPermission: UAndroidPermissionCallbackProxy::GetInstance
[2018.04.27-02.43.56:991][  0]LogOcInput: OculusInput pre-init called
[2018.04.27-02.43.57:463][  0]LogEngine: Initializing Engine...
[2018.04.27-02.43.57:465][  0]LogHMD: Failed to initialize OpenVR with code 110
[2018.04.27-02.43.57:877][  0]LogStats: UGameplayTagsManager::ConstructGameplayTagTree: Construct from data asset -  0.000 s
[2018.04.27-02.43.57:877][  0]LogStats: UGameplayTagsManager::ConstructGameplayTagTree: GameplayTagTreeChangedEvent.Broadcast -  0.000 s
[2018.04.27-02.43.57:979][  0]LogAIModule: Creating AISystem for world Untitled
[2018.04.27-02.43.57:989][  0]LogInit: XAudio2 using 'ASUS PB258-4 (NVIDIA High Definition Audio)' : 2 channels at 48 kHz using 16 bits per sample (channel mask 0x3)
[2018.04.27-02.43.58:008][  0]LogInit: FAudioDevice initialized.
[2018.04.27-02.43.58:073][  0]LogDerivedDataCache: Saved boot cache 0.06s 78MB C:/Users/ruwd/AppData/Local/UnrealEngine/4.18/DerivedDataCache/Boot.ddc.
[2018.04.27-02.43.58:090][  0]LogInit: Texture streaming: Enabled
[2018.04.27-02.43.58:192][  0]LogEngineSessionManager: EngineSessionManager initialized
[2018.04.27-02.43.58:298][  0]LogWindowsTextInputMethodSystem: Display: IME system now deactivated.
[2018.04.27-02.43.58:347][  0]LogInit: Transaction tracking system initialized
[2018.04.27-02.43.58:598][  0]BlueprintLog: New page: Editor Load
[2018.04.27-02.43.59:373][  0]LocalizationService: Localization service is disabled
[2018.04.27-02.44.00:028][  0]LogConsoleResponse: Display: 
[2018.04.27-02.44.00:469][  0]LogCook: Display: Max memory allowance for cook 16384mb min free memory 0mb
[2018.04.27-02.44.00:469][  0]LogCook: Display: Mobile HDR setting 1
[2018.04.27-02.44.00:469][  0]LogGameplayTags: Display: UGameplayTagsManager::DoneAddingNativeTags. DelegateIsBound: 0
[2018.04.27-02.44.01:143][  0]LogFileCache: Scanning file cache for directory 'D:/MMLX Developement/git/MMLX/MML_Redux 4.18/Content/' took 0.02s
[2018.04.27-02.44.01:447][  0]SourceControl: Source control is disabled
[2018.04.27-02.44.01:447][  0]Cmd: MAP LOAD FILE="../../../../../MMLX Developement/git/MMLX/MML_Redux 4.18/Content/Maps/Ocean_Tower_Main.umap" TEMPLATE=0 SHOWPROGRESS=1 FEATURELEVEL=3
[2018.04.27-02.44.01:447][  0]LightingResults: New page: Lighting Build
[2018.04.27-02.44.01:485][  0]MapCheck: New page: Map Check
[2018.04.27-02.44.01:485][  0]LightingResults: New page: Lighting Build
[2018.04.27-02.44.01:709][  0]LogLinker: Warning: Asset '../../../../../MMLX Developement/git/MMLX/MML_Redux 4.18/Content/Megaman/Inventory/special_weapon_struct.uasset' has been saved with empty engine version. The asset will be loaded but may be incompatible.
[2018.04.27-02.44.01:711][  0]LogLinker: Warning: Asset '../../../../../MMLX Developement/git/MMLX/MML_Redux 4.18/Content/Megaman/Inventory/buster_part_type_struct.uasset' has been saved with empty engine version. The asset will be loaded but may be incompatible.
[2018.04.27-02.44.01:712][  0]LogLinker: Warning: Asset '../../../../../MMLX Developement/git/MMLX/MML_Redux 4.18/Content/Megaman/Inventory/special_item_struct.uasset' has been saved with empty engine version. The asset will be loaded but may be incompatible.
[2018.04.27-02.44.01:713][  0]LogLinker: Warning: Asset '../../../../../MMLX Developement/git/MMLX/MML_Redux 4.18/Content/Megaman/Inventory/normal_item_struct.uasset' has been saved with empty engine version. The asset will be loaded but may be incompatible.
[2018.04.27-02.44.01:835][  0]LogLinker: Warning: Asset '../../../../../MMLX Developement/git/MMLX/MML_Redux 4.18/Content/Blueprints/Zenny/greenZennyMat.uasset' has been saved with empty engine version. The asset will be loaded but may be incompatible.
[2018.04.27-02.44.01:838][  0]LogLinker: Warning: Asset '../../../../../MMLX Developement/git/MMLX/MML_Redux 4.18/Content/Megaman/Inventory/SpecialItemsTextures/MMLKeyItem02.uasset' has been saved with empty engine version. The asset will be loaded but may be incompatible.
[2018.04.27-02.44.01:839][  0]LogLinker: Warning: Asset '../../../../../MMLX Developement/git/MMLX/MML_Redux 4.18/Content/Megaman/Inventory/SpecialItemsTextures/MMLKeyItem03.uasset' has been saved with empty engine version. The asset will be loaded but may be incompatible.
[2018.04.27-02.44.01:839][  0]LogLinker: Warning: Asset '../../../../../MMLX Developement/git/MMLX/MML_Redux 4.18/Content/Megaman/Inventory/SpecialWeaponsTextures/MMLWActiveBuster.uasset' has been saved with empty engine version. The asset will be loaded but may be incompatible.
[2018.04.27-02.44.01:840][  0]LogLinker: Warning: Asset '../../../../../MMLX Developement/git/MMLX/MML_Redux 4.18/Content/Megaman/Inventory/SpecialWeaponsTextures/MMLWDrillArm.uasset' has been saved with empty engine version. The asset will be loaded but may be incompatible.
[2018.04.27-02.44.01:841][  0]LogLinker: Warning: Asset '../../../../../MMLX Developement/git/MMLX/MML_Redux 4.18/Content/Megaman/Inventory/SpecialWeaponsTextures/MMLWSplashMine.uasset' has been saved with empty engine version. The asset will be loaded but may be incompatible.
[2018.04.27-02.44.01:863][  0]LogBlueprint: Warning: [Compiler GreenZenny_BP] Get : 'xxx' variable not found. Base class was probably changed. /Game/Blueprints/Zenny/GreenZenny_BP.GreenZenny_BP
[2018.04.27-02.44.01:881][  0]LogBlueprint: Warning: [Compiler PauseMenu] Get : 'Image_0' variable not found. Base class was probably changed. /Game/MenuAssets/PauseMenu/PauseMenu.PauseMenu
[2018.04.27-02.44.01:881][  0]LogBlueprint: Warning: [Compiler PauseMenu] Set : 'Image_0' variable not found. Base class was probably changed. /Game/MenuAssets/PauseMenu/PauseMenu.PauseMenu
[2018.04.27-02.44.01:881][  0]LogBlueprint: Warning: [Compiler PauseMenu] Set Image_0 : 'Image_0' variable not found. Base class was probably changed. /Game/MenuAssets/PauseMenu/PauseMenu.PauseMenu
[2018.04.27-02.44.01:881][  0]LogBlueprint: Warning: [Compiler PauseMenu] Get : 'Image_0' variable not found. Base class was probably changed. /Game/MenuAssets/PauseMenu/PauseMenu.PauseMenu
[2018.04.27-02.44.01:895][  0]LogBlueprint: Warning: [Compiler GreenZenny_BP] Could not find a variable named "xxx" in 'ThirdPersonCharacter_C'.
Make sure 'ThirdPersonCharacter_C' has been compiled for  Get xxx
[2018.04.27-02.44.01:938][  0]LogBlueprint: Error: [Compiler GreenZenny_BP] The property associated with  Xxx  could not be found
[2018.04.27-02.44.01:977][  0]LogBlueprint: Warning: [Compiler GreenZenny_BP] [0026.00] Compile of GreenZenny_BP failed. 1 Fatal Issue(s) 2 Warning(s) [in 127 ms] (/Game/Blueprints/Zenny/GreenZenny_BP.GreenZenny_BP)
[2018.04.27-02.44.01:977][  0]LogBlueprint: Warning: [Compiler PauseMenu] [0026.00] Compile of PauseMenu successful, but with 4 Warning(s) [in 127 ms] (/Game/MenuAssets/PauseMenu/PauseMenu.PauseMenu)
[2018.04.27-02.44.02:664][  0]LogAIModule: Creating AISystem for world Ocean_Tower_Main
[2018.04.27-02.44.02:686][  0]LogStreaming: Display: ULevelStreaming::RequestLevel(/Game/Maps/Ocean_Tower_Zone2) is flushing async loading
[2018.04.27-02.44.03:234][  0]LogStreaming: Display: ULevelStreaming::RequestLevel(/Game/Maps/Ocean_Tower_Zone1) is flushing async loading
[2018.04.27-02.44.03:403][  0]LogStreaming: Display: ULevelStreaming::RequestLevel(/Game/Maps/Ocean_Tower_Zone3) is flushing async loading
[2018.04.27-02.44.03:466][  0]LogEditorServer: Finished looking for orphan Actors (0.000 secs)
[2018.04.27-02.44.03:495][  0]Cmd: MAP CHECKDEP NOCLEARLOG
[2018.04.27-02.44.03:548][  0]MapCheck: Map check complete: 0 Error(s), 0 Warning(s), took 53.201ms to complete.
[2018.04.27-02.44.03:548][  0]LogFileHelpers: Loading map 'Ocean_Tower_Main' took 2.101
[2018.04.27-02.44.03:700][  0]LogCollectionManager: Loaded 0 collections in 0.000747 seconds
[2018.04.27-02.44.03:780][  0]LogFileCache: Scanning file cache for directory 'D:/MMLX Developement/git/MMLX/MML_Redux 4.18/Saved/Collections/' took 0.01s
[2018.04.27-02.44.03:780][  0]LogFileCache: Scanning file cache for directory 'D:/MMLX Developement/git/MMLX/MML_Redux 4.18/Content/Developers/ruwd/Collections/' took 0.01s
[2018.04.27-02.44.03:780][  0]LogFileCache: Scanning file cache for directory 'D:/MMLX Developement/git/MMLX/MML_Redux 4.18/Content/Collections/' took 0.01s
[2018.04.27-02.44.03:780][  0]LogCollectionManager: Rebuilt the GUID cache for 0 collections in 0.000000 seconds
[2018.04.27-02.44.03:788][  0]LogContentBrowser: Native class hierarchy populated in 0.0081 seconds. Added 2377 classes and 525 folders.
[2018.04.27-02.44.03:837][  0]LogContentBrowser: Native class hierarchy updated for 'WidgetCarousel' in 0.0002 seconds. Added 0 classes and 0 folders.
[2018.04.27-02.44.04:094][  0]LogContentBrowser: Native class hierarchy updated for 'AddContentDialog' in 0.0002 seconds. Added 0 classes and 0 folders.
[2018.04.27-02.44.04:131][  0]LogContentBrowser: Native class hierarchy updated for 'SceneOutliner' in 0.0002 seconds. Added 1 classes and 2 folders.
[2018.04.27-02.44.04:163][  0]LogSlate: Took 0.003606 seconds to synchronously load lazily loaded font '../../../Engine/Content/Slate/Fonts/Roboto-Regular.ttf' (155K)
[2018.04.27-02.44.04:168][  0]LogSlate: Took 0.003111 seconds to synchronously load lazily loaded font '../../../Engine/Content/Slate/Fonts/Roboto-Bold.ttf' (160K)
[2018.04.27-02.44.04:176][  0]LogSlate: Took 0.003627 seconds to synchronously load lazily loaded font '../../../Engine/Content/Editor/Slate/Fonts/FontAwesome.ttf' (139K)
[2018.04.27-02.44.04:307][  0]LogRenderer: Reallocating scene render targets to support 1360x488 Format 10 NumSamples 1 (Frame:1).
[2018.04.27-02.44.04:508][  0]LogContentBrowser: Native class hierarchy updated for 'HierarchicalLODOutliner' in 0.0002 seconds. Added 1 classes and 2 folders.
[2018.04.27-02.44.04:508][  0]LogLoad: (Engine Initialization) Total time: 28.53 seconds
[2018.04.27-02.44.04:508][  0]LogLoad: (Engine Initialization) Total Blueprint compile time: 0.00 seconds
[2018.04.27-02.44.04:508][  0]LogExternalProfiler: Found external profiler: VSPerf
[2018.04.27-02.44.04:508][  0]LogExternalProfiler: Using external profiler: VSPerf
[2018.04.27-02.44.04:556][  0]LogContentStreaming: Texture pool size now 1000 MB
[2018.04.27-02.44.04:637][  1]LogAssetRegistry: Asset discovery search completed in 14.8355 seconds
[2018.04.27-02.44.04:640][  1]LogCollectionManager: Rebuilt the object cache for 0 collections in 0.000000 seconds (found 0 objects)
[2018.04.27-02.44.04:640][  1]LogCollectionManager: Fixed up redirectors for 0 collections in 0.000051 seconds (updated 0 objects)
[2018.04.27-02.44.07:268][290]LogTemp: Repeating last play command: Selected Viewport
[2018.04.27-02.44.07:407][290]LogBlueprintUserMessages: Early PlayInEditor Detection: Level '/Game/Maps/Ocean_Tower_Main.Ocean_Tower_Main:PersistentLevel' has LevelScriptBlueprint '/Game/Maps/Ocean_Tower_Main.Ocean_Tower_Main:PersistentLevel.Ocean_Tower_Main' with GeneratedClass '/Game/Maps/Ocean_Tower_Main.Ocean_Tower_Main_C' with ClassGeneratedBy '/Game/Maps/Ocean_Tower_Main.Ocean_Tower_Main:PersistentLevel.Ocean_Tower_Main'
[2018.04.27-02.44.07:407][290]LogBlueprintUserMessages: Early PlayInEditor Detection: Level '/Game/Maps/Ocean_Tower_Zone3.Ocean_Tower_Zone3:PersistentLevel' has LevelScriptBlueprint '/Game/Maps/Ocean_Tower_Zone3.Ocean_Tower_Zone3:PersistentLevel.Ocean_Tower_Zone3' with GeneratedClass '/Game/Maps/Ocean_Tower_Zone3.Ocean_Tower_Zone3_C' with ClassGeneratedBy '/Game/Maps/Ocean_Tower_Zone3.Ocean_Tower_Zone3:PersistentLevel.Ocean_Tower_Zone3'
[2018.04.27-02.44.07:407][290]LogPlayLevel: PlayLevel: No blueprints needed recompiling
[2018.04.27-02.44.10:230][290]PIE: New page: PIE session: Ocean_Tower_Main (Apr 26, 2018, 6:44:10 PM)
[2018.04.27-02.44.10:230][290]LogPlayLevel: Creating play world package: /Game/Maps/UEDPIE_0_Ocean_Tower_Main
[2018.04.27-02.44.10:244][290]LogPlayLevel: PIE: StaticDuplicateObject took: (0.013673s)
[2018.04.27-02.44.10:244][290]LogAIModule: Creating AISystem for world Ocean_Tower_Main
[2018.04.27-02.44.10:245][290]LogPlayLevel: PIE: World Init took: (0.000818s)
[2018.04.27-02.44.10:245][290]LogPlayLevel: PIE: Created PIE world by copying editor world from /Game/Maps/Ocean_Tower_Main.Ocean_Tower_Main to /Game/Maps/UEDPIE_0_Ocean_Tower_Main.Ocean_Tower_Main (0.014942s)
[2018.04.27-02.44.10:269][290]LogInit: XAudio2 using 'ASUS PB258-4 (NVIDIA High Definition Audio)' : 2 channels at 48 kHz using 16 bits per sample (channel mask 0x3)
[2018.04.27-02.44.10:276][290]LogInit: FAudioDevice initialized.
[2018.04.27-02.44.10:322][290]LogLoad: Game class is 'ThirdPersonGameMode_C'
[2018.04.27-02.44.10:405][290]LogWorld: Bringing World /Game/Maps/UEDPIE_0_Ocean_Tower_Main.Ocean_Tower_Main up for play (max tick rate 0) at 2018.04.26-22.44.10
[2018.04.27-02.44.10:406][290]LogWorld: Bringing up level for play took: 0.003287
[2018.04.27-02.44.10:447][290]LogContentBrowser: Native class hierarchy updated for 'MovieSceneCapture' in 0.0003 seconds. Added 11 classes and 0 folders.
[2018.04.27-02.44.10:451][290]LogBlueprintUserMessages: [ThirdPersonCharacter_C_0] ThirdPersonCharacter
[2018.04.27-02.44.10:451][290]LogBlueprintUserMessages: [ThirdPersonCharacter_C_0] GreenZenny_BP
[2018.04.27-02.44.10:451][290]LogBlueprintUserMessages: [ThirdPersonCharacter_C_0] SpectatorPawn
[2018.04.27-02.44.10:530][290]PIE: Play in editor start time for /Game/Maps/UEDPIE_0_Ocean_Tower_Main 3.437
[2018.04.27-02.44.10:531][290]LogBlueprintUserMessages: Late PlayInEditor Detection: Level '/Game/Maps/Ocean_Tower_Main.Ocean_Tower_Main:PersistentLevel' has LevelScriptBlueprint '/Game/Maps/Ocean_Tower_Main.Ocean_Tower_Main:PersistentLevel.Ocean_Tower_Main' with GeneratedClass '/Game/Maps/Ocean_Tower_Main.Ocean_Tower_Main_C' with ClassGeneratedBy '/Game/Maps/Ocean_Tower_Main.Ocean_Tower_Main:PersistentLevel.Ocean_Tower_Main'
[2018.04.27-02.44.10:531][290]LogBlueprintUserMessages: Late PlayInEditor Detection: Level '/Game/Maps/Ocean_Tower_Zone3.Ocean_Tower_Zone3:PersistentLevel' has LevelScriptBlueprint '/Game/Maps/Ocean_Tower_Zone3.Ocean_Tower_Zone3:PersistentLevel.Ocean_Tower_Zone3' with GeneratedClass '/Game/Maps/Ocean_Tower_Zone3.Ocean_Tower_Zone3_C' with ClassGeneratedBy '/Game/Maps/Ocean_Tower_Zone3.Ocean_Tower_Zone3:PersistentLevel.Ocean_Tower_Zone3'
[2018.04.27-02.44.10:579][291]LogFileCache: Retrieving MD5 hashes for directory 'D:/MMLX Developement/git/MMLX/MML_Redux 4.18/Content/' took 6.05s
[2018.04.27-02.44.19:254][306]LogBlueprintUserMessages: [ThirdPersonCharacter_C_0] GreenZenny_BP
[2018.04.27-02.44.21:032][518]LogBlueprintUserMessages: [ThirdPersonCharacter_C_0] Zakobon_BP11
[2018.04.27-02.44.24:169][886]LogBlueprintUserMessages: [ThirdPersonCharacter_C_0] Zakobon_BP13
[2018.04.27-02.44.29:955][557]LogBlueprintUserMessages: [ThirdPersonCharacter_C_0] GreenZenny_BP
[2018.04.27-02.44.40:931][862]LogBlueprintUserMessages: Early EndPlayMap Detection: Level '/Game/Maps/Ocean_Tower_Main.Ocean_Tower_Main:PersistentLevel' has LevelScriptBlueprint '/Game/Maps/Ocean_Tower_Main.Ocean_Tower_Main:PersistentLevel.Ocean_Tower_Main' with GeneratedClass '/Game/Maps/Ocean_Tower_Main.Ocean_Tower_Main_C' with ClassGeneratedBy '/Game/Maps/Ocean_Tower_Main.Ocean_Tower_Main:PersistentLevel.Ocean_Tower_Main'
[2018.04.27-02.44.40:931][862]LogBlueprintUserMessages: Early EndPlayMap Detection: Level '/Game/Maps/Ocean_Tower_Zone3.Ocean_Tower_Zone3:PersistentLevel' has LevelScriptBlueprint '/Game/Maps/Ocean_Tower_Zone3.Ocean_Tower_Zone3:PersistentLevel.Ocean_Tower_Zone3' with GeneratedClass '/Game/Maps/Ocean_Tower_Zone3.Ocean_Tower_Zone3_C' with ClassGeneratedBy '/Game/Maps/Ocean_Tower_Zone3.Ocean_Tower_Zone3:PersistentLevel.Ocean_Tower_Zone3'
[2018.04.27-02.44.40:971][862]LogBlueprintUserMessages: Late EndPlayMap Detection: Level '/Game/Maps/Ocean_Tower_Main.Ocean_Tower_Main:PersistentLevel' has LevelScriptBlueprint '/Game/Maps/Ocean_Tower_Main.Ocean_Tower_Main:PersistentLevel.Ocean_Tower_Main' with GeneratedClass '/Game/Maps/Ocean_Tower_Main.Ocean_Tower_Main_C' with ClassGeneratedBy '/Game/Maps/Ocean_Tower_Main.Ocean_Tower_Main:PersistentLevel.Ocean_Tower_Main'
[2018.04.27-02.44.40:971][862]LogBlueprintUserMessages: Late EndPlayMap Detection: Level '/Game/Maps/Ocean_Tower_Zone3.Ocean_Tower_Zone3:PersistentLevel' has LevelScriptBlueprint '/Game/Maps/Ocean_Tower_Zone3.Ocean_Tower_Zone3:PersistentLevel.Ocean_Tower_Zone3' with GeneratedClass '/Game/Maps/Ocean_Tower_Zone3.Ocean_Tower_Zone3_C' with ClassGeneratedBy '/Game/Maps/Ocean_Tower_Zone3.Ocean_Tower_Zone3:PersistentLevel.Ocean_Tower_Zone3'
[2018.04.27-02.44.43:196][108]LogWindowsTextInputMethodSystem: Display: IME system now deactivated.
[2018.04.27-02.44.43:402][109]Cmd: QUIT_EDITOR
[2018.04.27-02.44.43:876][109]LogExit: Preparing to exit.
[2018.04.27-02.44.44:057][109]LogDirectoryWatcher: A directory notification for 'D:/MMLX Developement/git/MMLX/MML_Redux 4.18/Content/' was aborted.
[2018.04.27-02.44.44:121][109]LogExit: Editor shut down
[2018.04.27-02.44.44:124][109]LogExit: Transaction tracking system shut down
[2018.04.27-02.44.44:302][109]LogDirectoryWatcher: A directory notification for '../../../Engine/Content/' was aborted.
[2018.04.27-02.44.44:302][109]LogDirectoryWatcher: A directory notification for '../../../../../MMLX Developement/git/MMLX/MML_Redux 4.18/Content/' was aborted.
[2018.04.27-02.44.44:302][109]LogDirectoryWatcher: A directory notification for '../../../Engine/Plugins/2D/Paper2D/Content/' was aborted.
[2018.04.27-02.44.44:302][109]LogDirectoryWatcher: A directory notification for '../../../Engine/Plugins/Media/MediaCompositing/Content/' was aborted.
[2018.04.27-02.44.44:302][109]LogDirectoryWatcher: A directory notification for '../../../Engine/Plugins/Runtime/AppleARKit/Content/' was aborted.
[2018.04.27-02.44.44:302][109]LogDirectoryWatcher: A directory notification for '../../../Engine/Plugins/Runtime/Oculus/OculusVR/Content/' was aborted.
[2018.04.27-02.44.44:303][109]LogDirectoryWatcher: A directory notification for '../../../Engine/Plugins/Runtime/Steam/SteamVR/Content/' was aborted.
[2018.04.27-02.44.44:360][109]LogExit: Object subsystem successfully closed.
[2018.04.27-02.44.44:493][109]LogD3D11RHI: Shutdown
[2018.04.27-02.44.44:493][109]LogD3D11RHI: CleanupD3DDevice
[2018.04.27-02.44.44:521][109]LogD3D11RHI: ~FD3D11DynamicRHI
[2018.04.27-02.44.44:542][109]LogModuleManager: Shutting down and abandoning module MovieSceneCapture (556)
[2018.04.27-02.44.44:542][109]LogModuleManager: Shutting down and abandoning module HierarchicalLODOutliner (554)
[2018.04.27-02.44.44:542][109]LogModuleManager: Shutting down and abandoning module SceneOutliner (552)
[2018.04.27-02.44.44:542][109]LogModuleManager: Shutting down and abandoning module AddContentDialog (550)
[2018.04.27-02.44.44:542][109]LogDirectoryWatcher: A directory notification for 'D:/New folder/UE_4.18/FeaturePacks/' was aborted.
[2018.04.27-02.44.44:544][109]LogModuleManager: Shutting down and abandoning module WidgetCarousel (549)
[2018.04.27-02.44.44:544][109]LogModuleManager: Shutting down and abandoning module EditorWidgets (546)
[2018.04.27-02.44.44:544][109]LogModuleManager: Shutting down and abandoning module CollectionManager (544)
[2018.04.27-02.44.44:544][109]LogDirectoryWatcher: A directory notification for 'D:/MMLX Developement/git/MMLX/MML_Redux 4.18/Content/Collections/' was aborted.
[2018.04.27-02.44.44:544][109]LogDirectoryWatcher: A directory notification for 'D:/MMLX Developement/git/MMLX/MML_Redux 4.18/Content/Developers/ruwd/Collections/' was aborted.
[2018.04.27-02.44.44:544][109]LogDirectoryWatcher: A directory notification for 'D:/MMLX Developement/git/MMLX/MML_Redux 4.18/Saved/Collections/' was aborted.
[2018.04.27-02.44.44:544][109]LogModuleManager: Shutting down and abandoning module StatsViewer (542)
[2018.04.27-02.44.44:544][109]LogModuleManager: Shutting down and abandoning module FoliageEdit (540)
[2018.04.27-02.44.44:544][109]LogModuleManager: Shutting down and abandoning module LandscapeEditor (538)
[2018.04.27-02.44.44:545][109]LogModuleManager: Shutting down and abandoning module MeshPaintMode (536)
[2018.04.27-02.44.44:545][109]LogModuleManager: Shutting down and abandoning module SceneDepthPickerMode (534)
[2018.04.27-02.44.44:545][109]LogModuleManager: Shutting down and abandoning module ActorPickerMode (532)
[2018.04.27-02.44.44:545][109]LogModuleManager: Shutting down and abandoning module GeometryMode (530)
[2018.04.27-02.44.44:545][109]LogModuleManager: Shutting down and abandoning module TextureAlignMode (528)
[2018.04.27-02.44.44:545][109]LogModuleManager: Shutting down and abandoning module BspMode (526)
[2018.04.27-02.44.44:545][109]LogModuleManager: Shutting down and abandoning module PIEPreviewDeviceProfileSelector (524)
[2018.04.27-02.44.44:545][109]LogModuleManager: Shutting down and abandoning module HardwareSurvey (522)
[2018.04.27-02.44.44:545][109]LogModuleManager: Shutting down and abandoning module SequenceRecorderSections (520)
[2018.04.27-02.44.44:545][109]LogModuleManager: Shutting down and abandoning module AutomationWorker (518)
[2018.04.27-02.44.44:545][109]LogModuleManager: Shutting down and abandoning module MatineeToLevelSequence (516)
[2018.04.27-02.44.44:545][109]LogModuleManager: Shutting down and abandoning module LevelSequenceEditor (514)
[2018.04.27-02.44.44:546][109]LogModuleManager: Shutting down and abandoning module PlacementMode (513)
[2018.04.27-02.44.44:546][109]LogModuleManager: Shutting down and abandoning module WmfMediaFactory (510)
[2018.04.27-02.44.44:546][109]LogModuleManager: Shutting down and abandoning module WmfMediaEditor (508)
[2018.04.27-02.44.44:546][109]LogModuleManager: Shutting down and abandoning module OpenExrWrapper (506)
[2018.04.27-02.44.44:546][109]LogModuleManager: Shutting down and abandoning module ImgMediaFactory (504)
[2018.04.27-02.44.44:546][109]LogModuleManager: Shutting down and abandoning module ImgMediaEditor (502)
[2018.04.27-02.44.44:546][109]LogModuleManager: Shutting down and abandoning module AvfMediaFactory (500)
[2018.04.27-02.44.44:546][109]LogModuleManager: Shutting down and abandoning module AvfMediaEditor (498)
[2018.04.27-02.44.44:546][109]LogModuleManager: Shutting down and abandoning module AndroidMediaFactory (496)
[2018.04.27-02.44.44:546][109]LogModuleManager: Shutting down and abandoning module AndroidMediaEditor (494)
[2018.04.27-02.44.44:546][109]LogModuleManager: Shutting down and abandoning module CharacterAI (492)
[2018.04.27-02.44.44:546][109]LogModuleManager: Shutting down and abandoning module AudioCapture (490)
[2018.04.27-02.44.44:546][109]LogModuleManager: Shutting down and abandoning module SequenceRecorder (489)
[2018.04.27-02.44.44:546][109]LogModuleManager: Shutting down and abandoning module SmartSnapping (486)
[2018.04.27-02.44.44:546][109]LogModuleManager: Shutting down and abandoning module SessionServices (484)
[2018.04.27-02.44.44:546][109]LogModuleManager: Shutting down and abandoning module ViewportSnapping (482)
[2018.04.27-02.44.44:546][109]LogModuleManager: Shutting down and abandoning module ViewportInteraction (480)
[2018.04.27-02.44.44:546][109]LogModuleManager: Shutting down and abandoning module ClothPainter (478)
[2018.04.27-02.44.44:547][109]LogModuleManager: Shutting down and abandoning module SkeletalMeshEditor (477)
[2018.04.27-02.44.44:547][109]LogModuleManager: Shutting down and abandoning module LogVisualizer (474)
[2018.04.27-02.44.44:547][109]LogModuleManager: Shutting down and abandoning module IntroTutorials (472)
[2018.04.27-02.44.44:547][109]LogModuleManager: Shutting down and abandoning module GameProjectGeneration (471)
[2018.04.27-02.44.44:547][109]LogModuleManager: Shutting down and abandoning module IOSPlatformEditor (468)
[2018.04.27-02.44.44:547][109]LogModuleManager: Shutting down and abandoning module HTML5PlatformEditor (466)
[2018.04.27-02.44.44:547][109]LogModuleManager: Shutting down and abandoning module AndroidPlatformEditor (464)
[2018.04.27-02.44.44:547][109]LogModuleManager: Shutting down and abandoning module AndroidDeviceDetection (463)
[2018.04.27-02.44.44:709][109]LogModuleManager: Shutting down and abandoning module WindowsPlatformEditor (460)
[2018.04.27-02.44.44:709][109]LogModuleManager: Shutting down and abandoning module IOSRuntimeSettings (458)
[2018.04.27-02.44.44:709][109]LogModuleManager: Shutting down and abandoning module AndroidRuntimeSettings (456)
[2018.04.27-02.44.44:709][109]LogModuleManager: Shutting down and abandoning module InputBindingEditor (454)
[2018.04.27-02.44.44:709][109]LogModuleManager: Shutting down and abandoning module MergeActors (452)
[2018.04.27-02.44.44:709][109]LogModuleManager: Shutting down and abandoning module SizeMap (450)
[2018.04.27-02.44.44:709][109]LogModuleManager: Shutting down and abandoning module TreeMap (448)
[2018.04.27-02.44.44:709][109]LogModuleManager: Shutting down and abandoning module ReferenceViewer (446)
[2018.04.27-02.44.44:709][109]LogModuleManager: Shutting down and abandoning module LocalizationDashboard (444)
[2018.04.27-02.44.44:709][109]LogModuleManager: Shutting down and abandoning module LocalizationService (443)
[2018.04.27-02.44.44:709][109]LogModuleManager: Shutting down and abandoning module HardwareTargeting (440)
[2018.04.27-02.44.44:709][109]LogModuleManager: Shutting down and abandoning module DeviceProfileEditor (438)
[2018.04.27-02.44.44:709][109]LogModuleManager: Shutting down and abandoning module UndoHistory (436)
[2018.04.27-02.44.44:709][109]LogModuleManager: Shutting down and abandoning module XmlParser (434)
[2018.04.27-02.44.44:709][109]LogModuleManager: Shutting down and abandoning module Blutility (432)
[2018.04.27-02.44.44:709][109]LogModuleManager: Shutting down and abandoning module ProjectSettingsViewer (430)
[2018.04.27-02.44.44:709][109]LogModuleManager: Shutting down and abandoning module ProjectTargetPlatformEditor (429)
[2018.04.27-02.44.44:709][109]LogModuleManager: Shutting down and abandoning module EditorSettingsViewer (426)
[2018.04.27-02.44.44:709][109]LogModuleManager: Shutting down and abandoning module SettingsEditor (424)
[2018.04.27-02.44.44:709][109]LogModuleManager: Shutting down and abandoning module ProjectLauncher (422)
[2018.04.27-02.44.44:709][109]LogModuleManager: Shutting down and abandoning module SessionFrontend (420)
[2018.04.27-02.44.44:709][109]LogModuleManager: Shutting down and abandoning module ProfilerClient (418)
[2018.04.27-02.44.44:709][109]LogModuleManager: Shutting down and abandoning module DeviceManager (416)
[2018.04.27-02.44.44:709][109]LogModuleManager: Shutting down and abandoning module TargetDeviceServices (415)
[2018.04.27-02.44.44:774][109]LogModuleManager: Shutting down and abandoning module AutomationController (412)
[2018.04.27-02.44.44:774][109]LogModuleManager: Shutting down and abandoning module AutomationWindow (410)
[2018.04.27-02.44.44:774][109]LogModuleManager: Shutting down and abandoning module Layers (408)
[2018.04.27-02.44.44:774][109]LogModuleManager: Shutting down and abandoning module ComponentVisualizers (406)
[2018.04.27-02.44.44:774][109]LogModuleManager: Shutting down and abandoning module DetailCustomizations (404)
[2018.04.27-02.44.44:774][109]LogModuleManager: Shutting down and abandoning module PackagesDialog (402)
[2018.04.27-02.44.44:774][109]LogModuleManager: Shutting down and abandoning module Persona (400)
[2018.04.27-02.44.44:774][109]LogModuleManager: Shutting down and abandoning module AdvancedPreviewScene (399)
[2018.04.27-02.44.44:774][109]LogModuleManager: Shutting down and abandoning module AnimGraph (397)
[2018.04.27-02.44.44:774][109]LogModuleManager: Shutting down and abandoning module Kismet (394)
[2018.04.27-02.44.44:776][109]LogModuleManager: Shutting down and abandoning module ClassViewer (392)
[2018.04.27-02.44.44:776][109]LogModuleManager: Shutting down and abandoning module Toolbox (390)
[2018.04.27-02.44.44:776][109]LogModuleManager: Shutting down and abandoning module ModuleUI (388)
[2018.04.27-02.44.44:776][109]LogModuleManager: Shutting down and abandoning module MovieSceneTools (386)
[2018.04.27-02.44.44:776][109]LogModuleManager: Shutting down and abandoning module OutputLog (384)
[2018.04.27-02.44.44:776][109]LogModuleManager: Shutting down and abandoning module GammaUI (382)
[2018.04.27-02.44.44:776][109]LogModuleManager: Shutting down and abandoning module Documentation (380)
[2018.04.27-02.44.44:776][109]LogModuleManager: Shutting down and abandoning module MovieSceneTracks (378)
[2018.04.27-02.44.44:777][109]LogModuleManager: Shutting down and abandoning module MovieScene (376)
[2018.04.27-02.44.44:777][109]LogModuleManager: Shutting down and abandoning module StreamingPauseRendering (374)
[2018.04.27-02.44.44:777][109]LogModuleManager: Shutting down and abandoning module LauncherPlatform (372)
[2018.04.27-02.44.44:777][109]LogModuleManager: Shutting down and abandoning module AnalyticsET (370)
[2018.04.27-02.44.44:777][109]LogModuleManager: Shutting down and abandoning module PortalServices (368)
[2018.04.27-02.44.44:777][109]LogModuleManager: Shutting down and abandoning module PortalRpc (366)
[2018.04.27-02.44.44:777][109]LogModuleManager: Shutting down and abandoning module MessagingRpc (364)
[2018.04.27-02.44.44:777][109]LogModuleManager: Shutting down and abandoning module AIModule (362)
[2018.04.27-02.44.44:777][109]LogModuleManager: Shutting down and abandoning module GameplayDebugger (361)
[2018.04.27-02.44.44:777][109]LogModuleManager: Shutting down and abandoning module AITestSuite (359)
[2018.04.27-02.44.44:777][109]LogModuleManager: Shutting down and abandoning module DesktopPlatform (356)
[2018.04.27-02.44.44:777][109]LogModuleManager: Shutting down and abandoning module ProfilerService (354)
[2018.04.27-02.44.44:963][109]LogModuleManager: Shutting down and abandoning module TaskGraph (352)
[2018.04.27-02.44.44:964][109]LogModuleManager: Shutting down and abandoning module SubstanceSource (350)
[2018.04.27-02.44.44:964][109]LogModuleManager: Shutting down and abandoning module SubstanceEditor (348)
[2018.04.27-02.44.44:964][109]LogModuleManager: Shutting down and abandoning module SteamVRController (346)
[2018.04.27-02.44.44:964][109]LogModuleManager: Shutting down and abandoning module ProceduralMeshComponentEditor (344)
[2018.04.27-02.44.44:964][109]LogModuleManager: Shutting down and abandoning module ProceduralMeshComponent (342)
[2018.04.27-02.44.44:964][109]LogModuleManager: Shutting down and abandoning module OculusInput (340)
[2018.04.27-02.44.44:964][109]LogModuleManager: Shutting down and abandoning module MobilePatchingUtils (338)
[2018.04.27-02.44.44:964][109]LogModuleManager: Shutting down and abandoning module CustomMeshComponent (336)
[2018.04.27-02.44.44:964][109]LogModuleManager: Shutting down and abandoning module CableComponent (334)
[2018.04.27-02.44.44:964][109]LogModuleManager: Shutting down and abandoning module ArchVisCharacter (332)
[2018.04.27-02.44.44:964][109]LogModuleManager: Shutting down and abandoning module AndroidPermission (330)
[2018.04.27-02.44.44:964][109]LogModuleManager: Shutting down and abandoning module ActorSequence (326)
[2018.04.27-02.44.44:964][109]LogModuleManager: Shutting down and abandoning module MediaPlayerEditor (324)
[2018.04.27-02.44.44:964][109]LogModuleManager: Shutting down and abandoning module MediaCompositingEditor (322)
[2018.04.27-02.44.44:965][109]LogModuleManager: Shutting down and abandoning module MediaCompositing (320)
[2018.04.27-02.44.44:965][109]LogModuleManager: Shutting down and abandoning module HTML5Networking (318)
[2018.04.27-02.44.44:965][109]LogModuleManager: Shutting down and abandoning module AlembicImporter (316)
[2018.04.27-02.44.44:965][109]LogModuleManager: Shutting down and abandoning module AlembicLibrary (315)
[2018.04.27-02.44.44:965][109]LogModuleManager: Shutting down and abandoning module GeometryCache (314)
[2018.04.27-02.44.44:965][109]LogModuleManager: Shutting down and abandoning module GeometryCacheEd (313)
[2018.04.27-02.44.44:965][109]LogModuleManager: Shutting down and abandoning module SpeedTreeImporter (308)
[2018.04.27-02.44.44:965][109]LogModuleManager: Shutting down and abandoning module PluginBrowser (306)
[2018.04.27-02.44.44:965][109]LogModuleManager: Shutting down and abandoning module MobileLauncherProfileWizard (304)
[2018.04.27-02.44.44:965][109]LogModuleManager: Shutting down and abandoning module VisualStudioSourceCodeAccess (302)
[2018.04.27-02.44.44:965][109]LogModuleManager: Shutting down and abandoning module VisualStudioCodeSourceCodeAccess (300)
[2018.04.27-02.44.44:965][109]LogModuleManager: Shutting down and abandoning module UObjectPlugin (298)
[2018.04.27-02.44.44:965][109]LogModuleManager: Shutting down and abandoning module SubversionSourceControl (296)
[2018.04.27-02.44.44:965][109]LogModuleManager: Shutting down and abandoning module PerforceSourceControl (294)
[2018.04.27-02.44.44:965][109]LogModuleManager: Shutting down and abandoning module GitSourceControl (292)
[2018.04.27-02.44.44:966][109]LogModuleManager: Shutting down and abandoning module SourceControl (291)
[2018.04.27-02.44.44:966][109]LogModuleManager: Shutting down and abandoning module LightPropagationVolumeEditor (288)
[2018.04.27-02.44.44:966][109]LogModuleManager: Shutting down and abandoning module PaperTiledImporter (286)
[2018.04.27-02.44.44:966][109]LogModuleManager: Shutting down and abandoning module PaperSpriteSheetImporter (284)
[2018.04.27-02.44.44:966][109]LogModuleManager: Shutting down and abandoning module Paper2DEditor (282)
[2018.04.27-02.44.44:966][109]LogModuleManager: Shutting down and abandoning module MeshPaint (281)
[2018.04.27-02.44.44:966][109]LogModuleManager: Shutting down and abandoning module LevelEditor (279)
[2018.04.27-02.44.44:967][109]LogModuleManager: Shutting down and abandoning module PixelInspectorModule (278)
[2018.04.27-02.44.44:967][109]LogModuleManager: Shutting down and abandoning module MainFrame (276)
[2018.04.27-02.44.44:967][109]LogModuleManager: Shutting down and abandoning module HotReload (275)
[2018.04.27-02.44.44:967][109]LogModuleManager: Shutting down and abandoning module RuntimePhysXCooking (270)
[2018.04.27-02.44.44:967][109]LogModuleManager: Shutting down and abandoning module PhysXVehiclesEditor (268)
[2018.04.27-02.44.44:967][109]LogModuleManager: Shutting down and abandoning module PhysXVehicles (266)
[2018.04.27-02.44.44:967][109]LogModuleManager: Shutting down and abandoning module OculusEditor (264)
[2018.04.27-02.44.44:967][109]LogModuleManager: Shutting down and abandoning module LocationServicesBPLibrary (262)
[2018.04.27-02.44.44:967][109]LogModuleManager: Shutting down and abandoning module ImmediatePhysicsEditor (260)
[2018.04.27-02.44.44:967][109]LogModuleManager: Shutting down and abandoning module ImmediatePhysics (258)
[2018.04.27-02.44.44:967][109]LogModuleManager: Shutting down and abandoning module UdpMessaging (256)
[2018.04.27-02.44.45:068][109]LogModuleManager: Shutting down and abandoning module TcpMessaging (254)
[2018.04.27-02.44.45:168][109]LogModuleManager: Shutting down and abandoning module SubstanceCore (252)
[2018.04.27-02.44.45:168][109]LogModuleManager: Shutting down and abandoning module GameplayTagsEditor (250)
[2018.04.27-02.44.45:168][109]LogModuleManager: Shutting down and abandoning module FacialAnimationEditor (248)
[2018.04.27-02.44.45:168][109]LogModuleManager: Shutting down and abandoning module FacialAnimation (246)
[2018.04.27-02.44.45:168][109]LogModuleManager: Shutting down and abandoning module AssetManagerEditor (244)
[2018.04.27-02.44.45:168][109]LogModuleManager: Shutting down and abandoning module GraphEditor (243)
[2018.04.27-02.44.45:169][109]LogModuleManager: Shutting down and abandoning module ContentBrowser (241)
[2018.04.27-02.44.45:170][109]LogModuleManager: Shutting down and abandoning module LightPropagationVolumeRuntime (238)
[2018.04.27-02.44.45:170][109]LogModuleManager: Shutting down and abandoning module Paper2D (236)
[2018.04.27-02.44.45:170][109]LogModuleManager: Shutting down and abandoning module WindowsMoviePlayer (234)
[2018.04.27-02.44.45:170][109]LogModuleManager: Shutting down and abandoning module WmfMedia (232)
[2018.04.27-02.44.45:172][109]LogModuleManager: Shutting down and abandoning module ImgMedia (230)
[2018.04.27-02.44.45:172][109]LogModuleManager: Shutting down and abandoning module PacketHandler (228)
[2018.04.27-02.44.45:172][109]LogModuleManager: Shutting down and abandoning module ClothingSystemEditor (226)
[2018.04.27-02.44.45:172][109]LogModuleManager: Shutting down and abandoning module ClothingSystemRuntime (224)
[2018.04.27-02.44.45:172][109]LogModuleManager: Shutting down and abandoning module MediaAssets (222)
[2018.04.27-02.44.45:172][109]LogModuleManager: Shutting down and abandoning module Media (221)
[2018.04.27-02.44.45:179][109]LogModuleManager: Shutting down and abandoning module Overlay (218)
[2018.04.27-02.44.45:179][109]LogModuleManager: Shutting down and abandoning module OverlayEditor (217)
[2018.04.27-02.44.45:179][109]LogModuleManager: Shutting down and abandoning module VREditor (214)
[2018.04.27-02.44.45:179][109]LogModuleManager: Shutting down and abandoning module StringTableEditor (212)
[2018.04.27-02.44.45:179][109]LogModuleManager: Shutting down and abandoning module GameplayTasksEditor (210)
[2018.04.27-02.44.45:179][109]LogModuleManager: Shutting down and abandoning module BehaviorTreeEditor (208)
[2018.04.27-02.44.45:179][109]LogModuleManager: Shutting down and abandoning module FunctionalTesting (206)
[2018.04.27-02.44.45:179][109]LogModuleManager: Shutting down and abandoning module CollisionAnalyzer (204)
[2018.04.27-02.44.45:179][109]LogModuleManager: Shutting down and abandoning module WorkspaceMenuStructure (203)
[2018.04.27-02.44.45:179][109]LogModuleManager: Shutting down and abandoning module UMG (200)
[2018.04.27-02.44.45:179][109]LogModuleManager: Shutting down and abandoning module UMGEditor (199)
[2018.04.27-02.44.45:179][109]LogModuleManager: Shutting down and abandoning module Sequencer (198)
[2018.04.27-02.44.45:179][109]LogModuleManager: Shutting down and abandoning module MessageLog (195)
[2018.04.27-02.44.45:179][109]LogModuleManager: Shutting down and abandoning module SlateReflector (190)
[2018.04.27-02.44.45:179][109]LogModuleManager: Shutting down and abandoning module Slate (188)
[2018.04.27-02.44.45:179][109]LogModuleManager: Shutting down and abandoning module EditorStyle (186)
[2018.04.27-02.44.45:181][109]LogModuleManager: Shutting down and abandoning module MRMesh (184)
[2018.04.27-02.44.45:181][109]LogModuleManager: Shutting down and abandoning module SourceCodeAccess (182)
[2018.04.27-02.44.45:181][109]LogModuleManager: Shutting down and abandoning module HeadMountedDisplay (180)
[2018.04.27-02.44.45:181][109]LogModuleManager: Shutting down and abandoning module XAudio2 (178)
[2018.04.27-02.44.45:182][109]LogModuleManager: Shutting down and abandoning module Networking (176)
[2018.04.27-02.44.45:182][109]LogModuleManager: Shutting down and abandoning module Core (172)
[2018.04.27-02.44.45:182][109]LogModuleManager: Shutting down and abandoning module LevelSequence (168)
[2018.04.27-02.44.45:182][109]LogModuleManager: Shutting down and abandoning module DirectoryWatcher (166)
[2018.04.27-02.44.45:183][109]LogModuleManager: Shutting down and abandoning module KismetCompiler (164)
[2018.04.27-02.44.45:183][109]LogModuleManager: Shutting down and abandoning module MeshUtilities (162)
[2018.04.27-02.44.45:183][109]LogModuleManager: Shutting down and abandoning module MeshMergeUtilities (161)
[2018.04.27-02.44.45:183][109]LogModuleManager: Shutting down and abandoning module MeshReductionInterface (160)
[2018.04.27-02.44.45:183][109]LogModuleManager: Shutting down and abandoning module SimplygonSwarm (159)
[2018.04.27-02.44.45:183][109]LogModuleManager: Shutting down and abandoning module SimplygonMeshReduction (157)
[2018.04.27-02.44.45:183][109]LogModuleManager: Shutting down and abandoning module QuadricMeshReduction (155)
[2018.04.27-02.44.45:183][109]LogModuleManager: Shutting down and abandoning module MaterialBaking (151)
[2018.04.27-02.44.45:183][109]LogModuleManager: Shutting down and abandoning module DerivedDataCache (148)
[2018.04.27-02.44.45:488][109]LogDerivedDataCache: Shutdown
[2018.04.27-02.44.45:488][109]LogModuleManager: Shutting down and abandoning module TargetPlatform (146)
[2018.04.27-02.44.45:488][109]LogModuleManager: Shutting down and abandoning module VulkanShaderFormat (145)
[2018.04.27-02.44.45:488][109]LogModuleManager: Shutting down and abandoning module ShaderFormatVectorVM (143)
[2018.04.27-02.44.45:488][109]LogModuleManager: Shutting down and abandoning module ShaderFormatOpenGL (141)
[2018.04.27-02.44.45:488][109]LogModuleManager: Shutting down and abandoning module ShaderFormatD3D (139)
[2018.04.27-02.44.45:488][109]LogModuleManager: Shutting down and abandoning module MetalShaderFormat (137)
[2018.04.27-02.44.45:488][109]LogModuleManager: Shutting down and abandoning module TextureFormatUncompressed (135)
[2018.04.27-02.44.45:488][109]LogModuleManager: Shutting down and abandoning module TextureFormatPVR (133)
[2018.04.27-02.44.45:488][109]LogModuleManager: Shutting down and abandoning module TextureFormatDXT (131)
[2018.04.27-02.44.45:488][109]LogModuleManager: Shutting down and abandoning module TextureFormatIntelISPCTexComp (129)
[2018.04.27-02.44.45:488][109]LogModuleManager: Shutting down and abandoning module TextureFormatASTC (127)
[2018.04.27-02.44.45:488][109]LogModuleManager: Shutting down and abandoning module ImageWrapper (126)
[2018.04.27-02.44.45:488][109]LogModuleManager: Shutting down and abandoning module TextureFormatAndroid (123)
[2018.04.27-02.44.45:488][109]LogModuleManager: Shutting down and abandoning module AudioFormatOpus (121)
[2018.04.27-02.44.45:488][109]LogModuleManager: Shutting down and abandoning module AudioFormatOgg (119)
[2018.04.27-02.44.45:488][109]LogModuleManager: Shutting down and abandoning module AudioFormatADPCM (117)
[2018.04.27-02.44.45:488][109]LogModuleManager: Shutting down and abandoning module LinuxTargetPlatform (115)
[2018.04.27-02.44.45:488][109]LogModuleManager: Shutting down and abandoning module LinuxServerTargetPlatform (113)
[2018.04.27-02.44.45:488][109]LogModuleManager: Shutting down and abandoning module LinuxNoEditorTargetPlatform (111)
[2018.04.27-02.44.45:488][109]LogModuleManager: Shutting down and abandoning module LinuxClientTargetPlatform (109)
[2018.04.27-02.44.45:488][109]LogModuleManager: Shutting down and abandoning module TVOSTargetPlatform (107)
[2018.04.27-02.44.45:488][109]LogModuleManager: Shutting down and abandoning module Messaging (105)
[2018.04.27-02.44.45:488][109]LogModuleManager: Shutting down and abandoning module IOSTargetPlatform (103)
[2018.04.27-02.44.45:488][109]LogModuleManager: Shutting down and abandoning module HTML5TargetPlatform (101)
[2018.04.27-02.44.45:488][109]LogModuleManager: Shutting down and abandoning module AndroidTargetPlatform (99)
[2018.04.27-02.44.45:488][109]LogModuleManager: Shutting down and abandoning module Android_PVRTCTargetPlatform (97)
[2018.04.27-02.44.45:488][109]LogModuleManager: Shutting down and abandoning module Android_MultiTargetPlatform (95)
[2018.04.27-02.44.45:488][109]LogModuleManager: Shutting down and abandoning module Android_ETC2TargetPlatform (93)
[2018.04.27-02.44.45:488][109]LogModuleManager: Shutting down and abandoning module Android_ETC1TargetPlatform (91)
[2018.04.27-02.44.45:488][109]LogModuleManager: Shutting down and abandoning module Android_DXTTargetPlatform (89)
[2018.04.27-02.44.45:488][109]LogModuleManager: Shutting down and abandoning module Android_ATCTargetPlatform (87)
[2018.04.27-02.44.45:488][109]LogModuleManager: Shutting down and abandoning module Android_ASTCTargetPlatform (85)
[2018.04.27-02.44.45:488][109]LogModuleManager: Shutting down and abandoning module WindowsTargetPlatform (83)
[2018.04.27-02.44.45:488][109]LogModuleManager: Shutting down and abandoning module WindowsServerTargetPlatform (81)
[2018.04.27-02.44.45:488][109]LogModuleManager: Shutting down and abandoning module WindowsNoEditorTargetPlatform (79)
[2018.04.27-02.44.45:488][109]LogModuleManager: Shutting down and abandoning module WindowsClientTargetPlatform (77)
[2018.04.27-02.44.45:488][109]LogModuleManager: Shutting down and abandoning module MacTargetPlatform (75)
[2018.04.27-02.44.45:488][109]LogModuleManager: Shutting down and abandoning module MacServerTargetPlatform (73)
[2018.04.27-02.44.45:488][109]LogModuleManager: Shutting down and abandoning module MacNoEditorTargetPlatform (71)
[2018.04.27-02.44.45:488][109]LogModuleManager: Shutting down and abandoning module MacClientTargetPlatform (69)
[2018.04.27-02.44.45:488][109]LogModuleManager: Shutting down and abandoning module AllDesktopTargetPlatform (67)
[2018.04.27-02.44.45:488][109]LogModuleManager: Shutting down and abandoning module InputCore (64)
[2018.04.27-02.44.45:488][109]LogModuleManager: Shutting down and abandoning module Settings (62)
[2018.04.27-02.44.45:489][109]LogModuleManager: Shutting down and abandoning module PhysXCooking (60)
[2018.04.27-02.44.45:489][109]LogModuleManager: Shutting down and abandoning module SteamVR (58)
[2018.04.27-02.44.45:489][109]LogModuleManager: Shutting down and abandoning module OculusHMD (56)
[2018.04.27-02.44.45:489][109]LogModuleManager: Shutting down and abandoning module ExampleDeviceProfileSelector (54)
[2018.04.27-02.44.45:489][109]LogModuleManager: Shutting down and abandoning module AppleARKit (52)
[2018.04.27-02.44.45:489][109]LogModuleManager: Shutting down and abandoning module AugmentedReality (51)
[2018.04.27-02.44.45:489][109]LogModuleManager: Shutting down and abandoning module OnlineBlueprintSupport (48)
[2018.04.27-02.44.45:489][109]LogModuleManager: Shutting down and abandoning module OnlineSubsystem (44)
[2018.04.27-02.44.45:489][109]LogModuleManager: Shutting down and abandoning module XMPP (43)
[2018.04.27-02.44.45:489][109]LogModuleManager: Shutting down and abandoning module HTTP (41)
[2018.04.27-02.44.45:489][109]LogHttp: Display: Http module shutting down, but needs to wait on 1 outstanding Http requests:
[2018.04.27-02.44.45:489][109]LogHttp: Display: 	verb=[POST] url=[https://datarouter.ol.epicgames.com/datarouter/api/v1/public/data?SessionID=%7B84660B55-48F5-2EAD-6C36-FB99EA6D8A1D%7D&AppID=UEEditor.Rocket.Release&AppVersion=4.18.3-3832480%2B%2B%2BUE4%2BRelease-4.18&UserID=1b29747d4622d99b3debc19b6bbc37c9%7C26edd4b22864457b98f8e74c4f8ea8a4%7Ce7e5514a-4c20-45b5-87b5-931e01ccd4c9&AppEnvironment=datacollector-binary&UploadType=eteventstream] status=Processing
[2018.04.27-02.44.45:524][109]LogModuleManager: Shutting down and abandoning module SSL (40)
[2018.04.27-02.44.45:526][109]LogModuleManager: Shutting down and abandoning module AnimationModifiers (36)
[2018.04.27-02.44.45:526][109]LogModuleManager: Shutting down and abandoning module PropertyEditor (35)
[2018.04.27-02.44.45:526][109]LogModuleManager: Shutting down and abandoning module AudioEditor (32)
[2018.04.27-02.44.45:526][109]LogModuleManager: Shutting down and abandoning module TextureCompressor (30)
[2018.04.27-02.44.45:527][109]LogModuleManager: Shutting down and abandoning module ShaderCore (28)
[2018.04.27-02.44.45:527][109]LogModuleManager: Shutting down and abandoning module Landscape (26)
[2018.04.27-02.44.45:527][109]LogModuleManager: Shutting down and abandoning module SlateRHIRenderer (24)
[2018.04.27-02.44.45:528][109]LogModuleManager: Shutting down and abandoning module OpenGLDrv (22)
[2018.04.27-02.44.45:528][109]LogModuleManager: Shutting down and abandoning module D3D11RHI (20)
[2018.04.27-02.44.45:528][109]LogModuleManager: Shutting down and abandoning module AnimGraphRuntime (18)
[2018.04.27-02.44.45:528][109]LogModuleManager: Shutting down and abandoning module Renderer (16)
[2018.04.27-02.44.45:528][109]LogModuleManager: Shutting down and abandoning module Engine (14)
[2018.04.27-02.44.45:528][109]LogModuleManager: Shutting down and abandoning module CoreUObject (12)
[2018.04.27-02.44.45:528][109]LogModuleManager: Shutting down and abandoning module NetworkFile (10)
[2018.04.27-02.44.45:528][109]LogModuleManager: Shutting down and abandoning module CookedIterativeFile (8)
[2018.04.27-02.44.45:528][109]LogModuleManager: Shutting down and abandoning module StreamingFile (6)
[2018.04.27-02.44.45:528][109]LogModuleManager: Shutting down and abandoning module SandboxFile (4)
[2018.04.27-02.44.45:528][109]LogModuleManager: Shutting down and abandoning module PakFile (2)
[2018.04.27-02.44.45:537][109]LogExit: Exiting.
[2018.04.27-02.44.45:564][109]Log file closed, 04/26/18 22:44:45
