Log file open, 08/15/18 18:30:42
LogWindows: Failed to load 'aqProf.dll' (GetLastError=126)
LogWindows: File 'aqProf.dll' does not exist
LogWindows: Failed to load 'VtuneApi.dll' (GetLastError=126)
LogWindows: File 'VtuneApi.dll' does not exist
LogWindows: Failed to load 'VtuneApi32e.dll' (GetLastError=126)
LogWindows: File 'VtuneApi32e.dll' does not exist
LogInit: Display: Running engine for game: MMLX
LogPlatformFile: Not using cached read wrapper
LogInit: Display: RandInit(-617626469) SRandInit(-617626468).
LogInit: Read version file with build ID '3944462'
LogInit: Overriding engine version to CL 3989454, compatible CL 3944462
LogInit: Registered custom module enumerator with build ID '3944462'
LogTaskGraph: Started task graph with 5 named threads and 35 total threads with 3 sets of task threads.
LogStats: Stats thread started at 0.460832
LogD3D11RHI: Aftermath initialized
LogICUInternationalization: Display: ICU TimeZone Detection - Raw Offset: -5:00, Platform Override: ''
LogModuleManager: Display: Found up-to-date module file ../../../Engine/Plugins/Marketplace/Substance/Binaries/Win64/UE4Editor-SubstanceCore.dll (API version 3944462).
LogModuleManager: Display: Found up-to-date module file ../../../Engine/Plugins/Marketplace/Substance/Binaries/Win64/UE4Editor-SubstanceEditor.dll (API version 3944462).
LogModuleManager: Display: Found up-to-date module file ../../../Engine/Plugins/Marketplace/Substance/Binaries/Win64/UE4Editor-SubstanceSource.dll (API version 3944462).
LogModuleManager: Display: Found up-to-date module file ../../../Engine/Plugins/Marketplace/Substance/Binaries/Win64/UE4Editor-SubstanceLiveLink.dll (API version 3944462).
LogModuleManager: Display: Found up-to-date module file ../../../Engine/Plugins/2D/Paper2D/Binaries/Win64/UE4Editor-Paper2D.dll (API version 3944462).
LogModuleManager: Display: Found up-to-date module file ../../../Engine/Plugins/2D/Paper2D/Binaries/Win64/UE4Editor-Paper2DEditor.dll (API version 3944462).
LogModuleManager: Display: Found up-to-date module file ../../../Engine/Plugins/2D/Paper2D/Binaries/Win64/UE4Editor-PaperSpriteSheetImporter.dll (API version 3944462).
LogModuleManager: Display: Found up-to-date module file ../../../Engine/Plugins/2D/Paper2D/Binaries/Win64/UE4Editor-PaperTiledImporter.dll (API version 3944462).
LogModuleManager: Display: Found up-to-date module file ../../../Engine/Plugins/2D/Paper2D/Binaries/Win64/UE4Editor-SmartSnapping.dll (API version 3944462).
LogModuleManager: Display: Found up-to-date module file ../../../Engine/Plugins/Blendables/LightPropagationVolume/Binaries/Win64/UE4Editor-LightPropagationVolumeRuntime.dll (API version 3944462).
LogModuleManager: Display: Found up-to-date module file ../../../Engine/Plugins/Blendables/LightPropagationVolume/Binaries/Win64/UE4Editor-LightPropagationVolumeEditor.dll (API version 3944462).
LogModuleManager: Display: Found up-to-date module file ../../../Engine/Plugins/Developer/CLionSourceCodeAccess/Binaries/Win64/UE4Editor-CLionSourceCodeAccess.dll (API version 3944462).
LogModuleManager: Display: Found up-to-date module file ../../../Engine/Plugins/Developer/GitSourceControl/Binaries/Win64/UE4Editor-GitSourceControl.dll (API version 3944462).
LogModuleManager: Display: Found up-to-date module file ../../../Engine/Plugins/Developer/PerforceSourceControl/Binaries/Win64/UE4Editor-PerforceSourceControl.dll (API version 3944462).
LogModuleManager: Display: Found up-to-date module file ../../../Engine/Plugins/Developer/SubversionSourceControl/Binaries/Win64/UE4Editor-SubversionSourceControl.dll (API version 3944462).
LogModuleManager: Display: Found up-to-date module file ../../../Engine/Plugins/Developer/UObjectPlugin/Binaries/Win64/UE4Editor-UObjectPlugin.dll (API version 3944462).
LogModuleManager: Display: Found up-to-date module file ../../../Engine/Plugins/Developer/VisualStudioCodeSourceCodeAccess/Binaries/Win64/UE4Editor-VisualStudioCodeSourceCodeAccess.dll (API version 3944462).
LogModuleManager: Display: Found up-to-date module file ../../../Engine/Plugins/Developer/VisualStudioSourceCodeAccess/Binaries/Win64/UE4Editor-VisualStudioSourceCodeAccess.dll (API version 3944462).
LogModuleManager: Display: Found up-to-date module file ../../../Engine/Plugins/Editor/AssetManagerEditor/Binaries/Win64/UE4Editor-AssetManagerEditor.dll (API version 3944462).
LogModuleManager: Display: Found up-to-date module file ../../../Engine/Plugins/Editor/CryptoKeys/Binaries/Win64/UE4Editor-CryptoKeys.dll (API version 3944462).
LogModuleManager: Display: Found up-to-date module file ../../../Engine/Plugins/Editor/CryptoKeys/Binaries/Win64/UE4Editor-CryptoKeysOpenSSL.dll (API version 3944462).
LogModuleManager: Display: Found up-to-date module file ../../../Engine/Plugins/Editor/DataValidation/Binaries/Win64/UE4Editor-DataValidation.dll (API version 3944462).
LogModuleManager: Display: Found up-to-date module file ../../../Engine/Plugins/Editor/FacialAnimation/Binaries/Win64/UE4Editor-FacialAnimation.dll (API version 3944462).
LogModuleManager: Display: Found up-to-date module file ../../../Engine/Plugins/Editor/FacialAnimation/Binaries/Win64/UE4Editor-FacialAnimationEditor.dll (API version 3944462).
LogModuleManager: Display: Found up-to-date module file ../../../Engine/Plugins/Editor/GameplayTagsEditor/Binaries/Win64/UE4Editor-GameplayTagsEditor.dll (API version 3944462).
LogModuleManager: Display: Found up-to-date module file ../../../Engine/Plugins/Editor/MobileLauncherProfileWizard/Binaries/Win64/UE4Editor-MobileLauncherProfileWizard.dll (API version 3944462).
LogModuleManager: Display: Found up-to-date module file ../../../Engine/Plugins/Editor/PluginBrowser/Binaries/Win64/UE4Editor-PluginBrowser.dll (API version 3944462).
LogModuleManager: Display: Found up-to-date module file ../../../Engine/Plugins/Editor/SpeedTreeImporter/Binaries/Win64/UE4Editor-SpeedTreeImporter.dll (API version 3944462).
LogModuleManager: Display: Found up-to-date module file ../../../Engine/Plugins/Enterprise/DatasmithContent/Binaries/Win64/UE4Editor-DatasmithContent.dll (API version 3944462).
LogModuleManager: Display: Found up-to-date module file ../../../Engine/Plugins/Experimental/AlembicImporter/Binaries/Win64/UE4Editor-AlembicImporter.dll (API version 3944462).
LogModuleManager: Display: Found up-to-date module file ../../../Engine/Plugins/Experimental/AlembicImporter/Binaries/Win64/UE4Editor-AlembicLibrary.dll (API version 3944462).
LogModuleManager: Display: Found up-to-date module file ../../../Engine/Plugins/Experimental/CharacterAI/Binaries/Win64/UE4Editor-CharacterAI.dll (API version 3944462).
LogModuleManager: Display: Found up-to-date module file ../../../Engine/Plugins/Experimental/HTML5Networking/Binaries/Win64/UE4Editor-HTML5Networking.dll (API version 3944462).
LogModuleManager: Display: Found up-to-date module file ../../../Engine/Plugins/Media/AndroidMedia/Binaries/Win64/UE4Editor-AndroidMediaEditor.dll (API version 3944462).
LogModuleManager: Display: Found up-to-date module file ../../../Engine/Plugins/Media/AndroidMedia/Binaries/Win64/UE4Editor-AndroidMediaFactory.dll (API version 3944462).
LogModuleManager: Display: Found up-to-date module file ../../../Engine/Plugins/Media/AvfMedia/Binaries/Win64/UE4Editor-AvfMediaEditor.dll (API version 3944462).
LogModuleManager: Display: Found up-to-date module file ../../../Engine/Plugins/Media/AvfMedia/Binaries/Win64/UE4Editor-AvfMediaFactory.dll (API version 3944462).
LogModuleManager: Display: Found up-to-date module file ../../../Engine/Plugins/Media/AvfMedia/Binaries/Win64/UE4Editor-AvfMediaFactory.dll (API version 3944462).
LogModuleManager: Display: Found up-to-date module file ../../../Engine/Plugins/Media/ImgMedia/Binaries/Win64/UE4Editor-ImgMedia.dll (API version 3944462).
LogModuleManager: Display: Found up-to-date module file ../../../Engine/Plugins/Media/ImgMedia/Binaries/Win64/UE4Editor-ImgMediaEditor.dll (API version 3944462).
LogModuleManager: Display: Found up-to-date module file ../../../Engine/Plugins/Media/ImgMedia/Binaries/Win64/UE4Editor-ImgMediaFactory.dll (API version 3944462).
LogModuleManager: Display: Found up-to-date module file ../../../Engine/Plugins/Media/ImgMedia/Binaries/Win64/UE4Editor-ImgMediaFactory.dll (API version 3944462).
LogModuleManager: Display: Found up-to-date module file ../../../Engine/Plugins/Media/ImgMedia/Binaries/Win64/UE4Editor-OpenExrWrapper.dll (API version 3944462).
LogModuleManager: Display: Found up-to-date module file ../../../Engine/Plugins/Media/LinearTimecode/Binaries/Win64/UE4Editor-LinearTimecode.dll (API version 3944462).
LogModuleManager: Display: Found up-to-date module file ../../../Engine/Plugins/Media/MediaCompositing/Binaries/Win64/UE4Editor-MediaCompositing.dll (API version 3944462).
LogModuleManager: Display: Found up-to-date module file ../../../Engine/Plugins/Media/MediaCompositing/Binaries/Win64/UE4Editor-MediaCompositingEditor.dll (API version 3944462).
LogModuleManager: Display: Found up-to-date module file ../../../Engine/Plugins/Media/MediaPlayerEditor/Binaries/Win64/UE4Editor-MediaPlayerEditor.dll (API version 3944462).
LogModuleManager: Display: Found up-to-date module file ../../../Engine/Plugins/Media/WmfMedia/Binaries/Win64/UE4Editor-WmfMedia.dll (API version 3944462).
LogModuleManager: Display: Found up-to-date module file ../../../Engine/Plugins/Media/WmfMedia/Binaries/Win64/UE4Editor-WmfMediaEditor.dll (API version 3944462).
LogModuleManager: Display: Found up-to-date module file ../../../Engine/Plugins/Media/WmfMedia/Binaries/Win64/UE4Editor-WmfMediaFactory.dll (API version 3944462).
LogModuleManager: Display: Found up-to-date module file ../../../Engine/Plugins/Media/WmfMedia/Binaries/Win64/UE4Editor-WmfMediaFactory.dll (API version 3944462).
LogModuleManager: Display: Found up-to-date module file ../../../Engine/Plugins/Messaging/TcpMessaging/Binaries/Win64/UE4Editor-TcpMessaging.dll (API version 3944462).
LogModuleManager: Display: Found up-to-date module file ../../../Engine/Plugins/Messaging/UdpMessaging/Binaries/Win64/UE4Editor-UdpMessaging.dll (API version 3944462).
LogModuleManager: Display: Found up-to-date module file ../../../Engine/Plugins/MovieScene/ActorSequence/Binaries/Win64/UE4Editor-ActorSequence.dll (API version 3944462).
LogModuleManager: Display: Found up-to-date module file ../../../Engine/Plugins/MovieScene/LevelSequenceEditor/Binaries/Win64/UE4Editor-LevelSequenceEditor.dll (API version 3944462).
LogModuleManager: Display: Found up-to-date module file ../../../Engine/Plugins/MovieScene/MatineeToLevelSequence/Binaries/Win64/UE4Editor-MatineeToLevelSequence.dll (API version 3944462).
LogModuleManager: Display: Found up-to-date module file ../../../Engine/Plugins/NetcodeUnitTest/NetcodeUnitTest/Binaries/Win64/UE4Editor-NetcodeUnitTest.dll (API version 3944462).
LogModuleManager: Display: Found up-to-date module file ../../../Engine/Plugins/NetcodeUnitTest/NUTUnrealEngine4/Binaries/Win64/UE4Editor-NUTUnrealEngine4.dll (API version 3944462).
LogModuleManager: Display: Found up-to-date module file ../../../Engine/Plugins/Online/OnlineSubsystem/Binaries/Win64/UE4Editor-OnlineSubsystem.dll (API version 3944462).
LogModuleManager: Display: Found up-to-date module file ../../../Engine/Plugins/Runtime/AndroidPermission/Binaries/Win64/UE4Editor-AndroidPermission.dll (API version 3944462).
LogModuleManager: Display: Found up-to-date module file ../../../Engine/Plugins/Online/OnlineSubsystemNull/Binaries/Win64/UE4Editor-OnlineSubsystemNull.dll (API version 3944462).
LogModuleManager: Display: Found up-to-date module file ../../../Engine/Plugins/Online/OnlineSubsystemUtils/Binaries/Win64/UE4Editor-OnlineSubsystemUtils.dll (API version 3944462).
LogModuleManager: Display: Found up-to-date module file ../../../Engine/Plugins/Online/OnlineSubsystemUtils/Binaries/Win64/UE4Editor-OnlineBlueprintSupport.dll (API version 3944462).
LogModuleManager: Display: Found up-to-date module file ../../../Engine/Plugins/Runtime/AndroidDeviceProfileSelector/Binaries/Win64/UE4Editor-AndroidDeviceProfileSelector.dll (API version 3944462).
LogModuleManager: Display: Found up-to-date module file ../../../Engine/Plugins/Runtime/AppleARKit/Binaries/Win64/UE4Editor-AppleARKit.dll (API version 3944462).
LogModuleManager: Display: Found up-to-date module file ../../../Engine/Plugins/Runtime/ProceduralMeshComponent/Binaries/Win64/UE4Editor-ProceduralMeshComponent.dll (API version 3944462).
LogModuleManager: Display: Found up-to-date module file ../../../Engine/Plugins/Runtime/ProceduralMeshComponent/Binaries/Win64/UE4Editor-ProceduralMeshComponentEditor.dll (API version 3944462).
LogModuleManager: Display: Found up-to-date module file ../../../Engine/Plugins/Animation/LiveLink/Binaries/Win64/UE4Editor-LiveLink.dll (API version 3944462).
LogModuleManager: Display: Found up-to-date module file ../../../Engine/Plugins/Animation/LiveLink/Binaries/Win64/UE4Editor-LiveLinkEditor.dll (API version 3944462).
LogModuleManager: Display: Found up-to-date module file ../../../Engine/Plugins/Runtime/ArchVisCharacter/Binaries/Win64/UE4Editor-ArchVisCharacter.dll (API version 3944462).
LogModuleManager: Display: Found up-to-date module file ../../../Engine/Plugins/Runtime/AudioCapture/Binaries/Win64/UE4Editor-AudioCapture.dll (API version 3944462).
LogModuleManager: Display: Found up-to-date module file ../../../Engine/Plugins/Runtime/AudioCapture/Binaries/Win64/UE4Editor-AudioCaptureEditor.dll (API version 3944462).
LogModuleManager: Display: Found up-to-date module file ../../../Engine/Plugins/Runtime/CableComponent/Binaries/Win64/UE4Editor-CableComponent.dll (API version 3944462).
LogModuleManager: Display: Found up-to-date module file ../../../Engine/Plugins/Runtime/CustomMeshComponent/Binaries/Win64/UE4Editor-CustomMeshComponent.dll (API version 3944462).
LogModuleManager: Display: Found up-to-date module file ../../../Engine/Plugins/Runtime/ExampleDeviceProfileSelector/Binaries/Win64/UE4Editor-ExampleDeviceProfileSelector.dll (API version 3944462).
LogModuleManager: Display: Found up-to-date module file ../../../Engine/Plugins/Runtime/ImmediatePhysics/Binaries/Win64/UE4Editor-ImmediatePhysics.dll (API version 3944462).
LogModuleManager: Display: Found up-to-date module file ../../../Engine/Plugins/Runtime/ImmediatePhysics/Binaries/Win64/UE4Editor-ImmediatePhysicsEditor.dll (API version 3944462).
LogModuleManager: Display: Found up-to-date module file ../../../Engine/Plugins/Runtime/LocationServicesBPLibrary/Binaries/Win64/UE4Editor-LocationServicesBPLibrary.dll (API version 3944462).
LogModuleManager: Display: Found up-to-date module file ../../../Engine/Plugins/Runtime/MobilePatchingUtils/Binaries/Win64/UE4Editor-MobilePatchingUtils.dll (API version 3944462).
LogModuleManager: Display: Found up-to-date module file ../../../Engine/Plugins/Runtime/Oculus/OculusVR/Binaries/Win64/UE4Editor-OculusHMD.dll (API version 3944462).
LogModuleManager: Display: Found up-to-date module file ../../../Engine/Plugins/Runtime/Oculus/OculusVR/Binaries/Win64/UE4Editor-OculusInput.dll (API version 3944462).
LogModuleManager: Display: Found up-to-date module file ../../../Engine/Plugins/Runtime/Oculus/OculusVR/Binaries/Win64/UE4Editor-OculusEditor.dll (API version 3944462).
LogModuleManager: Display: Found up-to-date module file ../../../Engine/Plugins/Runtime/PhysXVehicles/Binaries/Win64/UE4Editor-PhysXVehicles.dll (API version 3944462).
LogModuleManager: Display: Found up-to-date module file ../../../Engine/Plugins/Runtime/PhysXVehicles/Binaries/Win64/UE4Editor-PhysXVehiclesEditor.dll (API version 3944462).
LogModuleManager: Display: Found up-to-date module file ../../../Engine/Plugins/Runtime/RuntimePhysXCooking/Binaries/Win64/UE4Editor-RuntimePhysXCooking.dll (API version 3944462).
LogModuleManager: Display: Found up-to-date module file ../../../Engine/Plugins/Runtime/Steam/SteamVR/Binaries/Win64/UE4Editor-SteamVR.dll (API version 3944462).
LogModuleManager: Display: Found up-to-date module file ../../../Engine/Plugins/Runtime/Steam/SteamVR/Binaries/Win64/UE4Editor-SteamVRController.dll (API version 3944462).
LogModuleManager: Display: Found up-to-date module file ../../../Engine/Plugins/Runtime/WindowsMoviePlayer/Binaries/Win64/UE4Editor-WindowsMoviePlayer.dll (API version 3944462).
LogPluginManager: Mounting plugin Paper2D
LogPluginManager: Mounting plugin LiveLink
LogPluginManager: Mounting plugin LightPropagationVolume
LogPluginManager: Mounting plugin CLionSourceCodeAccess
LogPluginManager: Mounting plugin CodeLiteSourceCodeAccess
LogPluginManager: Mounting plugin GitSourceControl
LogPluginManager: Mounting plugin KDevelopSourceCodeAccess
LogPluginManager: Mounting plugin NullSourceCodeAccess
LogPluginManager: Mounting plugin PerforceSourceControl
LogPluginManager: Mounting plugin SubversionSourceControl
LogPluginManager: Mounting plugin UObjectPlugin
LogPluginManager: Mounting plugin VisualStudioCodeSourceCodeAccess
LogPluginManager: Mounting plugin VisualStudioSourceCodeAccess
LogPluginManager: Mounting plugin XCodeSourceCodeAccess
LogPluginManager: Mounting plugin AssetManagerEditor
LogPluginManager: Mounting plugin CryptoKeys
LogPluginManager: Mounting plugin DataValidation
LogPluginManager: Mounting plugin FacialAnimation
LogPluginManager: Mounting plugin GameplayTagsEditor
LogPluginManager: Mounting plugin MobileLauncherProfileWizard
LogPluginManager: Mounting plugin PluginBrowser
LogPluginManager: Mounting plugin SpeedTreeImporter
LogPluginManager: Mounting plugin DatasmithContent
LogPluginManager: Mounting plugin AlembicImporter
LogPluginManager: Mounting plugin CharacterAI
LogPluginManager: Mounting plugin HTML5Networking
LogPluginManager: Mounting plugin Substance
LogPluginManager: Mounting plugin AndroidMedia
LogPluginManager: Mounting plugin AvfMedia
LogPluginManager: Mounting plugin ImgMedia
LogPluginManager: Mounting plugin LinearTimecode
LogPluginManager: Mounting plugin MediaCompositing
LogPluginManager: Mounting plugin MediaPlayerEditor
LogPluginManager: Mounting plugin WmfMedia
LogPluginManager: Mounting plugin TcpMessaging
LogPluginManager: Mounting plugin UdpMessaging
LogPluginManager: Mounting plugin ActorSequence
LogPluginManager: Mounting plugin LevelSequenceEditor
LogPluginManager: Mounting plugin MatineeToLevelSequence
LogPluginManager: Mounting plugin NetcodeUnitTest
LogPluginManager: Mounting plugin NUTUnrealEngine4
LogPluginManager: Mounting plugin OnlineSubsystemGooglePlay
LogPluginManager: Mounting plugin OnlineSubsystemIOS
LogPluginManager: Mounting plugin OnlineSubsystem
LogPluginManager: Mounting plugin OnlineSubsystemNull
LogPluginManager: Mounting plugin OnlineSubsystemUtils
LogPluginManager: Mounting plugin AndroidDeviceProfileSelector
LogPluginManager: Mounting plugin AndroidMoviePlayer
LogPluginManager: Mounting plugin AndroidPermission
LogPluginManager: Mounting plugin AppleARKit
LogPluginManager: Mounting plugin AppleMoviePlayer
LogPluginManager: Mounting plugin ArchVisCharacter
LogPluginManager: Mounting plugin AudioCapture
LogPluginManager: Mounting plugin CableComponent
LogPluginManager: Mounting plugin CustomMeshComponent
LogPluginManager: Mounting plugin ExampleDeviceProfileSelector
LogPluginManager: Mounting plugin GoogleCloudMessaging
LogPluginManager: Mounting plugin ImmediatePhysics
LogPluginManager: Mounting plugin IOSDeviceProfileSelector
LogPluginManager: Mounting plugin LinuxDeviceProfileSelector
LogPluginManager: Mounting plugin LocationServicesBPLibrary
LogPluginManager: Mounting plugin MobilePatchingUtils
LogPluginManager: Mounting plugin OculusVR
LogPluginManager: Plugin shader directory ../../../Engine/Plugins/Runtime/Oculus/OculusVR/Shaders found
LogPluginManager: Mapping shader source directory ../../../Engine/Plugins/Runtime/Oculus/OculusVR/Shaders to virtual directory /Plugin/OculusVR
LogPluginManager: Mounting plugin PhysXVehicles
LogPluginManager: Mounting plugin ProceduralMeshComponent
LogPluginManager: Mounting plugin RuntimePhysXCooking
LogPluginManager: Mounting plugin SteamVR
LogPluginManager: Mounting plugin WindowsMoviePlayer
LogStreaming: Display: Took  2.950s to configure plugins.
LogInit: Using libcurl 7.47.1
LogInit:  - built for x86_64-pc-win32
LogInit:  - supports SSL with OpenSSL/1.0.2g
LogInit:  - supports HTTP deflate (compression) using libz 1.2.8
LogInit:  - other features:
LogInit:      CURL_VERSION_SSL
LogInit:      CURL_VERSION_LIBZ
LogInit:      CURL_VERSION_IPV6
LogInit:      CURL_VERSION_ASYNCHDNS
LogInit:      CURL_VERSION_LARGEFILE
LogInit:      CURL_VERSION_IDN
LogInit:  CurlRequestOptions (configurable via config and command line):
LogInit:  - bVerifyPeer = false  - Libcurl will NOT verify peer certificate
LogInit:  - bUseHttpProxy = false  - Libcurl will NOT use HTTP proxy
LogInit:  - bDontReuseConnections = false  - Libcurl will reuse connections
LogInit:  - CertBundlePath = nullptr  - Libcurl will use whatever was configured at build time.
LogInit:  - MaxHostConnections = 16  - Libcurl will limit the number of connections to a host
LogInit:  - LocalHostAddr = Default
LogInit: WinSock: version 1.1 (2.2), MaxSocks=32767, MaxUdp=65467
LogInit: WinSock: I am DESKTOP-CF0T73E (192.168.56.1:0)
LogInit: Build: ++UE4+Release-4.19-CL-3989454
LogInit: Engine Version: 4.19.1-3989454+++UE4+Release-4.19
LogInit: Compatible Engine Version: 4.19.0-3944462+++UE4+Release-4.19
LogInit: Net CL: 3944462
LogDevObjectVersion: Number of dev versions registered: 18
LogDevObjectVersion:   Dev-Blueprints (B0D832E4-1F89-4F0D-ACCF-7EB736FD4AA2): 10
LogDevObjectVersion:   Dev-Build (E1C64328-A22C-4D53-A36C-8E866417BD8C): 0
LogDevObjectVersion:   Dev-Core (375EC13C-06E4-48FB-B500-84F0262A717E): 2
LogDevObjectVersion:   Dev-Editor (E4B068ED-F494-42E9-A231-DA0B2E46BB41): 23
LogDevObjectVersion:   Dev-Framework (CFFC743F-43B0-4480-9391-14DF171D2073): 33
LogDevObjectVersion:   Dev-Mobile (B02B49B5-BB20-44E9-A304-32B752E40360): 2
LogDevObjectVersion:   Dev-Networking (A4E4105C-59A1-49B5-A7C5-40C4547EDFEE): 0
LogDevObjectVersion:   Dev-Online (39C831C9-5AE6-47DC-9A44-9C173E1C8E7C): 0
LogDevObjectVersion:   Dev-Physics (78F01B33-EBEA-4F98-B9B4-84EACCB95AA2): 0
LogDevObjectVersion:   Dev-Platform (6631380F-2D4D-43E0-8009-CF276956A95A): 0
LogDevObjectVersion:   Dev-Rendering (12F88B9F-8875-4AFC-A67C-D90C383ABD29): 25
LogDevObjectVersion:   Dev-Sequencer (7B5AE74C-D270-4C10-A958-57980B212A5A): 6
LogDevObjectVersion:   Dev-VR (D7296918-1DD6-4BDD-9DE2-64A83CC13884): 1
LogDevObjectVersion:   Dev-LoadTimes (C2A15278-BFE7-4AFE-6C17-90FF531DF755): 1
LogDevObjectVersion:   Private-Geometry (6EACA3D4-40EC-4CC1-B786-8BED09428FC5): 2
LogDevObjectVersion:   Dev-AnimPhys (29E575DD-E0A3-4627-9D10-D276232CDCEA): 16
LogDevObjectVersion:   Dev-ReflectionCapture (6B266CEC-1EC7-4B8F-A30B-E4D90942FC07): 1
LogDevObjectVersion:   Dev-Automation (0DF73D61-A23F-47EA-B727-89E90C41499A): 1
LogInit: Compiled (64-bit): Apr  6 2018 12:26:04
LogInit: Compiled with Visual C++: 19.00.24215.01
LogInit: Build Configuration: Development
LogInit: Branch Name: ++UE4+Release-4.19
LogInit: Command Line:  
LogInit: Base Directory: D:/New folder/UE_4.19/Engine/Binaries/Win64/
LogInit: Installed Engine Build: 1
LogStreaming: Display: Took  0.002s to delete old logs.
LogInit: Presizing for max 8388607 objects, including 0 objects not considered by GC, pre-allocating 0 bytes for permanent pool.
LogInit: Object subsystem initialized
[2018.08.15-22.30.45:838][  0]LogInit: Selected Device Profile: [Windows]
[2018.08.15-22.30.45:838][  0]LogInit: Applying CVar settings loaded from the selected device profile: [Windows]
[2018.08.15-22.30.45:896][  0]LogInit: Computer: DESKTOP-CF0T73E
[2018.08.15-22.30.45:896][  0]LogInit: User: ruwd
[2018.08.15-22.30.45:896][  0]LogInit: CPU Page size=4096, Cores=6
[2018.08.15-22.30.45:896][  0]LogInit: High frequency timer resolution =3.415989 MHz
[2018.08.15-22.30.45:897][  0]LogMemory: Memory total: Physical=63.9GB (64GB approx)
[2018.08.15-22.30.45:897][  0]LogMemory: Platform Memory Stats for Windows
[2018.08.15-22.30.45:897][  0]LogMemory: Process Physical Memory: 275.59 MB used, 275.59 MB peak
[2018.08.15-22.30.45:897][  0]LogMemory: Process Virtual Memory: 265.54 MB used, 265.54 MB peak
[2018.08.15-22.30.45:897][  0]LogMemory: Physical Memory: 8174.68 MB used,  57272.39 MB free, 65447.07 MB total
[2018.08.15-22.30.45:897][  0]LogMemory: Virtual Memory: 4804.11 MB used,  57272.39 MB free, 134217728.00 MB total
[2018.08.15-22.30.46:106][  0]LogInit: Using OS detected language (en-US).
[2018.08.15-22.30.46:107][  0]LogInit: Using OS detected locale (en-US).
[2018.08.15-22.30.46:187][  0]LogTextLocalizationManager: No specific localization for 'en-US' exists, so the 'en' localization will be used.
[2018.08.15-22.30.46:694][  0]LogStreaming: Display: Took  0.587s to EndInitTextLocalization.
[2018.08.15-22.30.46:694][  0]LogInit: Setting process to per monitor DPI aware
[2018.08.15-22.30.46:816][  0]LogSlate: New Slate User Created.  User Index 0, Is Virtual User: 0
[2018.08.15-22.30.46:816][  0]LogSlate: Slate User Registered.  User Index 0, Is Virtual User: 0
[2018.08.15-22.30.49:543][  0]LogD3D11RHI: D3D11 adapters:
[2018.08.15-22.30.49:633][  0]LogD3D11RHI:    0. 'NVIDIA GeForce GTX 980 Ti' (Feature Level 11_0)
[2018.08.15-22.30.49:633][  0]LogD3D11RHI:       6103/0/32723 MB DedicatedVideo/DedicatedSystem/SharedSystem, Outputs:1, VendorId:0x10de
[2018.08.15-22.30.49:637][  0]LogD3D11RHI:    1. 'Microsoft Basic Render Driver' (Feature Level 11_0)
[2018.08.15-22.30.49:638][  0]LogD3D11RHI:       0/0/32723 MB DedicatedVideo/DedicatedSystem/SharedSystem, Outputs:0, VendorId:0x1414
[2018.08.15-22.30.49:638][  0]LogD3D11RHI: Chosen D3D11 Adapter: 0
[2018.08.15-22.30.49:651][  0]LogD3D11RHI: Creating new Direct3DDevice
[2018.08.15-22.30.49:651][  0]LogD3D11RHI:     GPU DeviceId: 0x17c8 (for the marketing name, search the web for "GPU Device Id")
[2018.08.15-22.30.49:651][  0]LogWindows: EnumDisplayDevices:
[2018.08.15-22.30.49:651][  0]LogWindows:    0. 'NVIDIA GeForce GTX 980 Ti' (P:1 D:1)
[2018.08.15-22.30.49:651][  0]LogWindows:    1. 'NVIDIA GeForce GTX 980 Ti' (P:0 D:0)
[2018.08.15-22.30.49:652][  0]LogWindows:    2. 'NVIDIA GeForce GTX 980 Ti' (P:0 D:0)
[2018.08.15-22.30.49:652][  0]LogWindows:    3. 'NVIDIA GeForce GTX 980 Ti' (P:0 D:0)
[2018.08.15-22.30.49:652][  0]LogWindows: DebugString: GetVideoDriverDetailsInvalid PrimaryIsNotTheChoosenAdapter GetVideoDriverDetailsInvalid PrimaryIsNotTheChoosenAdapter GetVideoDriverDetailsInvalid PrimaryIsNotTheChoosenAdapter GetVideoDriverDetailsInvalid PrimaryIsNotTheChoosenAdapter FoundDriverCount:0 
[2018.08.15-22.30.49:652][  0]LogD3D11RHI:     Adapter Name: NVIDIA GeForce GTX 980 Ti
[2018.08.15-22.30.49:652][  0]LogD3D11RHI:   Driver Version: Unknown (internal:Unknown, unified:Unknown)
[2018.08.15-22.30.49:652][  0]LogD3D11RHI:      Driver Date: Unknown
[2018.08.15-22.30.49:653][  0]LogRHI: Texture pool is 4272 MB (70% of 6103 MB)
[2018.08.15-22.30.49:713][  0]LogD3D11RHI: [Aftermath] Aftermath enabled but failed to initialize
[2018.08.15-22.30.49:713][  0]LogD3D11RHI: [Aftermath] Aftermath enabled and primed
[2018.08.15-22.30.49:713][  0]LogD3D11RHI: Async texture creation enabled
[2018.08.15-22.30.49:731][  0]LogD3D11RHI: GPU Timing Frequency: 1000.000000 (Debug: 2 1)
[2018.08.15-22.30.49:781][  0]LogShaderCompilers: Guid format shader working directory is -6 characters bigger than the processId version (../../../../../MMLX Developement/git/MMLX/MMLX 4.19/Intermediate/Shaders/WorkingDirectory/1456/).
[2018.08.15-22.30.49:781][  0]LogShaderCompilers: Cleaned the shader compiler working directory 'C:/Users/ruwd/AppData/Local/Temp/UnrealShaderWorkingDir/C2BA776448BF5316DD523E986EF721FF/'.
[2018.08.15-22.30.50:711][  0]LogTemp: Display: Loaded TP AllDesktopTargetPlatform
[2018.08.15-22.30.50:736][  0]LogTemp: Display: Loaded TP MacClientTargetPlatform
[2018.08.15-22.30.50:755][  0]LogTemp: Display: Loaded TP MacNoEditorTargetPlatform
[2018.08.15-22.30.50:767][  0]LogTemp: Display: Loaded TP MacServerTargetPlatform
[2018.08.15-22.30.50:791][  0]LogTemp: Display: Loaded TP MacTargetPlatform
[2018.08.15-22.30.50:823][  0]LogTemp: Display: Loaded TP WindowsClientTargetPlatform
[2018.08.15-22.30.50:851][  0]LogTemp: Display: Loaded TP WindowsNoEditorTargetPlatform
[2018.08.15-22.30.50:871][  0]LogTemp: Display: Loaded TP WindowsServerTargetPlatform
[2018.08.15-22.30.50:877][  0]LogTemp: Display: Loaded TP WindowsTargetPlatform
[2018.08.15-22.30.50:888][  0]LogTemp: Display: Loaded TP Android_ASTCTargetPlatform
[2018.08.15-22.30.50:900][  0]LogTemp: Display: Loaded TP Android_ATCTargetPlatform
[2018.08.15-22.30.50:911][  0]LogTemp: Display: Loaded TP Android_DXTTargetPlatform
[2018.08.15-22.30.50:922][  0]LogTemp: Display: Loaded TP Android_ETC1aTargetPlatform
[2018.08.15-22.30.50:934][  0]LogTemp: Display: Loaded TP Android_ETC1TargetPlatform
[2018.08.15-22.30.50:945][  0]LogTemp: Display: Loaded TP Android_ETC2TargetPlatform
[2018.08.15-22.30.50:967][  0]LogTemp: Display: Loaded TP Android_MultiTargetPlatform
[2018.08.15-22.30.50:967][  0]LogTemp: Display: Loaded TP Android_PVRTCTargetPlatform
[2018.08.15-22.30.50:987][  0]LogTemp: Display: Loaded TP AndroidTargetPlatform
[2018.08.15-22.30.50:988][  0]LogTemp: Display: Loaded TP HTML5TargetPlatform
[2018.08.15-22.30.51:070][  0]LogTemp: Display: Loaded TP IOSTargetPlatform
[2018.08.15-22.30.51:101][  0]LogTemp: Display: Loaded TP TVOSTargetPlatform
[2018.08.15-22.30.51:132][  0]LogTemp: Display: Loaded TP LinuxClientTargetPlatform
[2018.08.15-22.30.51:151][  0]LogTemp: Display: Loaded TP LinuxNoEditorTargetPlatform
[2018.08.15-22.30.51:166][  0]LogTemp: Display: Loaded TP LinuxServerTargetPlatform
[2018.08.15-22.30.51:192][  0]LogTemp: Display: Loaded TP LinuxTargetPlatform
[2018.08.15-22.30.51:192][  0]LogTargetPlatformManager: Display: Building Assets For Windows
[2018.08.15-22.30.51:747][  0]LogXGEController: Cleaning working directory: C:/Users/ruwd/AppData/Local/Temp/UnrealXGEWorkingDir/
[2018.08.15-22.30.51:748][  0]LogXGEController: Cannot use XGE Controller as Incredibuild is not installed on this machine.
[2018.08.15-22.30.51:748][  0]LogShaderCompilers: Cannot use XGE Shader Compiler as Incredibuild is not installed on this machine.
[2018.08.15-22.30.51:748][  0]LogShaderCompilers: Display: Using Local Shader Compiler.
[2018.08.15-22.30.53:720][  0]LogDerivedDataCache: Display: Max Cache Size: 512 MB
[2018.08.15-22.30.53:854][  0]LogDerivedDataCache: Loaded boot cache 0.13s 74MB C:/Users/ruwd/AppData/Local/UnrealEngine/4.19/DerivedDataCache/Boot.ddc.
[2018.08.15-22.30.53:855][  0]LogDerivedDataCache: Display: Loaded Boot cache: C:/Users/ruwd/AppData/Local/UnrealEngine/4.19/DerivedDataCache/Boot.ddc
[2018.08.15-22.30.53:855][  0]LogDerivedDataCache: FDerivedDataBackendGraph:  Pak pak cache file ../../../../../MMLX Developement/git/MMLX/MMLX 4.19/DerivedDataCache/DDC.ddp not found, will not use a pak cache.
[2018.08.15-22.30.53:855][  0]LogDerivedDataCache: Unable to find inner node Pak for hierarchical cache Hierarchy.
[2018.08.15-22.30.53:855][  0]LogDerivedDataCache: FDerivedDataBackendGraph:  CompressedPak pak cache file ../../../../../MMLX Developement/git/MMLX/MMLX 4.19/DerivedDataCache/Compressed.ddp not found, will not use a pak cache.
[2018.08.15-22.30.53:855][  0]LogDerivedDataCache: Unable to find inner node CompressedPak for hierarchical cache Hierarchy.
[2018.08.15-22.30.53:883][  0]LogDerivedDataCache: Display: Pak cache opened for reading ../../../Engine/DerivedDataCache/Compressed.ddp.
[2018.08.15-22.30.53:895][  0]LogDerivedDataCache: Using Local data cache path C:/Users/ruwd/AppData/Local/UnrealEngine/Common/DerivedDataCache: Writable
[2018.08.15-22.30.53:909][  0]LogMaterial: Verifying Global Shaders for PCD3D_SM5
[2018.08.15-22.30.53:909][  0]LogSlate: Using Freetype 2.6.0
[2018.08.15-22.30.53:937][  0]LogSlate: SlateFontCache - WITH_FREETYPE: 1, WITH_HARFBUZZ: 1
[2018.08.15-22.30.53:938][  0]LogSlate: SlateFontCache - WITH_FREETYPE: 1, WITH_HARFBUZZ: 1
[2018.08.15-22.30.56:026][  0]LogAssetRegistry: FAssetRegistry took 0.0334 seconds to start up
[2018.08.15-22.30.56:475][  0]LogInit: Selected Device Profile: [Windows]
[2018.08.15-22.30.56:881][  0]LogSimplygon: Simplygon DLL not present - disabling.
[2018.08.15-22.30.56:883][  0]LogMeshReduction: Using SimplygonSwarm for distributed automatic mesh merging
[2018.08.15-22.30.56:883][  0]LogMeshReduction: Using QuadricMeshReduction for automatic static mesh reduction
[2018.08.15-22.30.56:883][  0]LogMeshReduction: No automatic skeletal mesh reduction module available
[2018.08.15-22.30.56:883][  0]LogMeshReduction: No automatic mesh merging module available
[2018.08.15-22.30.56:883][  0]LogMeshMerging: No automatic mesh merging module available
[2018.08.15-22.30.56:952][  0]LogNetVersion: MMLX , NetCL: 3944462, EngineNetVer: 2, GameNetVer: 0 (Checksum: 141907774)
[2018.08.15-22.30.58:584][  0]LogPackageLocalizationCache: Processed 9 localized package path(s) for 2 prioritized culture(s) in 0.113971 seconds
[2018.08.15-22.30.58:592][  0]LogUObjectArray: 36728 objects as part of root set at end of initial load.
[2018.08.15-22.30.58:592][  0]LogUObjectAllocator: 7314312 out of 0 bytes used by permanent object pool.
[2018.08.15-22.30.58:592][  0]LogUObjectArray: CloseDisregardForGC: 0/0 objects in disregard for GC pool
[2018.08.15-22.31.05:756][  0]LogSubstanceCoreModule: Substance [CPU] Engine Loaded, Max Texture Size = 2048
[2018.08.15-22.31.05:792][  0]LogTcpMessaging: Initializing TcpMessaging bridge
[2018.08.15-22.31.05:840][  0]LogUdpMessaging: Initializing bridge on interface 0.0.0.0:0 to multicast group 230.0.0.1:6666.
[2018.08.15-22.31.06:363][  0]SourceControl: Source control is disabled
[2018.08.15-22.31.06:364][  0]SourceControl: Source control is disabled
[2018.08.15-22.31.06:386][  0]SourceControl: Source control is disabled
[2018.08.15-22.31.06:407][  0]SourceControl: Source control is disabled
[2018.08.15-22.31.07:007][  0]LogAndroidPermission: UAndroidPermissionCallbackProxy::GetInstance
[2018.08.15-22.31.07:214][  0]LogOcInput: OculusInput pre-init called
[2018.08.15-22.31.07:606][  0]LogEngine: Initializing Engine...
[2018.08.15-22.31.07:608][  0]LogHMD: Failed to initialize OpenVR with code 110
[2018.08.15-22.31.07:610][  0]LogStats: UGameplayTagsManager::ConstructGameplayTagTree: Construct from data asset -  0.000 s
[2018.08.15-22.31.07:610][  0]LogStats: UGameplayTagsManager::ConstructGameplayTagTree: GameplayTagTreeChangedEvent.Broadcast -  0.000 s
[2018.08.15-22.31.08:343][  0]LogAIModule: Creating AISystem for world Untitled
[2018.08.15-22.31.08:367][  0]LogInit: XAudio2 using 'ASUS PB258-4 (NVIDIA High Definition Audio)' : 2 channels at 48 kHz using 16 bits per sample (channel mask 0x3)
[2018.08.15-22.31.08:479][  0]LogInit: FAudioDevice initialized.
[2018.08.15-22.31.08:557][  0]LogDerivedDataCache: Saved boot cache 0.08s 74MB C:/Users/ruwd/AppData/Local/UnrealEngine/4.19/DerivedDataCache/Boot.ddc.
[2018.08.15-22.31.08:596][  0]LogInit: Texture streaming: Enabled
[2018.08.15-22.31.08:617][  0]LogEngineSessionManager: EngineSessionManager initialized
[2018.08.15-22.31.08:640][  0]LogInit: Transaction tracking system initialized
[2018.08.15-22.31.08:672][  0]BlueprintLog: New page: Editor Load
[2018.08.15-22.31.08:756][  0]LocalizationService: Localization service is disabled
[2018.08.15-22.31.08:903][  0]LogConsoleResponse: Display: 
[2018.08.15-22.31.09:398][  0]LogCook: Display: Max memory allowance for cook 16384mb min free memory 0mb
[2018.08.15-22.31.09:398][  0]LogCook: Display: Mobile HDR setting 1
[2018.08.15-22.31.09:398][  0]LogGameplayTags: Display: UGameplayTagsManager::DoneAddingNativeTags. DelegateIsBound: 0
[2018.08.15-22.31.09:398][  0]LogStats: UGameplayTagsManager::ConstructGameplayTagTree: Construct from data asset -  0.000 s
[2018.08.15-22.31.09:398][  0]LogStats: UGameplayTagsManager::ConstructGameplayTagTree: GameplayTagTreeChangedEvent.Broadcast -  0.000 s
[2018.08.15-22.31.09:453][  0]LogFileCache: Scanning file cache for directory 'D:/MMLX Developement/git/MMLX/MMLX 4.19/Content/' took 0.03s
[2018.08.15-22.31.09:935][  0]SourceControl: Source control is disabled
[2018.08.15-22.31.09:935][  0]Cmd: MAP LOAD FILE="../../../../../MMLX Developement/git/MMLX/MMLX 4.19/Content/Maps/Ocean_Tower_Main.umap" TEMPLATE=0 SHOWPROGRESS=1 FEATURELEVEL=3
[2018.08.15-22.31.09:936][  0]LightingResults: New page: Lighting Build
[2018.08.15-22.31.09:941][  0]MapCheck: New page: Map Check
[2018.08.15-22.31.09:941][  0]LightingResults: New page: Lighting Build
[2018.08.15-22.31.10:687][  0]LogLinker: Warning: Asset '../../../../../MMLX Developement/git/MMLX/MMLX 4.19/Content/Megaman/Inventory/special_weapon_struct.uasset' has been saved with empty engine version. The asset will be loaded but may be incompatible.
[2018.08.15-22.31.10:696][  0]LogLinker: Warning: Asset '../../../../../MMLX Developement/git/MMLX/MMLX 4.19/Content/Megaman/Inventory/buster_part_type_struct.uasset' has been saved with empty engine version. The asset will be loaded but may be incompatible.
[2018.08.15-22.31.10:700][  0]LogLinker: Warning: Asset '../../../../../MMLX Developement/git/MMLX/MMLX 4.19/Content/Megaman/Inventory/special_item_struct.uasset' has been saved with empty engine version. The asset will be loaded but may be incompatible.
[2018.08.15-22.31.10:710][  0]LogLinker: Warning: Asset '../../../../../MMLX Developement/git/MMLX/MMLX 4.19/Content/Megaman/Inventory/normal_item_struct.uasset' has been saved with empty engine version. The asset will be loaded but may be incompatible.
[2018.08.15-22.31.11:110][  0]LogLinker: Warning: Asset '../../../../../MMLX Developement/git/MMLX/MMLX 4.19/Content/Blueprints/Zenny/greenZennyMat.uasset' has been saved with empty engine version. The asset will be loaded but may be incompatible.
[2018.08.15-22.31.11:116][  0]LogLinker: Warning: Asset '../../../../../MMLX Developement/git/MMLX/MMLX 4.19/Content/Megaman/Inventory/SpecialItemsTextures/MMLKeyItem02.uasset' has been saved with empty engine version. The asset will be loaded but may be incompatible.
[2018.08.15-22.31.11:120][  0]LogLinker: Warning: Asset '../../../../../MMLX Developement/git/MMLX/MMLX 4.19/Content/Megaman/Inventory/SpecialItemsTextures/MMLKeyItem03.uasset' has been saved with empty engine version. The asset will be loaded but may be incompatible.
[2018.08.15-22.31.11:130][  0]LogLinker: Warning: Asset '../../../../../MMLX Developement/git/MMLX/MMLX 4.19/Content/Megaman/Inventory/SpecialWeaponsTextures/MMLWActiveBuster.uasset' has been saved with empty engine version. The asset will be loaded but may be incompatible.
[2018.08.15-22.31.11:139][  0]LogLinker: Warning: Asset '../../../../../MMLX Developement/git/MMLX/MMLX 4.19/Content/Megaman/Inventory/SpecialWeaponsTextures/MMLWDrillArm.uasset' has been saved with empty engine version. The asset will be loaded but may be incompatible.
[2018.08.15-22.31.11:143][  0]LogLinker: Warning: Asset '../../../../../MMLX Developement/git/MMLX/MMLX 4.19/Content/Megaman/Inventory/SpecialWeaponsTextures/MMLWSplashMine.uasset' has been saved with empty engine version. The asset will be loaded but may be incompatible.
[2018.08.15-22.31.12:316][  0]LogSkeletalMesh: Skeletal Mesh found in DDC [30.419888ms] /Game/Megaman/Mesh/Megaman_UE4_TempRig.Megaman_UE4_TempRig
[2018.08.15-22.31.12:708][  0]LogAIModule: Creating AISystem for world Ocean_Tower_Main
[2018.08.15-22.31.12:756][  0]LogStreaming: Display: ULevelStreaming::RequestLevel(/Game/Maps/Ocean_Tower_Zone2) is flushing async loading
[2018.08.15-22.31.13:598][  0]LogStreaming: Display: ULevelStreaming::RequestLevel(/Game/Maps/Ocean_Tower_Zone1) is flushing async loading
[2018.08.15-22.31.13:836][  0]LogStreaming: Display: ULevelStreaming::RequestLevel(/Game/Maps/Ocean_Tower_Zone3) is flushing async loading
[2018.08.15-22.31.14:008][  0]LogEditorServer: Finished looking for orphan Actors (0.000 secs)
[2018.08.15-22.31.14:049][  0]Cmd: MAP CHECKDEP NOCLEARLOG
[2018.08.15-22.31.14:128][  0]MapCheck: Map check complete: 0 Error(s), 0 Warning(s), took 79.197ms to complete.
[2018.08.15-22.31.14:128][  0]LogFileHelpers: Loading map 'Ocean_Tower_Main' took 4.192
[2018.08.15-22.31.14:322][  0]LogCollectionManager: Loaded 0 collections in 0.000939 seconds
[2018.08.15-22.31.14:366][  0]LogFileCache: Scanning file cache for directory 'D:/MMLX Developement/git/MMLX/MMLX 4.19/Saved/Collections/' took 0.01s
[2018.08.15-22.31.14:366][  0]LogFileCache: Scanning file cache for directory 'D:/MMLX Developement/git/MMLX/MMLX 4.19/Content/Developers/ruwd/Collections/' took 0.01s
[2018.08.15-22.31.14:366][  0]LogFileCache: Scanning file cache for directory 'D:/MMLX Developement/git/MMLX/MMLX 4.19/Content/Collections/' took 0.01s
[2018.08.15-22.31.14:366][  0]LogCollectionManager: Rebuilt the GUID cache for 0 collections in 0.000001 seconds
[2018.08.15-22.31.14:391][  0]LogContentBrowser: Native class hierarchy populated in 0.0247 seconds. Added 2466 classes and 564 folders.
[2018.08.15-22.31.14:404][  0]LogContentBrowser: Native class hierarchy updated for 'WidgetCarousel' in 0.0005 seconds. Added 0 classes and 0 folders.
[2018.08.15-22.31.14:941][  0]LogContentBrowser: Native class hierarchy updated for 'AddContentDialog' in 0.0007 seconds. Added 0 classes and 0 folders.
[2018.08.15-22.31.14:950][  0]LogContentBrowser: Native class hierarchy updated for 'SceneOutliner' in 0.0005 seconds. Added 1 classes and 2 folders.
[2018.08.15-22.31.15:068][  0]LogSlate: Took 0.008486 seconds to synchronously load lazily loaded font '../../../Engine/Content/Slate/Fonts/Roboto-Regular.ttf' (155K)
[2018.08.15-22.31.15:079][  0]LogSlate: Took 0.008804 seconds to synchronously load lazily loaded font '../../../Engine/Content/Slate/Fonts/Roboto-Bold.ttf' (160K)
[2018.08.15-22.31.15:098][  0]LogSlate: Took 0.005057 seconds to synchronously load lazily loaded font '../../../Engine/Content/Editor/Slate/Fonts/FontAwesome.ttf' (139K)
[2018.08.15-22.31.15:377][  0]LogRenderer: Reallocating scene render targets to support 1104x716 Format 10 NumSamples 1 (Frame:1).
[2018.08.15-22.31.15:612][  0]LogContentBrowser: Native class hierarchy updated for 'HierarchicalLODOutliner' in 0.0004 seconds. Added 0 classes and 0 folders.
[2018.08.15-22.31.15:612][  0]LogLoad: (Engine Initialization) Total time: 35.87 seconds
[2018.08.15-22.31.15:613][  0]LogLoad: (Engine Initialization) Total Blueprint compile time: 0.00 seconds
[2018.08.15-22.31.15:646][  0]LogContentStreaming: Texture pool size now 1000 MB
[2018.08.15-22.31.15:732][  1]LogSubstanceLiveLink: Warning: Unable to send data along socket, closing connection
[2018.08.15-22.31.15:803][  2]LogAssetRegistry: Asset discovery search completed in 19.7994 seconds
[2018.08.15-22.31.15:807][  2]LogCollectionManager: Rebuilt the object cache for 0 collections in 0.000000 seconds (found 0 objects)
[2018.08.15-22.31.15:807][  2]LogCollectionManager: Fixed up redirectors for 0 collections in 0.000067 seconds (updated 0 objects)
[2018.08.15-22.31.22:055][676]LogSlate: FSceneViewport::OnFocusLost() reason 2
[2018.08.15-22.31.34:381][687]LogSlate: Took 0.003975 seconds to synchronously load lazily loaded font '../../../Engine/Content/Slate/Fonts/Roboto-Light.ttf' (167K)
[2018.08.15-22.31.34:384][687]LogSlate: FSceneViewport::OnFocusLost() reason 2
[2018.08.15-22.31.34:394][687]LogFactory: FactoryCreateFile: Texture with ReimportTextureFactory (0 0 C:/Users/ruwd/Downloads/mark.png)
[2018.08.15-22.31.34:410][687]LogTexture: Display: Building textures: mark (AutoDXT, 256X128)
[2018.08.15-22.31.37:171][987]LogStreaming: Warning: Failed to open ANSI TEXT file D:/MMLX Developement/git/MMLX/MMLX 4.19/Saved/HardwareSurvey/dxdiag.txt
[2018.08.15-22.31.37:179][988]LogStreaming: Warning: Failed to open ANSI TEXT file D:/MMLX Developement/git/MMLX/MMLX 4.19/Saved/HardwareSurvey/dxdiag.txt
[2018.08.15-22.31.37:190][989]LogSynthBenchmark: Display: FSynthBenchmark (V0.95):  requested WorkScale=5.00
[2018.08.15-22.31.37:190][989]LogSynthBenchmark: Display: ===============
[2018.08.15-22.31.37:190][989]LogSynthBenchmark: Display: Main Processor:
[2018.08.15-22.31.37:419][989]LogSynthBenchmark: Display:          ... 0.021778 s/Run 'RayIntersect'
[2018.08.15-22.31.37:419][989]LogSynthBenchmark: Display:          ... 0.023939 s/Run 'Fractal'
[2018.08.15-22.31.37:419][989]LogSynthBenchmark: Display: 
[2018.08.15-22.31.37:419][989]LogSynthBenchmark: Display:   CompiledTarget_x_Bits: 64
[2018.08.15-22.31.37:419][989]LogSynthBenchmark: Display:   UE_BUILD_SHIPPING: 0
[2018.08.15-22.31.37:419][989]LogSynthBenchmark: Display:   UE_BUILD_TEST: 0
[2018.08.15-22.31.37:419][989]LogSynthBenchmark: Display:   UE_BUILD_DEBUG: 0
[2018.08.15-22.31.37:419][989]LogSynthBenchmark: Display:   TotalPhysicalGBRam: 64
[2018.08.15-22.31.37:419][989]LogSynthBenchmark: Display:   NumberOfCores (physical): 6
[2018.08.15-22.31.37:419][989]LogSynthBenchmark: Display:   NumberOfCores (logical): 12
[2018.08.15-22.31.37:419][989]LogSynthBenchmark: Display:   CPU Perf Index 0: 117.6 (weight 1.00)
[2018.08.15-22.31.37:419][989]LogSynthBenchmark: Display:   CPU Perf Index 1: 119.5 (weight 1.50)
[2018.08.15-22.31.37:419][989]LogSynthBenchmark: Display:  
[2018.08.15-22.31.37:419][989]LogSynthBenchmark: Display: Graphics:
[2018.08.15-22.31.37:419][989]LogSynthBenchmark: Display:   Adapter Name: 'NVIDIA GeForce GTX 980 Ti'
[2018.08.15-22.31.37:419][989]LogSynthBenchmark: Display:   (On Optimus the name might be wrong, memory should be ok)
[2018.08.15-22.31.37:419][989]LogSynthBenchmark: Display:   Vendor Id: 0x10DE
[2018.08.15-22.31.37:419][989]LogSynthBenchmark: Display:   Device Id: 0x17C8
[2018.08.15-22.31.37:419][989]LogSynthBenchmark: Display:   Device Revision: 0xA1
[2018.08.15-22.31.37:419][989]LogSynthBenchmark: Display:   GPU Memory: 6104/0/32724 MB
[2018.08.15-22.31.37:632][989]LogSynthBenchmark: Display:   GPU first test: 0.05s
[2018.08.15-22.31.37:633][989]LogSynthBenchmark: Display:          ... 1.271 s/GigaPix, Confidence=100% 'ALUHeavyNoise' (likely to be very inaccurate)
[2018.08.15-22.31.37:633][989]LogSynthBenchmark: Display:          ... 1.060 s/GigaPix, Confidence=100% 'TexHeavy' (likely to be very inaccurate)
[2018.08.15-22.31.37:633][989]LogSynthBenchmark: Display:          ... 0.861 s/GigaPix, Confidence=89% 'DepTexHeavy' (likely to be very inaccurate)
[2018.08.15-22.31.37:633][989]LogSynthBenchmark: Display:          ... 3.542 s/GigaPix, Confidence=100% 'FillOnly' (likely to be very inaccurate)
[2018.08.15-22.31.37:633][989]LogSynthBenchmark: Display:          ... 0.174 s/GigaPix, Confidence=100% 'Bandwidth' (likely to be very inaccurate)
[2018.08.15-22.31.37:633][989]LogSynthBenchmark: Display:          ... 2.081 s/GigaVert, Confidence=51% 'VertThroughPut1' (likely to be very inaccurate)
[2018.08.15-22.31.37:633][989]LogSynthBenchmark: Display:          ... 1.145 s/GigaVert, Confidence=100% 'VertThroughPut2' (likely to be very inaccurate)
[2018.08.15-22.31.37:793][989]LogSynthBenchmark: Display:   GPU second test: 0.10s
[2018.08.15-22.31.37:794][989]LogSynthBenchmark: Display:          ... 13.590 s/GigaPix, Confidence=100% 'ALUHeavyNoise' (likely to be inaccurate)
[2018.08.15-22.31.37:794][989]LogSynthBenchmark: Display:          ... 11.299 s/GigaPix, Confidence=100% 'TexHeavy' (likely to be inaccurate)
[2018.08.15-22.31.37:794][989]LogSynthBenchmark: Display:          ... 9.861 s/GigaPix, Confidence=100% 'DepTexHeavy' (likely to be inaccurate)
[2018.08.15-22.31.37:794][989]LogSynthBenchmark: Display:          ... 47.928 s/GigaPix, Confidence=100% 'FillOnly' (likely to be inaccurate)
[2018.08.15-22.31.37:794][989]LogSynthBenchmark: Display:          ... 1.330 s/GigaPix, Confidence=100% 'Bandwidth' (likely to be inaccurate)
[2018.08.15-22.31.37:794][989]LogSynthBenchmark: Display:          ... 5.520 s/GigaVert, Confidence=100% 'VertThroughPut1' (likely to be inaccurate)
[2018.08.15-22.31.37:794][989]LogSynthBenchmark: Display:          ... 4.211 s/GigaVert, Confidence=100% 'VertThroughPut2' (likely to be inaccurate)
[2018.08.15-22.31.37:794][989]LogSynthBenchmark: Display:   GPU Final Results:
[2018.08.15-22.31.37:794][989]LogSynthBenchmark: Display:          ... 13.590 s/GigaPix, Confidence=100% 'ALUHeavyNoise'
[2018.08.15-22.31.37:794][989]LogSynthBenchmark: Display:          ... 11.299 s/GigaPix, Confidence=100% 'TexHeavy'
[2018.08.15-22.31.37:794][989]LogSynthBenchmark: Display:          ... 9.861 s/GigaPix, Confidence=100% 'DepTexHeavy'
[2018.08.15-22.31.37:794][989]LogSynthBenchmark: Display:          ... 47.928 s/GigaPix, Confidence=100% 'FillOnly'
[2018.08.15-22.31.37:794][989]LogSynthBenchmark: Display:          ... 1.330 s/GigaPix, Confidence=100% 'Bandwidth'
[2018.08.15-22.31.37:794][989]LogSynthBenchmark: Display:          ... 5.520 s/GigaVert, Confidence=100% 'VertThroughPut1'
[2018.08.15-22.31.37:794][989]LogSynthBenchmark: Display:          ... 4.211 s/GigaVert, Confidence=100% 'VertThroughPut2'
[2018.08.15-22.31.37:794][989]LogSynthBenchmark: Display: 
[2018.08.15-22.31.37:794][989]LogSynthBenchmark: Display:   GPU Perf Index 0: 295.4 (weight 1.00)
[2018.08.15-22.31.37:794][989]LogSynthBenchmark: Display:   GPU Perf Index 1: 151.7 (weight 0.10)
[2018.08.15-22.31.37:794][989]LogSynthBenchmark: Display:   GPU Perf Index 2: 256.3 (weight 0.10)
[2018.08.15-22.31.37:794][989]LogSynthBenchmark: Display:   GPU Perf Index 3: 188.2 (weight 3.00)
[2018.08.15-22.31.37:794][989]LogSynthBenchmark: Display:   GPU Perf Index 4: 124.1 (weight 1.00)
[2018.08.15-22.31.37:794][989]LogSynthBenchmark: Display:   GPU Perf Index 5: 359.1 (weight 0.00)
[2018.08.15-22.31.37:794][989]LogSynthBenchmark: Display:   GPU Perf Index 6: 238.3 (weight 0.00)
[2018.08.15-22.31.37:795][989]LogSynthBenchmark: Display:   CPUIndex: 118.7
[2018.08.15-22.31.37:795][989]LogSynthBenchmark: Display:   GPUIndex: 197.1
[2018.08.15-22.31.37:795][989]LogSynthBenchmark: Display: 
[2018.08.15-22.31.37:795][989]LogSynthBenchmark: Display:          ... Total Time: 0.605042 sec
[2018.08.15-22.31.40:093][206]LogContentBrowser: Native class hierarchy updated for 'BlueprintGraph' in 0.0015 seconds. Added 116 classes and 0 folders.
[2018.08.15-22.31.40:983][206]LogSlate: Took 0.009208 seconds to synchronously load lazily loaded font '../../../Engine/Content/Slate/Fonts/Roboto-BoldCondensed.ttf' (158K)
[2018.08.15-22.31.45:232][404]LogSlate: Took 0.009403 seconds to synchronously load lazily loaded font '../../../Engine/Content/Slate/Fonts/DroidSansFallback.ttf' (3848K)
[2018.08.15-22.32.45:206][928]BlueprintLog: New page: Compile PauseMenu
[2018.08.15-22.32.47:329][978]LogTemp: Repeating last play command: Selected Viewport
[2018.08.15-22.32.47:351][978]LogBlueprintUserMessages: Early PlayInEditor Detection: Level '/Game/Maps/Ocean_Tower_Main.Ocean_Tower_Main:PersistentLevel' has LevelScriptBlueprint '/Game/Maps/Ocean_Tower_Main.Ocean_Tower_Main:PersistentLevel.Ocean_Tower_Main' with GeneratedClass '/Game/Maps/Ocean_Tower_Main.Ocean_Tower_Main_C' with ClassGeneratedBy '/Game/Maps/Ocean_Tower_Main.Ocean_Tower_Main:PersistentLevel.Ocean_Tower_Main'
[2018.08.15-22.32.47:351][978]LogBlueprintUserMessages: Early PlayInEditor Detection: Level '/Game/Maps/Ocean_Tower_Zone3.Ocean_Tower_Zone3:PersistentLevel' has LevelScriptBlueprint '/Game/Maps/Ocean_Tower_Zone3.Ocean_Tower_Zone3:PersistentLevel.Ocean_Tower_Zone3' with GeneratedClass '/Game/Maps/Ocean_Tower_Zone3.Ocean_Tower_Zone3_C' with ClassGeneratedBy '/Game/Maps/Ocean_Tower_Zone3.Ocean_Tower_Zone3:PersistentLevel.Ocean_Tower_Zone3'
[2018.08.15-22.32.47:351][978]LogPlayLevel: PlayLevel: No blueprints needed recompiling
[2018.08.15-22.32.47:352][978]PIE: New page: PIE session: Ocean_Tower_Main (Aug 15, 2018, 2:32:47 PM)
[2018.08.15-22.32.47:352][978]LogPlayLevel: Creating play world package: /Game/Maps/UEDPIE_0_Ocean_Tower_Main
[2018.08.15-22.32.47:363][978]LogPlayLevel: PIE: StaticDuplicateObject took: (0.010680s)
[2018.08.15-22.32.47:363][978]LogAIModule: Creating AISystem for world Ocean_Tower_Main
[2018.08.15-22.32.47:364][978]LogPlayLevel: PIE: World Init took: (0.000727s)
[2018.08.15-22.32.47:364][978]LogPlayLevel: PIE: Created PIE world by copying editor world from /Game/Maps/Ocean_Tower_Main.Ocean_Tower_Main to /Game/Maps/UEDPIE_0_Ocean_Tower_Main.Ocean_Tower_Main (0.011559s)
[2018.08.15-22.32.47:398][978]LogInit: XAudio2 using 'ASUS PB258-4 (NVIDIA High Definition Audio)' : 2 channels at 48 kHz using 16 bits per sample (channel mask 0x3)
[2018.08.15-22.32.47:407][978]LogInit: FAudioDevice initialized.
[2018.08.15-22.32.47:453][978]LogLoad: Game class is 'ThirdPersonGameMode_C'
[2018.08.15-22.32.47:533][978]LogWorld: Bringing World /Game/Maps/UEDPIE_0_Ocean_Tower_Main.Ocean_Tower_Main up for play (max tick rate 0) at 2018.08.15-18.32.47
[2018.08.15-22.32.47:534][978]LogWorld: Bringing up level for play took: 0.005098
[2018.08.15-22.32.47:541][978]LogContentBrowser: Native class hierarchy updated for 'MovieSceneCapture' in 0.0007 seconds. Added 11 classes and 0 folders.
[2018.08.15-22.32.47:543][978]LogBlueprintUserMessages: [ThirdPersonCharacter_C_0] ThirdPersonCharacter
[2018.08.15-22.32.47:543][978]LogBlueprintUserMessages: [ThirdPersonCharacter_C_0] GreenZenny_BP
[2018.08.15-22.32.47:543][978]LogBlueprintUserMessages: [ThirdPersonCharacter_C_0] SpectatorPawn
[2018.08.15-22.32.47:685][978]PIE: Play in editor start time for /Game/Maps/UEDPIE_0_Ocean_Tower_Main 0.446
[2018.08.15-22.32.47:686][978]LogBlueprintUserMessages: Late PlayInEditor Detection: Level '/Game/Maps/Ocean_Tower_Main.Ocean_Tower_Main:PersistentLevel' has LevelScriptBlueprint '/Game/Maps/Ocean_Tower_Main.Ocean_Tower_Main:PersistentLevel.Ocean_Tower_Main' with GeneratedClass '/Game/Maps/Ocean_Tower_Main.Ocean_Tower_Main_C' with ClassGeneratedBy '/Game/Maps/Ocean_Tower_Main.Ocean_Tower_Main:PersistentLevel.Ocean_Tower_Main'
[2018.08.15-22.32.47:686][978]LogBlueprintUserMessages: Late PlayInEditor Detection: Level '/Game/Maps/Ocean_Tower_Zone3.Ocean_Tower_Zone3:PersistentLevel' has LevelScriptBlueprint '/Game/Maps/Ocean_Tower_Zone3.Ocean_Tower_Zone3:PersistentLevel.Ocean_Tower_Zone3' with GeneratedClass '/Game/Maps/Ocean_Tower_Zone3.Ocean_Tower_Zone3_C' with ClassGeneratedBy '/Game/Maps/Ocean_Tower_Zone3.Ocean_Tower_Zone3:PersistentLevel.Ocean_Tower_Zone3'
[2018.08.15-22.33.20:422][335]LogSlate: FSceneViewport::OnFocusLost() reason 0
[2018.08.15-22.33.20:481][337]LogBlueprintUserMessages: Early EndPlayMap Detection: Level '/Game/Maps/Ocean_Tower_Main.Ocean_Tower_Main:PersistentLevel' has LevelScriptBlueprint '/Game/Maps/Ocean_Tower_Main.Ocean_Tower_Main:PersistentLevel.Ocean_Tower_Main' with GeneratedClass '/Game/Maps/Ocean_Tower_Main.Ocean_Tower_Main_C' with ClassGeneratedBy '/Game/Maps/Ocean_Tower_Main.Ocean_Tower_Main:PersistentLevel.Ocean_Tower_Main'
[2018.08.15-22.33.20:481][337]LogBlueprintUserMessages: Early EndPlayMap Detection: Level '/Game/Maps/Ocean_Tower_Zone3.Ocean_Tower_Zone3:PersistentLevel' has LevelScriptBlueprint '/Game/Maps/Ocean_Tower_Zone3.Ocean_Tower_Zone3:PersistentLevel.Ocean_Tower_Zone3' with GeneratedClass '/Game/Maps/Ocean_Tower_Zone3.Ocean_Tower_Zone3_C' with ClassGeneratedBy '/Game/Maps/Ocean_Tower_Zone3.Ocean_Tower_Zone3:PersistentLevel.Ocean_Tower_Zone3'
[2018.08.15-22.33.20:526][337]LogBlueprintUserMessages: Late EndPlayMap Detection: Level '/Game/Maps/Ocean_Tower_Main.Ocean_Tower_Main:PersistentLevel' has LevelScriptBlueprint '/Game/Maps/Ocean_Tower_Main.Ocean_Tower_Main:PersistentLevel.Ocean_Tower_Main' with GeneratedClass '/Game/Maps/Ocean_Tower_Main.Ocean_Tower_Main_C' with ClassGeneratedBy '/Game/Maps/Ocean_Tower_Main.Ocean_Tower_Main:PersistentLevel.Ocean_Tower_Main'
[2018.08.15-22.33.20:526][337]LogBlueprintUserMessages: Late EndPlayMap Detection: Level '/Game/Maps/Ocean_Tower_Zone3.Ocean_Tower_Zone3:PersistentLevel' has LevelScriptBlueprint '/Game/Maps/Ocean_Tower_Zone3.Ocean_Tower_Zone3:PersistentLevel.Ocean_Tower_Zone3' with GeneratedClass '/Game/Maps/Ocean_Tower_Zone3.Ocean_Tower_Zone3_C' with ClassGeneratedBy '/Game/Maps/Ocean_Tower_Zone3.Ocean_Tower_Zone3:PersistentLevel.Ocean_Tower_Zone3'
[2018.08.15-22.33.27:587][625]LogSlate: Window 'Save Content' being destroyed
[2018.08.15-22.33.27:621][625]Cmd: OBJ SAVEPACKAGE PACKAGE="/Game/MenuAssets/PauseMenu/mark" FILE="../../../../../MMLX Developement/git/MMLX/MMLX 4.19/Content/MenuAssets/PauseMenu/mark.uasset" SILENT=true
[2018.08.15-22.33.27:637][625]LogSavePackage: Save=10.50ms
[2018.08.15-22.33.27:637][625]LogSavePackage: Moving '../../../../../MMLX Developement/git/MMLX/MMLX 4.19/Saved/markC3985D404F09629FFE4AE39AE995B395.tmp' to '../../../../../MMLX Developement/git/MMLX/MMLX 4.19/Content/MenuAssets/PauseMenu/mark.uasset'
[2018.08.15-22.33.27:638][625]LogSavePackage: Display: Finished SavePackage ../../../../../MMLX Developement/git/MMLX/MMLX 4.19/Content/MenuAssets/PauseMenu/mark.uasset
[2018.08.15-22.33.27:642][625]Cmd: OBJ SAVEPACKAGE PACKAGE="/Game/MenuAssets/PauseMenu/PauseMenu" FILE="../../../../../MMLX Developement/git/MMLX/MMLX 4.19/Content/MenuAssets/PauseMenu/PauseMenu.uasset" SILENT=true
[2018.08.15-22.33.27:901][625]LogSavePackage: Save=247.43ms
[2018.08.15-22.33.27:901][625]LogSavePackage: Moving '../../../../../MMLX Developement/git/MMLX/MMLX 4.19/Saved/PauseMenuF39B395F47C5B9CC8EA4A7941F71A29F.tmp' to '../../../../../MMLX Developement/git/MMLX/MMLX 4.19/Content/MenuAssets/PauseMenu/PauseMenu.uasset'
[2018.08.15-22.33.27:904][625]LogSavePackage: Display: Finished SavePackage ../../../../../MMLX Developement/git/MMLX/MMLX 4.19/Content/MenuAssets/PauseMenu/PauseMenu.uasset
[2018.08.15-22.34.31:645][991]LogBlueprintUserMessages: Early PlayInEditor Detection: Level '/Game/Maps/Ocean_Tower_Main.Ocean_Tower_Main:PersistentLevel' has LevelScriptBlueprint '/Game/Maps/Ocean_Tower_Main.Ocean_Tower_Main:PersistentLevel.Ocean_Tower_Main' with GeneratedClass '/Game/Maps/Ocean_Tower_Main.Ocean_Tower_Main_C' with ClassGeneratedBy '/Game/Maps/Ocean_Tower_Main.Ocean_Tower_Main:PersistentLevel.Ocean_Tower_Main'
[2018.08.15-22.34.31:645][991]LogBlueprintUserMessages: Early PlayInEditor Detection: Level '/Game/Maps/Ocean_Tower_Zone3.Ocean_Tower_Zone3:PersistentLevel' has LevelScriptBlueprint '/Game/Maps/Ocean_Tower_Zone3.Ocean_Tower_Zone3:PersistentLevel.Ocean_Tower_Zone3' with GeneratedClass '/Game/Maps/Ocean_Tower_Zone3.Ocean_Tower_Zone3_C' with ClassGeneratedBy '/Game/Maps/Ocean_Tower_Zone3.Ocean_Tower_Zone3:PersistentLevel.Ocean_Tower_Zone3'
[2018.08.15-22.34.31:645][991]LogPlayLevel: PlayLevel: No blueprints needed recompiling
[2018.08.15-22.34.31:646][991]PIE: New page: PIE session: Ocean_Tower_Main (Aug 15, 2018, 2:34:31 PM)
[2018.08.15-22.34.31:646][991]LogPlayLevel: Creating play world package: /Game/Maps/UEDPIE_0_Ocean_Tower_Main
[2018.08.15-22.34.31:654][991]LogPlayLevel: PIE: StaticDuplicateObject took: (0.008570s)
[2018.08.15-22.34.31:655][991]LogAIModule: Creating AISystem for world Ocean_Tower_Main
[2018.08.15-22.34.31:655][991]LogPlayLevel: PIE: World Init took: (0.000694s)
[2018.08.15-22.34.31:655][991]LogPlayLevel: PIE: Created PIE world by copying editor world from /Game/Maps/Ocean_Tower_Main.Ocean_Tower_Main to /Game/Maps/UEDPIE_0_Ocean_Tower_Main.Ocean_Tower_Main (0.009398s)
[2018.08.15-22.34.31:678][991]LogInit: XAudio2 using 'ASUS PB258-4 (NVIDIA High Definition Audio)' : 2 channels at 48 kHz using 16 bits per sample (channel mask 0x3)
[2018.08.15-22.34.31:685][991]LogInit: FAudioDevice initialized.
[2018.08.15-22.34.31:721][991]LogLoad: Game class is 'ThirdPersonGameMode_C'
[2018.08.15-22.34.31:774][991]LogWorld: Bringing World /Game/Maps/UEDPIE_0_Ocean_Tower_Main.Ocean_Tower_Main up for play (max tick rate 0) at 2018.08.15-18.34.31
[2018.08.15-22.34.31:775][991]LogWorld: Bringing up level for play took: 0.002018
[2018.08.15-22.34.31:776][991]LogBlueprintUserMessages: [ThirdPersonCharacter_C_0] ThirdPersonCharacter
[2018.08.15-22.34.31:776][991]LogBlueprintUserMessages: [ThirdPersonCharacter_C_0] GreenZenny_BP
[2018.08.15-22.34.31:776][991]LogBlueprintUserMessages: [ThirdPersonCharacter_C_0] SpectatorPawn
[2018.08.15-22.34.31:873][991]PIE: Play in editor start time for /Game/Maps/UEDPIE_0_Ocean_Tower_Main 0.633
[2018.08.15-22.34.31:873][991]LogBlueprintUserMessages: Late PlayInEditor Detection: Level '/Game/Maps/Ocean_Tower_Main.Ocean_Tower_Main:PersistentLevel' has LevelScriptBlueprint '/Game/Maps/Ocean_Tower_Main.Ocean_Tower_Main:PersistentLevel.Ocean_Tower_Main' with GeneratedClass '/Game/Maps/Ocean_Tower_Main.Ocean_Tower_Main_C' with ClassGeneratedBy '/Game/Maps/Ocean_Tower_Main.Ocean_Tower_Main:PersistentLevel.Ocean_Tower_Main'
[2018.08.15-22.34.31:873][991]LogBlueprintUserMessages: Late PlayInEditor Detection: Level '/Game/Maps/Ocean_Tower_Zone3.Ocean_Tower_Zone3:PersistentLevel' has LevelScriptBlueprint '/Game/Maps/Ocean_Tower_Zone3.Ocean_Tower_Zone3:PersistentLevel.Ocean_Tower_Zone3' with GeneratedClass '/Game/Maps/Ocean_Tower_Zone3.Ocean_Tower_Zone3_C' with ClassGeneratedBy '/Game/Maps/Ocean_Tower_Zone3.Ocean_Tower_Zone3:PersistentLevel.Ocean_Tower_Zone3'
[2018.08.15-22.34.32:691][ 31]LogBlueprintUserMessages: Early EndPlayMap Detection: Level '/Game/Maps/Ocean_Tower_Main.Ocean_Tower_Main:PersistentLevel' has LevelScriptBlueprint '/Game/Maps/Ocean_Tower_Main.Ocean_Tower_Main:PersistentLevel.Ocean_Tower_Main' with GeneratedClass '/Game/Maps/Ocean_Tower_Main.Ocean_Tower_Main_C' with ClassGeneratedBy '/Game/Maps/Ocean_Tower_Main.Ocean_Tower_Main:PersistentLevel.Ocean_Tower_Main'
[2018.08.15-22.34.32:691][ 31]LogBlueprintUserMessages: Early EndPlayMap Detection: Level '/Game/Maps/Ocean_Tower_Zone3.Ocean_Tower_Zone3:PersistentLevel' has LevelScriptBlueprint '/Game/Maps/Ocean_Tower_Zone3.Ocean_Tower_Zone3:PersistentLevel.Ocean_Tower_Zone3' with GeneratedClass '/Game/Maps/Ocean_Tower_Zone3.Ocean_Tower_Zone3_C' with ClassGeneratedBy '/Game/Maps/Ocean_Tower_Zone3.Ocean_Tower_Zone3:PersistentLevel.Ocean_Tower_Zone3'
[2018.08.15-22.34.32:730][ 31]LogBlueprintUserMessages: Late EndPlayMap Detection: Level '/Game/Maps/Ocean_Tower_Main.Ocean_Tower_Main:PersistentLevel' has LevelScriptBlueprint '/Game/Maps/Ocean_Tower_Main.Ocean_Tower_Main:PersistentLevel.Ocean_Tower_Main' with GeneratedClass '/Game/Maps/Ocean_Tower_Main.Ocean_Tower_Main_C' with ClassGeneratedBy '/Game/Maps/Ocean_Tower_Main.Ocean_Tower_Main:PersistentLevel.Ocean_Tower_Main'
[2018.08.15-22.34.32:730][ 31]LogBlueprintUserMessages: Late EndPlayMap Detection: Level '/Game/Maps/Ocean_Tower_Zone3.Ocean_Tower_Zone3:PersistentLevel' has LevelScriptBlueprint '/Game/Maps/Ocean_Tower_Zone3.Ocean_Tower_Zone3:PersistentLevel.Ocean_Tower_Zone3' with GeneratedClass '/Game/Maps/Ocean_Tower_Zone3.Ocean_Tower_Zone3_C' with ClassGeneratedBy '/Game/Maps/Ocean_Tower_Zone3.Ocean_Tower_Zone3:PersistentLevel.Ocean_Tower_Zone3'
[2018.08.15-22.34.35:844][188]LogSlate: Window 'PauseMenu' being destroyed
[2018.08.15-22.34.35:847][188]LogSlate: Window 'PauseMenu' being destroyed
[2018.08.15-22.34.39:857][613]Cmd: OBJ SAVEPACKAGE PACKAGE="/Game/Maps/Ocean_Tower_Main" FILE="../../../../../MMLX Developement/git/MMLX/MMLX 4.19/Content/Maps/Ocean_Tower_Main.umap" SILENT=true AUTOSAVING=false KEEPDIRTY=false
[2018.08.15-22.34.40:066][613]LogSavePackage: Save=182.97ms
[2018.08.15-22.34.40:066][613]LogSavePackage: Moving '../../../../../MMLX Developement/git/MMLX/MMLX 4.19/Saved/Ocean_Tower_Main758CEAE44807629E085470B44E7DDB4F.tmp' to '../../../../../MMLX Developement/git/MMLX/MMLX 4.19/Content/Maps/Ocean_Tower_Main.umap'
[2018.08.15-22.34.40:070][613]LogSavePackage: Display: Finished SavePackage ../../../../../MMLX Developement/git/MMLX/MMLX 4.19/Content/Maps/Ocean_Tower_Main.umap
[2018.08.15-22.34.40:126][613]Cmd: OBJ SAVEPACKAGE PACKAGE="/Game/Maps/Ocean_Tower_Main_BuiltData" FILE="../../../../../MMLX Developement/git/MMLX/MMLX 4.19/Content/Maps/Ocean_Tower_Main_BuiltData.uasset" SILENT=true
[2018.08.15-22.34.40:736][613]LogSavePackage: Save=581.86ms
[2018.08.15-22.34.40:736][613]LogSavePackage: Moving '../../../../../MMLX Developement/git/MMLX/MMLX 4.19/Saved/Ocean_Tower_Main_BuiltDataEC348A5F4557BE808634A18A227C67A0.tmp' to '../../../../../MMLX Developement/git/MMLX/MMLX 4.19/Content/Maps/Ocean_Tower_Main_BuiltData.uasset'
[2018.08.15-22.34.40:737][613]LogSavePackage: Display: Finished SavePackage ../../../../../MMLX Developement/git/MMLX/MMLX 4.19/Content/Maps/Ocean_Tower_Main_BuiltData.uasset
[2018.08.15-22.34.41:664][700]LogSlate: Window 'MMLX - Unreal Editor' being destroyed
[2018.08.15-22.34.41:665][700]LogWindowsTextInputMethodSystem: Display: IME system now deactivated.
[2018.08.15-22.34.41:912][701]Cmd: QUIT_EDITOR
[2018.08.15-22.34.42:009][701]LogSlate: Slate User Destroyed.  User Index 0, Is Virtual User: 0
[2018.08.15-22.34.42:009][701]LogExit: Preparing to exit.
[2018.08.15-22.34.43:039][701]LogDirectoryWatcher: A directory notification for 'D:/MMLX Developement/git/MMLX/MMLX 4.19/Content/' was aborted.
[2018.08.15-22.34.43:129][701]LogExit: Editor shut down
[2018.08.15-22.34.43:135][701]LogExit: Transaction tracking system shut down
[2018.08.15-22.34.43:371][701]LogDirectoryWatcher: A directory notification for '../../../Engine/Content/' was aborted.
[2018.08.15-22.34.43:371][701]LogDirectoryWatcher: A directory notification for '../../../../../MMLX Developement/git/MMLX/MMLX 4.19/Content/' was aborted.
[2018.08.15-22.34.43:372][701]LogDirectoryWatcher: A directory notification for '../../Plugins/2D/Paper2D/Content/' was aborted.
[2018.08.15-22.34.43:372][701]LogDirectoryWatcher: A directory notification for '../../Plugins/Enterprise/DatasmithContent/Content/' was aborted.
[2018.08.15-22.34.43:372][701]LogDirectoryWatcher: A directory notification for '../../Plugins/Media/MediaCompositing/Content/' was aborted.
[2018.08.15-22.34.43:372][701]LogDirectoryWatcher: A directory notification for '../../Plugins/Runtime/AppleARKit/Content/' was aborted.
[2018.08.15-22.34.43:372][701]LogDirectoryWatcher: A directory notification for '../../Plugins/Runtime/Oculus/OculusVR/Content/' was aborted.
[2018.08.15-22.34.43:372][701]LogDirectoryWatcher: A directory notification for '../../Plugins/Runtime/Steam/SteamVR/Content/' was aborted.
[2018.08.15-22.34.43:527][701]LogExit: Object subsystem successfully closed.
[2018.08.15-22.34.43:550][701]LogShaderCompilers: Display: Shaders left to compile 0
[2018.08.15-22.34.43:554][701]LogD3D11RHI: Shutdown
[2018.08.15-22.34.43:554][701]LogD3D11RHI: CleanupD3DDevice
[2018.08.15-22.34.43:557][701]LogD3D11RHI: ~FD3D11DynamicRHI
[2018.08.15-22.34.43:567][701]LogModuleManager: Shutting down and abandoning module MovieSceneCapture (590)
[2018.08.15-22.34.43:567][701]LogModuleManager: Shutting down and abandoning module SequencerWidgets (588)
[2018.08.15-22.34.43:567][701]LogModuleManager: Shutting down and abandoning module BlueprintGraph (586)
[2018.08.15-22.34.43:567][701]LogModuleManager: Shutting down and abandoning module SynthBenchmark (584)
[2018.08.15-22.34.43:567][701]LogModuleManager: Shutting down and abandoning module HierarchicalLODOutliner (582)
[2018.08.15-22.34.43:567][701]LogModuleManager: Shutting down and abandoning module SceneOutliner (580)
[2018.08.15-22.34.43:567][701]LogModuleManager: Shutting down and abandoning module AddContentDialog (578)
[2018.08.15-22.34.43:567][701]LogDirectoryWatcher: A directory notification for 'D:/New folder/UE_4.19/FeaturePacks/' was aborted.
[2018.08.15-22.34.43:567][701]LogDirectoryWatcher: A directory notification for 'D:/New folder/UE_4.19/Enterprise/FeaturePacks/' was aborted.
[2018.08.15-22.34.43:577][701]LogModuleManager: Shutting down and abandoning module WidgetCarousel (577)
[2018.08.15-22.34.43:577][701]LogModuleManager: Shutting down and abandoning module EditorWidgets (574)
[2018.08.15-22.34.43:577][701]LogModuleManager: Shutting down and abandoning module CollectionManager (572)
[2018.08.15-22.34.43:577][701]LogDirectoryWatcher: A directory notification for 'D:/MMLX Developement/git/MMLX/MMLX 4.19/Content/Collections/' was aborted.
[2018.08.15-22.34.43:577][701]LogDirectoryWatcher: A directory notification for 'D:/MMLX Developement/git/MMLX/MMLX 4.19/Content/Developers/ruwd/Collections/' was aborted.
[2018.08.15-22.34.43:577][701]LogDirectoryWatcher: A directory notification for 'D:/MMLX Developement/git/MMLX/MMLX 4.19/Saved/Collections/' was aborted.
[2018.08.15-22.34.43:578][701]LogModuleManager: Shutting down and abandoning module StatsViewer (570)
[2018.08.15-22.34.43:578][701]LogModuleManager: Shutting down and abandoning module FoliageEdit (568)
[2018.08.15-22.34.43:578][701]LogModuleManager: Shutting down and abandoning module LandscapeEditor (566)
[2018.08.15-22.34.43:578][701]LogModuleManager: Shutting down and abandoning module MeshPaintMode (564)
[2018.08.15-22.34.43:578][701]LogModuleManager: Shutting down and abandoning module SceneDepthPickerMode (562)
[2018.08.15-22.34.43:578][701]LogModuleManager: Shutting down and abandoning module ActorPickerMode (560)
[2018.08.15-22.34.43:578][701]LogModuleManager: Shutting down and abandoning module GeometryMode (558)
[2018.08.15-22.34.43:578][701]LogModuleManager: Shutting down and abandoning module TextureAlignMode (556)
[2018.08.15-22.34.43:578][701]LogModuleManager: Shutting down and abandoning module BspMode (554)
[2018.08.15-22.34.43:578][701]LogModuleManager: Shutting down and abandoning module PIEPreviewDeviceProfileSelector (552)
[2018.08.15-22.34.43:578][701]LogModuleManager: Shutting down and abandoning module HardwareSurvey (550)
[2018.08.15-22.34.43:578][701]LogModuleManager: Shutting down and abandoning module SequenceRecorderSections (548)
[2018.08.15-22.34.43:578][701]LogModuleManager: Shutting down and abandoning module AutomationWorker (546)
[2018.08.15-22.34.43:578][701]LogModuleManager: Shutting down and abandoning module AudioCaptureEditor (544)
[2018.08.15-22.34.43:578][701]LogModuleManager: Shutting down and abandoning module SequenceRecorder (543)
[2018.08.15-22.34.43:578][701]LogModuleManager: Shutting down and abandoning module MatineeToLevelSequence (540)
[2018.08.15-22.34.43:578][701]LogModuleManager: Shutting down and abandoning module LevelSequenceEditor (538)
[2018.08.15-22.34.43:578][701]LogModuleManager: Shutting down and abandoning module PlacementMode (537)
[2018.08.15-22.34.43:578][701]LogModuleManager: Shutting down and abandoning module MaterialEditor (536)
[2018.08.15-22.34.43:578][701]LogModuleManager: Shutting down and abandoning module WmfMediaFactory (532)
[2018.08.15-22.34.43:578][701]LogModuleManager: Shutting down and abandoning module WmfMediaEditor (530)
[2018.08.15-22.34.43:578][701]LogModuleManager: Shutting down and abandoning module MediaPlayerEditor (528)
[2018.08.15-22.34.43:578][701]LogModuleManager: Shutting down and abandoning module OpenExrWrapper (526)
[2018.08.15-22.34.43:578][701]LogModuleManager: Shutting down and abandoning module ImgMediaFactory (524)
[2018.08.15-22.34.43:578][701]LogModuleManager: Shutting down and abandoning module ImgMediaEditor (522)
[2018.08.15-22.34.43:578][701]LogModuleManager: Shutting down and abandoning module AvfMediaFactory (520)
[2018.08.15-22.34.43:578][701]LogModuleManager: Shutting down and abandoning module AvfMediaEditor (518)
[2018.08.15-22.34.43:578][701]LogModuleManager: Shutting down and abandoning module AndroidMediaFactory (516)
[2018.08.15-22.34.43:578][701]LogModuleManager: Shutting down and abandoning module AndroidMediaEditor (514)
[2018.08.15-22.34.43:578][701]LogModuleManager: Shutting down and abandoning module CharacterAI (512)
[2018.08.15-22.34.43:578][701]LogModuleManager: Shutting down and abandoning module SmartSnapping (510)
[2018.08.15-22.34.43:578][701]LogModuleManager: Shutting down and abandoning module SessionServices (508)
[2018.08.15-22.34.43:578][701]LogModuleManager: Shutting down and abandoning module ViewportSnapping (506)
[2018.08.15-22.34.43:578][701]LogModuleManager: Shutting down and abandoning module ViewportInteraction (504)
[2018.08.15-22.34.43:578][701]LogModuleManager: Shutting down and abandoning module ClothPainter (502)
[2018.08.15-22.34.43:578][701]LogModuleManager: Shutting down and abandoning module SkeletalMeshEditor (501)
[2018.08.15-22.34.43:579][701]LogModuleManager: Shutting down and abandoning module LogVisualizer (498)
[2018.08.15-22.34.43:579][701]LogModuleManager: Shutting down and abandoning module IntroTutorials (496)
[2018.08.15-22.34.43:579][701]LogModuleManager: Shutting down and abandoning module GameProjectGeneration (495)
[2018.08.15-22.34.43:579][701]LogModuleManager: Shutting down and abandoning module IOSPlatformEditor (492)
[2018.08.15-22.34.43:579][701]LogModuleManager: Shutting down and abandoning module HTML5PlatformEditor (490)
[2018.08.15-22.34.43:579][701]LogModuleManager: Shutting down and abandoning module AndroidPlatformEditor (488)
[2018.08.15-22.34.43:579][701]LogModuleManager: Shutting down and abandoning module AndroidDeviceDetection (487)
[2018.08.15-22.34.43:971][701]LogModuleManager: Shutting down and abandoning module WindowsPlatformEditor (484)
[2018.08.15-22.34.43:971][701]LogModuleManager: Shutting down and abandoning module IOSRuntimeSettings (482)
[2018.08.15-22.34.43:971][701]LogModuleManager: Shutting down and abandoning module AndroidRuntimeSettings (480)
[2018.08.15-22.34.43:971][701]LogModuleManager: Shutting down and abandoning module InputBindingEditor (478)
[2018.08.15-22.34.43:971][701]LogModuleManager: Shutting down and abandoning module MergeActors (476)
[2018.08.15-22.34.43:971][701]LogModuleManager: Shutting down and abandoning module LocalizationDashboard (474)
[2018.08.15-22.34.43:971][701]LogModuleManager: Shutting down and abandoning module LocalizationService (473)
[2018.08.15-22.34.43:971][701]LogModuleManager: Shutting down and abandoning module HardwareTargeting (470)
[2018.08.15-22.34.43:971][701]LogModuleManager: Shutting down and abandoning module DeviceProfileEditor (468)
[2018.08.15-22.34.43:971][701]LogModuleManager: Shutting down and abandoning module UndoHistory (466)
[2018.08.15-22.34.43:971][701]LogModuleManager: Shutting down and abandoning module XmlParser (464)
[2018.08.15-22.34.43:971][701]LogModuleManager: Shutting down and abandoning module Blutility (462)
[2018.08.15-22.34.43:971][701]LogModuleManager: Shutting down and abandoning module ProjectSettingsViewer (460)
[2018.08.15-22.34.43:972][701]LogModuleManager: Shutting down and abandoning module ProjectTargetPlatformEditor (459)
[2018.08.15-22.34.43:972][701]LogModuleManager: Shutting down and abandoning module EditorSettingsViewer (456)
[2018.08.15-22.34.43:972][701]LogModuleManager: Shutting down and abandoning module SettingsEditor (454)
[2018.08.15-22.34.43:972][701]LogModuleManager: Shutting down and abandoning module ProjectLauncher (452)
[2018.08.15-22.34.43:972][701]LogModuleManager: Shutting down and abandoning module SessionFrontend (450)
[2018.08.15-22.34.43:972][701]LogModuleManager: Shutting down and abandoning module ProfilerClient (448)
[2018.08.15-22.34.43:972][701]LogModuleManager: Shutting down and abandoning module DeviceManager (446)
[2018.08.15-22.34.43:972][701]LogModuleManager: Shutting down and abandoning module TargetDeviceServices (445)
[2018.08.15-22.34.44:037][701]LogModuleManager: Shutting down and abandoning module AutomationController (442)
[2018.08.15-22.34.44:037][701]LogModuleManager: Shutting down and abandoning module AutomationWindow (440)
[2018.08.15-22.34.44:037][701]LogModuleManager: Shutting down and abandoning module Layers (438)
[2018.08.15-22.34.44:037][701]LogModuleManager: Shutting down and abandoning module ComponentVisualizers (436)
[2018.08.15-22.34.44:037][701]LogModuleManager: Shutting down and abandoning module DetailCustomizations (434)
[2018.08.15-22.34.44:037][701]LogModuleManager: Shutting down and abandoning module PackagesDialog (432)
[2018.08.15-22.34.44:037][701]LogModuleManager: Shutting down and abandoning module Persona (430)
[2018.08.15-22.34.44:038][701]LogModuleManager: Shutting down and abandoning module AdvancedPreviewScene (429)
[2018.08.15-22.34.44:038][701]LogModuleManager: Shutting down and abandoning module AnimGraph (427)
[2018.08.15-22.34.44:038][701]LogModuleManager: Shutting down and abandoning module Kismet (424)
[2018.08.15-22.34.44:052][701]LogModuleManager: Shutting down and abandoning module GraphEditor (422)
[2018.08.15-22.34.44:052][701]LogModuleManager: Shutting down and abandoning module ClassViewer (420)
[2018.08.15-22.34.44:052][701]LogModuleManager: Shutting down and abandoning module Toolbox (418)
[2018.08.15-22.34.44:052][701]LogModuleManager: Shutting down and abandoning module ModuleUI (416)
[2018.08.15-22.34.44:052][701]LogModuleManager: Shutting down and abandoning module MovieSceneTools (414)
[2018.08.15-22.34.44:052][701]LogModuleManager: Shutting down and abandoning module OutputLog (412)
[2018.08.15-22.34.44:052][701]LogModuleManager: Shutting down and abandoning module GammaUI (410)
[2018.08.15-22.34.44:052][701]LogModuleManager: Shutting down and abandoning module Documentation (408)
[2018.08.15-22.34.44:052][701]LogModuleManager: Shutting down and abandoning module MovieSceneTracks (406)
[2018.08.15-22.34.44:052][701]LogModuleManager: Shutting down and abandoning module MovieScene (404)
[2018.08.15-22.34.44:052][701]LogModuleManager: Shutting down and abandoning module StreamingPauseRendering (402)
[2018.08.15-22.34.44:052][701]LogModuleManager: Shutting down and abandoning module LauncherPlatform (400)
[2018.08.15-22.34.44:053][701]LogModuleManager: Shutting down and abandoning module AnalyticsET (398)
[2018.08.15-22.34.44:053][701]LogModuleManager: Shutting down and abandoning module PortalServices (396)
[2018.08.15-22.34.44:053][701]LogModuleManager: Shutting down and abandoning module PortalRpc (394)
[2018.08.15-22.34.44:053][701]LogModuleManager: Shutting down and abandoning module MessagingRpc (392)
[2018.08.15-22.34.44:053][701]LogModuleManager: Shutting down and abandoning module AIModule (390)
[2018.08.15-22.34.44:053][701]LogModuleManager: Shutting down and abandoning module GameplayDebugger (389)
[2018.08.15-22.34.44:053][701]LogModuleManager: Shutting down and abandoning module AITestSuite (387)
[2018.08.15-22.34.44:053][701]LogModuleManager: Shutting down and abandoning module DesktopPlatform (384)
[2018.08.15-22.34.44:053][701]LogModuleManager: Shutting down and abandoning module ProfilerService (382)
[2018.08.15-22.34.44:078][701]LogModuleManager: Shutting down and abandoning module TaskGraph (380)
[2018.08.15-22.34.44:078][701]LogModuleManager: Shutting down and abandoning module SubstanceLiveLink (378)
[2018.08.15-22.34.44:078][701]LogModuleManager: Shutting down and abandoning module SubstanceSource (376)
[2018.08.15-22.34.44:078][701]LogModuleManager: Shutting down and abandoning module SubstanceEditor (374)
[2018.08.15-22.34.44:078][701]LogModuleManager: Shutting down and abandoning module SteamVRController (372)
[2018.08.15-22.34.44:079][701]LogModuleManager: Shutting down and abandoning module ProceduralMeshComponentEditor (370)
[2018.08.15-22.34.44:079][701]LogModuleManager: Shutting down and abandoning module ProceduralMeshComponent (368)
[2018.08.15-22.34.44:079][701]LogModuleManager: Shutting down and abandoning module OculusInput (366)
[2018.08.15-22.34.44:079][701]LogModuleManager: Shutting down and abandoning module MobilePatchingUtils (364)
[2018.08.15-22.34.44:079][701]LogModuleManager: Shutting down and abandoning module CustomMeshComponent (362)
[2018.08.15-22.34.44:079][701]LogModuleManager: Shutting down and abandoning module CableComponent (360)
[2018.08.15-22.34.44:079][701]LogModuleManager: Shutting down and abandoning module AudioCapture (358)
[2018.08.15-22.34.44:079][701]LogModuleManager: Shutting down and abandoning module ArchVisCharacter (356)
[2018.08.15-22.34.44:079][701]LogModuleManager: Shutting down and abandoning module AndroidPermission (354)
[2018.08.15-22.34.44:079][701]LogModuleManager: Shutting down and abandoning module NUTUnrealEngine4 (350)
[2018.08.15-22.34.44:079][701]LogModuleManager: Shutting down and abandoning module NetcodeUnitTest (348)
[2018.08.15-22.34.44:079][701]LogModuleManager: Shutting down and abandoning module MediaCompositingEditor (346)
[2018.08.15-22.34.44:079][701]LogModuleManager: Shutting down and abandoning module MediaCompositing (344)
[2018.08.15-22.34.44:079][701]LogModuleManager: Shutting down and abandoning module LinearTimecode (342)
[2018.08.15-22.34.44:079][701]LogModuleManager: Shutting down and abandoning module ImgMedia (340)
[2018.08.15-22.34.44:088][701]LogModuleManager: Shutting down and abandoning module HTML5Networking (338)
[2018.08.15-22.34.44:088][701]LogModuleManager: Shutting down and abandoning module AlembicImporter (336)
[2018.08.15-22.34.44:088][701]LogModuleManager: Shutting down and abandoning module AlembicLibrary (335)
[2018.08.15-22.34.44:088][701]LogModuleManager: Shutting down and abandoning module GeometryCache (334)
[2018.08.15-22.34.44:088][701]LogModuleManager: Shutting down and abandoning module GeometryCacheEd (333)
[2018.08.15-22.34.44:088][701]LogModuleManager: Shutting down and abandoning module DatasmithContent (328)
[2018.08.15-22.34.44:088][701]LogModuleManager: Shutting down and abandoning module SpeedTreeImporter (326)
[2018.08.15-22.34.44:088][701]LogModuleManager: Shutting down and abandoning module PluginBrowser (324)
[2018.08.15-22.34.44:088][701]LogModuleManager: Shutting down and abandoning module MobileLauncherProfileWizard (322)
[2018.08.15-22.34.44:088][701]LogModuleManager: Shutting down and abandoning module CryptoKeysOpenSSL (320)
[2018.08.15-22.34.44:088][701]LogModuleManager: Shutting down and abandoning module CryptoKeys (318)
[2018.08.15-22.34.44:088][701]LogModuleManager: Shutting down and abandoning module VisualStudioSourceCodeAccess (316)
[2018.08.15-22.34.44:089][701]LogModuleManager: Shutting down and abandoning module VisualStudioCodeSourceCodeAccess (314)
[2018.08.15-22.34.44:089][701]LogModuleManager: Shutting down and abandoning module UObjectPlugin (312)
[2018.08.15-22.34.44:089][701]LogModuleManager: Shutting down and abandoning module SubversionSourceControl (310)
[2018.08.15-22.34.44:089][701]LogModuleManager: Shutting down and abandoning module PerforceSourceControl (308)
[2018.08.15-22.34.44:089][701]LogModuleManager: Shutting down and abandoning module GitSourceControl (306)
[2018.08.15-22.34.44:089][701]LogModuleManager: Shutting down and abandoning module SourceControl (305)
[2018.08.15-22.34.44:089][701]LogModuleManager: Shutting down and abandoning module CLionSourceCodeAccess (302)
[2018.08.15-22.34.44:089][701]LogModuleManager: Shutting down and abandoning module LightPropagationVolumeEditor (300)
[2018.08.15-22.34.44:089][701]LogModuleManager: Shutting down and abandoning module PaperTiledImporter (298)
[2018.08.15-22.34.44:089][701]LogModuleManager: Shutting down and abandoning module PaperSpriteSheetImporter (296)
[2018.08.15-22.34.44:089][701]LogModuleManager: Shutting down and abandoning module Paper2DEditor (294)
[2018.08.15-22.34.44:089][701]LogModuleManager: Shutting down and abandoning module MeshPaint (293)
[2018.08.15-22.34.44:089][701]LogModuleManager: Shutting down and abandoning module RuntimePhysXCooking (290)
[2018.08.15-22.34.44:089][701]LogModuleManager: Shutting down and abandoning module PhysXVehiclesEditor (288)
[2018.08.15-22.34.44:089][701]LogModuleManager: Shutting down and abandoning module PhysXVehicles (286)
[2018.08.15-22.34.44:089][701]LogModuleManager: Shutting down and abandoning module OculusEditor (284)
[2018.08.15-22.34.44:089][701]LogModuleManager: Shutting down and abandoning module LocationServicesBPLibrary (282)
[2018.08.15-22.34.44:089][701]LogModuleManager: Shutting down and abandoning module ImmediatePhysicsEditor (280)
[2018.08.15-22.34.44:089][701]LogModuleManager: Shutting down and abandoning module ImmediatePhysics (278)
[2018.08.15-22.34.44:090][701]LogModuleManager: Shutting down and abandoning module ActorSequence (276)
[2018.08.15-22.34.44:090][701]LogModuleManager: Shutting down and abandoning module UdpMessaging (274)
[2018.08.15-22.34.44:190][701]LogModuleManager: Shutting down and abandoning module TcpMessaging (272)
[2018.08.15-22.34.44:291][701]LogModuleManager: Shutting down and abandoning module SubstanceCore (270)
[2018.08.15-22.34.44:291][701]LogModuleManager: Shutting down and abandoning module GameplayTagsEditor (268)
[2018.08.15-22.34.44:291][701]LogModuleManager: Shutting down and abandoning module FacialAnimationEditor (266)
[2018.08.15-22.34.44:291][701]LogModuleManager: Shutting down and abandoning module FacialAnimation (264)
[2018.08.15-22.34.44:291][701]LogModuleManager: Shutting down and abandoning module DataValidation (262)
[2018.08.15-22.34.44:291][701]LogModuleManager: Shutting down and abandoning module AssetManagerEditor (260)
[2018.08.15-22.34.44:291][701]LogModuleManager: Shutting down and abandoning module LevelEditor (259)
[2018.08.15-22.34.44:292][701]LogModuleManager: Shutting down and abandoning module PixelInspectorModule (258)
[2018.08.15-22.34.44:292][701]LogModuleManager: Shutting down and abandoning module CommonMenuExtensions (256)
[2018.08.15-22.34.44:292][701]LogModuleManager: Shutting down and abandoning module MainFrame (254)
[2018.08.15-22.34.44:293][701]LogModuleManager: Shutting down and abandoning module HotReload (253)
[2018.08.15-22.34.44:293][701]LogModuleManager: Shutting down and abandoning module ContentBrowser (249)
[2018.08.15-22.34.44:295][701]LogModuleManager: Shutting down and abandoning module TreeMap (247)
[2018.08.15-22.34.44:295][701]LogModuleManager: Shutting down and abandoning module LightPropagationVolumeRuntime (244)
[2018.08.15-22.34.44:295][701]LogModuleManager: Shutting down and abandoning module LiveLinkEditor (242)
[2018.08.15-22.34.44:295][701]LogModuleManager: Shutting down and abandoning module LiveLink (240)
[2018.08.15-22.34.45:087][701]LogModuleManager: Shutting down and abandoning module Paper2D (238)
[2018.08.15-22.34.45:087][701]LogModuleManager: Shutting down and abandoning module WindowsMoviePlayer (236)
[2018.08.15-22.34.45:087][701]LogModuleManager: Shutting down and abandoning module WmfMedia (234)
[2018.08.15-22.34.45:093][701]LogModuleManager: Shutting down and abandoning module Media (233)
[2018.08.15-22.34.45:099][701]LogModuleManager: Shutting down and abandoning module PacketHandler (230)
[2018.08.15-22.34.45:100][701]LogModuleManager: Shutting down and abandoning module ClothingSystemEditor (228)
[2018.08.15-22.34.45:100][701]LogModuleManager: Shutting down and abandoning module ClothingSystemRuntime (226)
[2018.08.15-22.34.45:100][701]LogModuleManager: Shutting down and abandoning module MediaAssets (224)
[2018.08.15-22.34.45:100][701]LogModuleManager: Shutting down and abandoning module Overlay (222)
[2018.08.15-22.34.45:100][701]LogModuleManager: Shutting down and abandoning module OverlayEditor (221)
[2018.08.15-22.34.45:100][701]LogModuleManager: Shutting down and abandoning module VREditor (218)
[2018.08.15-22.34.45:100][701]LogModuleManager: Shutting down and abandoning module StringTableEditor (216)
[2018.08.15-22.34.45:100][701]LogModuleManager: Shutting down and abandoning module GameplayTasksEditor (214)
[2018.08.15-22.34.45:100][701]LogModuleManager: Shutting down and abandoning module BehaviorTreeEditor (212)
[2018.08.15-22.34.45:100][701]LogModuleManager: Shutting down and abandoning module FunctionalTesting (210)
[2018.08.15-22.34.45:100][701]LogModuleManager: Shutting down and abandoning module CollisionAnalyzer (208)
[2018.08.15-22.34.45:100][701]LogModuleManager: Shutting down and abandoning module WorkspaceMenuStructure (207)
[2018.08.15-22.34.45:100][701]LogModuleManager: Shutting down and abandoning module UMG (204)
[2018.08.15-22.34.45:100][701]LogModuleManager: Shutting down and abandoning module UMGEditor (203)
[2018.08.15-22.34.45:100][701]LogModuleManager: Shutting down and abandoning module Sequencer (202)
[2018.08.15-22.34.45:101][701]LogModuleManager: Shutting down and abandoning module MessageLog (199)
[2018.08.15-22.34.45:101][701]LogModuleManager: Shutting down and abandoning module SlateReflector (194)
[2018.08.15-22.34.45:101][701]LogModuleManager: Shutting down and abandoning module Slate (192)
[2018.08.15-22.34.45:101][701]LogModuleManager: Shutting down and abandoning module EditorStyle (190)
[2018.08.15-22.34.45:105][701]LogModuleManager: Shutting down and abandoning module MRMesh (188)
[2018.08.15-22.34.45:105][701]LogModuleManager: Shutting down and abandoning module SourceCodeAccess (186)
[2018.08.15-22.34.45:105][701]LogModuleManager: Shutting down and abandoning module HeadMountedDisplay (184)
[2018.08.15-22.34.45:105][701]LogModuleManager: Shutting down and abandoning module XAudio2 (182)
[2018.08.15-22.34.45:105][701]LogModuleManager: Shutting down and abandoning module Networking (180)
[2018.08.15-22.34.45:105][701]LogModuleManager: Shutting down and abandoning module Core (178)
[2018.08.15-22.34.45:105][701]LogModuleManager: Shutting down and abandoning module LevelSequence (176)
[2018.08.15-22.34.45:105][701]LogModuleManager: Shutting down and abandoning module KismetCompiler (174)
[2018.08.15-22.34.45:105][701]LogModuleManager: Shutting down and abandoning module MeshUtilities (172)
[2018.08.15-22.34.45:105][701]LogModuleManager: Shutting down and abandoning module MeshMergeUtilities (171)
[2018.08.15-22.34.45:105][701]LogModuleManager: Shutting down and abandoning module MeshReductionInterface (170)
[2018.08.15-22.34.45:105][701]LogModuleManager: Shutting down and abandoning module SimplygonSwarm (169)
[2018.08.15-22.34.45:105][701]LogModuleManager: Shutting down and abandoning module SimplygonMeshReduction (167)
[2018.08.15-22.34.45:105][701]LogModuleManager: Shutting down and abandoning module QuadricMeshReduction (165)
[2018.08.15-22.34.45:105][701]LogModuleManager: Shutting down and abandoning module MaterialBaking (161)
[2018.08.15-22.34.45:105][701]LogModuleManager: Shutting down and abandoning module DirectoryWatcher (157)
[2018.08.15-22.34.45:108][701]LogModuleManager: Shutting down and abandoning module DerivedDataCache (154)
[2018.08.15-22.34.45:198][701]LogDerivedDataCache: Shutdown
[2018.08.15-22.34.45:198][701]LogModuleManager: Shutting down and abandoning module XGEController (152)
[2018.08.15-22.34.45:198][701]LogXGEController: Cleaning working directory: C:/Users/ruwd/AppData/Local/Temp/UnrealXGEWorkingDir/
[2018.08.15-22.34.45:198][701]LogModuleManager: Shutting down and abandoning module TargetPlatform (150)
[2018.08.15-22.34.45:198][701]LogModuleManager: Shutting down and abandoning module VulkanShaderFormat (149)
[2018.08.15-22.34.45:198][701]LogModuleManager: Shutting down and abandoning module ShaderFormatVectorVM (147)
[2018.08.15-22.34.45:199][701]LogModuleManager: Shutting down and abandoning module ShaderFormatOpenGL (145)
[2018.08.15-22.34.45:199][701]LogModuleManager: Shutting down and abandoning module ShaderFormatD3D (143)
[2018.08.15-22.34.45:199][701]LogModuleManager: Shutting down and abandoning module MetalShaderFormat (141)
[2018.08.15-22.34.45:199][701]LogModuleManager: Shutting down and abandoning module TextureFormatUncompressed (139)
[2018.08.15-22.34.45:199][701]LogModuleManager: Shutting down and abandoning module TextureFormatPVR (137)
[2018.08.15-22.34.45:199][701]LogModuleManager: Shutting down and abandoning module TextureFormatDXT (135)
[2018.08.15-22.34.45:199][701]LogModuleManager: Shutting down and abandoning module TextureFormatIntelISPCTexComp (133)
[2018.08.15-22.34.45:199][701]LogModuleManager: Shutting down and abandoning module TextureFormatASTC (131)
[2018.08.15-22.34.45:199][701]LogModuleManager: Shutting down and abandoning module ImageWrapper (130)
[2018.08.15-22.34.45:199][701]LogModuleManager: Shutting down and abandoning module TextureFormatAndroid (127)
[2018.08.15-22.34.45:199][701]LogModuleManager: Shutting down and abandoning module AudioFormatOpus (125)
[2018.08.15-22.34.45:199][701]LogModuleManager: Shutting down and abandoning module AudioFormatOgg (123)
[2018.08.15-22.34.45:199][701]LogModuleManager: Shutting down and abandoning module AudioFormatADPCM (121)
[2018.08.15-22.34.45:199][701]LogModuleManager: Shutting down and abandoning module LinuxTargetPlatform (119)
[2018.08.15-22.34.45:199][701]LogModuleManager: Shutting down and abandoning module LinuxServerTargetPlatform (117)
[2018.08.15-22.34.45:199][701]LogModuleManager: Shutting down and abandoning module LinuxNoEditorTargetPlatform (115)
[2018.08.15-22.34.45:199][701]LogModuleManager: Shutting down and abandoning module LinuxClientTargetPlatform (113)
[2018.08.15-22.34.45:199][701]LogModuleManager: Shutting down and abandoning module TVOSTargetPlatform (111)
[2018.08.15-22.34.45:199][701]LogModuleManager: Shutting down and abandoning module Messaging (109)
[2018.08.15-22.34.45:200][701]LogModuleManager: Shutting down and abandoning module IOSTargetPlatform (107)
[2018.08.15-22.34.45:200][701]LogModuleManager: Shutting down and abandoning module HTML5TargetPlatform (105)
[2018.08.15-22.34.45:200][701]LogModuleManager: Shutting down and abandoning module AndroidTargetPlatform (103)
[2018.08.15-22.34.45:200][701]LogModuleManager: Shutting down and abandoning module Android_PVRTCTargetPlatform (101)
[2018.08.15-22.34.45:200][701]LogModuleManager: Shutting down and abandoning module Android_MultiTargetPlatform (99)
[2018.08.15-22.34.45:200][701]LogModuleManager: Shutting down and abandoning module Android_ETC2TargetPlatform (97)
[2018.08.15-22.34.45:200][701]LogModuleManager: Shutting down and abandoning module Android_ETC1TargetPlatform (95)
[2018.08.15-22.34.45:200][701]LogModuleManager: Shutting down and abandoning module Android_ETC1aTargetPlatform (93)
[2018.08.15-22.34.45:200][701]LogModuleManager: Shutting down and abandoning module Android_DXTTargetPlatform (91)
[2018.08.15-22.34.45:200][701]LogModuleManager: Shutting down and abandoning module Android_ATCTargetPlatform (89)
[2018.08.15-22.34.45:200][701]LogModuleManager: Shutting down and abandoning module Android_ASTCTargetPlatform (87)
[2018.08.15-22.34.45:200][701]LogModuleManager: Shutting down and abandoning module WindowsTargetPlatform (85)
[2018.08.15-22.34.45:200][701]LogModuleManager: Shutting down and abandoning module WindowsServerTargetPlatform (83)
[2018.08.15-22.34.45:200][701]LogModuleManager: Shutting down and abandoning module WindowsNoEditorTargetPlatform (81)
[2018.08.15-22.34.45:200][701]LogModuleManager: Shutting down and abandoning module WindowsClientTargetPlatform (79)
[2018.08.15-22.34.45:200][701]LogModuleManager: Shutting down and abandoning module MacTargetPlatform (77)
[2018.08.15-22.34.45:200][701]LogModuleManager: Shutting down and abandoning module MacServerTargetPlatform (75)
[2018.08.15-22.34.45:200][701]LogModuleManager: Shutting down and abandoning module MacNoEditorTargetPlatform (73)
[2018.08.15-22.34.45:200][701]LogModuleManager: Shutting down and abandoning module MacClientTargetPlatform (71)
[2018.08.15-22.34.45:200][701]LogModuleManager: Shutting down and abandoning module AllDesktopTargetPlatform (69)
[2018.08.15-22.34.45:200][701]LogModuleManager: Shutting down and abandoning module InputCore (66)
[2018.08.15-22.34.45:200][701]LogModuleManager: Shutting down and abandoning module Settings (64)
[2018.08.15-22.34.45:201][701]LogModuleManager: Shutting down and abandoning module PhysXCooking (62)
[2018.08.15-22.34.45:201][701]LogModuleManager: Shutting down and abandoning module SteamVR (60)
[2018.08.15-22.34.45:201][701]LogModuleManager: Shutting down and abandoning module OculusHMD (58)
[2018.08.15-22.34.45:201][701]LogModuleManager: Shutting down and abandoning module ExampleDeviceProfileSelector (56)
[2018.08.15-22.34.45:201][701]LogModuleManager: Shutting down and abandoning module AppleARKit (54)
[2018.08.15-22.34.45:201][701]LogModuleManager: Shutting down and abandoning module AugmentedReality (51)
[2018.08.15-22.34.45:201][701]LogModuleManager: Shutting down and abandoning module OnlineBlueprintSupport (48)
[2018.08.15-22.34.45:201][701]LogModuleManager: Shutting down and abandoning module OnlineSubsystem (44)
[2018.08.15-22.34.45:201][701]LogModuleManager: Shutting down and abandoning module XMPP (43)
[2018.08.15-22.34.45:201][701]LogModuleManager: Shutting down and abandoning module HTTP (41)
[2018.08.15-22.34.45:201][701]LogHttp: Display: Http module shutting down, but needs to wait on 1 outstanding Http requests:
[2018.08.15-22.34.45:201][701]LogHttp: Display: 	verb=[POST] url=[https://datarouter.ol.epicgames.com/datarouter/api/v1/public/data?SessionID=%7B4037D0D0-4F12-0F72-3BFA-07B194DFFB31%7D&AppID=UEEditor.Rocket.Release&AppVersion=4.19.1-3989454%2B%2B%2BUE4%2BRelease-4.19&UserID=1b29747d4622d99b3debc19b6bbc37c9%7C26edd4b22864457b98f8e74c4f8ea8a4%7Ce7e5514a-4c20-45b5-87b5-931e01ccd4c9&AppEnvironment=datacollector-binary&UploadType=eteventstream] status=Processing
[2018.08.15-22.34.45:219][701]LogModuleManager: Shutting down and abandoning module SSL (40)
[2018.08.15-22.34.45:221][701]LogModuleManager: Shutting down and abandoning module AnimationModifiers (36)
[2018.08.15-22.34.45:221][701]LogModuleManager: Shutting down and abandoning module PropertyEditor (35)
[2018.08.15-22.34.45:222][701]LogModuleManager: Shutting down and abandoning module AudioEditor (32)
[2018.08.15-22.34.45:222][701]LogModuleManager: Shutting down and abandoning module TextureCompressor (30)
[2018.08.15-22.34.45:222][701]LogModuleManager: Shutting down and abandoning module ShaderCore (28)
[2018.08.15-22.34.45:222][701]LogModuleManager: Shutting down and abandoning module Landscape (26)
[2018.08.15-22.34.45:222][701]LogModuleManager: Shutting down and abandoning module SlateRHIRenderer (24)
[2018.08.15-22.34.45:225][701]LogModuleManager: Shutting down and abandoning module OpenGLDrv (22)
[2018.08.15-22.34.45:225][701]LogModuleManager: Shutting down and abandoning module D3D11RHI (20)
[2018.08.15-22.34.45:225][701]LogModuleManager: Shutting down and abandoning module AnimGraphRuntime (18)
[2018.08.15-22.34.45:225][701]LogModuleManager: Shutting down and abandoning module Renderer (16)
[2018.08.15-22.34.45:225][701]LogModuleManager: Shutting down and abandoning module Engine (14)
[2018.08.15-22.34.45:225][701]LogModuleManager: Shutting down and abandoning module CoreUObject (12)
[2018.08.15-22.34.45:225][701]LogModuleManager: Shutting down and abandoning module NetworkFile (10)
[2018.08.15-22.34.45:225][701]LogModuleManager: Shutting down and abandoning module CookedIterativeFile (8)
[2018.08.15-22.34.45:225][701]LogModuleManager: Shutting down and abandoning module StreamingFile (6)
[2018.08.15-22.34.45:225][701]LogModuleManager: Shutting down and abandoning module SandboxFile (4)
[2018.08.15-22.34.45:226][701]LogModuleManager: Shutting down and abandoning module PakFile (2)
[2018.08.15-22.34.45:254][701]LogExit: Exiting.
[2018.08.15-22.34.45:291][701]Log file closed, 08/15/18 18:34:45
